<?xml version="1.0" encoding="UTF-8"?><?mso-infoPathSolution PIVersion="1.0.0.0" name="urn:schemas-microsoft-com:office:infopath:ISRA:-myXSD-2015-02-04T09-20-12" solutionVersion="1.0.0.2065" href="https://vaultshare.gemalto.com/sites/isra/ISRA/Forms/template.xsn" productVersion="15.0.0" ?><?mso-application progid="InfoPath.Document" versionProgid="InfoPath.Document.3"?><?mso-infoPath-file-attachment-present?><my:ISRA xmlns:xsi="http://www.w3.org/2001/XMLSchema-instance" xmlns:xhtml="http://www.w3.org/1999/xhtml" xmlns:pc="http://schemas.microsoft.com/office/infopath/2007/PartnerControls" xmlns:my="http://schemas.microsoft.com/office/infopath/2003/myXSD/2015-02-04T09:20:12" xmlns:xd="http://schemas.microsoft.com/office/infopath/2003" xml:lang="en-us">
<my:ISRAmeta>
	<my:templateVersion>44</my:templateVersion>
	<my:projectName>Sample Mobile Application</my:projectName>
	<my:projectOrganization>ITE</my:projectOrganization>
	<my:projectVersion>1.0</my:projectVersion>
	
	
	<my:ISRA_tracking>
										<my:trackingIteration>2</my:trackingIteration>
										<my:trackingSecurityOfficer>anotherUser</my:trackingSecurityOfficer>
										<my:trackingDate>2022-03-24</my:trackingDate>
										<my:trackingComment>a comment</my:trackingComment>
									</my:ISRA_tracking><my:ISRA_tracking>
										<my:trackingIteration>2</my:trackingIteration>
										<my:trackingSecurityOfficer>t0263774</my:trackingSecurityOfficer>
										<my:trackingDate>2022-03-29</my:trackingDate>
										<my:trackingComment>a comment 2</my:trackingComment>
									</my:ISRA_tracking><my:ISRA_tracking>
										<my:trackingIteration>3</my:trackingIteration>
										<my:trackingSecurityOfficer>t0263774</my:trackingSecurityOfficer>
										<my:trackingDate>2022-03-29</my:trackingDate>
										<my:trackingComment>a comment 3</my:trackingComment>
									</my:ISRA_tracking><my:businessAssetsCount>5</my:businessAssetsCount>
	<my:supportingAssetsCount>5</my:supportingAssetsCount>
	<my:risksCount>6</my:risksCount>
	<my:vulnerabilitiesCount>52</my:vulnerabilitiesCount>
</my:ISRAmeta>

<my:ProjectContext>
	<my:projectDescription><div xmlns="http://www.w3.org/1999/xhtml" xmlns:pc="http://schemas.microsoft.com/office/infopath/2007/PartnerControls">The</div>
<div xmlns="http://www.w3.org/1999/xhtml" xmlns:pc="http://schemas.microsoft.com/office/infopath/2007/PartnerControls">system is composed of a mobile payment application that permits to do financial transactions which connects to the ban</div>
<div xmlns="http://www.w3.org/1999/xhtml" xmlns:pc="http://schemas.microsoft.com/office/infopath/2007/PartnerControls"><img tabIndex="-1" style="HEIGHT: 174px; WIDTH: 895px" src="msoinline/fb5ca556954c46e1" xd:inline="iVBORw0KGgoAAAANSUhEUgAABaUAAAC6CAYAAAC+/CHWAAAAAXNSR0IArs4c6QAAAARnQU1BAACxjwv8YQUAAAAJcEhZcwAADsMAAA7DAcdvqGQAAAAhdEVYdENyZWF0aW9uIFRpbWUAMjAyMjowMzowMSAxNzoxMTozMBdLKxAAAJBoSURBVHhe7f0NWFVlojf+f4tJTDKjMbBMGi0dGgMr0fPHH1x6QnMutvRT5MkCjx0wjoJ2JJk48IzmawfHK8qOJDoe4ZlGeEYPoU+2+Y0pHXnkyJWiKejI0dIJs4ReEBVGKNv/+157bdgva++99mbzon4/17XFvfba6+V+X/e+173uMAnoI39t+Er9HxEREREREREREVHP+0XIQ+r/qCdduXJF+Xv8+HHlr7U+7ZQmIiIiIiIiIiIioluPq07pO9W/REREREREREREREQ9jp3SRERERERERERERNRr2ClNRERERERERERERL2GndJERERERERERERE1GvYKU1EREREREREREREvYad0kRERERERERERETUa9gpTURERERERERERES9hp3SRERERERERERERNRr2ClNRERERERERERERL2GndJERERERERERERE1GvYKU1EREREREREREREvYad0kRERERERERERETUa9gpTURERERERERERES9hp3SRERERERERERERNRr2ClNRERERERERERERL3mlu2U/umnn5QXEREREREREREREfUfd5gE9f83pZYrrWi5eg1Xr7XhWuvf8Lfr7bh+vQM31A5pvzvvxMCBA3D3QH/cE3A3Bt8zCEMG34Mh9wYonxMRERERERERERGRb125ckX5e/z4ceWvtZuyU/rK1VY0fXcZ337XgubLVzo7oPWSHdWB992LoT8fgqCf34d7B7ODmoiIiIiIiIiIiMhXbplO6eaWq/jq0rf4uvE7XG/vUJd2z0D/AXgw+Od4aNhQBA4ZrC4lIiIiIiIiIiIiIm/d9J3SckqOCxebcOHrJvztb+3qUt+6+25/jHgwCCOGBylTfRDdmr5HSc55JGEIvs59DMPUpURERERERERERL50U3dKN37bjL82fI1vvrusLulZD/z8Pvwi5EEEDw1Ul/SGG7h+6WuU7f4e2478gI+tT3XgncicPxJvPnOfukDV9CVKyi/j/YPtKFPXH3mfH2KjB2NR/C/w+L1+5oXWmj7D7LQWlOFOvJkbjswxGutIlvWmB8P0Tw8Dp+vx9LJWIO5BHPvHh9SVtKgdnucHouJ/jcUzA4Hq3x/FpL3qx/bGWHWMdh6brZH33YX5SQ9g0eQHIU7Pzg1cbvgSxcXNKDtzAx+b07mZ9baFS+XH8eC2G+o7e4Nw6P3HMdLlOlYs4eKEy33ZHVfvY6c0ERERERERERH1vJu2U/qLC5dwruErtLZdV5f0joBBAzEq5CE8MqIXuuxuXMWnxZ8j9v/cwKW7gNhxA/FM0J3qhz/h9LEOwPAI/j32fnXZDzj/8X8j6d12VIt3kU8MxOwQ8/pfN1xH2cmfcP6uO/Hbfx6JtZPsO7KtOn5DBuPcm2MwUqtf2r5T+sZXyHv5a/wGATj276F4yklftuV7h8T3vlY7bc2d0n5YFOuPkcoSK0MHY/7/+zCUo1S/e/7xgUga2XX+x6quo0Sk35F/dz+OZY00r6u4gfN7TyHm9z/gb/f6Yfbfie2L8JOam0TY/DQYxb991K5T2oTEZwbi6YHqwk4DET9/JAJPfoZtn/ygLhPEdn5TcwOxEYNEnKjLpMeGInPyA+obRy73ZX3OfYKd0kRERERERERE1PNuyk7pz85fxJlzF/CThw8x9JU777wTY0aNwGMjh6tLekIrqn9/BpP2/oTY2Aew7R9DMMxZh6/q0t5aPPX7H4DHB+PjrEcdR0Q3NeCN9d9g2fk7sfb1MfjtOKuHOKodvxjjh0NnbmDSPz6C9+OGqh9ase+UFj5971M8/X+AN9eGI/Nx7YM8/3+OY9R7Jpt1zJ3S5pHIkcoSJyzHNn8k3u/sgBduXEX1ts+U0dY2+778OV6efxnHoobi439+RGMUtS1zRzFQXPAkEq07mF05cRp3rG4T4ThehKO6TAev9tVr2ClNREREREREREQ9z1WntGVIar/S1x3Skty3PAZ5LD3lcuV5xO/9CYnzH4FxvvsOaVw+j7VFP+BSyGAcWjVGe4qOoBD8dtUD+O29P2HZuxfwqdYsEtFD8e7jQFnxVyhrUpe58dSUADyDn1D8SaO6xN43+PiA2Nm9d+MZJ53WXvEbjMjnBiNe7PvQ+RZ1ofBFB7aJP7Ofcd8hTURERERERERERP1Hv+uUllN29HWHtIWlY1oek+99jeLidqWDee10jdHKGi4dasG7P9yJN//pUe1pNywCQvCbf7gL+K4V5Se1eqUHIX7xECTiByzaeh66ZusOCURiCPDpn1tQrbXJhmaUNADPxAbiKXWRz7hIpV9fbVX/d/ORI6rvmH0cJU03cPnYacxOOoo7XjiNT9XP5aj3d3OPY5JcPlu8kj7Fy/+rAZftwt92O/VY/M+u19f03RdY9k/iO/90EuWX9HyBiIiIiIiIiIjIO/2qU1o+1FDOId2dDulBd/vj54FD8NCwocpL/l8u85Y8FnlM8th8quEqyr4D4qcNdd3B3OkqjslhzzpHIt/3xCDEi7/vn3AyFHrYSKxN8sOlY99j7SE9HbsP4JkpYr8/tOFjjY7u85+04mP4IXFSsLrEh777EefFnwcD1EmjpV8Oxtp7gXfzP8e2z6+qC29Sn32OpDfaUCanTv8BMM+g/iXeSPsGaxvuxOykoajIGYriSXfAuOcbxP6vL9V1bDXXnMHsrR0Y+Wux/qtDsHb4T9gm1y/+Wl3DiVaxr5xv8caVu1C8+nHEuh2yT0RERERERERE5L1+0yn9t+vt+GvD114/1PDugf4YGfIgwh5/FOG/ehS/fDREecn/y2XyM7mON+QxyWOTx+grl8934GMR/JMes5o/2aUWfFon/oTfjcfNC1wLGoinxZ9Przsb9eqHkbEP4t9DgLytf0W1jn7pkZH3KB3d+Z/Yd3J+jbLyn4CQQXjG11Nw3/gGJcWt+PTngzD/7warC4WBDyNz2WDM9/sBL2edQcwb9fj4Uu8+ENNX3t/TiqdefQR/2zkeJqu5tx9/4SGczg9HZuwjeCbiESQuGo3iKKC6/DI+Nk/JY+UGFu8G1r6prh/1GH6b+7ASv9Xl3+NjZ0Fz41uU5DZi2RU/vLniUSSyQ5qIiIiIiIiIiHpYv+mUvnCxCd98p2siCQeD7xmERx95CL8Y8SAG3T1QXdpFLpOfyXXkut6QxyaP0Veut/4o/r0DD95nfq/LD+IV4AfHM/SSXzDmpwUg8sp1LPpfDZqjb20EPYCkccClj1tsOznPtKD4CjA/Lhgj1UW22jBJTidh93rjhPqxlfOHvkbettPm1+aTMMxrQOZ3/jCuHoOn7E584KNj8O+/D4Exzg/nj7UiZtEpxOR9htNXnHXE30BSmuNxzC7/Xv3cl/Tu6wbO/zIYa6OGYqBNf/DDiP8fD9rNlx2AX/1SLvgRlzUiK/MfRyLS6rmWMn6fmSSy+A8/4JJm1mpF9bYLSDp9J9bmjEbm49ZfJiIiIiIiIiIi6hn9olO6ueUqLnztXYfvgAF34RcPD8MDQwPVJc7JdeS68jvekMcoj9WnPJ2ppPWG+85jT4z5Bd6NvROffvwd8k662/IQPBMlwu6H6/j4hGXdG/j00N/wKe5C7NND1GX2/LAodhDetHs9pRFln56+jt+Ut5lf+9pxfdIDOJ3/hPMpJQIeQOw/PolzRQ/h/Wl+OH+oBb/6p1MouSh78O3dicRnHI8jNsS79OCa/n3Nfuoh9X92blzHpTNfoKT4NJblHkdM2lE8tU12uN/AeYcZOfzw9CjHnyvuDrhD/CvWd3g+5U/4+PdnMGkv8NvMkfjtOHZIExERERERERFR7+gXndJfXfoWf/ubd1NjBA8NxNCf6x9uLNeV3/GGPEZ5rL4wbLicSuQGjp3T28V8Dx6X83bU/g2nzQtc+64dfxF/4h90N656IJ5KegBrf/4Tlv3bXyGnrXblvojBWCT+bvukydw5fqMRH1f+BDw9GM84jQZ/JM1/HJl2r9gQ9WMr8fNHwvT+eJh2PoZj8+7C+Y+/Qew27TmUbdz7IOIXPom/rB+sPMAxadVn+NThS3fA8D8cj2P+E1bTgviM3n35YeSD6n+tXTqPxWmn8GDOt1hb9QOuB/kjPm4o3p3mIst6kpvPX0XmXhFvIwMw/+88Ga5PRERERERERETUPX3eKX3laiu+bvxOfee5ofd73qHmzXcs5LHKY+62kQOVzt3iTxp1jny+D0+NE9F15W/4+LSbnmPh8olWlIjonfTLoeoSF+T8zAsH4qnvWrGszGFIrS3Z+RsFXDp0FYfkgZ9swZtXgN9OfVAcoQ/5DcFT/+8YvB97J6r3foM8cT56yCk9ti32B75rQ/l/qwtvOi0o+/33ePeHgagoehJ/KQjHm/Mfx6LYRzApRI589oGRQ/Dx64MQef4qkvLO47z7JEVEREREREREROQTfd4p3fTdZVxv71DfeUbOFe3NHNHyO1pzT+shj1Uec7fd+yCSpt+JS1Xf6+5wHTl5MOLxE94sdtOJ2NqAN//4AxASgPgx6jI3Bj79C7wZBZT/6WuUfC3HTzszEJMmDcQwZQqPVlR/0oZLdw3EM+O8C0/XrEZxv9ug62GM0sDBN/vD+q7itJxvO3IInrnX9ly+/tak/q/7AseNQfH8u3D+k++RpGc0OhERERERERERkQ/0eaf0t9+1qP/z3J133gE/P89PQX5Hftdb3TnmLgMRaelwzT2DZVVaD9u7gcufn0HePvWzoJF4c/5dwOkWJDl7oF/TF1j2m2/wxt/uQvG/POrkwYNaAvDMPw1F5l03kPnhddytLtUycNxgyMN445O/wvgxMOyZIXimJ/qkpc5R3G3I/FNXx+mlfafx7gmNMLtxFR9XybXuwuOPmBfdtC61w+bnj0uf4c1yTychd8UPI2MfRdl0ORq9EQZ2TBMRERERERERUS/o007pliutaL58RX3nuZ9+8n7UaHe+K49ZHnu3BTyM366+H5mBP+GNt8/jweTjWLz5NPK2ydcpvDz/OAKzruL83ZaH45k7Ecv/hx8ufSIf6HcchtxT6vqn8ZtlR/Fg2rd4o9kPb654FInOHg7oTMAjWJbmDxxrxzZ1kaaBw2F4RvytvI43frgTv4nWmhTZWjuK1WO0fX2Gah3RbxnFXV3+TdfDGH9ox+LVMsw+xctvW7Z3Ckkvn0HMxz8hcf5DiHeYT8QE439Y77/rVd6grtIvDEVsrMiaJy5j9hv1KKtpQFnZKczOvIrAMF+PAg9A5PyRqJh8Jz4ub8T8ct/MmU5ERERERERERORM33ZKX72GGz95P/Lzxo0buH7d8wckyu/I73pLHrM8dp8YNhJv5o/BXxYNwuwHTCjf14bflIvXxx1ofiwAxrfHID/K+uF4AXjqhTD85d0H8O9/dxeun7luXl+8yr+7C0lJD+DrP4Yh8/EAdX3P3Df5IbwrH6jokh8io8VxyP/eezeeedxdR+kNvKseo+3rGs7rGpobgGeS78eiu7oexjhseggOzZdhBhz6RN2eCLPrYwbh/fVjUByrNZf2Tyj52Hr/Xa9Pm9VV+oWBeOofR+JQ3F34219aMTv3Gyw7CMxePQbLlED3Mb/78MyiESgW8V6y7QsksWOaiIiIiIiIiIh60B0mQf1/rzv13+dxvuFr9Z13Hh/9CwwLul99p8+lpu9x+uxf1XfeGRnyIMb+Uv/kGERERERERERERES3iytXzFMkHD9+XPlrrU9HSl9r/Zv6P+99+/1l/Pij/lHPcl35ne7yxbETERERERERERER3W76tFP6b15MvWHvm+8uo+Fio/rOPbmu/E53+eLYiYiIiIiIiIiIiG43fdopff16h/q/7pEdzZ9/cRHtHT+oSxzJz+Q6X3x5SV3SPb46diIiIiIiIiIiIqLbSZ91Sv/000/desihNTktdsOXjThZf07poG5tu65sX77k/+Uy5TOxjq/46tiJiIiIiIiIiIiIbid99qBD2WH8/338idKhfDO64447YJgaqb4jIiIiIiIiIiIiIot++aDDO++8E37idbO6mY+diIiIiIiIiIiIqK/02Uhp6cChT3Gt9W/qO32GBf0cA/0HqO9843p7By41fae+0+eegLsxZdJT6jsiIiIiIiIiIiIisnA1UrpPO6U/OfYXfPPdZfWde6NHPoyHHwpS3/nWl1814ez5L9V37j3w8/vwd0//Sn1HRERERERERERERBb9cvoOSY429sSw4J+r//M9OQLbE54eOxERERERERERERH1caf04HsGqf/T52d+fur/fO9nP/Ns254eOxERERERERERERH1caf0kMH33JQPDJTHLI+diIiIiIiIiIiIiDzTt53S9wYg8L571Xc3D3nM8tiJiIiIiIiIiIiIyDN9Pkx56M+HqP+7edyMx0xERERERERERETUH/R5p3TQz+/DQP8B6rv+Tx6rPGYiIiIiIiIiIiIi8lyfd0rfOzgADwb/XH3X/8ljlcdMRERERERERERERJ7rF08ZfGjYUNx9t7/6rv+SxyiPlYiIiIiIiIiIiIi80y86pQOHDMaIB4PUd/2XPEZ5rERERERERERERETknX7RKS2NGB6EB/rxXM3y2OQxEhEREREREREREZH3+k2n9N0D/fGLkAcRMGiguqT/kMckj00eIxERERERERERERF5r990SkvBQwMxKuQh3Hmn9mHV1Z/DjzduqO98R25TbluLPBZ5TPLY+q1GI+Y/8Rzm72pUF1BPadqVhWFPZKHsJgnqm+14by612CDy3bA0I5rUJSIzoixNLHtiC2rUJd5Rt2OzbbpttJ1D2ZpFiJ4o0sDEZTB+qy73EPP/rUQtb/Jq1fd9Tav8c01/emT51yvaa1GQkICJmfuswrm/pbPe03K4EEvjEkQafQ4TN9erS4l8oRHGzASEJxSirl1dRNSrbuE0eGyLUm5vOKa+d6sfhIVm/Ut0++pXndLSIyOGYcyoEZod099+dxnVNSdxqek7dUn3yW3Jbcpt25PHII9FHlNPuLk7DNSLxtvwwoXolqQ06izlkbljQuuHrpbzlSjKyUBCjPnivfN1C3Qgmctk9QcF9cc+/Y1cQTQyN8Q9h6TiC+oCL9wQZWtmBtL33AVDTiaKM8PR/+4fcs5pvXajFQ0HtiMnNdXc2W6VduzTWU2e7efKa+KLSMrZjiod9WVL+TLlO+G51dC83miT8ZSA9G7/kHv7duAR3UraD29EQspunBk1E9u2voLkYPUDLTrqSnMZpvHjtCjfa3ZtxNI5L2GipWxTX7Z1jVq22L3CYxYhp6gGTW7H5zTDmCm/k4B11R3qMg+o9d+wJ15EwSl1mRsNxYvMx9mP2wJadUt4TCqW5u3D2avqSrcs2+s2m/ZOP+C+/eWivtWbrzrTte1rYtwybCg/hxZ3+epGPQqmy+8sQkmDuox8S4nLQtFWtIrL6JcwP6cQxvpWdSXSz5f5nm1e6jn9rlNaemzkcKcd0z/+eAOnz37R7c5pS2e03Jbcpj1Lh7Q8FtKvvd6IVUteQoEnHTn9TiOq8lcjKYujtFy5NeK6b91sYdiwZxmmxeXh7cM/YPT0aVix0KC8MuJGIeq2fwZsB+q25mHdvXOR+8IIdZkXzhpRcBBIXLkC2bMmI2bO84gZqn6m6SYor8RFhjFLXGAs3o2q9hEwzDOnmxULpyE5MhhDfqauZ2MEktX0paSxmPtxds9OJMSlosjlIMYLMBbXIn56OLDrEI5o9UoPCkfa2mloWJ6HsovqMl9qrEZBziIs3dPdTm8iC1f53MsywF/kg9JSHM6bhl59Ykq/yx+tqCrdh7rhM5H71lwYIqchbVao+pkPyR/D5izCjOWVODMs3Kp8m4zEsYHQnCBwXERnGSjLS8OwRhTlrcbUOdtR56oDraESJXtDkTgdKDlwVPvHOV1aUfCBkx/3rLVXo+SdbvwY26k36jPbumX249ewv2gjomOXwdgT9YEiGIa8UtSWpiCsh2eCvO3a5l7kq7ApXe1XuV5EWz3WZWVg2spKtKjraGk/LNpnzeFInCLaGdW+SO+96SZIgw37kDMzVcTlblRcEm1FSxw9OwKNVbsxP+ElJKyvdv/jgVv9ICz6qv7tCWzzkg/0y05pSXYGjx3zC6dzTF9v71A6lA9+ckKZekN2MstlzsjP5DpyXfkd+V1n68t9yn2zQ9pzLacrUVDR3I0GcH/QiJrNNai45UdNdM+tEdd966YKw+Z92JBTiyFzMnHwo3eRm7UAaYvNr+zcDShdb7j5G1bdcX431m3uwIr/+TxC/NRl3mj7AXXiT8gwvVNG9f/yqmXvRszfexfS8rfi4HuvI1tNN2mLX0Hu1q14K05rWGI4ZneuJ9PYuzhcnoJ4cb45W/c5v3BsOArjiVBMXWxAIiphPKA9ssZ/3FxkzzmHle+4vgj1ysVarNpzAS0/qu+Jus1VPr/J2iz9Ln9cQ4sMu1HBCO5O2e1G3Xu5WFc/Crm7/oAP38nsLNvSFmfirR1/QNrT6orWnp5ptZ4oL4tLcXhlKFC/E0V7m9WVHDVU70NF9GRkJEQCxftQ5WXaMESHoqnYiP3Od6VoqTBiQ1swosaqC7zWG2nZtm5Zkf+/cWTHTMQ01yJncw/UB73sdmube5OvQmKet1lv00fiu8mBaNi1GSVO7wzowJED1cCc55ERPQIVhfuUtho58ioNNhqRnrARRY2heKv0f+PwnrVYYYmj5Wvx4YGtKF34MM6I+E7aUHvTpO/bIj+yzUs+0G87pSU5bcavfjkSD/z8PnWJIznKWU69YRk9/Z//dUx5HTl+WnlZ3ltGRct1tUZGW8h9yX321JQdREQ3pfPnUCL+GAyTMaQHL9xvTh2o+tNOVIybA0O3L8pvPWdPy1v9psAwpZvPZgiZiZQE8XfvOZw1L3FQV75D6YyJGjkeUbMGoOijQ046GQIQFR+L4HJXF6FERL7QiLMnWgFRNhlGB6jLvBMy63kkir8lp52M1LxRD2PhBRiejUDI05OQOKgGxoNuepWdGRcq9lWLko9cjQo1350SlGRA/P3qopuM/9i5SJsjb22v4ZzPNxUf5Su/AES8MAsGtKLmjJPRns2VKCsGUv4+HCGR0xBzcR+q2HbwkWZU5BWhrG0E3tqxHomhGnHpF4yoxW+gcF4AaoryUMhp/4luKf26U1qSDxgM/9WjylQad9+t/x6La61/U156yW3Lfch99duHGt5oxdldeZivPohlWLR5bjmXv0xdPQdj3rKu+V8nvoiEJYWoaLAfPWb1YKEbzaLAX42kaPFefEfOtVVw2E2DVp2nK3y5uZZYN8/8XT3zFrWc2I1VnXNHJSA6QezvmOPotqbq7ciZ9yLC1fVmiPNwNr+oJ+taM883twzr5JuDW9TvO5lb97DVPqJfwtLNIi60fu+Q8Va+sfMBOsrcqGuM7uevu1qJHLF+uMbcTXVbXxTbynC89fyYPOYXUaBRWes6XsuxJnSFXfS8PJSdtYoPL+LafLwa88yq5zhsvf031fSYZTdqpbEGRTnqA+DE95S0Wa0jYq0p28jADDV9K3OVvSPCQv1Yaqnfhw1Luua+lfM4rtp1zne/dHsShpb8qOZhl/nRF+HjRuMVx7zplFZ6Evm7zG4uPsfwThXpsxINbeoKnazLKXN5aAkXy1ybPs2DerUfRUVxBxKTJiNEXWRN1/lZ5jqcZ1TedqYJF/Nz9qvyyq3v0eIQn15w9YPIjXpU7WpVOmOCMAATpkQiaO9uGJ3N/Th2GpLHtqLsoK+ubtT59tQ4NC5PNYehnmdHtF1AxWarulqZQ3EfNA+9zVyvm8swjTLamu42gKu5Aj2cR1Dss2xNVxk7MWk1ikSZdV392COe5HPB27rfQl/ZbxUeSlxkqeu7iQstGvWRfd50lc/dlgFWD4BqP2vEqgQZjlnqw1PV83BWxtxoRJVIk53xqM676jQsHNh/pr53lz/UNGvZryUOnMW5Jp3p3hx+qUg/KN5YhZ9HzxLwxPfNnp2HFr8Brp8zUH9ItA1DYZgUDPibf5wrKRb1jfqxR4KnIT5pACrydqLKSQOovXon1p0IQNpzkc6PS0e9oqc+67m22QCMeUJO2dKIJssjhlzmHZWn11hPaLXxPKtzNdsTuy50tiG8uQ7TRZYHoi3aeQ0qy9fUPJSccGyPWj9bQj5AdL7MyxO39NzIYl/kq5/dpf5HW0t1JUoGTUPUOPEmZDwM43RObWPFJlzktA6WukrGec521Ng/1Pp2SYONh1BS3oGwxa8gcaS6TFMAIlJTkIhmFBidtEdEnVqwpKtPYcaSjTA61MkuwsKT+scSblrXOG7Dwq7+bdiNJPF+mpOH7JrTTipKzqsLJF/Uld2is04n0qHfd0pLdw/0x5hHR+DpsDEYGfIgBvoPUD/pPrktuU25bbkPua9+SZ2TM3p5NVoelw9ieR3FS8ej3bgOSbnat5u1n9+N9JgMzN/djNFzF6BUfGdbZgSGHBMFX2y6qOS0LpyaUbUhC+tOP4zZa8Q+1kxD2OVarErJsOvoDEZ8wQe4lBlufntfBDLk9ueZb8NOzHpd2V/p1mkYrSzR1rRHXMwlbUdd4GRk54v11z+PqYH1qPnimrqGWYMojKem7kbDcANy5bmvicWYi+VIiBMFn13HrCfr2hv9nDzmucooFNlhIcNZnkfGRNsfKloObUFSZg2CZy3EpvwFyA5tRYmcB6/A/paiVtRsSEf0ykO4PiUZxWJbMg4GfrQF0YmiYnLVSTM4FBOiRRgdrre7mKhHVamMu3M4ctI2DuuOHkDToCmYYBfoeo+36YNViJYdweNmKWFXun4mJjRXIj1pFYyWCsaLuA4bPwVB4rjrzthOmdNyqBJF8j8VtbaN1av1OCIuEg2RoRiiLsJFI9LjVqOgIRgpK8X+xHkkP96IgtRFuh9Y1rA3FzNiVuPtwwMwdWmmctzbFkcg6IrVrVWiIbE0YSNK2kKRJvez9RW8+sQ1FCzPwqu+mi9LdxjK/JiB9EOBmL082yY/bjhhN/1Qd8Pn6QW4dHI94pVDCkfGyQ+wbZb5+BRjI5E9HCjKWoUSPQ8baatHQbIos0R6ahxtzoul+clIGdeBxs5rmA407BBlgAzvb0eYj1uEd/aUAFTl52HiHGd5RIZLOpJEPpiama2ca9r4DtE4W43oJfYdLPrzYNCs9SIMFiBCvgk2YJsIgwytW6rtnarF+xglLlbsf9D04PzUNFGaZS5TO9PEQlFmK0sc9avyyoWwvzcgDNV4NWtnNzu3m9H4lfgz/C7NeSKV+R4tnTGCvzJK0NXcjyMQNjUAdbsO+ehieQQMVnEYNe8VcxyKOIpyfsOXOHDRsJ+zCEnF1xD2T7KuzsSmOY+ipeKcY2fhjXMoy8pSbnFNWy/jJxzB9XZltMq7NkA3iXJoaax8UGcrxqTI889EdqS4WFmcgXUVno7W9CSfd6/uV3ha9itx8VuUtUUg+x3ruMiDvlMV8S7ro7P3w6DURyLe4wKx3y5vusrnessAXKnGuqQtoh1nrjfa3V20ynNbsgg5J0V9ItqCpevnwjDMPO/q7Hxvb53WkT/k/LCJGcgp71DraFle3iUudjN037LtSbo3h98ryJB3uFiFn8FVx4i7ulJTMKKeDRV1xU68ur5Sx4MKXWhuVNqEYfdqXQt1oOqDctTJu0WUQ1J/nDuxD1Ve9UoPQNRzsQhrq0SZZqJuxv5ScT7KXULiuGTnvgN99YrbtNzDbbPGb2U9EYwg+7LaSd7xTfnqSZ3birqtGXbtiUysnBuK69+KuHHbrrS9brNp77jTLMJgZioSCk7DXz1OpXwVy5cmpTpvY57ZifSU3TDKpCPOxVX+9a795cN89a05XwUNusf83oZ6N8CcSEQoP4yPEPliBJqcPbfCDaVNllqO63+fgk2y3J/3ONordmJGbJZDPa64ZdKgtpbjR2FEAOKn6JjLPzAcUfLa+KMah3bb9XNyCpA81IU8r7QBti2PRPCxfZg/S4SF/TWTFk/qH3fXOJ6GRUgkZovzUtqjDun4gihn64FxBkRZ6ibdx9qNfO+Wl21eIi2mm1DLlWums+e/NFXXnDKV76827fnovzx6ye/I78ptyG31lcay10zBY18zvX9JXeDC5T+vMoWNnW1KK7Nb+cdLpvcXzRbbiTOlWH/242nTphlxpuAZm01HWtVlFq3is0Tx2YQ3TQevq8tMYjsLxTKxHcObJ0ydi6VzO0yJYnnYvx6yXa7BfE5xprePqgtcajAVPy/2mbzL9IW6xOLylXb1f8LpbSbD2BdMuYfs4qr1iCn3WfH91w6YLquLPFrXqROmt8U5BC/80NSoLrGwnJ9DuP4ozkWG6VjrMLXE22umYvsT/HKXKUVsZ+rvT6sLtH3xp3SxTbs0IuJjtliWIuNrtXWciDhMtl3m6fE27t9l2m+fHtX4tz9Wj+L6+iFT7gSRhkTa6tJuOrhabHfha+J8XjYVn1MXS5/8m9i21TI1PU/93RHT5R/VZYprpiO/e0Gsu8q0/4q6yBlLOl70oekLm23YuXTAVPyf9vlMDa9nt5lq1UXa6cSSj0R4q0tccR6G7vOjTdz7Inx0uH5ml+nVKHlcs02zX/uj6eCXVvnUxjURt7JcmifOzUUZq+RXjXMUrp/cplHudIWL47maTGf+IPPLbJH/u46ru3lQjy/+Y4koTzdbpQ2Vx+cnHN2snJ++MlTqP+WVZN6nfb12zXTmT781TZDHMuFl06uFR0yN9gFi5cib8tgc89DlTzaL8BT14Af2hZQkypN/FWnOJhzUZTLfOsvzSlnzmunDb9T3HlHD3qZcE9Q4tKmTXbj+f99U1s/9RF1gIdonXcGk7kujHSC/HyY+m729QV0ieNwGcHIuCq3PtNLd96b9r4nwniDi/0t1kcWXH5rSRB2gr83jeT73Sd3vadnvIi4S/2QVF06dMH24/XOHMttcdtqX2VrhbeHiM0taFPVs2vbTdvvS+p7l3MR37M/hx2um/cqxpVuVEer6utON4DR/qOlnoWgT2sX5F/8hy5UXTJvcFUEep3tJTW+aYesdzTLsx+9NB3/3spI+gqOWmN422seHNSdhJ+LgyJvzlDz2oVY+UttaNmGrLpta4EFdd+lDpcw3b0fNA4mObXXTF7tEPTbblP3n78UbrfTkab2ivQ2F7vzpnLO6pbOcWPpRVznhKu94fY1lu29PwsZStmi1J6x51DbXxUW5LtL0h9n2ZYLlGJaIsHvZlCvi7LrTdO4JZ3nCg3xlk66tiHSkXEuL+KzVClw1nduEqbIszvSqUaZ9fTrbZM/+m+mgfZv8zB8d24S3SRqs3SjTkH257JxDPlbDSbYvHM7jygHTStn2sCm/tMLCk/pH5zWO4DwsHMu6y8bfmvdzUl1g4ZDWfFBXesVJHnRapxPZamlpUV6VlZUOr5tipLS9ewcH4LFfDMf/b/yvMGlCmDLlhhztLOeDvifgbvzMzw933HGH8pL/l8vkZ3Idua78jvyu3IbcVv93Acb3atAkH8xkPxrDLxjxabEIU99aKCPGzg9Axv9MRsQgdaHFoFCkLJ6MoLZKVBy2/+VwMrIXh9uOQhsZqcyT2nS2Ed0fi6Ch9ZrDqJ0hgy0jQDpQtascNdFzkRJpF1eDImBIEMvKa3FW+b4n63ZPYtrztuHqNwJRs0aJ/1xAU+dtVeZ4Q/JcJNrf0z98GhJjgbpq+1HQtkImTkYU6nHkeNev3U3Ha1AVPRlpcnTAntquX1Tl6OLDYncT7eJP0He8QFDMTMTYJTGMDMUE8afuio5fmZ2Rt5DG2f2yfaMeNXsGwJD8PKIGNaLieFfqqjtxSIRRJMLUX4TN6TkUaS9F2M1nHICI56aJ9F+DI6fVRU7UlO1EBcKRu8bg+kF0wZOROMU+n43AGDli4+IPXo4Q81Y40lLs8+NkzJ4o/p7vyo++CB89/EfPxFt730Xx4ofRUL4TCdMTkbBS4xa/xgMo2iFvxctBxtPOylg1vw7SKHMEZY7HpAFoKtYaiRKOjFT7cwVGzxHfEdvdcNByW1/386AeTV+cA8Y/DNtU053z863eKq+cCxBxsxYHyzOxYlwzSvJWIzw61c1thrV4P38LCtTXqsUvIjplH4Iz1+JtrQcjKvM9diAxbpLVAzcHIGr6NATJuR+174gEHggWZewFNNjfNtsHWtrsRjWJ9ol9usHwWKQ9Z3v+/pNEmSX+Vl3sKkO9bwN0Q0MlCss7EJP5CuLtnxM93CDKMmdlgTN687mP6n5Py/6xzzu0yfwnTsJs8bfiCz2tpXAYkkY5lNljnpB585pvprtRGQdNQ25SqENYOjV8JjISRqhvVH4BiJkr6muRXyoO90BrUEk/QHbqTIc6OmS6AclyRN9J1/vtk3Svl18gorK24mBxCtKCv8S6rCz8ckqG6ym2ju3uLAML8vOQ/uxLmLE7ELlFK2DQKAbNDxwMR7x1OvaPxNQ5A5yMwNNjBGbLcDuxA0abOXQ7UPMfO1AhyqTEqfZ3CVn4sF7pibbZjQ60NNRgw8J12HAxENnzJjvcmaSVd3yTzjwJm0YYSyrRJPJlboZje6JHuSrXRZo2pM1FjDiXsoP2dySdQ8O4TGSLOPPXW+54w4t81VCxsytfrV+NpCmLsPLSeBRvXoAwjcBVnlUh0nmMnLrDQh3ZWlJhO/2fHolL5iJqsPrGYvTz5nnNi8V1kl0+vdXTYHu7PMZ70N2b1cMWpziex+DJSF4iyo0TB1Dj6o4pT+ofXdc4nhsSKdtyjlPKNcgH14r2QkykWs76oK4k6m9uyk5pa0PuDUDI8GCM/eVI/N3Tv8KUSU/h18/8HQxTI5WX/L9cJj+T68h15XduKlfPoe6EKGynhGrOV4qhwQ7Lz5ysQZMowCY8oT3Vif/oUHFhIS5i68+ZF1hMfBQhDpXCAAyUDy8RFyGa8w56bQSiXghF0KmdSFq4EWXHGjVuKRXnfkBUVlbzy1m/pr0jL+ItHQqerNsdWrfpAwP9ZFiLRpilHlDjralomcOxDHviRSSJCsVtmI4UlZCcMuGEpUexGUeq6hEVFY6IJyMQ1VaDM2prvv14DYoQiglP2qdvncdr0XwONeWywZaHpXNSMSNanePvswvdiP8BCJsYIS4canHW0iior4GxLRIR48S5xIlG10nLvIAXULe/FUHPRnT+2GJOz/VIj7EPR/FK2K10dJ+16pBxdAFnZMNsSiQmOLt2snajGWeP7UOJ7AxbkoqEuATMUOYZ+dwxvHqSCLMwreOVedQq7XQ/fDwwaARiFm7A4eoN2Jb8MBpKtyA6Jstmnuj2M/UwijiX0684p+bXKeIcNRuico5H2TkjGujWc6hJY8OdhMsohImLBNlhr4SNL/Kg17pxfj7Vi+WVG/4hk5G2tRT/XfoKssc1o2B5BqKX7EaDZkfJBRRtNmKV+io4OQLZu0pEmgvVvBhS5nu0brRbjItEyiAXcz8OCsAQ0YBv92EHoKf8x09D9kg5NU4GlhZV4qzWXfIWMSLt21/gW+aYtaR7wes2QDe0nK4VF04BIr3ZdWaqgoO1lzulN59b8pov6n5Pyv7xoxzbZP4yPQlWceHSjQ40napEWdEWrMvJQELCi5iqzEFZjwY9U47oZBBtBmfTAGmKehxj7NOZNNKcboy6Ot09Y04/HVZzb1q9IvOUqb7c7bcv0r2nhoybiRWlpajd+jwSg7/EqlTRzspzMk/6iZrOMnDV5krUPT4XB/dvQPJYreuYZlRV1ALTJyPKLt9E/L38ca4cRi874/0nGpA23K4cbRZlblErYlKmOZZJFr6uV3zSNjNihuUYxiXgl7Grse78w1hRuAEZ4xzTjVbe8Uk68yRs2sW6B4GgONGecBbWPcRduY6QUZgwSJzriXMOnbOGia7agL7lSb6qO7CvK1+9V4P2uBwc3JGjXG85UJ9VETZrkl3Yq1OHuHpuhaZgRDyuVbFZ5jV3rKtujzR4Dde9+mWpS9RY2aZ2FPK4nKxC43rXiif1j75rHC8ETkb8HJE+bX5AvICqsgvKg2Qtv/35oq4k6m9u+k7p20LbNaVCCPHgAYztysPIgjHE/pdYi6EjMEb8cRj96n+X6weo+FjIrPXYv3UmIs5VIn1eKh6ZkmH3IJ0OtMsLs+lz1XmKtF6WuYs8Wbc7RAPgZ+p/XVHjrWuOJa2X63m2IDuZnxX7s8y5fLUWVXuDET9JNA6VDuuuEcZnTlQD4yYhwmH0jM7jhXmusPDoDMzINaLm4gCMjp6GtPVzzXP8ddOQJ8fDIBoFlnmw6w7tQ92cSZjgr3ZYW0Z9fyvO8dQAJE7qquzN6TncPGeXk5fDHJo2msWFv/gzcoTVKEpt7acKkRT5EqLnbUHJiUbRsItAfFo2cqerK/Qmnfmx++HjhcGjYMjcgIO75iJedogv2tL51PqWb2WaHIWQYeb32tT8GhzotLMkaPij4l+NDsP7A/SVUz7Jg97qxvn5VG+WV/oMCZ2GjK1/wMEckccPFCLdYW5ryYAPT36AS+L1xd5MZAw9h6VJy5zMDXxBme9Rjq5WHqhk3UAftwzrRPj2xoh0rw0KR0bJBmyKG4CqvDxERycgIUvjoUeS8mOCe163AbqhXaQh+WOzSPK+oTef+6ju97js1xkXTl2sRM7MBITP2Yi3jRfQPvxxGJIWIledg9KXwh7xcJuDNEbp9zBz+glGxnqt+FNfz7n+YaMv0r23giLn4q0dW1GaFIiaonXIKdfoREheq5SBl06UojZ/GoIPF2J2plH7h7yGSpTsFX/3bsQvrctA+Zon52DvwIb9R7V/nHPHLxSGlBGiHN3VOedtw0e7lR8CE591ESc+rFd81zYbgeSFBqyQr8wFKH5vA/77wAakOWkjaeUdn6QzT8Lm8vfKaNUJw31fNrjjvlwPls/9E9cn1+zSVihCtDp5e5iefGVYs1XNV3/AvuXhaHgv1+mc9cqIZFG/1OXLB83Z5ivzQ+y0Rom7EoiB9iOb3bjV02DIGHm9p3eARjMa5XoTgx2u54YEeF8ne1L/6LvG8cYATJg62fbuvvPVKJPXxFPGd9bJvqgrifobdkrfRFra9Dei/ZWHQTaixdlDpa6KQl38iRrm444qLwRFpmBThWhwvycfwCVvvcrA7K1Wt67Iyrs9AGMiIxCl+QpHkKWk9mTdnuYn4kH8OTMoWOM4LK9RbkcvhU2MFBev1UplrYyG7pzWIhQTYgBjdT1aRKOo7mAHomLHa4+m1+PUDix95xwmLH8Xlw7+AdtyX0Ha4ueVX4K93qa14HDEjAWKDsuGn3k0tGWqkSFPhMPQdgBHzopzPF2PMkQi6umuxoU5PXcgSFyEaIdjBMKGu2mMyLTR2Oz6Nrsb9ShcuhsV41NwWFwEfigq9uzFC5AYK7b/kLpOP+ST8PGS/+jn8fZ6kUbPG1FhubVX6QS9YPVAQyfcxEnLN7KUEg1P3cWUKNfkoBDLKA4f5UGv+fz8elCvh1UARietwNuzxKXIZlG+qUu1+A+fjOx3k5UfP1bmanTINByF8QQQE6d2NNi/EkaJixcnD+pqaxXxI/JGj4z88cDgUYgXZe/h6ndRLB9Ic0A+9Gi1zgfmOeq7NkAzrvfojyySXT6Xulv393rZ3wzjW3ko6piG0upSHCxdixVif8mzJmPC6P5QIDihppseaUcp9UYzBg7Xij/15SZsbqa2r0KZemAFcsd2oKxcjnx0wm8Agqa8gk3L5Q95RVj3gTwLWw3KLd5WHa52rzTZptphxH4vy5SQZ59H8qB6FOwS7XORX4yFtqP3NPmqXvFp/gzHbPHdNPlKNiDmafspdNzzSTrzJGzUdRvkw+R6m9v2nFoeP3R/z7WlPKU7XwUibM7r2LZQdmDnocDhwYAdOHKgGk3DQ5GhkadWLJyGRHE9VvXePocpN7xhftimiGsd6fFWSoNBT4j9oBVlB6yu/Z1prkHFAXFt7MG1qbmtLcLLVbh6Uv/ovcbxgvkB3V1TeNTt34Wq4bEwTJTxrfJBXUnU37BT+mYQPAJh4oKr6pjsfHTUcrQaRvX/FiGj5ZNQa3HkpHZHdvvJGuXWk4hRPv7FUykovRP0tAEZm9/FpmigZmul2knxKMKmiD+iojrjdniHJ+u6IS9wu2uoOJ7hQJOoWDy6s8uO/5MRSBZNCzkiuu5wtc20FqPHRZjnyrxYi4pTAYgZ7/0vo01n6kWYh8IwxW4basPGgcdxLdLx1ADziGjleK2mGhENvojhcg6sC8o5Ql5oyNaPypye61FzWv8PM7YsaaOmczSvpm8/V+YcMzwbaTdPVytaNAOhm7qRX6x1P3y6x/9eOb9Pl6DRoSKNtqLqhKvRI+7ipAN1x2pFXhQNT/uLTpGnNPN4Qz2qRPwpHVDyvY/yoDtBj4wCjn5pl0+6cX6e6kfllWcCMETvnSvBBqx00iGjzPcoR+xlqR0N9q/lKUgRYVSy55Djxam4WKnCKIz25YguUXa4uyPDqcEjEJP8OorzpyGsrQbvV3l31eN5G2AA/GUYnNeYpqlRlMvqf10JGvWoOO9GUQ5pHbN56imP6M3nvqj7e7vsFxe0Z+Wo1mcnO8wtaumYcOAqn/uiDLB2WLscMKcbYPY4y51MXqQbJ/nDXG90oEq0A7zVZ23f7vAT5aBtFepUUFwmckVaL8vNs71rRO0kxvSZSmetVjm4ImOaCPdalB3wMkEHTkZiSgDqCo2oOCBHj45A9guRSkeVU97UK1ppudfzp2s+SWeehI26bp0o49yu66N2pYXb9pxaHseMedh1WuhtuvPVAISlZiJ7ZDPWrdiOGusfVdVnVYTNSnGSr15BdoooCy+Wo+KE+h23xLXWGa10I8rLA63AWHH9M1Rd5MItlQZHirJFXPvXFRY6uRvOQlwnbi1EifzxbbqlDupSdVorjaptbUQiwvErnTypf/Rd46g8DQubZwCIvFXaiqh5tlMk+aKu9KnutHmJVOyUvimEI0Y+IGjvdhTZ/4rbVouiAlnY2hoyRTRMh3dgw78W2VawUls9CvMr0TTS7pc3HzDfjg60tGpXkrZEY9L+F16/QATJDprAu8zvEYCImAhR2FViXb7GrVUNRmWEnJkn67qi3or2fSuumxd4KRRRCYHAqZ1Yt8ux1dxyWDTs9cxxOTgCU2MB48nt2L8DSPl72RAxM0+JcQhVfxIXJIOmYEK3762/IC6I1f8qRAPg94XK/FT2PItrs7Boc0fL/vcqYYwWF+OdbSXzNCXGw+WoOtyhjM62HnExZOJkJIsLlYL1Gun5xgWUlbvr7AhA1CzzQz/W5TuZu9FKg93P3+3HtuNtObeaj3kThlq6Hz7uNZWLdHBM4+rvhmiY7T8g/hOO0eqDKRE6DcnjgIq8jTZzTdsScfKCQaQH7fzafmo7CsTFQESqAVEOVzqVKCiqt/3OjUaUrd+OCpGWEqdafljxUR50IyRExGPb5zhrs4vunJ8n+ll55aARxs3iQk8j6eCqKAs+En+nj9J1+3ZQbCZWRncoHTKWW8hlZ4yc71FrHtVOfmoderAc++3SY8NZUX8OD0WIjotA3YY9rDwcVu/dTe1X7UdnieuSB4KVMnDIAO/qaM/bAKMQJiegPFCpdDB0EXXAH7YrHZFuPTEZaeKitaRgp8M+24/tRIHshPWI3nzuq7q/98r+Tl812g42uGhEwVbH9OA6n/uqDLAiyoGCcrsfF0R7s+Bf5YOuDN1LN87yx+hJiJejDt8R9YZ9x4SoZ2r2VDsf8ajqq7ave6Ktvn4fGrRGNTZUw3hQtI/GyR913AmGIWcuDOJc5F0jneFRf0gJs0SRD5yOVh1nzp/G0mr9HcR2wmLnIKatGq/miHCcPhMGS53vlKf1iuu03Ov50wnfpDNPwsY8fQpObMe6UtcdUb5qV3YKNSAtWm3POeTLZhgLRHk8KAIprqZx6TE+ylf+4UhbLq5PzhuxsrCrDjE/qyIA8dHOezODpkxDIjpQuNfJcys0FIg2UZ1dumnYtRHrRD1leGGyrhHAt1YaDEb8sgXmqQAX5qKsXqMOFHV/xfoMpLz3A+LXvO74QEOh6p0iGO3aqe3HirBO/rCQPA0TXLW1Pal/dF3jmHmTHyN+HYswOYVHqSzXR4j0Z5e3fFBX+pSHbV4iLeyUvkmEzcsx/4o77yXMX7MTxuoaGHfkYf701Wh8TjQM1fU6yQo214CoRiNmTF+EnCJRuKnfSY9bhlVnQ7Fpc4rvH1YwcpQy/3DB+jyUHBD7yzc/ZE3b5yiKTEBSTiHKxLpV1ftQsjIL6TsGIH6hAZbRwEOmLkDu9AGoKVqG6FSx3XKxrhylkbMIE2O32DxR35N1nQvG6HEBSiWdky/C7cBuFFVo9ai4F5aUiWzRlilbvggJWep5lu/EqsUvIjql0m3nqFmAcpsSRCVTIh8MOFZdLClTYrSicEc1EKfxACwPBE2ajPhBrVi1MAMbdokLTBluWRlIb3xUe05pj+JaNToChkGNKNl1TnlYo3VDUZmm5MA+FJ4KRsyTdr/sB4qLqeXhCBENxhnTM7Bqh0zPlSjLNz81O13HCGH/yIUoXBiMhqLVmDZvNQrkOSp5YiNy1uwzV+DBEYifMgB1+cswP080xiz7WNKIsJ6YU9qbMNTig/Bxq70eOfNSER6TiqVr1KeW54vy5NmXkKA0El+BobNTcAQS1y9Aor9oYCa8iHS1zJJpqmhNFgrUDiL/p+ciV4kTkV+TVqNI5ldZDoh1piaLsJiyAJvkKBR7E0Xj8uQyJHXmqe3i2MR5HoA4jkzEWyUf3+RBNx4PR7JoTFcdtb1g9vr8PNLfyitH7Sd2YkZMAqITRN2jpBvxEmEQHbMaG5pFXbR0mr7bfv3EhUvWXMSIC66cNeYOGct8j+4e5Kb8IAb7uR8viPNrtLn7BI37sDT6OUzMVMsEbwx9FBHD5QVDHjaIOK/YIS7aXURJy/5VIl9lqflWrL+rEEv/eTuqRhowO1q9m8RTHrcBBmDCcwZEyIvCF7rqgA2pL2Gl3xSRvnXwC0WK2GeETTkk03sGohc2wrDYw7Q+cTLCDuvL592u+3u77BcX+DELRYG5dwvmZ23vatO9sBNDpmg9rMlVPvddGdBpViSG5KZ2tjcrdm0U6UY+EC4Q2blzEdF5ce9FunGWP2T6WSXSrNzWLFHP5Mt4UNOsqGdmlH9v/r4rfdX21aHlvY2YKNq8M1JFOKrl4DolfRbCKPJ67jyd+WP4TKzIGYGmA0VYuUcGXAeqPigXbYdQRI3vrIQdifCNmiXSyQkjqrx9uG7IZCRO70BT2wBkJEzWVW57Vq84Scu9nj/d8FE68yRsQhJexzZxrmUrX0X0YrWMk+FQJPa51Wpwkq/alZ3MHYZKe26WaM8p4W+up2SbcP6eAGRvzkSMi6TXk3yVr/wnpmDFHFGHbM4TbVTZZlafVSEH/LjaRGAEYkS86H9uxShkPF2P+Z3XIftQJI43Qc5PLdqEK55zMbLZ2q2WBocb8HbR8zBcrhbXDXLu+K74VNqLkalIeq8ZYUvW4u1Z2mGULMq3VbOsroHyRFt7oRE1Mh2kmaeLdMqj+kffNY7Cm7AYOwnx8sGyeaJclz/+2XfA+6Ku7NQIY2YChkUv6xrs4SkP27xEWtgpfbOwPAhpTjDO7NmO+anrsM7Yiqi8rch1UoH5P70ApXteR27UXagr3IgEUWHPz6/FwNgFOFixXhR46oq+FDgNKwpnIr7tKJYuXo1V1R0uHlQ0AlGZ4Rh4shzpYt2E1C0ouXg/Xt36LjZZVzh+wTCs/wMOrhEXqJeqsTRLrLtY/hoajLStW0Xlrq4nebKuC2Hz3lDC+uxmEW5ZO9Dgd4/6iYdkvO14F6XyYvyoep4rd6HObxJyS1fYXFS7EvRkBKLaxIWA3bQWlikxmsRnlvmZvRYsGgTFC5A2shGFy/NEA2knzo5agH25M7V/tfcorlWiIo2IE423trscphpRpimR59g5Z7atkLi12Fcqji+0GcY1Mj3nYd3e7xGS8jpqM7pGjzsXgIjFW7F/6/OI8TuNAnmOIk+s2v45MGaEenEl0896cz7bsQVJqRtRePZhZO96HbN7Yl5Rb8LQie6Hj2tBz2XiwzWicTQKOLJHfWr5jlq0T4zFttI/2OZZSTQw3yrfgG1zHkXDR7LMEmlfdr58K9Js58NBrOJk0OcokPlVhPmGwwMwe+UGHHzHYHerrspfNPJEPCUOPoq35XeydqPKLxy5hVsdj8NHedClwZEwJA1ASUWN3RRLXp6fh/pbeWVLXNCuXItNC8MxBp/jffWJ90WHO5SH63hcF418HtlLApUOmbf3Npnne5QjeCa5OTilkS8azdZzPypzUQcg7dfdzx825AVDvsiLo+UzElbj1d+L1rmL6RWGPGlAyhPN2J9nrqdfza8WF6cibEoWIKIb0zJ42gbwH7cAxaI8SrxPHLdaBzSMz0ZxRqSIRX3kPotlOSTqkfdlObSkEMa2CGwqF2Wop+nHX4ajznze7bq/l8t+ect42gZ8KPLa9eqdapsOMBRuwquR2iPbXOVzn5UBFvdNE+eejYhvRX4V6SZpeSUanpiMbbs2ibC0/aHE43TjIn9Y0uyKSFHPvCfjYTVyfl9vTrPrDdBzi3CftH3dCkfynky8NScUAy/VYoNSDu6D8WwgDMtFHb3bs7we8sIrWDGyA2VrtoiL/6Oo2tUB2Nx9pi1sivxxrhFFe729eyoQUxMmI8h+jlNXPKxXtNNyb+dP93ySzjwJG0sZt34yJnyhlnEiHN42NmNMqNWKPmxXdrJqzzWVFyn5Mil3HxpCZqK04g8OZULv8WW+CkDU4leQPKgZ65ZtR91fzc+qCJoTiQiX7bRARD0bIf5Waj+3wsEAjJm7AsVJAajKl+lGxOFhICbzdY/bhLdaGvQfOxfb9m9F6fJITGg7jRK1vVhwoBkT4uaidG8JilNDnV7rBk/PxL68cLRs3yKOKw/puxsxYY5oS+3Qlw48qn90XeMIXoWFaNPOC1au7Z3d/eKLutJnPGzzEmm5wySo/yciIurHGlGWlop0LEBtQS83utypL8SMhH0w7PjfSLO+m4H6qVZUrXkJCV8l97+0REREtxC17dKegsOFTgZ60C2vaVcWwpcDm2SHsd2PMT2PabALw4KoL1y5ckX5e/z4ceWvNY6UJiIi6q7QOViZPACr8nejwd1UAdTn2uW8iDuC8VYWO6SJiKgndeC6vKN+ZLDuu06IfItpsAvDgqi/Yac0ERFRtwUgIi0T2V8WYpXGA2OoH5EPbFu2DyHyYTluH9RFRETUDaf2oegUkDje+dQDRD2KabALw4Ko32GnNBERkS/Iufn2fIBtCRx70a8p8VTqOC8xERGRDzSVb1Qe/CkfEjp/4W7UjZyJ5Ol99DRAui0xDXZhWBD1b+yUJiIiIiIiIvIB/0EdeD83D0m5h3D92QU4uCMFYT54sDGRXkyDXRgWRP0bH3RIRERERERERERERD7FBx0SERERERERERERUb/ATmkiIiIiIiIiIiIi6jXslCYiIiIiIiIiIiKiXsNOaSIiIiIiIiIiIiLqNeyUJiIiIiIiIiIiIqJew05pIiIiIiIiIiIiIuo17JQmIiIiIiIiIiIiol7DTmkiIiIiIiIiIiIi6jXslCahEWVpz2HYE1tQoy6Ry4yZCQhPKERdu7rI4kYzajYvw4xo+Z0EFJwQy9prUZCQgImZ+9BkXqt/OLZFHONz2HBMfU/Uw1oOF2JpXIKS7iZurleX+lotNojtD8urVd/TzcFFuepE064skZayUNaoLugF7ScKkTAxAUvLe3GnQl+c6y2rz+pklk3kXl+VMT7Vdg5laxYheqJI7xOXwfitutxDLPduJSz/LNdd83fdjAm6P8Wf5+3F/spcxvXgtXijEfN7LM15nibazxqxat6LCBffC+9v/SLdxjKOegY7pclDrajJS8eM/AsYk/IKStfHIlj9hOh21354IxJSduPMqJnYtvUVJDNzEPVrTjuEbrSi4cB25KSmmjudZCNcfdlf+NTk2X6uvCa+iKSc7ajScY3UUr5M+U54bjW8v/YUF7CLxQXsmu5sg4h0udGIsswMpO+5C4acTBRnhmOg+tHNoPvlntoxYfcKj1mEnKIaNN1QV3PBbbnXJvYRl4D07nY09WiHFRGRlYu7kT5rC97HJKzMz0T2uHvUD4jIFXZKkxPBMOSVorY0BWH+6iLpag3ef68VYYtz8FbyNETFpiB+nFjuH4600lIczpuGIPOavagDdXvysDSu0GqkN7nWiKr81UjKMt5iv+D2pVZUle5D3fCZyH1rLgyR05A2K1T97GbC/NRznJSr/Yz/uBSUHi7FW7E98avKTVD23GiEMeslTFy8G1XtI2CYZ8CKhfI1DcmRwRjyM3U9GyOQrKxjfmXE3I+ze3YiIS4VRS5vmLgAY3Et4qeHA7sO4YiXPcpNIs/mHI7EpsxIKEmrR+tklhF959aou3u2jOkFZ40oOAgkrlyB7FmTETPnecQMVT/TdIuWe+MiOss8uZ5hWCOK8lZj6pztqHPZMa2j3BskyrC109CwPA9lF9VlvtRYjYKcRVi6h53V1Bs8LQNujvYi2aor3wEjwpH7ziuInzIZifMi+6BfpPva641YteQlFPBOc+ol7JQmz7RdUyrTkOBA8/t+oRlnyytRcv4H9T2514iazTWouKq+JR+4hhYZnqOCEexnXnJzYn6intT/y56WvRsxf+9dSMvfioPvvY7sxQuQprxeQe7WrXgrTqsjLRyzO9dbgOzcd3G4PAXx4nxztu5Di7qWg4ajMJ4IxdTFBiSiEsYDreoHHmirRsGaekxdmYKoQeqyHsUyou+w7u4X2n5AnfgTMkxvW/gWLfeentlZ5inrFZfi8MpQoH4nivY2qytp0Fnu+Y+bi+w557DynUrnZai3LtZi1Z4LaPlRfU/Uo1h23w7ar8iybAT6VTeJF1pOV6Kgopl33lGvYac0ERERkersaTlX3hQYpnTzqiJkJlISxN+953DWvMSBHFVTET0ZUSPHI2rWABR9dMjjzpeGPdtRgMmIj7nJr4KIqM/4qtwLmfU8EsXfktMXzAs06C/3AhAVH4vg8s0oOaUuIiIiolsKO6X72lX5oJQM9aGBz2Fi3DIUHG5Gg8Z8b+Z5K60fRtjF2Wct9fuwYUnX3HByvrdVu87p+OXL/uGH6vxxMVtgFO+My1OV7Tl8nqZxW1JjDYpy1IfBWM6xWuN2uW9rUWIVFuExqVi6tdblBbp5XrxUpB+U74yYoRyTeGlMwN9+VobFS5goP5fzfa4x4myb+qGdpurtyFEfUiAf5jhjSaGuuUE73WjF2fKNnQ+869yf1S/kLXtXK9t3mOfuRj0K4sR3knaiwXL7441GVBWtxnzL9tRjqnH2YB0lzLvCclj0S5j/To0Slua0sgzr5HoHt6jnqGO+vbYLqNi8DAkx6jHIbebsQ4P6cSfLuSd0hV90wjKU2a8o0r4xz2p7IowSxDlVNNiPmFHTokxbctu78pCkfscyf2GL1m2iOuLALa1wT81DyQnbEUDmMFXToVWYOn2oR30hponPHcO8FRVZ8rsbUWN3Tua0vtpxlEWbORwtDx6NnpeHsrMao450pCFP8pOZerwTRTlgHweWcyy1T9+irBBlwbSttnMadDvPCY7lnShDdtldGOtOd5bwMJfDLYfF8SWp3xFpf+lmjXTnNo9oPVRWZV8XJK1GkagLrqsfa9EVZlYPe1UevpIgjy3L9UO5tB5UZLMdEc6L1f26KUuteVL2KOFtOTdn4S35Ip9r+h4tOs7JLVd3TYiyvmpXKwzPRiAIAzBhSiSC9u6G0aFQdeUCqsouICzFgCibW3y16mTrsrQZNaI8SLJre7jjURmht2wSej7/q+GhWZZpfWYXVpszlLZDeL55HduyoRDz5TmKclCOnrXwPH+6zlee190XUJIk1pleqD2VgjrXbkKxVRmpMz+5O/+WE7uxKlVtb8m4F22AgmNWce/iYWia8bi5Eg0O+bH76dmarv2qYTZsnmwJA+vmmde1zWe2brtyz2+A6/m1PS33xk5D8thWlB301YOj1fyuxmHX9YzGHNv2PLlO8aD805X2rlYiR36mUYbVbX1RfC/DcZoTkc/Cn3gRBZag09uO1+LpdYgdt2WCSn/+d2QOB414VMNu2Hr7lpdahmRpjMTXG38a11v2+da76y5n7UU573uhzTXWjNTV+tsN7q7JLdeg08V+7ToLzNetCVh10C4cXFxzOmMOE422sOD0M1nuiWvAzjQYrV4DurjbwZO2RVO1VbiKMjU9b5+utq1krhOfw4wi+a6rbWSJYz1tBv1p36rNclWUSSI+LX0b6UWiPJJpz75OTHJe/thQ67jw5eZCo7OO04oPD8o43X1BdNtip3RfumjE0lj5oJRW80MDt2Yie/oAVCzOwLoKzxrTmkTBsjRhI0raQpG28nWx/Vfw6hPXULA8C696PIfaCBi2im2sn4Yo8S5qnjxeuc1pGG1eQZs4x/S41ShoCEaKPIb8BUh+vBEFqYtsH14ijjU9VlTYJ+6HYWmmcqzZUwJQdeyCyw70IRPnKutmjJXvwpGrHJN4PTdC+dzi+jkjXk3ZiYYn5+ItsX7ulHtQt2MLZmvM7SV/EJiauhsNww3K9orXxGLMxXIkxInKRNe8dq2o2ZCO6JWHcH1KMorFNrZlRmDgR1sQnSgKdbVyGTJ1AVZGi6pr826bir/pg0KsOh+IFcufR4jaoVGzIRUJBRcwZLp5e8VrJmNI9W7MSBYVml0ANezNxYyY1Xj78ABMVcJS7H+xaPxfMd+GM/o5GUZzlZEssrG/TYaXeGVMdDE6pl1UgHMWIan4GsL+aYFYPxOb5jyKlopztuHXJhozyS8hWjTwGkebw680Pxkp4zrQaJWk28/vRnpMBubvbsbouXJ75jAacmw3kmLTxQW6VqXWjCoRrkmlrZiama2kpbTxHaJCXI3oJfbxqC8OXGquxrqZMtxPw1/dhpIWxPKlSak26dccpmo6tApTw0jz5w5GR8AwSMT9SbsfiK7WYH+5/M8hHLEZWtmKumrRQIgej7DB6iLpxjmUZWWhqFHk8fXyHMMRXF+J9KRVMNplcT1pSG9+6hKAsMhQEe81OGPXIK47uE9pbBkP19s2TM/WwNg2AIbxXfNt+yLP1W3NEBc5orz7doS5rBFpdOXcUFz/tivheZfuREPx0BbMX38OIQmi3BPpLju0FSVybsBCq4tkvXlEi1ZdECnCzkVd4HGYXRHpOWmLuDjtUN62a3V06KCUpQuNaIlOwSbrsnSl+9ur9ZY9MryTMmsQPGshNlmHd0GtXX3gg3yuIezvDQhDNV7N2tnNTp5mNH4l/gy/yzzPs532w0YUXAyFYZL5tnj/pychcdAFGKudjzB00FiLilNAzNOezF8vy9IsrDv9MGavkWlnGsIu12JVSkZX54UTussID8qm3sr/3vkBZ/4kLrryzykdN0129S3O7ER6ym4Y5W5EerN87Ok56clXntfdIzA1QaSLi/tQpRGvDQfKxaXzCMRHW+LOi/ykcf5Ne7IQnbQddYGTkZ0vjnH985gaWI+aL64pX3GuAw07xHdt4lFtC+bnYeIcZ3na+/Rs5sF+74tAhgz3rHDlbWKWOQ5KF4p6RFni6LYr95oblbwSdu8A83s7npd7IxA2NQB1uw7ZdOB4T72eUeOw63pmLqLuUxZp8+Q6RXf550HaGxyKCeKaoUm0qWybW/WoEu1i4ByOnLRtw9QdPYCmQVMwQV6odaeNInhyHWJPX5ngbf7vEjZ+CoJEeNSdMbdzLFoOVULpK6yotU1DV+tx5CBgEO1Ym/yrO/5EmMrrrbOWNCHCNC4Q++3yrVfXXZo6UJefjomLy9EyblZX3dJci7N6fhzQc03uF4qU5aIMFesWlFudrEg/RW/VALGi/o8OUBeKesTNNafPqHPeRy+vRsvj8mHy4tyXjke7cR2ScrXbn/rrYVGm5qcq61YFygcUirBZOUvEuewnEOlWXcsVc9vodeROl++62kYOcazZZvAy7bdVY0PyRtSMmYm3ZJ0x7geU5S1D+p9qRX7NQMp/BnbWiaPPyvSbB7fdS2odt22euXzurOPs+3s8aOPp7gui25uJ+sj3pv2vzTYFT3jN9P6X6iKLLz80pU2IMwWPFZ9dUpcJR96UyzabjqjvrWl+dumAqfg/rTYg/dhgKk4U6z67zVSrLhIrmt5faP99rWXCpQ9NKWPjTClldts1nTC9LZYHL/zQ1KguMf142rRpRpxp6u+OmC7/qC5TXDMd+d0LYturTPuvmJd8sf1l8X6JY1hcuWa6rv7XOSfHKh3dLJaLzxzC+Zrp4GoR/mNfNhWfUxdJp7eZDGNfMOUeuqYuULUeMeU+K7bz2gHTZXWRM5f/vMoUJuKu+At1gcWXu5Swm/r70+oC4dwOU6JYlri9wfy+9ZBppYh7g/U6Qu0HO0xn1LCyuP5/3xT7iTNl/9nqWNXthS360PSFTZjb04gvF+S+ZDjmfqIusLCJH0uYzjO9fdQu/Kyp6SJ4hoivVnWZRav4TKbPCW+aDnZu2BK/WmnJZDrzh3Tx2WwRZ+3qEg/jQJOL/Pnj96YPs+V5ptttXz1OXWHabjr4r3L7IgyszkcJ52dfM6U8H2eabUkT0o8i/Ynj7lqmxp847zS7vGhJFzbfF3SnIVf5ScsXu5Q0Z1smiHJGnEPKwtfEdqzjUqz+H0tsl/kgz1nOw/DmCeflhcfpzmRqLJPHr/EdSzlqtb6+PKIVtp7XBR6FmVoGyrhI237aIf9osnzHOk7dlqX2+cEZ52WP2/C2S0vdz+eWfdqFrzinM3/6rWmCcr4vm14tPGJqdJqwnNfNlz/ZLOJJ5NEPbPOomVoG2ISDukzWz3riSfrk35Tj//Ab9X0nrXDuKksd8oql7vjXQ92rcz0tm3or/1uOS6zjSOsz9RyTRXk8+03T/i+76hfJnG6WiHz1silXtLOuW8eXF/lTf75ynn80ff+R6VWx/tQC+7yg5qmlH3Ueiyf5yfn5m8v+4ORdJvvNXL5iFYZaZYwSbtrxeP3kNo306aP07PF+BfX43z6qvnfLebzdnOWek/z0o2jfvzlPSc8fahV73pZ7Tss5HZxdt2ilQRf0Xaeo4eJR+ac/7X3xJ9netYs3kdZni2UpMi+stssfyV3L9LVRnNPdhnQIV51lgjf50N71Q6Zc0WYKs0mXIn2tFvlCtIFm21/zKenKepmH8SfW/3D75w7XuOayu+sa18zDslurnhXnt1JuQ1wL2RD57rJ9u9aeB9fknecg27jqdr/YLtLeBLHO9+b3Cp3XnJYyzrq89LRPw1zuOcaL6UcRTotkeGvVJzrrYadpTy3PZJjbl3VOODsv920GT9K+JZ2K8/vE6vw66wzxStxhEyeW9Ku3vNOKMzMP84hH6Y5udS0tLcqrsrLS4cWR0n2loRKF5R2IyXwF8cPVZRbDDUiZoz3CwCPBk5E4xe7BJH4jMOZp8ffiD779BVODMhrifCjSXorAEJtbmAMQ8dw0hKEGR06rixStjrcNDg7QHGHmqbCUFLtwDkDU9MnibyMavjEvkb9UVu0qR030XKREdv0KrBgUAUOCWFZei7MuRxhegPG9GiB5LhJD1EUWw6chMRbKiNfOUQ4jn0f2kkBUvFOEiuYO1BVuRkGwAbnzQtUVzMLinsdo6xGygv+YUEwQf5vaukYa1JTtRIX8hXaNoXOUtS+1tNmNJLWOn8YDKNrRgbDFOch42i78rJjTxQBk/M9kRNg/lGtQKFIWT0ZQWyUqDtuOdJC/PGek2qclYPScuUgTcbfhoOWWRg/jQIur/OkXCEPaXMSI/ZQd9GBEo40BmBAVCbQdsBkRXXe4GkHPPo+0iQNQVVXbNXrlbK2I1wDEjLcbjTg8FmnP2eZx/0ki34u/VRdtf33Wm4Y8FjIehrGAUYRp50gFZfRmKAypk2FANWo654JsxdnD54DYCPVp4r7Ic40wllSiafhM5GaEOy0vvE93QFqW3XdEORoVK8K97QKa7EanuMwjWtzUBWkp9nnJuzAzDpqG3KRQh/zjqagl9scZoNx+LfNdwyXzku5KTHveMbxnjRL/sQ5vH+RzpwJEubIWB8szsWJcM0ryViM8OlWZ+krzVnpFLd7P34IC9bVq8YuITtmH4My1eFvrAWHNlSgr7kBi3CSrJ7MPEPXSNAQ5GdmqpemiLIMeRfBQ83t9JiN7sV1eGRmp5OOms40iR/mArrKp9/K/1w5fQMSqTMQM12qTnUPDuExki3aWf2e+8u6ceixfBUYgZrrIC3KUqfU+lQfNibwWYxnh601+0jp/Ves1h7sxhgx21a5Vw22QRtoU/MeKej5pAJqKD+GIQ+O1O+m5O/v1rZuy3Du2u7PMK8jPQ/qzL2HG7kDkFq2AQaPY87rceyAYUTIv6JwqoufovE7xpPzzIO2FTJwswqEeR453tTOajtegKnoy0p4V1w17arvyuRwFfFgklYm22/a4jaLqdhvSZZngo3zoPx5RceJ4PqrpGt16ox41ewbAkPw8ogY1ouJ4V4lQd+KQiKtIhNnf1ai7bR0OQ9Ioh2vcMU/IfHvNMa34ytVW22t4vwAMsW/X2vHsmlxcIy9+BcmoxLpikSkbjVj3TiPily+A9aMrevqas4u53GuSDz6dZVew+AUjPi1WHL81T+phV2lPhE2KKGvVd93nos3gTdofOwuJE63Oz3JtIqQtnGkTJ/4TJ2G2+Gs857pG1E1nHvG8L4huV+yU7iMtp82dTFHjtG+LDxklKzQfuNGMs8f2oUReJC9JRUJcgjrf0edo8FG55MyZk6ICEY2n9BjLfERWr4TdSoPhrFpwhUyZiXjRWMhJycCGXbWOt8h2k+atzT8zN4YsxyAri7oDHTbzfVm/pr0jG3JuGsVXxTbEhV5T0TKH7w974kUkyakZDjfa3CoXlvQKMgJr8Pba1Vi3uQMZy+eqHXa22i/Wo2LXdhSsX435c1IRHafO791ZwVzAGdmhJi5kJ3h6R5gb/uOnIVs02oqyMrC0qBJnNW7/aT9TL45HNPzkdA4umNNFOCY8oX2B6j86VJkipqr+nHmBxdhwhGmdl/8ohEWLv+fVcPUiDuy5y58ig2KCaABWnRAXa+oiT/k/GSEafK2oOanGn2g4H/moA7PFBUTYxEiRDutxRs0HDUerUWe5BdNajFjXviFomc/REh5W3Kchb5hvrbXuaGkRx2scG4GIp8MRM1Y0uCwPPGqvRZUI/65bJX2Q59rFNg4CQXERjmFhxet0B5G+Rjl+Z+AgmRhFA1MNOj15RIu7tBYcbL/cuzAzRIU7vb3cExGjHY/TP+Ae5W9XWdodo0RYOGb0gSJdW4e3L/K5O/4h4kJ/ayn+u/QVZI9rRsHyDEQv2d0117+NCyjabMQq9VVwcgSyd5VgW3Ko5gV/S3UlSkR6jIm0O9dxkUgZ1IqCD6p77ofjiY8ixOGgRLlxv/jTzTDrpKts6r387z1R7ipTlWgzTLSv77w7p57LV4GYOnOywxQeDQeNqBAXwZ0Px/QyPzmev7gofiEUQad2ImnhRpQda9Q5VZAablMsP1jaG6B29NSg7rx5Sadupedu7NenbtJy70RNZ5m3anMl6h6fi4P7NyB5rF1HkMrrcm9QgKi/WtHeU518Onh0neJJ+edJ2hspwm64aGecsPTiNOOIyNhRon6PEG3KKKup1NqP16AIoZjwpDkuvG2jWPOuDamnTPBVPhwg2s8RorwT7VHL9Az1csq4SESME2EUJ461c9q8C6jb34qgZ8U+lfdWPGlb3+hA06lKlBVtwbqcDCQkvIipyny89WjQNf2UB/zDYUgWeWfXRiRlbUfFef2R6Mk1uSJQlANZoajZWoila4pQNn4ustUOT7Oeu+Z0oJZ7YVNCYf9bnGJosN1yNT3pqofdpL1A+213j9M2gzdpf/woh2MzX5toXLf4yzLUh3TmEY/THd222CndR9qVX5VHILgHC/L2U4VIinwJ0fO2oOREI/xHRyA+LVud76jntV+Rhb7VnJMar865loYbsGnP61gxrhGFy5chfHwC5nvwgAF3Bv5M/Y9LHaLBJf5MN88Lpf1yM+eciFdZEHfNUaf1spuXaVCEqPgjULO3FhUxKUiz/tVTutGIiuUv4ZHpWXg1XzQk24MR8euZWLnSPL93l2bRMBJ/Ro6wGoHiI4PCkVGyAZviBqAqLw/R0QlIEA0i6wectHwrKxVRQQ4zv3fGnC6CMcRuxEWnoSMwRvypuyIqaWv3B5grO3e8iQM77vOnaKSMF3+uXvO+40idH7BzzuWzh1B2cTJiJg5QO6wtI4ybUVfdiKBZ2g0AXXSnIe+Y5/E7pI76bkXNgVpEPRcpGkvmDuvOUd/1tXhfLIsZb2nY+iDPXf5eGRU2Ybjd6Ak7Xqc70SCEnvJDRx7R4nld4F2YhT3iOnz00leWdofO8PZBPtdrSOg0ZGz9Aw7miIuJA4VId5jjVTLgw5Mf4JJ4fbE3ExlDz2Fp0jIncyJfgLFY3tlRa37YjXUjfdwyrBP1Xo+OzPS/S19Z2h26yqbey/9ei37YxQWpuEC2v7vBy3PqyXwlR0hlDLJ+UNwFVH0g65RJmGC5CPYqP2mdPxAyaz32b52JiHOVSJ+XikemZGBDud3zExyo4SYKQmcXzkHDHxX/anRMdis9d2O/PnWTlnvJa5Uy79KJUtTmT0Pw4ULMzjQ6/eGuT8u97vLkOsWT8s+jtCfajc+KbVvmRr5ai6q9wYifNELtsO4aCXzmRDUwbhIiLEWjl20URTfbkO7LBN/lwyFPjhe1cdf82nWH9qFujizr1A5ry2jyb0XYnRqAxEn2nYSC3rb1xUrkzExA+JyNeNt4Ae3DH4chaSFy1fl4fS8AERmbcHBNJPyrdyIp7iWEJ5gfiu2OR9fkqpBZ4lyG16PkwF1YYTfytkevOe2p5V7IUL0NZU/qYfdpz3dctBm8SftO06nO+qQ7dOYRb9Id3Z7YKd2nmnHdTeXqtRv1KFy6GxXjU3BYNBY/FJk+e/ECJMrb5h9S1+lh/qIBIAvboNERiIrUfoVZ3xIbHIG0/P+N2oq12JT8MOqKNiJ6jpOnxvcUeftTewDGaByr+RWOIM1fMlWiwpYfnxkUrPFdy2uUbcUj4qpkQw3CRgYiqGI7SuxuX2zZuxFJuzrExYEMm614a/kCpCUbEDPebjuSPP7GZq9H77o0eBTil7+Lw9XvojgzXFyk7MSM2NVdD01QKsALNg801GJOF41ocfYgnavNyu22UcP0VlJifTm41dJY8iYO7Lk9F3WfD93fjUaMaNRHiYZreY3ykBhlNLRlWgvZYT2xA8ajIjG016PmADA7arzmiEs9PEpD3hgbjtmiwVRx9II4XjkaumuqkTBxUYSDR1En4rtB/mI+djKirHt5fJTnGtw80Mz36U6DuzzilId1QXfD7Fbgi3zukQCMTlqBt2cBNZtFXlWXavEfPhnZ7yYjHvVYmavRQaNOnRATZxAXehqvhFHiIq8SZb544HF/10v5v1f1t/wpb2mfNaBrCo/6fSg6FYC05yK76hQf56egyBRsqihF7XvygX1fYl1WBmZvtWvc2HPTfmn5RpbQwQjy9fVrX+3XG/213PMbgKApr2DTctmBXYR1H5g7Rm10p9xraxXxI+pwcf59ytfXKV6kPeVOuosiLs6LYkaOhu6cfkK0G2OgTqV2AXUHOxAVO972RzUv2yi+aEO6LRN8lQ+D5R16QNFh+SOKeTS0ZQqTIU+Ew6BOm9d+uh5liETU01bXoR5phvGtPBR1TENpdSkOlq7FCnGdnTxrMiaM7sHCwk/kyVmZKD7wv3E4/3lMRS1yUlKRs9d1JHp8TS607N+Ot88GImJkKwqKNR4m6CbOfK2lzX7QiAvy2Dyph0UZ02e/h91MdZCHvEl3dHtip3QfCRr1qGh8NaLmtFYl0oq6Y46Nd/975Qjaz9Ho8Kt2Ixo+U/9r8e3nqLkIGJ6NtPtlUzTsNNqKPSFktHyydb04Rw8qEUk0KOIzN6B0pWjcni9HxUl1uVMDHOcz9MqjCJsi/hzomjbBY0PFNoYDTQf1z+lXV5iLVY0RyH5vPVZGN2PVmp02nRhnT8uRJVMw1X5eLPUJ510sx2/u5HRLVoLeGDwCMcmvozh/GsLaavB+lTkNB40ORZhIX1UnXM+zbE4XtThyUjtdtJ+sUaYBiRhlN9LAajoLGw31qBJpXWlgyPdexIE9t+ei7jNmzMNdF/VeCBkvLiaUEdGiLKhqtJrWIhijRXwrc0OekqOLRcX9pPeVtv40JHmRn/zDxcUPlBHRyvFaTzXyeDiSIecMM59j2NRwq4sk3+W5OrENV/HtdbrzhpM8osV1XWC+NdeWD8Ksr3lb9ljzQT73XACGuBq1ay3YgJVOOmjqynco8zAmZokLe3ER6/BanoIUEUYlew6Z7zBwIWi4/PFHq13Qk/pfnesu/yvHLNbD+QuOYdp4weWPDJ7phfzpcf6xnbO37uA+1I2dpcy53KmH8lPQ0wZkbH4Xm6KBmq2VLsLZEm7O2i8dol0s6rFBoQjx6cCKXtzvbVDuBcVlIleEZ1lunsNdIt0q975pRBVGYbTMw74iyjCvR3h6fJ2ixbu0Z76Tzjwi2vwckojO6SdGj4swT6V2UT7XQ+M5JBYetFEkz9qQrmmXCb7Mh+qUcnJEtBIOXVOYYHgoIobLafNEmS/Cruv5Jt64gLN7xZ9nJyPK7g68xm+dXDv4ogyw8AtAyJS5eOu9bGQM70CRm/aCx9fkzZVYt7wGIUty8P4qA4LLN2LDQfPoczN3ceaaR30awSJORdhVHbN6do0VZcpA9f9mlmPTUw+PwGi5btVpnNH6cemUvDboSb5M+z7ko5HWXvcF0W2HndJ95YnJSBONq5KCnaixGyHXfmw73t6lvrEyJlQ0NkTGLjtge4HbfngnCg6qb+w0NNo2NJRtyznnesGQiZORLCqRgvVFDueIGxdQVt7V2dJ+1bqiMwsOlp1Dd8HfbYMhEMHKKIFruO5FxdglABExEcpIjXX5GrcpNhiVUR6uhSIqIVBUYjuxbpdj73/LYSMqrCvg+kLkvNMMQ458eEQw4pfMRMSJ7cj5k32Dxm7U7o1GlOWX213gBSBqlvlhbevya1w8kEtSp5/4vhXXzQtc0oof/weClQ7UIQPUztLQaUgeB1TkbUSZi1bqkCkzkS0aUBv+VSNdtNWjML8STSNjYZho3wlbiYKiett4keGwfru40AlF4lRL49vDONASakCaaDAr52J3YSXnaTcWiH0OikDKs04a/HqFTkK8CIuqvdux/2AoDJO6OkSVKTEO16LsP2vQFD0eYc6mndBNTxqSvMlP5rwjfzgo2bsPmBOJCEunlTpNScXB3ag7OACG8da3SvomzxlSRDyIfLOu1PkPIt6nO3105REtLusCUbbLix4bvgizvuRZ2eOcD/K5pkYYN29HjeMmgas12P+R+Dt9lK7b44NiM7EyukPpoDFatnejHlW7RFqZLi5knY168QtHjHzA5cFy7Hd3xT98hHKr8tne66ES+ledqyf/K3MsyvvMD1QqPyh2aUXNH7b78KKzp/Onl/lnnCxnWlF2aCeqSlsREy+nV7Lmq/zU6ng3il8gguTFdOBd5veaRPvlBQPClPaLY7i1n9qOguIORKQaENWdX4Id9NZ+b5dyL1i0Z+fCIOpUeZdIZydZN8u9hrO1SodiiEcPdHVj2MPKQ/r0jr7s3nWKFi/T3uAITI2VcyOLduMOIOXvZaePmXnqikOo+lM9jHbPIfG6jdJJbxvSnp4ywbf5MCza3Nm+/71KGKNFmutsWpunPzEeLkfV4Q6rgSDd8FWjbUfpRSMKtjqGtU/KgHYRlvbXdoPEduWPRoPucTlIxpNrcjkgoiJ3I4oCDVg5LxT+Tz+PbJHmCjI3o6rzu55cczryrE9DLRvEtVLRMbuwbatFUYH80cSaJ/VwIKJiRR66WI4C+zs8ZBov0JPGu6Ov6j7XzFOGiPKxtXudyZ6lO7qdsVO6r/iFIiXXgIjzRsyYLh+aIS6UqvehZE0Gohc2wrDYuuPGzH+i+SEVxpWLMD9PNDyrK1GWJ9ZfMwCGWepKFsERiJ8yAHX5y7rWzV+NpCWNCOulOaWVhyQsD0eIeo6rduwT56gex5RFSLf61azu9y9iYtJqFCjhUAPjjlykZFYiaIpo3Oq4+h/9uGyUiQJ97W5xrvuwYYd9BaXPkKkLkDt9AGqKliE6NQ8l5TWoOiAaGDmLMDF2i8MT87WEJWUiW0Rf2fJFSMgqFBWu2Eb5Tqxa/CKiUyq7Km7RSC94bTdqxs3FCssTbEPniAZAgNIYsHSGhk0V6UTenpW6GkXyeOS2Fi5C4aBw0fi05R+5EIULg9FQtBrT5lmH50bkrNln9St6MEaPExW8uLDJyRfxcmA3iiq0rkbMWvavQnhMlhqHNajYVYil/7wdVSMNmB0tf+2WRiBx/QIk+tcjPeFFpK/ZCaNYV4Zf0ZosFFgaAP7hSBNpP6pRpotFyCkyb9O4Iw/pccuw6mwoNm1OcZw/WaT/CSeXIakzTLcjZ55IRweA+DWZiO/qz9UfB04FI36Zei6zxLkoech83jnzUjF/TwCyN2faPIXaO+YGctWualTJBwNanYN5SoxaFO5oVB5i05052zxJQ5I3+cl8MVSNkl3yYY3W5Zd5mpI6kXbeRyQi7B4a5os8F5LwOraJcq1s5auIXqxuQ5Y1RSJNbVWP3dt0p5O+PKLBri4wf991XeCLMOs7npU9rnQ/n2trP7ETM2ISEJ0g0kX+FhTIlyjDomNWY0OzSCdLp+m7kJVPhc+ai5i2elH+mjtolCeRi7Ld3YMnlYtqiAb7QVcdrYIy8qtDmZu+N/WnOldX/scATHhOloOiTH9BbXOJ/WxIfQkr/aYgWV3LF3o2f3qZf0Q5E5UQgLqt4oL/YjgSNX5Q9U1++hxFkQlIylG/L8uylVlI3zEA8QvFhbe6lhb/p+ciV2m/iHAT7UGlrlLKwixMTd6NuikLsCnFsTzsrt7Z721U7g2fiRU5I9B0oAgr95jPsXvl3gVxfo22D6Rr3Iel0c9hYqZ1u9ZDQx8VZSdQ9U4eNog4r9ixHa6ipLvXKVq8S3sBCIsUy/aI9pZ8gJ91m0qZuqJVtBurgTjb55B43UYRPG1D2tJXJvg0H46OgGFQo2iPnnNoPyvTnxzYh8JTwYh50rrR7alQxCwUFwF7t2B+1nbleke2J+e/sBNDpsgH09nzQRlw+QCWRtpeXxUsWYalpwKR/UKE6/zpwTW5nK7l1XIgbdlcRCgdoYGIWSJ/bKoUZUNNZ8ep/mtORx71aQhh83LE+s1YN+8lzFfPXwnv6avR+NxMh3ToST08ZPor2DTFtkxV8scckcbHxSJDXa+n9FXd59LIUUgUfwrWi7AT4WHMF8dh/sQzHqQ7ur2xU7oP+T+9AMWlC5A2Uj40Iw8JSwphbIvApvLXMVurnvQPR0bR61gRIy4sirYgKXUjChvCsalogcaDgIJhWL8em+YE48wOdd2zDyN7l9h2L97+ERK3FvvkOYY2w7hmIxJExbBu7/cISXkdtRldv+6P/vvnETNINFxkOIhGz6rtjQhJex373zHYTT+ibcj0THy4OFRUpIXiXLfgyI/mp9Z7zE+G2x9wcM1khF2qxtKs1UhYXATjt8FI27oVGU+r67kiHyay412Uys6ko+VIXyy2sXIX6vwmIbd0RWfnqTJtx3nRkMiyfnhEACJSFyJ5UNcoE/9xIp0UzsTUdtEgFMeTnlcJxK7H+5nyJ3d74vuLt2L/VhGefqdR0BmenwNjRtg0WMLmvaGkj7ObRbxk7UCDn/MwG/KkASlPNGN/nozD1Xg1XzR4p7yCgyULEGF9O9pwA94q34Btcx5Fw0fbMV+sKx+kYvx2BMKsHoAo037pnteRG3WXCAfzNufn12Jg7AIcrFiPeK1bNP1FBSnSdOLgo3hbxkvWblT5hSO3cCs2zbLLMDrjwCWrc2kqLxLpSlSgufvQEDITpRV/EGnBdSNeL6WB3NaBYJtpLQRlSowONLW5uAVTJ8/SkJf5SbkYksfrONWIMk2JOMcmrVslfZHnLNtYPxkTvlC3Icq8t43NGBPaFdlepTuddOcRDdZ1wfuynHRXF/gizPqQJ2WPS77I5w6CEb9yLTYtDMcYcTH9/mYjVolX0eEO5eFiHqeTkc8je0mg0kHz9t4mHDlQLcp127siNI2Vd1EAVe/tczNfqXmkcOd8wb2kX9W5evO/Wg4m3vcl1sm6cflONIzPRnFGpIh1H+rh/Olt/gmbOgtRshx2NlrVJ/lpBKIywzHwpPp9kTZKLt6PV7e+61hPO7Bqv4j2YIEajxsOD8DslRtwUGd70HO9s9/bqdwLeeEVrBjZgbI1W1DR3NG9ck+ZizoAab/uumbwCfmDcL6od0fL+Y1Fnf37RhG26mcaunudos27tBf0pGhnabapzFNXNInPLPMoW3SrjeJhG9KW3jLBh/lQxG1EHEQ43OXQflamP5Fh1zkXt7cGICxtg1IPXq/eKa531mGdETAUbsKrkdojz7tdBtwXjkR5TXJA7k+Ej7i+qkAEtpVu0nVNouuaXJ22A1OSkWb9Y8XwmcgQbZm69zai4ISlI1H/NacDj/o0BFnuyQd1ivA7s0deX8rwbkVU3lbkWgZ2WfOkHhbrxr9jLlOvV+9W0mlO4TkRLiKNp0b0/IOh+6zucyFwGlaIPB/fdhRLRXisqu7wOhz09gXR7e0Ok6D+n/qRpl1ZCF8ObJINQa8amES3ikaUpaUiHQtQW2CwGfFARHTbExeROdPz0L7yD3grttu3bxAR9ROtqFrzEhK+Smb7j4iI6CZ25coV5e/x48eVv9Y4UpqIiIjoZiVvj8wJxf53tjvO2UdEdJNql3PF7wjGW1nskCYiIrpVsVOaiIiI6CYW8lwmVo6uRI7VfI9ERDettloULNuHkDWvI7Fb0ywQERFRf8ZOaSIiIqKbmZwTMb8U+7IiXD6Bn4jopiDnkN1TqmMuciIiIrqZsVOaiIiIiIiIiIiIiHoNH3RIRERERERERERERD7FBx0SERERERERERERUb/ATmkiIiIiIiIiIiIi6jWcvoOIiIiIiIiIiIiIfMoyfYcWjpQmIiIiIiIiIiIiol7DTmkiIiIiIiIiIiIi6jXslCYiIiIiIiIiIiKiXsNOaSIiIiIiIiIiIiLqNeyUJiIiIiIiIiIiIqJew05poltEU/kyTJyYioITHeoSfZp2ZWHYE1koa1QXEN3EvM0H/UX7iUIkTEzA0vJbPUM2oiztOQxLM6JJXUJERERERES3D3ZKExEREREREREREVGvYac0ERpRlb8aSVk394i9oNi1OHx4K9LGDVCXEDlqrzdi1ZKXUHBMXXCL0c4H/S2POz8e/3EpKD1cirdig9Ulve3WKA+JiIiIiIiof2OnNBEaUbO5BhVX1bdEt7CW05UoqGhGu/r+9tDf8nh/LnNYHhIREREREVHPY6c0EREREREREREREfUadkr3pRutOFu+EUsTXkT4E89h2BMJiJ6Xh7KzreoKVr6tRcmaDMyIlus9h/CYVCzdWosW9WOp5cRurEp9CRMt20pYhoJjjttqqt6OnHld+5yxpBBVGs/U0rM9d+tYP0Sv4cBGpMckiPfPYWJSHowN5nXaz+7DhsXq8Ux8Eemba9Byw/yZPV3HfmyLso8Nxxy3nbTGiLNt6npCTZ7czjKsk28OblG3+xzm7/LiIWM3GlFVtBrz48znaDm+mm/Vzzu1irAotIn3GamrO8PDOasHg91oRs3mDCXcw/NrlU/NYW0+b2t604UNsf2q3JfE+i8hZ69VWOhIh0411qAop+u7w6JfwlKtuG67gIrNy5CgphW53vycfbAJHj3rSFfPwZi3zOp4F2HVrnPe7dPtuddig/xunoiPq2LdnEXmMJdpukisJ/cp402kkSR1GzIfaOZ3SQmvRYieqK4bJ+Kt2j5dWu2zTZ5rlrq+RlnSaMR8sW748nrl7bp55u0Oe2ILapQlQi/Er3WZ0HK4EPPl+hO3oE79XNJbRmmxzwd687jnZYsRqxJkesmC0ZLHdZQBbo9H3Yf5fYfIh3Jby2BsNn9s44aIfxnfa6ptRr57G366wkpvPva2nPu2GuvixPpxuai4qC4TvCrHiIiIiIiIqN9ip3QfavpgFaKzKtEybhZyt76O0vUzMaG5EulJq2C07kBoNCI9dhnWnbgfhqWZKN36CrKnBKDq2IXOjoimPVmITtqOusDJyM6X23oeUwPrUfPFNXUNs4ZdWZiauhsNww3KPovXxGLMxXIkxGWhzKoDQM/29O5TaviPLCQVA1OXZ2NbZgRCzlZifkIeKuqNeFVso2F8CjaJ88qNHIAyOZ9pobnjzJreY7e4fk5se6ERLdHqtqfcg7odWzB7pQhzdZ3Rz4nj3joXifLN2GnYJuNBvDImBiqfe6JmQyoSCi5gyPRkFCvHNxlDqndjRvIW1HX2GHWgLj8dExeXd8a7ch7NtTjr0HntzA8486dlmJF/Tuk0bXIxD4MncdSlVZxLBhKKWxG/Zj1yp6tz2+pIh87VYkPMarx91vLdTGyKC8R+GdcFtV3fbxfrzVkk0so1hP3TAvN6cx5FS8W5rvlt9awjtYn1EjOQU96BqZ3HexeMyzOQtMHDfXpy7m3V2JC8ETVjZuKt/AXIHvcDyvKWIf1PtUq4pvxnIGavkfE+DaNFPkhPEvnAvsPxothf3GoUNAQjZaWIN7Gd5McbUZC6COlaP5jcOIeyrN+irC0C2e+8LvJYOILr7bZ9XwQyRHrbNs8cn4lZ5rReulUch1zQG/Fr7cxOpKfsNne2toloMC/1OJ+7oyePe7zPK9VYl7QFBfUdytt2tUNWTxngWZkzAFHTpyFIhG9FtWOvdPvhfShsG4CMqePhry7rTvi5Pza98exlOSfzbHIuNjSGYtPmHMQMNy/2rhwjIiIiIiKifs1EfaZx/y7T/kvqG4tzO0yJY+NMU39/Wl1gMn2x/WVT8Nglpve/VBdYXLlmuq78p8FU/HycKTh5l+kL5X2Xy1fa1f8Jp7eZDGNfMOUeuqYuULUeMeU+K77/2gHTZWWBnu3p22dj2Wvi2MV6C8V6P6oLhev/901TmFw+drZp5f+1Op4fxXYTxfIJm01HrNbXf+zC0c3mfU54zS7MrpkOrp4tPks3Fdsc9AnT28oxfmhqVJd4o/aDHaYzV9Q3Kst5Zv9ZPe7rh0wr5b5+d8T83uLHa6bLrer/nbpken+h+G7ya6aU2W+a9n9pFbeCJazfPqou8CiORFipafEL8T5MxEuiSIPm9GXmPh26csL04fbPTZet47QzPlaZ9qvhJsNLnkPuJ+b3naz2oWcdk+l70/7XxLbt0p30xX/I833BtEnNYnq2p+/c1XQk0+knGmlafpa4QzMfpJRZFQQ/njZtmiHKAJFG7MPryO9eENvpCq+ufc42pVlvQ7BsO/FPDeoSM8d0YtYb8SuZ97/ElLLwZVPuf14yXbf+jif53Ant83ORx70oW1IWvmZK237a7nx1lgEKF8dj2YclPmV6kMex9CO7c283HfxXEb7PbjPVWo7DB+Hn8tj0xrOuck4tzyz7+VG8XyS2M2GJadNJ6+PXV44RERERERFR/9PS0uL0xZHSfSgoZiZi1EGonUaGYoL4U3fFPAKvSytarKadUAwO6Bwdp2i91jliz2LI4AHq/zpQtascNdFzkRIZoC5TDYqAIUEsK6/FWevvu9yeSs86QlpiLEL81DeC/8RJmC3/M/Z5JEdbHY/fCETFikBp+xwNnSPqvDh2IWrJK4hXR9qZBWDClEjx9wIaLpmX+FJY3PMYPVh9o/IfY47Ppja7EX1XW21Hj/oFYMgg9f/uHL6AiFWZiBnuGM6adMaR1H5sC9KX1yMk+XUUpobapi+FjnSoKRyGpFEYYpUGZHyMeWKU+HvNYZstbXa35Wvsw+U6DZUoLAeyU2fapDspZLoByXI0+EnbEcfu96nz3MfOQuJEjTQtpC20PR5LPjCe6zqW9sNGFJwPRdpLEQ7hFfHcNIShBkdOq4ssRD7KnmVbmFi2XfGFxshqp3onfoFzaBiXiewpwfDv/I53+bx7vNuncdA05CaF2p2vh2WAXn6hiJoljmNvJaqsB0u3HxXH3oGwWZMQphxHb4Sfh/Gsu5yTd2dkIf1AALI3v4G0sXbHL3lQjhEREREREVH/x07pvtZ8DjXlO1GQn4elc1IxI1qdz/OzC51TB4RMmYn4QY3IScnAhl21GtM1jEDUC6EIOrUTSQs3ouxYo8PFu+wEqjvQYTNPqPVr2juyQ+6C2hGsZ3t61rEYhbBRdp0H/gEYIv+OH4UQZUGXgYPsb2P35Ni7RIweof6vi3/APcrfsxc96ajTr/1iPSp2bUfB+tWYL+IzOm4LjGJ5Z6ejfzgMyeL8dm1EUtZ2VJx3vCXfvSmYMFb9r0uexBHQcmgLZs8TR5uUg+KMcIeOSPfp0I0bHWg6VYmyoi1Yl5OBhIQXMVWZ37geDeq0Av7jpyF7JFCUlYGlRZU4qxE8etZpOV2LCnRYzZts9YrMQ5FYx6h21urZnkfn7jRNu8gHVs6crBF5vx7pMRrHnrBbmXvZIf1q7LNz2+cbbac1caI34teaYWKo+j8L7/J593i3T0NUuEO8WbgtA7wQNn0Wouym8Gg/fAgb2kYgOdYSjr0Ufnri2aNyrhlVeemYITJlRsEGZDxt3yHtWTlGRERERERENwd2SveZVtRtzUB4dAZm5BpRc3EARkdPQ9p6dT5Pa8MN2LTndawY14jC5csQPj4B8/P22TywL2TWeuzfOhMR5yqRPi8Vj0zJwIbyczZzfLbLDoPpc5U5QrVfcxF1n3lt99vTt47ZAOBn6n/t+ekZ6ebZsVsMdLbPnnCjERXLX8Ij07Pwan4lzrYHI+LXM7Fy5TREqauYBSAiYxMOromEf/VOJMW9hPCE1Sg67KrTxk70w44dkE7oj6NzeFumQ4xCYlKkwwhQhY506NTFSuTMTED4nI1423gB7cMfhyFpIXLV+Y07DQpHRskGbIobgKq8PERHJyAha7vtwyJ1rNOujEoNRsZ6rbSivp5Tf7TQs09Pzt1pmnaRD6y0X5Gdh+HKPLyaxy1eDvMP68pHbvRG/HYKRYjNXQySd/m8e7zbZ9gjGueluwzwwshIxI8DSipq1PnwO3DkQCUwTmy7szDohfDTHc8elHNHd2NlkVg+cRYSJ9n/IGmmvxwjIiIiIiKim4Y6xQf1tpPbTFPlvKF28726ns9TuHTC9P6bS0wT5DozrOYStdJ49EPT2y/LOT7jTIbOuanFdieI7yxysl0XtLdny9k69vMVd1HP880T6vsujt/x8NjVOVnt58xV2M/XqnAT5jpcNv5WbFdjLtdLH5pSnJynnF/1i//8o+nV2TLcZpuy//y9+oEzdnOw2nE2V7CF2zg6I8Jhhtj+jH817befV9iejnTY5XvTh0vFes/+m+mg3Xy7Lo/5SoNpf+Eq02wZ9xNWmfZrBY+TdRo/kNudbXr7uPm9bnr26fTcPUnTFo7fqd0o4+g104ffqAtccr5PZ+naXTpR9GD8ugwLL8soa9rnpx0WHu/TRdniWRng7HgEzTLKZPriT+li+W9NH8o0eeWAKVus86rROoH6JvycH5uX+dhpOddVnp0R52wQ3zcsO+AwB7w9PfURERERERER9Q9ac0lbXhwp3UeaztSjDqEwTLGbYuJqM1ze5B0cjvjMDShdGQqcL0fFSXW5laCnDcjY/C42RQM1WyuV2/2BRxE2Rfw5UI8zHg4v096eLT3reM/7Y9dN73zOTpw9XSv+nYKp9nO5NjeiQf2vA78AhEyZi7fey0bG8A4U7Tmka5oFb7mNo3vDxecLEN9YjaSFW1DjaoSsjnTY5QLO7hV/np2MKLv5dhu/vaD+T8PgEYhJfh3F+dMQ1laD920m1FU5WSdodCjC0IGqky62r0XPPj06d8+FjA4X/9aj5nSHeYGv6bmDoDfi10EP53PNPO67fXpcBnhY5oRMiYVBncKj5VAlijAZ8THWI4t9GH6ax+ZlPOso54Y8vQCb1oSiYVce0jfUuhwB3bN1DREREREREfUWdkr3qQviYl79r6IVNb8vVOa7tdZ+Vd7Obys4WN4ufRf8lYl/W9FyVf614heIoIfE38C7zO/l7dQxEQhCJdbla1z0NxhhPKH+X9f29KzjK54cuzeCETJe/Pm+FdfNC7wk4tO6D/NGI8ryy207TdpFuNnPhzpI7F/eUj/oHh0PlPOEF3E03IC3NxsQcd6IlHm2HdPu06EbXzWqUw+oLhpRsNV2m1r78H8gWJm/d8gA8xQVetbB6EmIHwlUvbMRZXJKA2s3RD7bU93ZMebtPj06dw8MmTgZyYOAgvVFjj8M3LiAsnI5f6/3goY/qvxtabXt9O6N+HWtJ/O5szzu633qKAMUXpQ5wSJNTwdKDuyDsaIGQUmTMMEmXnx1Lm6OTU88e1HOhcxagcLkQNQUrUaSzfH3Zl1DREREREREvYWd0n0kaNJkxA9qxaqFGdiwqxJVB8SFfVYG0hsfdZhTuu73L2Ji0moUyPWqa2DckYuUzEoETZkLw2i5xucoikxAUk4hyg7UiHX2oWRlFtJ3DED8QgPClK0AQ6YuQO70AeKifxmiU/NQUi7WlfvNWYSJsVtwtrMTQc/29O3TV/QfuzeCMXpcAHBqJ3Ly94nt7kZRhXm8etOeLAx7YhmMGgNmrYVNNSACtchJXY0ieWzlO0XcLkLhoHAY1HUUlw9gaeSLSF+zE0YRl8o5LFmGpacCkf1ChNOHp3nHuzjyf3oBigsmI6TeiJQsIxrUsHWfDp0JRczCQGDvFszP2q6ct3FHHua/sBNDpoxS1zFr2b8K4TFZWLVDxINYr2JXIZb+83ZUjTRgdrR5BKqedeAXipRVBkTJBwbOSsXSfCMq1P2mP/sSZpR/b15P0LM978/dC4GTkbY8HCHnjZgxPUM9rkqU5a9G0pRFSO/uCOqRo5QypmC9yEciXRjzzQ9P7I34dafn8rnzPO6rfeouAxTOj8e5QEQ9GwGI7a47EIC05yIdOnd9cy7Ojs2DePaqnAtARMYGlCYFoGrzary6yxIeesqxDtRtTkX4xFQUnOihOwyIiIiIiIjIp9gp3VeCDXi7eAHSRsqHiuUhYflOnB21APtyZzo8xG703z+PmEHiwlyul7oaq7Y3IiTtdex/x4AQ5YF0IxCVGY6BJ8uRvni1WGcLSi7ej1e3votNs6weQOUXDMP6P+DgmskIu1SNpVli3cVFMH4bjLStW5HxtLqeru3p3Kev6D5274TNewOb5gTj7OaNSMjagQa/e8TSDpw5Xg9Mn4wo7edvdfIftwDFhTMxtb0WOeLY0vMqgdj1eD9TDjm0cl84Euc8iqYDOzFfxKV8oF4FIrCtdJM4B7VD1We8j6Mh0ZnK7fQ4sAUzlpg7pt2nQ2cGICxtAz5cHIrr1fK812GdETAUbsKrkbYP6BvypAEpTzRjf56IB7GPV/OrgSmv4GDJAkSoUwroWUeSneul8sF9kcCR97YgSayb8/t6DIxdgIPrDQhS19OzPe/P3TshcWuxr1SUD6HNMK6Rx5WHdXu/R0jK66jNkNN7dEPgNKwQaTW+7SiWinSxqroDA8Xi3ohft3own2vnccFH+9RdBqicHo8LQ6ZMQ5ool5pEHEaJ7OnAR+eifWwexLO35ZxfIKKy1mPTFKBs+SKkKx3TvVzXEBERERERUa+4Q046rf6fiGzUo2B6FmoWbsU2dn4QERERERERERHpduXKFfV/jjhSmsiZi/WouRgKwyR2SBMREREREREREfkKO6WJnGg5WQtj9GREsU+aiIiIiIiIiIjIZzh9BxERERERERERERH5FKfvICIiIiIiIiIiIqJ+gZ3SRERERERERERERNRr2ClNRERERERERERERL2GndJERERERERERERE1GvYKU1EREREREREREREvYad0kRERERERERERETUa9gpTURERERERERERES9hp3SRERERERERERERNRr2ClNRERERERERERERL2GndJERERERERERERE1GvYKU1EREREREREREREvYad0kRERERERERERETUa9gpTURERERERERERES9hp3SRERERERERERERNRr2ClNRERERERERERERL2GndJERERERERERERE1GvYKU1EREREREREREREvYad0kRERERERERERETUa9gpTURERERERERERES9hp3SRERERERERERERNRr2ClNRERERERERERERL2GndJERERERERERERE1GvYKX0b+kvhG3hp7V58o77vj5RjLDyuvrvJNe7Fmlfexf5G9T0REREREREREdFt7A6ToP6fetUl7F+7DX906Ki8D/+wbBGmBqtve4Ds8P3dVxF4c9l0PKAu60nf/Pld/MZ4H/5lYxJ+pS6zITtt19bgFy//Fv8wzrxIOUYY8IeUJ80L+sKJYrz0739V31j7hfNz0aKc32eI7Ea8KuHxqfpGeMwwH8t/PUx9p8WSvjw8VpU5zi6r74SnnMSFGnefqW+11zuOP75ixH71nbM0rnufRERERERERETU7125ckX9nyOOlO5rsuNt4287X28agD+ufQN/PKF+Tn1MdqB2xY/55Xknb3d0dtBb9v/yL/CZcRvW/PmSuoaGExUaP3joo3QO1zyGNy37WxaBxz41Oo5ct/oxwXxsBkx1WM/cIY3OdX6Lf3nqskjjtiPHde+TiIiIiIiIiIhueuyU7mce+PVs/EMwsP/obdQZFzwdyzd2jZImO+PtRgyPS8K/PAV8VnPCyRQsl7B/j9YIb50e/H9sR9GL+FlouA/49BT+oi6S/mKswWdPGazi7Un8w8u/EOv9l02H83irEfDSr1IMmIrLqP7UqlNd5z6JiIiIiIiIiOjmx07pfmcYHnpI/S+R8KtxjlNYPPDQfUDjt9qd0nKUNCLwL7JT1wsPiP3ZT+vywINyW5fxVWdn83Ec/RSYOt7u2MaNtetwflIcv/rfTsPwYDDw2VddndL69klERERERERERLcCdkr3O5fw1VfAYw/ZzResPCzvDbxkedk/qFD53DwlgvKQQKt1XU0Foqyr+dBDOe3CG66niPAV9dxcT1ki50h2PB857YP1ufbK8dpzFzdWPIkb74h4+/e/YmpcD88XfuIU9uM+POgwrbVjhzMREREREREREZE1dkr3M38pND+cbrb1Q+zkA/ds5u6dj39ADX6j0flZvfUNHB1vWU/OUX0f9v+7887PX43/BdD4GU7YjUb95s//hf2wO44+Y/3QPtuHIZofoKie77IIwN1cy77Wg3Hj3CWcqLkMPDXWYW7rvxQasd9mSg3f+MvRvwLBj2GczcMJ78NDdg8r1DXSv/EEqkV6cxhlbUd7n0REREREREREdLNjp3Rfkw9zsxo5a+60tH6Qnjo/sE1H4zBMTY3AY401+LNNh+ZlIGK+TYfkA79epMw/vH+Pk9G742LwD8GX8Uej9RzWzjs9e591h7RVuDTuxfty+oiXrZap8xB/Zqzw4TzE8qF8tqObux6+18Nx44Tlh4t/sZ5nWjpRjN99qrG8m+Ro9N99eh/+IdWD0ddfNTo5p+MiPO3nonbk1T6JiIiIiIiIiOimwE7pvvaUoWuEbTCw/9+LbTtUlVGl9+EfDHYdjcHB+IX489evrUcF34fIpxxHNrucfxjDMC5CfG79QDln++wDnR2wNh31wDeffobPgiPwa7uOTd/PQyzCYVnX6GblZen07fG4sWeeUkXprF1mGx7KFCJy2g7rTvpuM0+Z8hvjZbHdRZjqyYjlh4IdO5PlqPJXjNgv4u1Npx3n3dgnERERERERERHdFNgp3W8Mw9RlBkzFX/G7zpG4wqVv8ZnWaF3Zuaeu0l0PPPUYHhP7PaqO7DV3+PaDaRM+NeJ39qOhVd98dRlorMFvbMJEvP79r+oavaAX4qaTMm+12qG70b6z9hL2b3U/+tgzsgPcccoUW1qd/+Y50e0pc3+LuHnMMB9/WOZs9LOefRIRERERERER0c2OndL9ypP4tUGOWv4v5YGFimFD8ZjWaF31tVzvnM/BQ51PgxA8HbPlNBJHZWe4eeqOxyLG9f20CU8ZnM67rIwwVjpotcKll0bY9kbcSOq81bLTWbND90QF/ijTi91UMHK0MeSPHPK99Q8d7th0gDsZea2c+2XYDAZXXMLX4lisH9Rpnvtbjnx2ESZ69klERERERERERLcEdkr3Mw/8erZ5juet6jzDylQQl1H9qZ6H92mtp84PrTWdghXlgYdyCg+lg7O/POBQhscizY5pZZoOjQc09qpeiZuueas7pw2xNy5Js1NchhvEESoPgvRgnum/GGuUqVHedDqiWQgeh8hgyw8ZVk6cwn7rqUo65/52PfJZ1z6JiIiIiIiIiOiWwE7pfmcYpsb9AnJqCvOD8syjpz8zbrMbLXwJ+wsdH5D3mfH9rlHWgnlOZo15j+2NG6tMHfL+nsv95AGHXTofCGjdMW15QONa+zm49+KPf9bTSewLvRA3vp7fW5nX2S7MbBzHUdmJHOeuc1hNp58arc79OP6oTNExu3OkurO5v23p3ScREREREREREd0K7jAJ6v+pV8kHum3DHx/SGgGrfmb9gD/ZmWg3X7LN6FM5/cHazxC57P/B12ut5zR2fEignE7hd185jkqV8/5aplnw5Xy+lu06klNfLMJUyGOvwS+s9qscI2zDRln2qfiP1ajhzmWdHM/Xa0qYXzYfo6vpQHwYNw6U79bgM/WtPTlHs7MpMczhfp/NPrTC1Zac19n6GO3Yj9i2O3f743Ee95Ia/8Ee7pOIiIiIiIiIiPq9K1euqP9zxE7pW0Vnx6f38ykrHYg1j3EKhVuW+ceOr+N8+6MDERERERERERGRPVed0py+g1TH8WdjP3nAIfUMORUI3E2lQURERERERERE1LPYKU2Kb/78X9iP/vOAQ+oBwdOxnKPgiYiIiIiIiIioj7FT+jYnp+x46ZU3HOYeJiIiIiIiIiIiIuoJnFOaiIiIiIiIiIiIiHyKc0oTERERERERERERUb/ATmkiIiIiIiIiIiIi6jXslCYiIiIiIiIiIiKiXsNOaSIiIiIiIiIiIiLqNeyUJiIiIiIiIiIiIqJew05pIiIiIiIiIiIiIuo17JQmIiIiIiIiIiIiol7DTmkiIiIiIiIiIiIi6iXA/x9W7aM8+1XjYwAAAABJRU5ErkJggg=="/></div>
<div xmlns="http://www.w3.org/1999/xhtml" xmlns:pc="http://schemas.microsoft.com/office/infopath/2007/PartnerControls"> </div>
<div xmlns="http://www.w3.org/1999/xhtml" xmlns:pc="http://schemas.microsoft.com/office/infopath/2007/PartnerControls"> </div>It permits to see the account information of the user even if offline. 
<div xmlns="http://www.w3.org/1999/xhtml" xmlns:pc="http://schemas.microsoft.com/office/infopath/2007/PartnerControls"> </div></my:projectDescription>
	<my:projectURL>https://www.google.com/</my:projectURL>
	<my:projectDescriptionAttachment>x0lGQRQAAAABAAAAAAAAAKoYAQAQAAAAagBzAG8AbgAtAHMAYwBoAGUAbQBhAC4AcABuAGcAAACJUE5HDQoaCgAAAA1JSERSAAADtAAAAXYIBgAAAF541DgAAAABc1JHQgCuzhzpAAAABGdBTUEAALGPC/xhBQAAAAlwSFlzAAAOwwAADsMBx2+oZAAAACF0RVh0Q3JlYXRpb24gVGltZQAyMDIyOjAzOjIxIDEwOjI0OjM0/ZPipAAA/3hJREFUeF7s/Q9cVNW+P3B/TirgCw4KP0hOgYlChKCGSF44kWJSIInGlYPihRsmWFzNrplUFj6SVHCU/MOhRNNz8YoSHksNofCARgceIyL/IJEYJdTB4IoSPAKB51lr7zUwM8wAg8Ofwe/79drO7DWb7Z699t6zv3v9+93cuXP/1dDQAD4NCtNwbDu4FM64gk8SE/E/hdVoFh8RQgghhBBCCCF9dY94HTyzp2CiEdB8/hOkUDBLCCGEEEIIIaSfBj+gVehoFW+0McWTrx/EyZMncTJtI540FcmEEEIIIYQQQggzdAFtrxwwY4qF/Nbqjwj5rxnye0IIIYQQQgghhBnGAe05/CW9uLNKss39FNASQgghhBBCCOky+AHtOCOMEW9705xbiEuN8vuGuivyG0IIIYQQQgghhBnUgNZi1lJsDnSGEXv/a0PPAaqp3R+xdFMIZpjzuVqcy/2HlE4IIYQQQgghhHCDE9DO24zMkydxMC4cHhNYONt2BYXHqsWH3c3dlInM3RsRPtuGBb9tqD2dgb+cFR8SQgghhBBCCCHMoFc5br5Wjk8SX8HeH0WCNh1tYtkIrEj8lIb3IYQQQgghhBCi4ndz5879V0NDA/hECCGEEEIIIYQYimHcyzEhhBBCCCGEEKIdBbSEEEIIIYQQQgwSBbSEEEIIIYQQQgwSBbSEEEIIIYQQQgwSBbSEEEIIIYQQQgwSBbSEEEIIIYQQQgwSBbSEEEIIIYQQQgwSBbSEEEIIIYQQQgzSsA5oTVadwoa8HxCbkQ5bM5FI7hqm05di8+5MfHziJE6ePIldkeIDQgghhBBCCGGGdUDr7O4AE/7G2hXTPKWkO+Objhd4gJyaIBLIsGW6FHFx4fCwM4XRKJFGCCGEEEIIIUqGdUBbXlKJFv6m7iIuFElJg8om/jxieQCsbRpRgfFq+KSfx2sZ6bARKUMq5I9wNmKvDeeQFrscCxYswJo98keEEEIIIYQQwg3rgLZl93wkzpuEuJBQ1DSJRDJA7GBrY47RPIgcBv54nyX7tw3ln7yKw181yImEEEIIIYQQooQ6hepB7cbpiOMBNZ+OVEppN4riu9KiYqQ0on9jRvHI+jc0XZPnCSGEEEIIIUTd7+bOnfuvhoYG8Gmg8Kq7UZ5A8dvTkduxA8HRfnC0NJY+u1FxDOkvr0V9ZwlsJPw/2giPcWKWu1mI1KdDUStmu3k0Dv4Ri+E20RyjeXvLjlbUV+bj+K7nUHNJXkTC29C+6oXxlRkqwahZ9ClEL3GASVsdCrYHIT+nWnyihC0Ty5bhAe3Ojep1X8U212UgqcgVK0JdMH5UKy4feQ6Hvo9E9EtesGLztblbkfq2/LfyPmlFwcsbUPPURvh6OsCKx3Adjaj5MgMfboyHSqG02SLYR0dJy9mMk/cd2hpRW8G+55a1qK2Tk1Q8vBE+a0LgwfaLSed+ycHRWMXyGva1Bpq/M2D1YgFWBNoBFRlIeT5GdXvv0NxNmdgwmx0zW4OxKU8kEkIIIYQQQoiSQS2hHTv3FNa9vqgzmOXGOy3Cinc2irl+8NyPaN55kL0IZrlRxrBy8kPQ8t67xe0KZquRu0VLMNtX1vMQHsKDWT5jDMc5cVjxIg9m5XmbOYvhzN92Mse0V9/HsjkimOVGmcPWMxLhr4eIBJnNq28izM+lK5jljMxhM20RopLeR7dOoP1Y8J4UCW+2X6RglpP2yyL86UV9dBccCY85dlKnXSZO8+Chj067CCGEEEIIIUQHgxjQmsPVkwWONyuRnRgqVdl9a3shbrBPTBy8lAK9Pch+WlTpnReP4psiWQsrf3dYsdfavBgkBoq/eyYGh3Iq0dAmL6NNZzB7qxIn1nmj6Is7CGa5cdawaivDoRCx3dZ2sAVb9+oI5P/E5o3Y/BxpScEY41lw31RxDPueD2DbHoCdx+WOsKw8Q2AvLyTruIn6Czk4tDkCb0n7xhuJiTmo4d/xfnd4uMuLScw2IpgF0uPZ26YK9jev8HVr2i/K+zoDVTyJl4ZL812TptJZ/relX1ZL29pSkYdiPXbaZTFrKZ50NmXvruPaFTmNEEIIIYQQQtQNaglt06U07Aybj+KcQmm+/XgOyq+zN0bG8vA8/dB0XY54x09dBHsHO+k9rmbgcuJ8HNisvVtcs4gsRPFgtqkMR1+ej1Llqsl3oConHpfr9nRWAa7JjWfrzkfTLXlevdOl+jPxSHp+LWoqythcGW5sj0UBD37HOsBBKfitjfVGytrncPlMPtqlFBZM5jyH0qv8Pdt/vA8lhXAfqYfg9qpjSH2e/c2XfN1MH/aLLmrfZkE1C3gT9VXdOHKXNN7swbhwzDBtQPmh7Uj5UXxGCCGEEEIIIWoGNaCtuxSLGyqRTxpyl/BSQBZQihRdtbAA8ERFK0xsvBCcVIDXjhdjWXwCbCeK4FYTG3+sCHOBGS+ZfSUAF/UUzAKVuJgiB+uySpRuyxfvNWlEVaF6cFmI6p8apXcqwa9ZOFzjTyE6S3XooIUO4nMlNvffK71WfblWr+1aB5cRjCwswctpCSGEEEIIIUSTEdDLcT5Kn3fCW1vSUFBSjRtG1nD0DMGKvxYgOk5LW9HaQhSwIJiXgnqv3Ni9/ekQG2Ok1E5WEgnfv8YhiHccNVYk9UH7/0+8MRR71mDBgmCsevdTVHeYYopfOP7zAfEZIYQQQgghhKgZAQGtrD0vFvkveyPFbxILbuW2pVaPRsFHuW1pp5ssCH4OJypbMf7hSKyI10cnSfqyGq4OPKC9iRvySEHAEn+4ScOyViN/m6INrTydUCyj5Iaohm3ntl56NSzNqM7dgUOlzey9JSZMkVMJIYQQQgghRJ3BB7SuyecRxqsYT/MSKSy4rcxHOW+Hqt62VEU+StdtRfF1YLznRrwwJEGtMcY+sAhm1vLc6EfWw+eDNXAz49+hEKVSL03M/zOX2xjfqkPNhUqpDe1op9Vwiz8Fb5Weo2QthZWoZ69mLFiP+jPbN04u8gfWPrB98RTCNmn6ro1o4Z1FjXPHgg2RMOlDsTUftmdD3g/Y8F7CsCvlJoQQQgghhIx8gzgOrTmqjkzCgRSRqI0Y71W7SpxQanPrlqq5HankeiFSlyiNX6tpHNqpG7EwLlIqAa3/Ih4psV1tWhXbrVXnehTjuXZtm7xd6vON0li82bm9rLuN/d06pY6q7BMQ9l4I7NU6lOrStV6ZHWzjjmLFoyJSVqN5XFk7OCefQvBU9erO2pZXHsO2DgUbPZCvx56OaRxaQgghhBBCSG8MvoS2NCUZ+Rfq0KQ0RE/7rUZUndmDnc8oBbPaXIrHidgMVElVlNcj6vUhrH7c1ojaC8eQGqYUzHJVMTiUkoOq660igX3HpjpczEnGgTOiO2UV1aiJDcLOvfnS38i9IjMd8vo/3K4enHLVKH8lHtlq+1K7gRu2hxBCCCGEEEL6YlBKaEl3cgkt1EpWiYJcQjsG5QcW46VDIpEQQgghhBBClIyYTqHIyHK6mpetG8H5qbexdJaFnEgIIYQQQgghSiigJcNTxj9Qzqs+W8xAeNxBnDx5EruGU2fUhBBCCCGEkCFHAS0ZnpoPIzY2DcXVzWjrEGmEEEIIIYQQooTa0BJCCCGEEEIIMUhUQksIIYQQQgghxCBRQEsIIYQQQgghxCBJAa2JiYk0o2+TJ0+GhQX1UEsIIYQQQgghRP+kgLalpUWaIYQQQgghhBBCDAVVOSaEEEIIIYQQYpAooCWEEEIIIYQQYpAooCWEEEIIIYQQYpAooCWEEEIIIYQQYpAooCWDa8KD2B0dio+jvRBhKtIIIYQQQgghpB8ooB3hHpv3FD5+iQWQUTMwX6Tdkene0vqSpot5HT3m8iAmjGVvxk7CY25mcuIwp/d9SAghhBBCCNGLERLQroZP+nm8lpEOG5FC1PyrHW3i7VD6vOw7XLvF3tz6AZ+XNsmJg2i662zsXx3Sv4B8mOxDQgghhBBCiGyEBLR2sLUxx2gjMUs6lfzfTfnNbeA3+d3QuvYdVqWkY3FKIfY3i7RBNP5ea1gYjxJzfTPs9iEhhBBCCCFEQlWOR7jmf4k3NxtRJN4S3dA+JIQQQgghZHj63dy5c//V0NAAPunb5MmTpfUOxLqBSPh/tBEe48SsFjeK4rFz4x7Acz+i431g1fQ1DgQGoUp83ikiC6+FuQCX0vDW6lgpySb+PKI8W1Hw8gbUPLURvp4OsOKlwB2NqPkyAx9ujId6pdnR83YgcKUPHuIlxjyhrRGXc7Yic3sa2qUl1NnB8Z0sLHvEHPVfxCMllm2rPvE2r752wI8FWHykWiR2Z3HvJLzy5HQ4WZnJjznaW9Dw49fYn/UDPlculhTr+z43HX+95YKox11hazoKuN2GhqqvkHr8BxTdFsvCHG9EPgV3czGrohEl//sJ3rwmZjuNwmNublg+ewom8PWiA23Xf8CpLLbuXzrkRdRMd3RG1KPOsB1vIm/7bw34vqAAb5Y2QTryFPugR9U4tq0A+8Wcij7uQ0IIIYQQQsjguntKaIv2oPQqezVzgesSOamLHdw8XVgA2ooLn8nBbBdzTHv1fSybI4JZbpQ5bD0jEf56iEiQmYRl4YXXF8FVEcxyRuZwDIzDuvcSwMItDVbj31gwy1l5hsBVeqdH51kQti29x0DMiQVsu8O84HSvCGa50SawmOKFdau8NfZGPMHdH3GBM+RglrvHSFr+vwMmoP+dF49CcEAA1s17UASzcpqR5RQsCHsaSVO7VxWeP49vhxtsLUUwy42xwOR5c7F6gpi/U33Yh4QQQgghhJDBZ8AltMoSEJYXAvubhUh9OhS1IrUbDaWwEvsdWPHBItjW5iMlNAL1IlkuoZWDzaaKY/hweypqKoDxL+5AVKADTG59jQMBorTXbCOCj0TC2agR5Rm7cOLgHrQ02cHEbzUWrgyBs2UrSrc74cRxaXVKvOCc9D6CHx6gEtreGNshiQWtk8e0oeaLvyPp6wZ8/xtYgDgBUU8/junjgbZvP8OfssReUSrtbLt2Dpknv8XJ6x2weGAG3gxygcU9P+NU8mkkt0qLaBSxJBSLHuheQmv64GzsXzgFRje+w7GTpfjwnx1ovmcU5k91w3LfB2Fxqxyp75fipPryt5vwfWEhDn5djxJp262w+DFnmBYVIEGtBJj3WLzOzVwqYV53XiQSQgghhBBCDNLdU0LL7c/GhSZgtIM7XJVGjDEJmglb9lqeG9sZzCqrPxOPpOfXsmC2jM2V4cb2WBT8xN6OdYDDHGkR4GkvOBrJy2bu5sEsT6xGS04MMg9/jRYYw35WuLSoqkKUr5uOuHmTBj+YZWynT2HBLNB88TRizsrBLFdz/RpiD5/FtduA0QN2WCQnd2q+fBpv/G8ZMlkwy/t2qvnxHD6+1MLe3YfJU6RFdLbAyQ5GaEDRR19hPw9meeLtDpy6+JW8blMbTLOSFpX8iW27EVggnpeDdWflYJaruV6P5I+7B7OEEEIIIYSQkeXuCmiRjKKSOhahueCRlV4iLQSej9gBTV/jq/2aqpQ2oqpQPdAsRPVPjdI7Rc/KVo52UjVjqzkJiM37QXWKnilVNx5v7SItO5xM/j2P7FlQWFUvB5DKmutQwwPzsWawlFM6XfvhZ1SI9wqnatm+5TrrW+vCDJPv5TvTAp4RofK4r0pThCvfgxaYcK+0MGMOWwv2cvtnlJyjwXQIIYQQQgi5G91lAS1Qn1aIGvZq+3CI3KbV0w/O1iy9JKN7R1E9GGNkLN7JRndv3mlAbqO1hyrCfWVhdCc74R4Y9edo7Ojo1jEXIYQQQggh5O5w1wW0qNqKLy+x14le8HQH7IO8YIVqlKZlyJ/3yWq4OvCA9iZuVMoptT/9Ir3WZIVK1Yc1Ts/HSMsMJzdaeemmCaY8yIs71Zhaw5YX4DZexxU5pQejsGDKfey1BU1i2FbdNKJGamrN2+Cmy50waZjW8byTNKOBFymPmYBpD8gphBBCCCGEkLvLCAloG9HC47Jx7liwIRImSu1ju6vGxc++RhOsMS1oB1ydjNH0zTEUaS2eNcbYBxbBzFqeG/3Ievh8sAZu7P9oryxEqeLvssvkkl+/HQhatRpmE3sbJkaBD9tzXqqaHB0XKdIGz/nyamloG1NXHyTPtpDa03K2f5iEpOWzMYEdIQ3lV/C5nNzJ9PdmYLtOfm9shmDfJ7DgfjbTWIFTP8rpusqt+pn9ex/mh85CxP1GsO3x6OxA0Y+8xbMZpi98HHGuXdtuYWqBqMXeiNHQy7EcwAOTPdwQPF7/xeqmvhtx8MRJnDxxEBt9+9/fMyGEEEIIIaR3I6SXYzs4J59C8FTVasBc5zi0KkLgk5EAbylIbUTx29ORnSt9oEK5l+Nu2ipxYt18lHaWGLLlNxUjao6IfLvR9v+IHpr5245KHPWdj4tS+uDhQ9+sdtNQQstdP4fk/ynDKcXYsj2N6Xq7ASWHs/HmP8W8Ftp6OebtYmMi/OFpqSXQbDyHpD1lXcH1PWz5/9S2vJZxbi0fxO7/nCUF6qp6GIdWBzM27MPbc23kmWun8WpEIs7Jc4QQQgghhBA9GyEltNUofyUe2Rfq0NSn/oEyUFQkOoCqK0GxhmBWq7ZG1F44htQw1WCWq90chJ1781F1vRXtIq13x/DVN3IHU/VFGYMezHKn8rKRcOo7XPtVaef91oCas39HrHIwy10tx+fnf0bDLaVl21vQ8GMpDn7QezDbs0Yk/M8xHDxbjYbWDpHWg9talm+uR0XeaSRr6uX4+ndIOl6KmustvOmw3p37SwaK5ewErOwwQ7wlhBBCCCGE6N8IKaHVlR1s38nCikfMUXUkFAdSCkW6KrmEFlpLcEn/RP0pFAvseh+v1lA9GZeJtbNMgYZ/IH55PP4h0gkhhBBCCCH6NUJKaHUwMQTOfz4qBbO4XohcLcEs0YMJzkhePAWLLEdBak16zyh4PugGT97W9vo1FI20YNbUDn9cthkh0+W2s7XnPqNglhBCCCGEkAF095TQRp9C7BIHMcNoaAOrjkpo79AEFxz8jxlyMKvsdgsqso4i5jsxPxLM24zM9R6d37Xt2mm8tzoRn3Yb3JcQQgghhBCiL3dfCW1HK+qr8pH5SkSPwSzRg2uXcfCLK2j4TbRvvd2B5l++w8mDx0ZWMKukrbEW5VmJiIigYJYQQgghhJCBdpe2oSWEEEIIIYQQYujuvhJaQgghhBBCCCEjAgW0hBBCCCGEEEIMEgW0hBBCCCGEEEIMEgW0hBBCCCGEEEIMEgW0hBBCCCGEEEIMEgW0hBBCCCGEEEIMEgW0hBBCCCGEEEIMEgW0hBBCCCGEEEIMEgW0hBBCCCGEEEIMEgW0REkkfDJ+QGxeBZZF+4i0kcl0+lJs3p2Jj0+cxMmTJ7ErUnxACCGEEEIIMRgU0JIuvj6YZs3fGMPxYT8paUQyXYq4uHB42JnCaJRII4QQQgghhBgcCmhHMPtNxViXUwx/X5HQm9x8XKjjb1px+ZscKWlECvkjnI3Ya8M5pMUux4IFC7Bmj/wRIYQQQgghxHBQQDuCjb/fGmZGxmKuL/YgP2QS4uY54VBKvkgbef54nyX7tw3ln7yKw181yImEEEIIIYQQg0MBLbnrjBnFi2d/Q9M1eZ4QQgghhBBimH43d+7cfzU0NIBP+jZ58mRpvQOxblkk/D/aCI9b+di5pRJuL4XAc6I5Ro8C2puqUXowFtkZyiWNCQjLC4F9ZQbi1hXC+dX18H/EDma8HSVbvrjb8ox1ODxeXwPvqdbyckzL9Urkp6xFcV6ZnCCR1213aQ/eOnwvgqJ98JAN2xb2STtbPnd7BIq/qJYXVTBbBOeX1sDH0wFWPMZimq4WInt7DMq/UV3WLfUHLHSoxIl5EagKTUDQUi/YmrEPOlpR82UaPtwYjyY2axN/HlGe5tLfaHWzEKlPh6JWzCL6FGKXOIgZWdWRSTiQIma6cYHNi4kInMde+TYw0nfstk+ER+PgH7EYbiJv+DbXV+bj+K7nUHNJXkSd1YsFWBFoB1RkIOX5GOm76cvcTZnYMBso3hqMTXkikRBCCCGEEGJwRkYJ7Th3hCdFwtteBEzMaDM7eKxKZMGiPK9ilB18P9iBYE8RzHKalp/KgtQDLBib1hXMciaWDvB//SjCNPQEPPr+ELwQtwiuIpiV0qTl34ezCP5kbHtTExE8pyuY5cwmeiE4KQu+Gtu9GsMm7iheWCmCWW6UMWw9IxH+eohIGGhecN5xCFGBXcEsJ3/Ho1i2ykukCJ77Ec07YFLKG77NVk5+CFqurWvhSHjMsYMJe2fiNA8emvKQEEIIIYQQctcbGQHtWHOMN2rE5eNbkcTbgIbEILuylX1gDY/g9fIyyuy94GnditqiNOzkyweu7Vze+fFF8jIscHN7MQT2LNhsuZqDfc8HIG4eW/aZGGR+08g+N4Z94Ho4ygt3Gce2pa0OxftjkBjIl09G8XWWbuQCT6Vgz+r1KPjYGLN15+PQK2LdbLsP5VWjBebwXL5DCuhUsaD7UWu0/FSITOlvvLHzo0q2PFvfVD+MZ6+1G6fL62LTiUr+N40oflue75yUS2e5lPldnx2R/ki7sI1YOM0cuF6GE4mh8t8EhmJfRhlu8N6RA9bDXizKWfm7w4q91uaJ/cGXZ/vwUE4lGtrkZbrbg9Iv+X5g+74iD8VFcqo+WMxaiiedTdm767h2RU4jhBBCCCGEGKaREdCyALIgMQCHtiejiffSW5fBgrh81LC3JhNnSgGVCrZ80fYgpG6MxQ2+fNMxFJfIVXxHj71XeoV9ONx4Ldymr5G5+jnUVIiqtFczUL5uLXJ/Yu+NHPDQEjm5U1MZjq7zQPaBDLTwerJXtyL78NdScGbroAiWF2HaVGu2HWU4uToCl78U62bbfXlLDAr4uie6QLUSsKz+Cxa0h4WiXPqbatzYVcL+ZcYaawiA9c95tgv7f9j+3haA0pxCObGpEDW7A3Dim1bAzAEOc+Rkrun6Tel1/NRFsHewk97zfXg5cT4ObNbetXDt295IZMFvor6qG0fuksabPRgXjhmmDSg/tB0pP4rPCCGEEEIIIQZpZAS0ty6jPEetfWpVCf7JY6lRLEiVU7qw5S8cV2vruVsupdy5UQRZDubgNWrbr5agqltElY+qq3Ip7XgR/3aqvYiL6u1C2bb9k792Vlv2go0NezFyQdDxHxCbpzylw/d+vsy9+INSYChrRFVBMtrFnCwGh3ipp3qp64AIhy3fbljDO159u39A2MO8R2VzWD3El5G1bI/FiYpWmNjwqtQFeO14MZbFJ8B2oghuh4QRjCwswctpCSGEEEIIIYZrBPdyPA6jldqm9ld7G6+KfIesjTFGvFXoFmQbBOOudrB9lo/S553w1pY0FJRU44aRNRw9Q7DirwWIjtPWhnYA7FmDBQuCserdT1HdYYopfuH4zwfEZ4QQQgghhBCDNHID2kAvOI5lr02NuCGn6OZ6q1QSauLgpdImVOYD+4m8J+FG1F+WU3pissgFtuy1RaoPzVWinpce3/oaB3jpqsZpOnLPyEsPH3tQK32FauQ+q2mb5enQbmlhFe15sch/2RspfpNYcJuDmjbA6tEo+LiLBQZFM6pzd+BQaTN7b4kJU+RUQgghhBBCiGEaGQGt0ThYufuIUk8XjF+yH2GrZkpVhquK0qT2qzoryUE5D97MZiL4g/dh6+Qip0+MhMd7O+RqwXUlKM6VkzuNvRc200TnT2ZesF2VhRUBvHptIy5kb5XTWWD4Le+Eaixf9344zlFsu361SJ0umWPacrb9eqriW36JV+22g+87WXAL8IOJSs/N3bkmn0cYr2Ks2CdMe2U+ynk7YRjDxFJK6oYP27Mh7wdseC9BykdCCCGEEEIIUTcyxqEdJ2bVtFRmICVKuVMhMQ6t+jis2vil44UNXlLvwd101KFoWxByO9vuinWLOXU3iuK72udy9glYlhwilyJrwsfKZduuII9Dy3ssno5s9SBam7AsbIjgnTipUfn+Pe9DTnXbI+GTsRHe1mJWndq+lbdbzKi7zpZdoikflLepDgUbPZCvx56OaRxaQgghhBBCRoYRWeW4/WYdLh6PRZJKMNsPOaHYGXsMF2sb0d4h0jpaUV+Vj8yXlYNZ7VquV6Jg71rVYJarisGhZ2KRfaEOTVqHr7lDB57Dvo/KUHtTD+2AO+1B/rNrkXmmEvW3RFIPSlOSka/2HdtvNaLqzB7sfEbbQ4WBG7aHEEIIIYQQMnKMjBJa9LHEdUCJElq1klUy/MgltGNQfmAxXjokEgkhhBBCCCEGZwT3ckyIZqer+aMPIzg/9TaWzrKQEwkhhBBCCCEGhwJacvfJ+AfKeRVoixkIjzuIkydPYtcgjiBECCGEEEII0Q8KaMndp/kwYmPTUFzdjDZF22hCCCGEEEKIwTHwNrSEEEIIIYQQQu5WVEJLCCGEEEIIIcQgUUBLCCGEEEIIIcQgGXRAGxQUBGdnZzFHCCGEEEIIIeRuQiW0hBBCCCGEEEIMEgW0hBBCCCGEEEIMEgW0hBBCCCGEEEIMEgW0hBBCCCGEEEIMEgW0hBBCCCGEEEIM0u/mzp37r4aGBvBJ3yZPniytdyDWzfFejsvLy6VpWLFPwLLkEDga1aFoWxByc6rFB+SuYDoDS9dH49/d7GBqxOa/P4oFq/fKnxE9movNhzfAw1zMSppRvDUYm/LE7B167FF/rJttgbYrBXjj42pUiHRCDN3cTZnYMNtUzAn6uFbN24zM9R7ga26+Vo78PbFIKWyWPyOEEEIGAJXQDgR/dziOZa+jrOHs7Sen3ZFI+H/0A2LzTsFNpJDhyhRL39yM8NkimCXDjB2SXgrFx2xKniGStDLHHGcL6Z3RlEnwkt4R3ZjjjUh5fx+cr/LkYQjokvcDoev/75yW2InPunts3lOqy770FN6YID7syXRvsbw3oob4F950gjOe2vAOVj4gEgghhJABQAHtQMguweVb7LWjDuUFOXLaILKJP8+CXx4Aa5lSE8SSI8Fq+KSfx2sZ6bARKUNrGf74EI9kG3DuwCYsX7BAP6Wz7gkIPlKB194bSXmnJ43FSOT7WZr6Xjrb9i/xRqtGnCmXa5e0XfkBhdI7/Vjw6BM4+IJ/3wKUkeK2eB0Ges/7keG3Hvb56c3B4pxh09Zi6K0MNW8Tgtk6l8em4Rw/fYymwGuR9sCdEEIIuVMU0A6EqhgcCpiEOF8Pqm484Oxga2OO0cOlNNR7AizZS9u3J/DqoWIW1uqJpR3+YGmM0aPEPOmnm2j4VbxtF689+PyLbCzelo4/6bm68QQbK5iOuRsysxHXbsrv2tqHOqLVLe/1rxrr2LHEj6fF2wrwvUjV5vO8T8Sy6UgqbRSpfVDXKAentzuk2aHS8NVhvHrkHNrY+99bTJETCSGEkAFAAe0IVLtxOuLmsYCaT0cqpbQbRfFdaVExUhoZAGOMwGPr327WyvNk+JFK5xrR8H/SHBlgilLChhtN8puhdDfk/W0RrTfdxBX53dC52YbfxFtCCCFkoFCnUD3xTccLr3oBLBjcub0VHnHr4etgLpWStV+vRO72CBR/0VUCy6v6RnkqtxNrRPHb05GdK2bVmYXD9dVwPObuACtRwtjC1luUFo+C4/lygoS3od0Ij3GVODFvPkpFKqYmICwpBPZGrajN24rULXvEB0qiTyF2iYMU0O7c2P1zt9QfsNC6EPt2t2LBGh/YjAXqv4hHymEHLHsnBI5mLBj+Zg9S18Wjhf+BWF/5fm/kj38fQb4usGHLoKMV9ZU5+PDltahXuW9ln6/aCF9fd9jxEkaexJe9Woj8XbEo/0ZDCbZ1ODxeXwNvJ2uYif3SxJbP3h4jllfsD/kzbbR9Z3juQNjri2APtj9fZvvzkkjXB9EhCs4mInjzaZHYXyx/81j+ijltqo5MwoEU9iYiC6+FuWD01WNIfGatnF9KrDYVI3qONerPxCBlcwZLEfvxVj52bqmE20sh8Jwoju+mapQejEV2hvJxyLH8fDERgfNEvjPSuZCyFsV5ZXKCOrP18D+wGh5m+u4kTXQKhWIkLt2Evu1t3qbzKbibN6Lkfz/Bm9dEsgre1tEbk8Wc5McCLD6iabvlZSeUfoLVFy3xRsAsTLbkB20H2q5fwbG/fYWDonCNt4lc59ZLO9LGc0jaU4bPxSxnce8kvPLkdDhZsR3OH0H+1oDvCwrwZmlT9xoAY8wQFeCN+Q9YwEg62dSofQ9T8wlY/cRMuNux5fm625tQc+EsUk9fw3mVAlWxT/jfH61D8Nx/w+Jp98GU/x/NP6MktxBvXuFlcd1FLAnFogeA73PTse68SBwSvee9nEc3cezdYjQpf0e+X0oK8MYX7PdMXpRR2idqx4a8HvR+jGk9rlT1vj4lE1xw8D9mwFTDsaSVoiMnfXdgp9frISGEEKIZldD2xVgfLPtrHPyd5Jt9brSlA/xffx/O4qZedyHwSY1DkGdXMMuZsPX6RET23h5UKZityYrXHMz21VhHBK6Sg1nO6pFwrHhdDma58Q8vhqe7/F7hD4uyEP10V1CDUcawclqEFe9sFAlC9A5EhXjBXhHMcnxZex8Ex+2Avfr+49/rANvX07qCWc5soheCo1eLuTtj85QP7Pl3HesAz+AQOXEk2J+NC/xhwsSZcOsWBUfC42Fr9soC1TQezCoZ547wpEh42ysd32Z28FiVCB9PeV7mBecdhxAVqJTvjHwuHMWyVVq6TQr3kx8+jLKG56JIOW3INOLNPbwaZx8CAx2YPjgXycu9RDDLjYKR5YMIDnHBYyKlP2wfnCWt1+letsMVV+sxFpg8LxC7F98HW5EkuYcFbOGBWDBFSzCrbsKDSAp/HJ48+FWse7QZbN0eR1yElu2+xxIx/7kIy91EoMeZ3gf3wLlYx+vaa7D/iFxtdmiDWa6veT8B81c+pfod+X6Z/TjemG4A1cSvlWE5r6rc12B2MLBrPiGEEDJQKKDtg/EPe8HRqBGXj8cjMXAS4kK2ovg6+8DIBa5Py8twylV9U4t6afM0ZxGm8aj1p3ykPOMt/11gKFJScnD5equ8jDYs6Fv2ZzmYvXzkOezbliY+6Ccja1iNq0b+ugBkV/F53i61EcWJATj0Dd8Wa9jMkpbsNN7SHC21hciMDWXb7o3EXYW4wdJNpvrBUy2YulFViBPbnpP3Hfueb72ShlK+/8xmYpbS/pOCfBZI27OYoKX2a5xI5Ovm+zsC+zK+Rm1nye8eZD8trytuXgb4JuNmIVKl+a5JY+ksU3u6ELW8065blSjKVAvu7oSVB5Y+MVUaruJ6vT4q+8XggOL7vC3vX1RmqHxHPkmls5JkFJXUsVc7uIWrBeqB/nBmQWXLpRwUSTtMyVhzjJeO761ICmHrDIlBdqWc7x7B6+VluLCNWDjNnH25sq68Ycfsvowytm3GcAxYr7k0OTsfF3k7yo46FB27gwcvg0a3to4SUzOW7w04f+IoItjfRXxwFjW8rqX5RHhayYsot4k89iNP4SWFiv9HTMpByD0TsOaJB6X1Vnz6CVa/Ky+zOr0AFexgMJoyC1FKfe3Yus2E+3ig7do5HPwgQ1o24v1snPqJl5y24ftsltZZGmiCdX6zMMG4DTVnP8ObO+V1R3zwGT7ny4+fgT+5awje7FzgOf43XCv9u/w37x7FyR/Z8vdYwcnZRCxk6Ixg+nsjtFWfRXIy/44ZSD3Pr+dGmDz5burFSw/yynGVHR6m04Ow1tdOujYSQggh+kYBbV80leHoyyy4274HLTyoqktG8SU5YDX5vfSiu6t1kOIza1d4PDpTSkJTIepZgHro2QhobYE5NQ7BvCrw2EaUH2DLpqhXCe2fG0VpKPimDNW18vdq+iYN2Tll+PWWHFyrd0bUdCkNKaGhKP+C9/1ajZaPQnFCCn7tMOkJaRFZynzsfDYUpVk58r5j2r+MRXGFhv3nK4J8FpymRwWhNEf0K1uXj5rdQUhdp6e2v7nPIZV32hWgr+rGK7Hr5EmcTNuM8Oks/Cg7jO1/6b0a4UCoTytEDXu1muoHEUdJ7Oe6wAx1KD4YL1KUtNWhgD+82J6MJh4P12Wg+G22z9lbk4kzO9fjPNuFhUFs2W0BXXnDjtma3QFy3ps5wGGOnKyiKh5H+QOIkdxJWus1fH44G7HftUhVUhtuXMGZKh5IjoJRfwv1HCbB3pitqzgfMRcbUSOqANf8sxoxp8pZiGoGO6UqDpPH8fcdqPqyDJk35A6BGpobkPyPy2hmwdgEG6VwggXaTixj2y4XIuaLepSIho4NN+qR9FEpeAGmrZ2G4O23ehQdOYZVedfkv7ndgtRLP0sfmRkrVakwcM3fncYbH17BKX5Ju92Bk2e/k/ZJtwsh6cVh7P1bORpG2eHJ/96NTHad3DXUlTQIIYSMOBTQ9kXtRVxUa+tZHyuXxnaVjumoai0+PFKJFiNreKzcgdjc84h6Lx1ufj2NdnkvvOPD4WzWissZa5G5Xz/BLC8punxaueSMBcvZW8V7zeouxcoBuZKqql+kV9V7Ph/YbshC1EcVKkMHqbY1FhzvxXj2cuNCDmrUV25AjMZawHKoiiKqtuJLHqRbe8EzUE6CWRxmTWWR0dVCFBWJNGW3LqNcPdCsKsE/eakqy0u51mU4bKV68NbsGFQaAkpMYQ/zKoXmsHqIL3MXqv0OSf8U74VrzeqtmHXjaWMpdTBmMTtIaSxSMS1xlj+z7DqPbrTKAbT9I85YZCqfhBamVoiZ4yiVjDX9qjQwi60VeLhq5DgXB9XXvXq29Bn+nwVUapxzt35CUbVa77mXCqXS3eV5vdRKMRiN+PbLn1V7tW68pb9hbQghhBCiVxTQDqGmlPlIDIlFZt7XqLlpDBsnLyzckI7YjHTYqrctlfyC0lwWBPPqnb5r4DhVJA8TJt0KaLzg+t77WOHnAptxfW9D1d4mxvkwGHuxZsECBK/agU+r22A6+UmEPzNU4y5W4+JnX6OJHyPeos1xsDscWd6Un9naraMo7capDYVEQwYNtjE67vDzRcU4/ysLUie4IeK5ECk43f/cE/CcwDLyxjlkligFopSZZDCYhmPlvzvDouMKPtmyShqfdo0htDoghBBiUCigHWp1aSjfEoR9S5wQx4Lb/KutUula4IuLxAKqeBCcwkt2LWdiWZy2wHcoeMFtGg/iWnFDLqgF7MPxiBMPZBtRuj+msw0tnzS2Mf6lUQq4rJz8MWy+lg6aqz/FjoxzUkmOpdUQjrt4PAOldYDZNH84s3zxnOOC0U1f46v9OlT3DfSCI+84q6lRbruLPajl1ZFZwJz7bFc+qk+HdksLEz34vF5+sHPtc7k9rMbpY7m6L2f7kDMe+j07Dm80oE0xzmp7CxquFCIprQynlHstvnZdOk7bLn6meb18+qAMmgr0iZpx5qol2aZWmG/fS2/Wd4vZUzDRiB2T5z9BSmE1lXITQggZEBTQDpVVWXjhg3S4BfjBRBG93apE+YVfpDH/R4+9V07ToCklAuk8ILT0woq/Dk1QO9YyHGYTRSnkxEi47dgB34ns/c0SFB+RkzHRXA5M226ivuKi3IZ2YggcN2Qh6GENN3w5JZCaHd7vh6j33ofjo6L6tZkXrMLSEZWUIM+rYEEw/5tx7liwIbJrX/aED9uT9QNis07BbZiVcmt1vVU6LuDgj4VhIV09RmuUgaIiFrwauWDWS5FwZvlSc2aX3HmWJkbjYOXuI9bpgvFL9iNs1Uwp76qK0jpLdcsv8YDYDr7vZKket73hw/Z8xPZ3bjF8/Yaq5Hp4aZKqB5tjms8UzNdWeaGiWmo3O+HRJ5DgagHp2VAPfKdOglH7zyg6kY8t+49InVMt3nEUER//gM/VBwO99jOusOjCaOpjSH7UCp6iivLQMsWTrx/ESak9+kY8Oex7EGrDb3y/jreHv6OJVK3b9g+TkLT8CUznbSdIlw65LwbtDC3vCSGEDCc0Dm1PxDi043nPslG9dUjU+5ihneOFcmI8V80aUfT2dOR2jl+raRxaHzgm7cAyHhjWFWLfs6Gd7U67j4erRun7SOPQOnSNlyv/LdTmzbu2vZft5j0jZ3e2x+x9vFiVfcKYsfVHs/Vr7C9VYz7YwTn5FIJ5G1E12sahVd4/XWOy6smAjbsYAp/0BHhrGM9JfR9KzOIQfCQczlK1YXbcBLLjplu75J7zp4Xt7xS2v7v+LBI+GRvhzUf/0YT3NP10aPcOzZSPmYo0xD0fK7+/Y/0Zh7Z3vY4XqzK+Z//GIjV9cDb2L5witYNVoTZ26GOP+mPdbAsxp051PNXggCVY/lC3Ncqa61FRVIi4c02dpWS2U2cj6Um2DVoea6qOGyu+py5jm+psBjbsfxtzRV9UtadfxYrEc/LMINGeZ5rzOXgh2+cPqu/zDjRcb4aFpep6+nVcSe810+u4vuK6NXTj0A593hNCCDFcVEI7VNJ24UBOGWpvKj257mhFfVU+MtcFKAWz2uTj8rq1OMGHV7H2Qmjq/qGrfqy03V3BLLcH2ZvTUFrbKJcucm2NqCrKQGp6WVeaEl6lOmnLMVzkf6No8qdYf0qySFBWjfJX4pF9oQ5NvNCrDwZs2J4BlYH8LXtQUNWIFrU+eTRqisVXF+Rjq/1SoYZgVrv2m3W4eDwWSSrBLLcH+c+uReaZStTz/ddXBjdsz8Br/u4s3j31Ha792vNB+/kX2Yg9Xoqa6y2AcpVhDTIL2HL8pLrdgbZbaus1tYLT/EAkKA3FU3PpLFYdLETFL41o62Xdg+Mc/pJe3Blw29w/Q7wbvjKzPsOpHxu78qb5Z5QcP4bVJYbWD8BQM7y8J4QQMnxQCS3RjSht01gqSDpLJMZ8m4bF6w6LxKHgA48P9sPfvqv0vTtRQgstJavD3sCU0Bomc8Q8+xQ8Tatx8q8FSFVuon7PKCx43B9R080BDSXJw8uTLE/XwoNtakNhPJZv+YdIJwNqoEpon34bH0fOwG99qrFCeU8IIaR/qISWEH3Kq5YCQ6OHFuLtZR7QVll0II12Wg3vD95nwSzQUpGN/F5L+4nBm2An2m2OgtnvjWDbeWUfhclWVnC/T67E33x9+JYcmtr9EUs3hWCGVCu3FudyKaAxZBazlmJzoDy81K8NV+RELSjvCSGE3AkKaAnRq0P4x7e8uqcFZoRtxkHeyUnySvmjAcbbBvMxYV97bz187I2B64VIfzkGdzYaqgEw98AGvp+lKROb54n0u0ldPWp4DfMx9+GxpUuQ/N+KcWVDkBT2ONytWFjx63f4+B/Dc6zYuZsykbl7I8Jn27AAqA21pzPwl7PiQzIg+D6Xzxk28dJZkX7HeGkvW+fBuHB48CGj2q6g8Jj2WgGU94QQQu4UBbSE6FUzDr+xCWlnq9Hcxza9etfRiNoLx5D6fFdHYWSEu30NcWnZOPVtPZpblRtZd6Dt13p8f/bviN37FTJ762x2KHW0oflaOT5JjMCKxE9piJcRQM7PV7D3R5GgDeU9IYSQO0BtaAkhhBBCCCGEGCQqoSWEEEIIIYQQYpAooCWEEEIIIYQQYpAooCWEEEIIIYQQYpAooCWEEEIIIYQQYpAooCWEEEIIIYQQYpAooCWEEEIIIYQQYpAooCWEEEIIIYQQYpAooCWEEEIIIYQQYpAooCWEEEIIIYQQYpB+N3fu3H81NDSAT/o2efJkab0DsW4uKCgI5eXl0nTXsE/AsuQQOBrVoWhbEHJzqsUHhNyNIuGTsRHe1q24fOQ5HErJF+lkIJlOX4oN//XvmHGfKYxGAVc+WoA1e8SHRI9WYtfJIEwRc7IrOLpgDfaKuTtjjpgIf3iO/w3f//0TrDvfJtIJMXwrk08iaLKYEZrPJiJ482kx10+Ru3DyaXZWdrShoaYYf9sRj6Pfis8IIUOCSmh7YBN/HrF55+HvKxKGA393OI5lr6Os4eztJ6cRcrfy9cE0a/7GGI4Pj/DzYepG+HxwHhtyf2DXJcU0BNcn06WIiwuHh50czJJhZro3Pn4plE3eiOrtF36CHaZbsky8xwSTH5wgEolu7JAk7e9QJM8QSUNFl7wfCJ3/f9eUNF181o053ohUXfbjSBc8Jj7VruvvDs43F2lDZJQRLB74I1a+sRFzRRIhZGhQQGtosktw+RZ77ahDeUGOnDbi2ME1WXHDXoGFgSJ5uHNPQPCRCrz2XoJI0Ex+UKIclLAptwIbjpyCT+gisdTdafyqLERn/YBl0SKhN7n5uFDH37Ti8jdDcT4kIEw9L9n02kfFCHoxHKPFUnfMbD0WxkfC294cJkMdRIb8Ec5G7LXhHNJil2PBAv2Uzuqc93eT749K+1me+l46+9tt8Uaba9U4f70DuN2C77+7JhL1wQIxYU/hw4i+BCgjR9u/xJthoNe8Hwl6+Y57VyvOGTZ9dEWk6sGeNWydwVj17qeo5pUaLDzw5NPyR4SQoUEBraGpisGhgEmI8/UYudWNzSLh7AC0VFaiHsZwnrtefDDMWdrhD5bGGN2fgGOUMUwsHeC9cgdeYIHL3cpkoh2sxkKHQHAP8kPY+TDPaVhVNx49zhqugXGI1ldehvvBbRzQXluIQ88HsO/LvzOfpiM7VywzSP54nyX7tw3ln7yKw1/przmJ7nlPNKprRDN/vc0C1V41ImF/Bha/e1TP1Y3NMOFecxjdFZl5Ew2/irft4nWo6JT3A+B8ARZvS5en3N7uTxrx5h6x7LZPUNIoknvViGs35Xdt7UMZtTejOncHtuTVsvdGMLOSUwkhQ4MCWjL8hHvB2agV5Z/tQXkdu9F18oK9+GjkaETx24qgZBLeej4WmUV1aGGfjPdcM7yquZPe3SxEqiLIDIlRyssQuJnJi9wJm/vvlV4vZ4fickWZ9H6ojBnFi2d/Q5M+C/SI/twWUVXTTeixTIr0RCqZbUTD/0lzQ+cuyXtF6XPDjSb5zRCqviU9QiCEDDHqFKoHvGpolCdY4LEMpS47EOTnACt+L9fRiJovM/Dhxnh0XU551cMQ2FdmIC4qRqTJutajVppiFg7XV8PxmLtYL9NyvRJFafEoOK5a2iSvQ7m9CA+INJfOyMv+ghOBu9Dy6nr4P2IHM15qyLf7i1SkbU7u/iD54Y3wWRMCz4nmcgmj+I5H345H998MH9huWI8Fj7rARtyst9+sxoWsPTixN01OUPZoHPwjFsOtc92tqK/Mx/Fdz6HmkrxIFzu4pRZg4cQyZPoFoEH6LsYoTXHCiSNiEWU6rVvH7TZbBOeX1sDHsyt/mq4WInt7DMq/UTx9Fvku5rSpOjIJB1Lk91qPB/bdPT4ogD9bmfLybqk/YKFDJU7Mi0BVaAKClnrBlm8/+641X6apHYeMdTg8Xl8D76nWcr4z/LjKT1mL4jzlYCgS/h9thMetfOzcUgm3l7ryv72pGqUHY5GdoV7qyfbdi4kInKe0D9m6c7utW/V75nbsQHC0HxwtjaXPblQcQ/rLa1HPNzz6FGKXOEjp2vHvPx+lYk7T3yjvs+76vt2SPp+bIv95QPt0KPizepnYt+M0nKd9Oq5UaT9mNLGD4ztZWPaIOeq/iEdKrH57a5q7KRMbZrNt2RqMTXkisb90ynveFKEAQVOBmuOh2Le9UHyuEAKfjAR4W9ehYKMH8ot4mpw/dpf24K3D9yIo2gcP2bBjnH0i5f/2CBR/obbP+5E/8NyBsNcXsesA29aX2bZ2u/b0l+gUilc5Xt3HisYTXHDwP2bAtPEckvaU4XORrIK3dfS1EzOy73PTse68mFEmLTsOJf+bjTP3zUKE9yRYjGEXidttaPiuEO9m/4zzUoDB2zY+BfdemjU2l36C5XnKxXGj8JibG5bPnoIJptJFHG3Xf8CprK+Q+kv3kkaLeyfhjYCZmDzeROMjefXvwZd/5cnpcLJiJz5f/rcGfF9QgDdLm6ByZyL2G/j2FdxGVIA35ttbwIj/zY0rOHnsLFLr5UVVKb53I9tHn+DNoXzQ02vei21tKMDyz9qwbsFsuP9B7Jfmn1GUVYCEaqV9Lo6T7seGWA96P8a0Hlcq+rA+JRFLQrHogR6OWU1ER0566RRKmVgvdYxHyNCiEtpeGcNx5VFEBXbd3GCUOWw9IxH+eohI6A9285UahyClmyaOVzv1iYiEjZjvP7aedHbh9hTBLMe3e856LIv2EgmC7/uIekdun9dZXVZ8xxf+mq62LXZwTn4fK/y6AgNu9DgWiIaGw03Md/Lcj2jegYzKuo1h5eSHoOUaqmOarYYru79trywBf0xRe/oibvBqx14aqh3rtG4dt5sFJN6pbP/NUc0fs4leCE7Kgu+AlKDaYbT4v9q73ccZwybuKF5YKYJZjn3XbsfhVHYDf4AF+dO6glmOH1f+rx9FGLuh72acO8KTVPN/tBkLrlclspt6eV7mBecdh9i5oLYPxbqXrVI7roSxc09hHbvZVwSz3HinRVjxzkYxN9B03W59nJvjuvJSpSZnX48rHhB3tcmVH2aZw+NV1ba6sama2muvxr+xYJaz8gyBq/RuJKjGxc++lh7e2LqHg4UzqnwXyR2EseCzSApmu4y+PwQvxC2CqwhmpTQp/9+Hs9Ix0d/z3uYpH9jzzvrGOsAz+E5+F/TgWhmW82qcfQgM+s4cDy0KwLp5U+RglrvHCBYPzUXM3DvpmGcUggP4eh8UwaycZmQ5BQvCnkbSVKWLGGP6BxckLffCZEvNwaw62wdnIZkt73Qvy2TF8mMsMHleIHYvvg+2IknFWDskRQZiwRQRzHLj2fYsnY1gjf+noursEAezXF/z/j43pIY/Dvf7lfaL6X3wfNoLEV2X6WFr/xG5qnKfg9lBYDTKVLwjhAyFPvwk3O2MMd7aGE0Vx7BParsWgJ3HK6XqhPxmsd9VYeewmy9+Z/xTPlKe8ZarKgaGIiUlB5evt8rLKKndOL2zempqUd8am5iZGaOlKgf7+PrZug+IRir205Q7HmI37xF+sDFqRU1eMnZK7REn4a1XklFwlW2HpRcWvKh8w78aD09lv3i3ynC0sy1fAJK2ZaD0p0b8JpZSsPJ3B29aUpsXg8RAed1xz8TgUE4lGjQ12Qp3l/Zp9SXxqDO3EFXsDtZkqg+c5ZROuq1bx+1+PQo+Nmz/Xc3HoVfE8iFs3XnVLO/N4bl8h7ihjsEBaV1seruQBd8ML6VXpIlJe8mhbLTTarj9eQe872czbWW4cFBO78ICzEet0fJTITKl7fHGzo/EcTjVD+OlZbzg9iI7JtmNeMtVlu+K78n2SeY3PO+NYR+4Ho7SskrGmmO8USMuH9+KJJ7/7HtmV/Jj0BoewUoPEsI2YuE0dvN6vQwnEkPldbPjal9GmfTQwTFgvYbzwRyuLDA0uVmJbPE3b22X95OJAws0+SIp8+V1sUlxbPPSVkWaPCmVznJKfxN3pFIkaqHrdut4bqrjeenxXjjceIBTW4LSM3I61/fj6k4cw1dSfgP1RRm4KL3TD4tZS/GkM79xu45r+qjTqGveH2fnK+8E7H53eKo8bGHXtSfc2XnQivK/b5XOCxXj2DHeVofi/eJa8Uwyiq+zdCMXeCo90Ohv/tSeLkQt76zvViWKMjPkxOFMp7aOMtPfs+DnejkOfpDB/i4Db56uBr/MmtrbQc4K5TaRBfheSjrHrrGKNHlSLp01ZQFn8ENsvTe+w7H0DDkYezcDyZ9+h4bbRpj82HQsEMvyQHf5nBmwuKcN10r/jjd38vVlYN3hs6jhp2XrDziWrBTk3DMBa554EKZoQMWnn2D1u/L/vzq9ABXsAmQ0ZRaiVAupJaYPzcBk40Z8nyf+Zmc2SvgFy9gOs3qrTGAoxpjBdEwLar6Qv+Py5Gyc59kyxg7TVMeIIr35qlqqmWPn/TqWzrKQ0wghg44C2j6oPxOPpOfXokZqu8ZugrfHouAn9nasAxzmSIvo7mqdXE3U2pUFKjOlJDQVop6PpflshFLVxf5rupSGlGefQ81VdsPC1l11uARSjSnlh97ufnBmN+/tlzKwb8tW3JB6jGXzX25F/uZ81LD3tk7KAXA1mviGj2U/fCyglEs7ytCUFYMTYUHdbp6brsu9N4yfugj2DuLu4WoGLifOx4HN6vVzvOD5CL9jqMTFNMVNVjIu8uCK3Xi6hokkQbd167LdLKCZai0FlidXR+Dyl6JKah1b95YYOe8nuuDO7m1US9tee289Frpbs5vlRpRnbMVF6eBQVf8FCzjDQlEubU81buwqYf8yY43lm2x7FkTxjWr6GpmrWb4r2lqyfVK+bi1y+XYbOeChJXJyJ3ajX5AYgEPbk9HE8599z+K35bw3mThTemjAOc92Yf8PW3ZbAEpzRHVPdlzV7A7AiW9YHplpPh/4cbgzbD6Kxd+0H89BuRRMiO0eYDpvd3/OzXFeiFLKS38nFkCz4ObElgj5nJPoclztQfbTXUGdHOyptruWJrXmDbJClt/yAzC9VTfm1epOnsTBuHDMMG1A+aHtSPlRfDaoMlBUxI96azg/oVwSuh6u/IFVXSHyD2gI0JrKcHSdB7IPZKCFZ+7Vrcg+/LUU+No6KK5vd3De5z6HVN5ZX4A+qxsPL23XvkLy/5Qi8wavPtKBkpLvUMWfBLK7iDHSErpb4GQHIxZwFn30Ffb/s6OzQ6NTF7/Cx5dY7pjaYFpnZzummPB79tJejc/zrqFEegrZge9/uoKTFSxTjS1hKz/ZkzlMgj07JBqK8xFzsRE1ot1lzT+rEXOqnAXjZrCzVymelzVfQeYHn2Bdqfib3xpw6jKvnGyEMYNxwRoMt5tQkc2C2bPyd2xubcCRS+JKdVd05KVHpX9BxulqNJvPQHjcQXadzMTmeeIzQsigoYC2V42oKlS/KSxE9U/yU2ZFtUKdVa3Fh0cq0WJkDY+VOxCbex5R76XDzU9ztU3dscDoWKxq28qSX6DojLHTLDspYBk9NbyrGqNi+sBPrpJlLS8jS8aJFHZz32EOx8A4vJZbgei/HoX3khCNv4MtLPg/UdEKExteZa8Arx0vxrL4BNhO1PBo3D4EzhPZ69UylCtteFVhmXTj6ThbtYqqTuvWabu9YMNL6FgQHXRcbZ/kpcOXl6LiXvyhvw8zNGlrRO2FHBxYF4DM/Zp662XHYYF62+cYHOJBjaLtpoM5u0Vj93tXS6RSbVX5qLrKj1ljjJf7F+py6zLK1XvMrirBP/nzglGK+5tw2Ep1ba3hHa++T35A2MO8npo5rB7iy6iquxSr1g47DblLeECmVuo6IPqx3Xo4N9t/ykfqM+rBzRAcVwPCCEYWliy8GBote/NR3gZYuSvVkInwwbSxLFgp2qP0AEFJ7UVcVA802TH/T/7a+YBvpOTPwKg5/x1OiaBQdgtNvFS638ww+V7+A2oBzwi18UjZFOHKo0cLTOi8XrWhmRcJj7bDY49aYbIURY/CZHtnLHLiV74mNEhVZGSeNpbsSGVrmB3Ubd0fL3GWP7PUUF26/mcc7CpElhR9ni2V7g6nKq53pOkKsr5VrcZ0/tc7ykxCCBlSFND20xgjfiN8Z5pS5iMxJBaZeV+j5qYxbJy8sHBDOmIz0rvaSQ401SZKfZMTipSn1+LA8UJcrmvF+Ikz4ROdgNeyTsFtqlimUz5Kn3fCW1vSUFBSjRssSHD0DMGKvxYgOk61navJoplyAD1xETYo30xGz5RK8kYrqqh26vu6JTps98A/pFYrbfObjtS1z6FKW6czOmhv671abO+62oDK+jkc0ZDr33brfG4qejnmPRx/04jR9/sgPD5BesCgzGALP5THXewwxRS/cPznA+KzwdYUi68u8JJ1F7hKY1TbwdXdBaPbyvDlXvWOonpgbdytZNFg88cg3dPVRrVPWrA7rwzNLBSdMPsJJL3Ag9MQJAW5YQIviS39GvuVLn1jDPOCRQzN7BcRPtcOpo3F2LuWj8uth87yCCE6o4C2X3jHRTygvYkb6s33LJVLM5mpG+HBqx9qU5eG8i1B2LfEid0MxyKft1u19kLgi8rVfAfQ5V+k9owt3yR3BVfq05LQ7qUeTcdQtT0Uh0Kn463AtXIbzbEO8I/W3NFPex77bi97I8VvEgtAc1DDS1gejYKPu1iAt/98WFPJqhIN1Y653tetpE/bXYl6Xjp56+uu9rHdpunIVWobOSxcb5VKcHnb1O5tWX1gP5Efh42ovyyn9CjQC468DWhTo9wuGHtQK1VHr0bus5r2hzwd2i0tPIzcwXb359ys49W7d6GYHT8mDiF4WqUDNgM9rjrJ4y4eKuUVQy0xYQjb2lUdLZTGqJ72BDtv7dfjkansUL2QrbGqvjYmi1ykB2gtUj17ztDzx9A0okbqZvhnnEqW27dqmtZ1lqyPwp/cHWF6uwkN11sARWlxawO+zzuOdXliDFbhcykzgWuf8za/mte9+OOfpWVIzyzGqz6ac5oyBZMH66H7cDfdBrzlbHVBIo5KVdMJIUOBAtpeGWPsA4tgxnvPZHiHL94frJHGlmyvLERplZzOf5xbeA0eS1c8FspveO1g4rcDy96JhJultICqVVl44YN0uAX4wUTxw3CrEuUXfpGCktFj1euFDhBFp0sPRyLs9fWwcXIRH2jhux8r0rPgvSS8c5+gqRLVhZVS4DPaSDV4d00+jzBeDXha1419e2U+ynl7NLZvTRT7RlHduDYfOzXdSB4ok/aL4+w4aXGuz+vmdNruPfiWt9sdOxPBH+yH4xyfvpXciIASDv5YGKa5CvaAKsmRxu2FGd/u92GryMuJkfB4b4dcZbKuBMXqw74YjYOVu+I7umD8kv0IWzVTKl2sKkrr7GCn/BIvPbaD7ztZqsetHrXckotY7OcdhfMjvRyLfaTzdt/xubkH2UflavL2fsodTvXzuNIZH7bnvFS7QWNNhWFKp7wv2oPSqywvHHzguZTX7KhG0f5k8aEGLM9sFNcJMy/YsjxeEcAfoDXiQvZWOf1O8ocP25P1A2I11lK5G7XhN97G1dwZf5ptDlstdxq5VTygvA/zQ2ch4n4jrcvJ7sO0KUbAP8uQ+reTiE0VgWpyNtapD8HDVVRL7UMnPPoEElwt4HTnlar0wBkrd3wstUfP3LGyW0eHww67qeG3NRZODyGY/0TeMwrz3bwQG+gMC7p7VNHW0dt4tAaW94QYGBqHtgfdx35V0laJE+uU28jxYWFOIZh3TKKmvq4RViyIUhlDssfxFxtRxMfu7Aw8eh/rtG/jnIr1qI2Va7LqFF4IcdDaQY/K+J6+6XjhVS/Rq666VlzOiMCh3V3V/uQxVMWMuuuFSF0it/80eakAG9gNZn3eWqRsOSZ/rsyMbftxtu1tZTi6JEAqienruiU6bjfsE7AsOUQupdREw3jDUo/R6Qnwltpsqupb/mgmf0/t4w6r8GPfc4OW79lRh6JtQcjtbC+rGCtVzKppYd8xhX3HrkKvSPhkbIS34oGAOrWxWBXnj8rx0xs+FFO8j2otB4nyOLQ9bzd3oygeOzcq2r7rtt39Oje7jUPLAq0D+6WHCDVZEdi3TbSL7tdxpesxo3S96KjEUd/5eu3pWK/j0CrrU94ricjCa2EuctCpZb/1du1UPU6YO8of+bei/kwMUjbrq6fjfoxD26vex4tVGSu2n2ORBi9cguUPqrRbkKiOQ2uOmAh/eFpqqR6sMp6qFRJWP6E5ML3dgeb6KziT/ZXKWLGPPeqPdbO19TyrNm6sYgzXHwuw+MidN/3QbCm2fRwOZ2m3tKH8wGK8dEj6YJD0kGea8vmeCUiIfrz7Pr/N7uuaLGChsp7+HVfaVePYtgLsF3N3bMjHoR3qvCdkZKNnbD24UZCN4oo61Y4vpM57jiE1TL3Dl2qUv7IVuVWNcikd095UjeK9LEA784tIUZK2CwdyylB7Uy6VkHS0or4qH5nrApRumAdey+75SGJB5MVatu3dx7FXlRuPDzMKUaUojeTYdjfVliF7S5BqUMiUpiQj/wLbh0r9T7TfakTVmT3Y+YwiAFBUN65D+d81BLNcE+/tmL0aucA5WP4R7Nu6BR23G1UxOPRMLLLV1t+zDORv2YMCdgy09LYfB0pOKHbGquWl4rh6WTmY1a79Zh0uHo9Fkkowy+1B/rNrkXmmEvUD1X9IUQTSduer5tMd03G79XJu5qMoTR6eyNZ3fddYp/06rnQ1cMP2DChd835/Ni6IA7S8qIfSWQ1arleigF2bVYJZrp/5Y3DD9gyCzKwcnPy2Hs2/9XQxbETC/xzDwbPVaGjt7aJZj4NFoopwewvalNd7zyiY3vsgFoTNRZRS8PX5F9mIPV6KGuUqykPqMPaya7B8aBnBZpKH9G7Yun0NcX87ixqpZ2s+34Hmn87h4AfZ+Jxq1+rIwPKeEANDJbSE3LVESSfUSxcJ0U4uoR0z9CUMU3cgLGkR7G/1dPxqrpViOAaihNZATXDB/tAZMP2pEFuO/IDzSgGqqbEFYsL9Md0cGkqShxnTaOzOfAr8seyVIwuwZp+cTAbYAJXQ2r2wD7v9bPpQQstQ3hMyYKiElhBCSJ+druahoxGcn3obS2dpq845kFxgFvA+wv7MglmjVlzOSaaHMXeBx1zs5Xabo41wr+mormGjxhhh+gMTMUGqJt6IBkUV4mHIwvFJRL/lIwU0aCvHP6gw34CZws43GhukNkZtaNI4XlgXyntCBhYFtIQQQvou4x/SOLCwmIHwuINSJye7BqXvKV6jgA/llYV1L/nBngUwN4q2dm8uMBJNDpL2szztwkqRfDcpqamTqmsa/WEWVkeF4KBiTNkXliBmoQsmjAGavy3G/mEa0K5MPomDO9biKUceijej/G97cbi3foTIHeH7vPO8eVqP3bLz0t6Tmdj9309hCs/OhmJ8+pH8kSaU94QMPApoCSGE9F3zYcTGpqG4uhltvTV7HCDtTXI77xT1NrBkxGr+7iy2fHgWFb80ok25kfXtNjT/8gOKjh9FVNY11IjkYamjDQ0//gNprzyDlw5QUymDJ/Jz75vx6LUSM+U9IQOK2tASQgghhBBCCDFIVEJLCCGEEEIIIcQgUUBLCCGEEEIIIcQgUUBLCCGEEEIIIcQgUUBLCCGEEEIIIcQgUUBLCCGEEEIIIcQgUUBLCCGEEEIIIcQgUUBLCCGEEEIIIcQgUUBLCCGEEEIIIcQgUUBraOwTsCzrB8TmFsPXz04kEjK4TFadwoY8dhxmpMPWTCSOQDabihHLvueG9xIwpF+Tzvvhz3QGlm7ajcyPT+LkSTYlrxQfEP2ai82HxT7unDKxeZ74WA8ee9QfH78Uig8X28FJpBEyEszdlKl27rBJH9eqeZuRKdaXuX8bor1MxQeEDA4KaHtgE3+e3cyeh7+vSBgO/N3hOJa9jrKGs7efnEaIPpiFw2NHMdblsMCJB6tiCosWnytxdneACX9j7YppnlJSn8nnleb1Di+RcHvYWnpn4sTOO+ndnUpAmNK+labUBPFZDwztvI8+pfod2TT88/tOmGLpm5sRPtsOpkYiiQwjdkhiASoPUpNniCStzDHH2UJ6ZzRlErykd0Q35ngjUt7fB+ebi7ShokveD4Su/79zWqL9oeRj855SXfalp/DGBPFhT6Z7i+W9ETXEd/amE5zx1IZ3sPIBkUDIIKCA1tBkl+DyLfbaUYfyghw5bcSxg2uy4ka4AgsDRfJw556A4CMVeO29PgQo3MMb4fPBeWzI7brp33DkFHxCF4kFBpMPPJPj4D/NGmZ9uCEvL6lEC39TdxEXiqSkYW/8qixEZ/2AZX0OrPag9Js66V1LBTvvpHdDRIfz3n4TfyhRrOcHcZHw/6jrOO029SUoH9GW4Y8P8ROnAecObMLyBQuwYPVe+aM7oes15W7SWIxEvp+lKRib8kR6L9r+Jd5o1Ygz5Q3Su7YrP6BQeqcfCx59Agdf8O9bgDJS3Bavw0DveT8y/NbDPj+9OVicM2zaWoxmkX7H8jYhmK1zeWwazvHTx2gKvBZRbSIyeCigNTRVMTgUMAlxvh7IzakWiSOMWSScHVgQUVmJehjDee568cEwZ2mHP1gaY/QoMd8Ds+hT2JAUCW97c5goLW9i6QDvlWvgJuYHjW8kPCay16YynIgNRdw8doyJ6UCKvIiylt3zkcg/DwlFTZNIHOZMJtrBaiwwWsz3Re1mD2kfJD4fA/18zRgc6Ny3GagSqb3S4bwffz9/KGEs5oZIyvzO4yfuSKVIHMG8J8CSvbR9ewKvHipmYa2e6HBNIT25iYZfxdt28dqDz7/IxuJt6fjTx9WoEGn6MMHGCqZj7obMbMS1m/K7tvahjmh1y3v9q8Y6dizx42nxtgJ8L1K1+TzvE7FsOpJKG0VqH9Q1ysHp7Q5pdqg0fHUYrx45hzb2/vcWU+REQgYBBbRk+An3grNRK8o/24PyOl7d0wv24qMRwTcdK5bIVXabKnJwqDOADEDStgyU/tSI3+QlB4/jvRjPXuq/TEXpF/oskyAjys1CpHYG5EpTVIxY4C41xgi8fPa3m7XyPBl+pNK5RjT8nzRHBpiilLDhxjB44nk35P1tEa033cQV+d3Qudk2+Pcw5K73u7lz5/6roaEBfNK3yZMnS+sdiHVzQUFBKC8vl6aBwNv6RXkCxW8vQ6nLDgT5OcCK37V0NKLmywx8uDFeqdSGt40LgX1lRrebu671TEd2rkjkzMLh+mo4HnMX62VarleiKC0eBcfz5QRBXodyW5TG7usT5GV/wYnAXWh5dT38H7GDGX8ozLf7i1SkbU7u/qCSV39dEwLPieZyaYD4jkffjkf33yMf2G5YjwWPusBG9JTTfrMaF7L24MTeNDlB2aNx8I9YDLfOdbeivjIfx3c9h5pL8iJd7OCWWoCFE8uQ6ReABum7GKM0xQknjohFlOm0bh2322wRnF9aAx/PrvxpulqI7O0xKP9GUUom8l3MaVN1RFHSyatTFyBoKsvrS2lIWh3bh4fGdhgfGoeFQSywtxQlb20sf0q650+/8p7jbR5ZkN21nZrwaqcb4TFOzHI8wHk6FFpv48Vx5cHyR1ES3d4BKa+6/18sX15MROA8pfxh50NuyloU55XJCRKxHXXsXEtphP+LIXL+s0/am6pRtPc55B8Xy4vv1bNKnJg3H6ViTmOeajivO7HjxD46Cr7sOLEZ15U/tRXsONyyFrVyrWUNtF8zFPp63ndfToPOvOo6BmuOh2LfdvUHGCHwyUiAt3UdCjZ6IF+qUi72OXrJb036cmw9vB7eEew4ceqq8t5+sw7fntmF49vTuh2zo+ftQHC0n3Q+aCpx1/h/ee5A2Ossr3h+v8zyu9v14Q7wDlHWewBnExG8+bRI7C8drykRWXgtzAWjrx5D4jNr5aYASqw2FSN6jjXqz8QgZXMGSxF5eSsfO7dUwu2lrus+P39KD8YiO0P196fv56YSM3b9ObAaHmZ1KNoWpMcaRbxTqA3sWCxG4tJN6Nve5m06n4K7eSNK/vcTvHlNJKvgbR29MVnMSX4swOIjmrZbXnZC6SdYfdESbwTMwmRL6eYAbdev4NjfvsJBUbjG20Suc+vl3Gw8h6Q9ZfhczHIW907CK09Oh5MV2+G86OG3BnxfUIA3S5u61wAYY4aoAG/Mf8ACRppOCLXvYWo+AaufmAl3O7Y8X3d7E2ounEXq6Ws4r1KgKvYJ//ujdQie+29YPO0+mPL/o/lnlOQW4s0rvCyuu4gloVj0APB9bjrWnReJQ6L3vJfz6CaOvVuMJuXvyPdLSQHe+ILdx8qLMkr7RO3YkNeD3o8xrceVqt7Xp2SCCw7+xwyYajiWtBLXLdPvj+qniYSCXq+HhPQNldD2yhiOK48iKrArqMEoc9h6RiL89RCR0B/spjE1DkFKwRLHq5z6RETCRsz3H1tPOruYeIqAhuPbPWc9lkWrdXPh+z6i3pGrv0pBISe+4wt/TVfbFjs4J7+PFX5dNzbc6HEsEA0N715V1nM/ouPC4aGybmNYOfkhaHmkSFBithquLP5orywBf0xRe/oibvBqx14aqh3rtG4dt5vd9Hmnsv03RzV/zCZ6ITgpC779bp+4GtNYIMGrIRVs61swaxufhRdW+nQFs5xRV/5072W4b3nvlqrUBlIEffZLlNL49JF6/uvALx3Rf+5erbozr1R4wXnHIXaeqeUPOx/8Xz+KZas0dM0y0R/r2HHLg2XFPdxoMzt4R++A2yAW6du8+ibC+HGlCGY5lj820xYhKun9oe0dWaNqXPzsa+lhnK17uNy5lzLfRZjG+8K6WoiiQWkfzQKsTavho9Z+e/Q4a7gGxiH8JR+RIvDjigWmjlqCWW1snmLnEO9Ya6wDPIPv5No9zOzPxgWemRNnajju2fkhdWzGAtU0HswqGeeOcNHsQXFO8vPHY1UifFQ6euvHucmF+8kPv0ZZw3ORhmv9oGrEm3t4Nc4+BAY6MH1wLpKXe4lglhsFI8sHERzigsdESn/YPjhLWq/TvWyHK+7Sxlhg8rxA7F58H2xFkuQeFrCFB2LBFC3BrLoJDyIp/HF48uBXse7RZrB1exxxEVq2+x5LxPznIix3E4EeZ3of3APnYh2va6/B/iNytdmhDWa5vub9BMxf+ZTqd+T7ZfbjeGO6xh+t4eVaGZbzqsp9DWYHA7sfI2SwUEDbK2OMtzZGU8Ux7Hs+QKoWuvO43CGOlWfvT9G1msNuGnmk8FM+Up7xlqvtBYYiJSUHl6+3yssoqd04vbN6X2pR39pVmJkZo6UqB/v4+tm6D5TIf2fPbrS7sMA6wg82Rq2oyUvGzhD5/3jrlWQUXGXbYemFBS8q37CsxsNT2UXqVhmOSvuDL6+9qqyVvzus2GttXgwSA+V1xz0Tg0M5lWjQ9GA33F3ap9WX9sjzuYWoYjdrJlN94CyndNJt3Tpu9+tR8LFh++9qPg69IpYPYevOq2Z5bw7P5TtEIKDUJvLtQhZ8M7zETZEmps7SIl87SP3m3qxGVV8aUPomIEgqeWtE6X7F9+TbnYMa/h15/qzp3olU3/JeV3uQ/bTiO8WjWLSR0owfV16wYvcB9SVpXcd4SAQyxbaoCNuIhdPY97xehhOJogo22+59GWXSAw3HgPXdzzUWNJqx47YqJ17eL88ko5Rvk5EDHnpCXkS5LafivOElW4o0eVIuneV0bOfacRP1F3JwaHME3pL+xhuJiSJ/7neHh7u8WH/09bxXXu6E1GSVl+QqvoOYlEtWj7Pjnpccs+3zVOul2v4Jd4xHK8r/vrVbaR/GeSFK+YGHmO60B+P2pjpczElGquLc5Hmfw881Oejm1eFlXvBc6iVtX21RmrheKZ0PbZU4+qzmkuDa04Wo5R1r3apEUaZacHcnrDyw9Imp4INUXK/XR2U/Ha8pSEZRCc9MO7iFqwXqgf5wZkFly6UcFKkfyGPNMd6oEZePb0US34/s+pZdyX97rOERrPQAsT/nJpedj4v8fOyoQ9ExcT0f1nRr6ygxNWP53oDzJ44igv1dxAdnUcN/TMwnwpP/ODHKbSKP/chTeEmh4v8Rk3IQcs8ErHniQWm9FZ9+gtXvysusTi9ABTsYjKbMQpRSXzu2bjPhzk6QtmvncPCDDGnZiPezceon6YTA99ksrbM00ATr/GZhgnEbas5+hjd3yuuO+OAzfM6XHz8Df3LXELzZucBz/G+4Vvp3+W/ePYqTP7Ll77GCk3O3R2IGygimvzdCW/VZJCfz75iB1PP8mmuEyZPvpl689CCvHFfZ4WE6PQhr2T0PDeBDBgMFtH1QfyYeSc+vRU0Fr1rFfsS3x6LgJ/Z2rAMc5kiL6O5qnVxd2doVHo/OlJLQVIj6I8/h0LMRulXp06LpEgsknn0ONVfZjxlbd9XhEtTzD5R/r9z94MwC6/ZLGdi3ZStuiOqR7V9uRf7mfNSw97ZOykFQNZr4ho+1wzQWUMoPMsvQlBWDE2FBuCjNd2m6Lkc946cugr2D+BW+moHLifNxYLP6TQ67WX2ElxRW4mKa4gc4GRf5TZaRC1zDRJKg27p12e5FmDaVhZ1tZTi5OgKXvxRV6urYurfEyHk/0QW9VWTVB3u2rfxmviZrLU4cyECLdNDw7X4O+/bKpWw2U/27lbL1Je9Lo5RukEXHPd2CPV2rlyp0lvIdw76XY1HPt4Ory9f4IMN5tgv7DnUo2BaA0hxRBZZtd83uAJz4huW/maZzrRHlB57DgcQ98n65uhUF0o09tJQCD4zaWG+krH0Ol8/kixJ3FojlPIfSq/y9MUy0lGAMrQwUFfE8sYbzE8pB0Hq48gc/dYXIP6A4BwfaHuSGeeBo4lbUStdYhud9YiH+yd+PZftQSuRcMJ6X+nVUomBjrLheyedD/gV+nbgXdtpOzNznkMo71grQV3XjldjFx11M24zw6Sz8KDuM7X8ZrH2mqj6N7S/2ajXVT3rIp2A/1wVm7LwqPhgvUpS0sfMtMQCHtiejie9Hdn0rflu+5ptMnNm5nv6dm0xVPI7yB2AjuQPD1mv4/HA2Yr9rkaqkNty4gjNV/AI3Ckb9vQY5TII9OwUbivMRc7ERNaIKcM0/qxFzqpyFqGaws+8qKp88jr/vQBX7ncq8IXcI1NDcgOR/XEYzC8Ym2CiFEyzQdmIZ23a5EDFf1KNEPMltuFGPpI9KwQswbe00BG+/1aPoyDGsyrsm/83tFqRe+ln6yMxYqVqFgWv+7jTe+PAKTvHnOrc7cPLsd9I+GdQflBHhMPb+rRwNo+zw5H/vlsan3TXUlTTIiEcBba8aUVWoHhwVovonubRkdH+v5VVr8SELIlqMrOGxcgdic88j6r10uPlpqb6lM3azfyxWtWfWkl+g6Oyv0yw76cZl9NTwbqUusR/4yVWbrOVlZMk4kcIC7w5zOAbG4bXcCkT/9Si8l4RorP7XwoL/ExWtMLHhVXUL8NrxYiyLT4DtRA3duduHwJn3tHu1DOVKG15VWCaV1DjO3ignCDqtW6ft9oINLz1nQXTQcbV9kpcO3/v5MvfiD/19mKGD8Wa8yk4dqk6rt2ljjlxmnzBm5kolWFwf834giU6mblwt6V7K1004bKV6zdbwjlff3z8g7GG+D8xh9RBfRsnNiyjYr7pfboiHHIOKt4WPPyUNCaS83QsH44nHHWjZm49ydu9t5a5U0yTCB9PGspvnoj3yAxB1WjqF0lQiqhPeFl5tCKtYje1If0ELL2Ud5QDvTethJlV3YEHbkv3wncaPk5u4MUSdKhuNtYDlUBVFVG3FlzxIt/aCp2KYM7M4zOIPJ7RVHb91GeXqgWZVCf7JTyF2/y5fF/t5bt4tar9DkvTUpcu15t6veD3xtLGUOhizmB2kNBapmJY4y59ZdrXJvdEqB9D2jzhjkakceFmYWiFmjqNUMtb0q9LALLZW4OGqkeNcHFRf9+rZ0mf4fxboNrT4rZ9QVK3We+6lQql0d3me9pojhqUR3375s2qv1o239DesDSFkQFFA209j9DAsRlPKfCSGxCIz72vU3DSGjZMXFm5IR2yGpnaRA6Q/Dx5zQpHy9FocOF6Iy3WtGD9xJnyiE/Ba1im4Se1DleWj9HknvLUlDQUl1bjBAnhHzxCs+GsBouNUH9mZLJopB9ATF2GD8o1T9EyphGa0g5dateO+r1uiw3ZrCs71orJRDjTH2cFeYz09TVrQcl28NTDtbX0JMA15WJJI+P5VtIXn7TMNSVMsvuKlmmYucJWCIDu4urtgdFsZvtw7iD1d+6bjBdEWXrmttWbHkH+Y10xg18s5q7Eug18jsrAu2gc27E7/RlFa96q1A2Yv1ixYgOBVO/BpdRtMJz+J8Gc0PUwbDIp20cZw9F4tJwW7w5Htk/IzGqqOazVO7SEtDRk02MbouMPPFxXj/K8sSJ3ghojnQqTgdP9zT8BzAj8hziGzRCkQpcwkg8E0HCv/3RkWHVfwyZZV0vi0awyh1QExaBTQ9gvvuEhLaYClcmkmM3UjPJx66OGwLg3lW4Kwb4kT4lhwm8/brVp7IfDFO2nrqIPLv0httFq+Se5W6tI5LQntXlrTdAxV20NxKHQ63gpci8xvGqUq2P7RqqWoCu157Lu97I0Uv0ksAJXbu1k9GgWfzvaFXnB7uJebQQ3Vjrne162kT9tdiXoeh936Wqktpfo0Hbln5KV1UpWPKqlYlXe+0nsdnBb+8J13aLVIQ8n9Eke5PW5dtV6qqOvVr61S9VszS0d5XsEsEm7dzoc9oifgauQ+q2lfy9Oh3dLCw8sSf7hJA5BWI3+bog2tPMltWYe3qqOF0ljP055gx7/9ejwylZ0iF7JxUaV4f2ApqtW3XM0R/RQo9qGm9stecPXn1WgbceO6fIxx7bd4W9BYpGwc/Lum5upPsSPjnFSSY2k1hOMuinbRZtP84cybb8xxweimr/HVfh2q+wZ6wZE/mGli+1dKMOBz00B9Lv34ANc+l9vDapw+lqv7crYPOeOh37Pj8EYD2jpPiBY0XClEUloZTin3WnztunSctl38TPN6+fRBGQalLzhDN85ctSTb1Arz7Xu417ubzJ6CiUbsmDz/CVIKq6mUmwwKCmh7ZYyxDywSVduA0U6r4f3BGriZsd+MykKUdt5xNcrBh6UrHgvlwagdTPx2YNk77AZeUxu6VVl44YN0uAX4wURRGnurEuUXfpFu0kaPvVdOG2iKTpcejkTY6+th4+QiPtDCdz9WpGfBe0l45z5BUyWqCyulG6DRRqoXdNfk8wjj1YCndQVk7ZX5KOftUNm+7WxfqKhuXJuPnRpumOIOlEn7xXF2nLQ41+d1czpt9x58y9vtjp2J4A/2w3GOT99KbBU32A7+WBimuQq21HbxTKW03PhHNuKF93Z0bb+ZF8wCErDwwFG4yikoL5G/t23ADmmd8rHigvFh6YhaOVPqQbe8KJknDi9fVEpBtsnD4ViofD6kb4SHhvOh/BK/6baD7ztZqueEHrXc4g2j2KE27yicH+nlOO+r/2cut++8VYeaC3K+8muEW/wpePe5BF6/5Icg5pi2/H0t1e+VFO2R2vqOdvCB51JeQ6IaRfsH93gyHSvXdmmpq0T9T7wNLQtY2Xng/4G/hirHi+DmZIz2q4X48O0NSBEB8FsB03FIw/A+KviwPbxauMaaJMNUn64pCqJdtJELZr0UKV1Pa87s0t6pmdE4WLkrrm3smrJkP8JWydeUqqK0zlLdfp+bfNiej9j+zi2Gr99QlVwPL01S9WB2bvpMwXxtlbwqqqV2sxMefQIJrhZgh3uPfKdOglH7zyg6kY8t+49InVMt3nEUER//gM/Vezu89jOusOjCaOpjSH7UCp6iivLQMsWTrx/ESak9+kY8Oex7EGrDb3y/jreHv6OJVK3b9g+TkLT8CUxXbftDOuTfXO0MLe/JcEbj0Pagx7Ed2ypxYp1y5yJ8WJhTCOZtltTU1zXCigVRKuNH9jg+ZiOK2LK5nWNN9j4uofK4i/J2axj3Vsu4lyarTuGFEAeljldUqYzpyKsHvsp7GdWkFZczInBod1d1RT40jNa2hNcLkbpE7nTI5KUCbAiwQ33eWqRsOSZ/rsyMbftxtu1tZTi6JEAqQerruiU6bjfsE7AsOUQurdBEbR/KQuCTngBvqc2ZKpV9CB8WjO9A0FRtT3OVx0X1Yd/zffY9Nd/VtFRksJv6mM72srrmfae+jBXa65iuytut7Xxg+7qyEY4O1mr/VyR8MjbCW/GwQZ3KeLc9jIna0/fgwzzF+6jWoJCojkPb65iuytvCjpOw99h+VammqUx13Fid1q3jed8pLAsbInhHPmpU1q1EMY4pf6/t+Ohpn3cjllUer1jNjaJ47BSlqSYsz9axPNMarKls90YE5UTCVcv+bqotQ0HKcyj+onuppPK+7xqTVU/mDdS4i329pghmcQg+Eg5naf+w4zqQHdfdStt7zp8WdgyksGOg6890OTeVKF8vKtIQ93ys/P6O9Wcc2t71Ol6syvie/RuL1PTB2di/cIrUDlaF2tihjz3qj3WzLcScOtXxVIMDlmD5Q1pOiOZ6VBQVIu5cU2cpme3U2Uh6km2DluIM1XFjxffUZWxTnc3Ahv1vY67oi6r29KtYkXhOnhkk2vNMcz4HL2T7/EH1fd6BhuvNsLBUXU+/jivpvWZ6HddXXLeGbhzaoc97MnJQCW0PbhRko7iiDk28ExKFtkbUXjiG1DDlYJarRvkrW5Fb1dhZSsAHqS/eywK0M7+IFCVpu3Agpwy1N5WeYHW0or4qH5nrApSC2YHXsns+klgQebGWbbtavw/d5Mbjw4xCVClV9+PbzW8ks7cEqQaFTGlKMvIvsH0olRrJePXAqjN7sPMZxU2QorpxHcr/riGY5Zp4b8fs1cgFzsHy0/6+rVvQcbtRFYNDz8QiW239PctA/pY9KGDHQEuP+zEfF1cHYOfefFxW3udie/J37VIaRiYfpVHP4dCZStQrHYfSMCfHY5GkFMwOL/x82ICjF7q+X/v1Snlff6OpXe0e5D+7Fplq31OviiKQtjtf9Ri4U/w4ScmR1qmgGILmwBmprubgO/Ac9n2kdm3piWIcU2YoSvtbUtZKQ23VK51n8nmwFQXdoqR45OVWy/nHzhe5NLqLmY0L/OPS4anhKcCADdszoPp6TREU7aKZ9kuFGoJZ7dpvimuKSjDL9fPcNLhhewZe83dn8e6p73Dt155/VD7/Ihuxx0tRc70FUK4yrEFmAVuOnxC3O9B2S229plZwmh+IBKWheGouncWqg4Wo+KURbb2se3Ccw1/SizsDbpv7Z4h3w1dm1mc49WNjV940/4yS48ewuqQvfUaQLoaX92T4ohJaQgi5m03dgbCkRbC/1ZfS1yEmalqYVR1Dytq1uKEceU1cj4U7VsNtnJbSy4EkSiTGfJuGxesOi8Sh4AOPD/bD3161ZoAqXUrbh6OBKaE1TOaIefYpeJpW4+RfC5Cq3OHwPaOw4HF/RE03BzSUJA8vT7I8XQsPtqkNhfFYvuUfIp0MqIEqoX36bXwcOQO/9anGCuU90Q8qoSWEkLsSb6v6PsL+zIJZo1Zczkke9sGNzVxXudmAkTHM7JU6SrP2gc2cmbCTmgg0ov6ylDp48uSO2YweWoi3l3lAW2XRgST37/A+C2Z5U4Rs5A9iLR8yRCbYiXabo2D2eyPYdt7RjcJkKyu43yc3PGi+PnxLDk3t/oilm0IwQ6qVW4tzuRTQGDKLWUuxOVAeXurXhityohaU90SfqISWEELuKt3bUCq3aR3WtLUPVtJ0YQ9S1sbjzkYD1ZUpliYdRLhyW0Z9l3po0a1d9vVC7HsmFDVaqxuPkBJapa/MQjYUbw3Gpjwxe7e4ZwISoh/vueOoX7/Dwf/5Cpl9bIEwmOZuysSG2YqegNpQe/o9rEn8lHrFHUCq+1zQx7VKUdorZtF2BUfXrsHeH8W8Gsp7om9UQksIIXcpRVvsoRjupl8OPIfUXTlSe3+VNqVS+/NKFOxdi6RBD2a5Zhx+YxPSzlajuc9t7vWsQ/Tv8HxPwSwZUW5fQ1xaNk59W4/mVpUTAm2/1uP7s39H7N7hGcx26mhD87VyfJIYgRUU0IwIcn6+ojWY7UR5T/SISmgJIYQQQgghhBgkKqElhBBCCCGEEGKQKKAlhBBCCCGEEGKQKKAlhBBCCCGEEGKQKKAlhBBCCCGEEGKQKKAlhBBCCCGEEGKQKKAlhBBCCCGEEGKQKKAlhBBCCCGEEGKQKKAlhBBCCCGEEGKQKKAlhBBCCCGEEGKQfjd37tx/NTQ0gE/6NnnyZGm9A7FuLigoCOXl5dJ017BPwLLkEDga1aFoWxByc6rFB4SMDCarTuGFEAeY1BVi37OhqGkSH5Bhw3T6Umz4r3/HjPtMYTQKuPLRAqzZIz4kerQSu04GYYqYk13B0QVrsFfM3RlzxET4w3P8b/j+759g3fk2kU6I4VuZfBJBk8WM0Hw2EcGbT4s5QgbSXGw+vAEe5uxtcy3K//4BYt//B5rlD4meUQltD2zizyM27zz8fUXCcODvDsex7HWUNZy9/eQ0QkYQZ3cWzPI31q6Y5iklDWvydeIHpWmYXTP0zXQp4uLC4WEnB7NkmJnujY9fCmWTN6J6+4WfYIfpliwT7zHB5AcniESiGzskSfs7FMkzRNJQ0SXvB0Ln/981JU0Xn3VjjjciVZf9ONIFj4lPtev6u4PzeaRgoHzT8QL/vUhNEAl3zixkP8KOVOA15d+jj9JhIz4fUNGnlH4D5SksWnxG2O+mDZwDX8Y7K+xEAtE3CmgNTXYJLt9irx11KC/IkdNGHDu4JisuihVYGCiShzv3BATzH5P3ev6B6h4AqU16+IGz31SMdTnFBhlYlZdUooW/qbuIC0VSkhar4ZN+Hq9l6PsHOwFhmvJFTC/ER4rl7lIhf4SzEXttOIe02OVYsEA/pbPjV2UhOusHLKOboO6+PyrtZ3nqe+nsb7fFG22uVeP89Q7gdgu+/+6aSNQHC8SEPYUPI/oSoIwcbf8Sb4aBXvN+JOjlO+5drThn2PTRFZE6Qi05iqhVPrC3NMZokTTcDadr/hjbhzD//7MWSX9LxHsf/xf8RfqdOY1NS9mxF74Jaed5TVUjTPEKYne4ZCBQQGtoqmJwKGAS4nw9Rm51Y7NIODsALZWVqIcxnOeuFx8Mc5Z2+AP/MRkGpVbj77eGmZGxmDMsLbvnI3EeO8ZDeqtubAdbG3OM5sHVEKrdOB1xfHvZlFrUKFJHrj/eZ8n+bUP5J6/i8Ff6a05iMtEOVmNhMDdjw1Zdo1yl7TYLVHvViIT9GVj87lE9Vzc2w4R7zWF0V2TmTTT8Kt62i9eholPeD4DzBVi8LV2ecnu7P2nEm3vEsts+QUmfL52NuHZTftfWfjdE7X1hB7cnZrKzDqj/IhlJIfLvkTQ9HYpaeaGBlTK/6/88UikSezYcrvljprni37e+gW3JK/DvD9+PsQNx/1ZfjMOv/A3neGGUmaVaExKiLxTQkuEn3AvORq0o/2wPyuvYRc/JC/bio5FAOQBSXPhvFMV3pUXFSGlkiFVmdOWJ0rRz493dWHTMKP4E4Tc06bNAj+jPbRFVNd3ECC+TGj6kktlGNPyfNDd07pK8V5Q+N9ygDhZkfrCxZi9tZciP3Yomdt9E+mI0vP4jFPMdfo8xHb+iIudLDFwx0XW0/SbekgFBnUL1gFcNjfIEit9ehlKXHQjyc4AVv5fraETNlxn4cGM8ui6nvJpiCOz5TbBaQNK1nunIzhWJnFk4XF8Nx2PuYr1My/VKFKXFo+B4vpwgyOtQbi/S2H19grzsLzgRuAstr66H/yN2MONPnfh2f5GKtM3J3R8kP7wRPmtC4DnRXC5hFN/x6Nvx6P6b4QPbDeux4FEX2PBHgkz7zWpcyNqDE3vT5ARlj8bBP2Ix3DrX3Yr6ynwc3/Ucai7Ji3Sxg1tqARZOLEOmXwAapO9ijNIUJ5w4IhZRptO6ddxus0VwfmkNfDy78qfpaiGyt8eg/BvFZU/ku5jTpurIJBxIETPKeLuTJQ5SQKs5UJLXb8E+T/m7K4Kj/eBoKZe8tl8vw/Etz+Gi2Jbux4gGNwuRqv7EVpe85/uEH1Pu7JjSVDKqtH7l4z63Y4fKtt+oOIb0l9eivnP9kfD/aCM8xolZTtO2alpOg8796bkf0fE+sGr6GgcCg1AlPu8UkYXXwlyAS2l4a3WsSNR+LvdG67muZPS8BPgu98c0tr9N+P5m+HlffHQX8tOPyQmd7DA+NAFBwe6wHaepxF3TdcAOju9kYdkj5qj/gh03sfoNwOduysSG2ew7bg3GpjyR2F/i+O9ZJU7Mm49S9r1ckwsQNBWoOR6KfdsLxecKIfDJSIC3dR0KNnogX6quLuel3aU9eOvwvQiK9sFDvFSffdLO9nnu9ggUf6F2C9On816N5w6Evb6IXQfYtr7MtrXbtae/RKdQvMrx6j5WNJ7ggoP/MQOmjeeQtKcMn4tkFbyto69qxbfvc9Ox7ryYUSYtOw4l/5uNM/fNQoT3JFiMYQfu7TY0fFeId7N/xnkpwOBtG5+Cey+XoObST7A8T7k4bhQec3PD8tlTMMFUugCh7foPOJX1FVJ/6V7SaHHvJLwRMBOTx5tofCSv/j348q88OR1OVuyiz5f/rQHfFxTgzdImqNyZiP0Gvn0FtxEV4I359hYw4n9z4wpOHjuL1Hp5UVWK793I9tEneHMoH/T0mvdiWxsKsPyzNqxbMBvufxD7pflnFGUVIKFaaZ+L46T7sSHWg96PMa3HlYo+rE9JxJJQLHqgh2NWk8hdOPn0lKHpFEpxTXmEXVN4Hygc3838cNfwOzN63g4Eruy6VqGtEZdztiJze5qWSgDidxGafjOVsXufVRvh6+sOO0XVZH7PxK5v+btiVa9v4trc/d6lD/+X1r9ldLrmq9P/b9uY0BWInfkT/vftT1Hxf4/j5Y+fxGT8iOOL/4JssYx+iA6iUIzEpZtA3ZLpH5XQ9soYjiuPIiqw6+YGo8xh6xmJ8NdDREJ/sJuv1DgEKd00cSaWDvCJiNRDm0C2nnR24fYUwSzHt3vOeiyL9hIJgu/7iHonEt72IqDhxHd84a/q7RPt4Jz8Plb4dQWF3OhxLBANDYebmO/EAwregYzKuo1h5eSHoOUa2iKarYYru9a1V5aAP6aoPX0RN3i1Yy8N1Y51WreO280u2t6pbP/NUc0fs4leCE7KYj8IImGQjJ+2Bi+wG2ZFQMiNtnRB0KaEOztWdMp7H7gliWNKUzCrxdi5p7BObdvHOy3Cinc2irkBVLQHpVfZq5kLXJfISV1Y3nu6sB/1Vlz4TBHMDrQELGPXDX7MKoJZjp/33isTsXCJapBhFr0fUSu9tASz2qzGv7EffM7KMwSu0ruRoBoXP/taeoho6x4udxymzHcRpvFSCnZzVqTW9nr0/SF4IW4RXBU3iDyN7XP/19+Hs9L1oL/nvc1TPrDnN6pjHeAZfCe/C3pwrQzLeTXOPgQGfWeOhxYFYN28KXIwy91jBIuH5iJm7p10zDMKwQF8vQ+KYFZOM7KcggVhTyNpqtJJwpj+wQVJy70w2VJzMKvO9sFZSGbLO90rgjZujAUmzwvE7sX3wVYkqRhrh6TIQCyYIoJZbjzbnqWzEazx/1RUnR3iYJbra97f54bU8Mfhfr/SfjG9D55PeyFCl0vNENl/RK6q3OdgdiiZRcL3gx3yNUURzHKqh3Ynk7As6bde+VoFI3M4BsZh3XsJXdc9RadS0iQe8o7zQpRSfw98UumYKXoHokK8VNvZ8nsmex8Ex+2Avcq1cDjS/2/bb+n78MZ6HsyKhEFgAKeYQerDT8LdzhjjrY3RVHEM+54PQNy8AOw8Lndaw0+ofleFncNuvni08FM+Up7xlqszBoYiJSUHl6+3ysso6U87PTMzY7RU5WAfXz9b9wHRSMV+2iLpVcYC6wg/2Bi1oiYvGTtF24u3XklGwVW2HZZeWPCicgC8Gg9PZafjrTIclfYHXz4ASdsyUPpTI9RrVFj5u8OKvdbmxSAxUF533DMxOJRTiQZNTbbC3aV9Wn1JPHnLLUQVu4M1meoDZzmlk27r1nG7X4+Cjw3bf1fzcegVsXwIW3deNct7c3gu3yF+WGJwQFoXm94uZME3o6GqqsbSWV2YmcOsow6l+2PwFlvfW68cQxX/juNcMW2OvIjyMXJCqsnMS+9Ut0O1PY2OeR+4Bj4ObB82VSI7MVReH9vfmd/Ix9WNL+I1tNcxh6unA0xudv3NW9vl/WTi4KWUp3uQ/bRiO+NRLNpIdae8XIZc4spLcqX5rqmrtJsFN2fK0M7O42lz40SaYL8ebvxBcS1b5ricpMIhROXGQJ7uvAfjdrYvijO2Iklx3rPjSt6HfBvD5YUkq+Hjx3t8bsTl4/HyMc6vEfu/lo+z6/x7ayoJPoavRJ7UF2XgovROPyxmLcWTzqbs3XVc00edRqV2V4rrGn+qr0iTJ6Un9cfZ+cqr093vDk+1HrDtn3DHeLSi/O9b5U7FlI0zx/i2OhSz80faj88ko/g6SzdygeeqrmO87+e9qtrThajl7aNuVaIoM0NOHM50ausoM/09u9u9Xo6DH2Swv8vAm6erwS9BpvZ2kLNCuU1kAb6Xks6xa6wiTZ6US2dNWcAZ/BBb743vcCw9Qw7G3s1A8qffoeG2ESY/Nh0LxLI8Alg+ZwYs7mnDtdK/482dfH0ZWHf4LGr4T2brDziWrBTk3DMBa554EKZoQMWnn2D1u/L/vzq9ABXsBDKaMgtRGnpnMX1oBiYbN+L7PPE3O7NRwk84YzvM6q1gyVCMMYPpmBbUfCF/x+XJ2TjPs2WMHaZRAz+9snopCp78QVvd18iMFb+b/N5jr/xwToXZRixc7gIzdi6VZ4hr/jxvJCZmoJxdr0ycFsP3DjvJvFFViBPbnuu8Z3rrlTSU8muh2UzMelpeZkDpes1XMXC/bQPvNMp/ZldM8xkI+u8nYcd/RoleUUDbB/Vn4pH0/FrUVJSxuTLc2B6Lgp/Y27EOcBDBhM6u1skXM2tXeDw6U0pCUyHqjzyHQ89G9FBlpO+aLqUh5dnnUHOV3bCwdVcdLoFUY0r5yaC7H5xZYN1+KQP7tmzFDdH2ov3LrcjfnI8a9t7WSTkArkYT3/Cx7IePBZTyU74yNGXF4ERYULcLTNN1OTIZP3UR7B3E3cPVDFxOnI8Dm9Wri3jB8xF+x1CJi2mKm6xkXKxkdyvsxtM1TCQJuq1bl+1ehGlT2S9QWxlOro7A5S95vjN1bN1bYuS8n+iCQb23YTfjBduCcOJAhlTlqP3LtfhK9LvQ706RdM17WxZUs5f6L/egOEdU92T7u/xtednxNpr3CD8Od4bN7/yb9uM50o8zjIw1Bgd6tz8bF1jej3Zwh6vSE2iToJlSCU15bqx8XgwKFhw9PR/Zu5PRxM9Ljh1X5dm8JgLPS+XSLjuM59tbV4Ls7XvQwo9ffo048AaKeKmz5b34A1+sm0KUr5MfbuitujGvrnfyJA7GhWOGaQPKD21Hyo/is0GVgaIivt+s4fyEcknoerjyB1Z1hcg/oCFAayrD0XUeyGbnj7Qfr25F9uGvpcDX1kFxjN/BeZ/7HFJ5Z30B+qxuPLy0XfsKyf9TiswbvK5kB0pKvkMVfxLI7iLGSEvoboGTHYxYwFn00VfY/8+Ozg6NTl38Ch9fYrljaoNp/KmlxBQTfs9e2qvxed41lEhPITvw/U9XcLKCZaqxJWzH8zTBYRLs2SHRUJyPmIuNqBHtLmv+WY2YU+UsGDeDnaYiqeYryPzgE6wrFX/zWwNOXZZ7KB0zKBesQXC7CRXZLJg9K3/H5tYGHLkkroKdRXfkzkXC42EezVYj95UglH+haCbB7j3qWrpXH37aC47s95zfc2buFtd89rctOTHIlK5XxrCfJR565oZiZ2cAKB4Ca3i4q/IwnQWTO58NRWlWjlg3/72PRXGFHCSa8PNrWBuA37ZBdDj1KMobjGDnuxa7M0/iZPJK8QnRBwpoe9WIqkL1E6cQ1T/JF4B+BxNVa/HhkUq0GFnDY+UOxOaeR9R76XDzU6sO3G+NKD8Wq/oEsOQXKDpj7DTLTirlHD01vHtp1Ad+cpUsa3kZWTJOpLCb6g65CsxruRWI/utReC8J0fg72MKC/xMVrTCx4VX2CvDa8WIsi0+A7UQNj8btQ+A8kb1eLUO50oZXFZZJN56Os1WrqOq0bp222ws2vPScBdFBx9X2SV46fO/ny7Bgor8PM/rjah7y1Xq1brgpH4P9pmve/9oq/QBbPRIOt0fFcToxBG6bfKRlW7T0RFF3KVatLW4acpfwH1ttT2H1LRlFJWzbWH4+slJxfoXA8xF2nDR9ja/2awiAOI2dQmlvG9tXZoHvI4gPN5SrtL9f9YLyvbisES28CMzaHb6rQmDC773NvGC1KhHe/Dy51SiX1A46IxhZWLLwYmi07M1HOdsvVu5KNWQifDBtLAtWivZofjhRexEX1QNNdj79k792PuAbhuf9MFJz/jucEkGh7BaaeKl0v5lh8r38B9QCnhFq45GyKcKVR48WmHCvtDDThmZ+Poy2w2OPWmGyFEWPwmR7Zyxy4idHExqUTghPG0t2pLI1zA7qtu6PlzjLn1lqqC5d/zMOql1aiz7Plkp3DaKKa180XUHWt3xndjn/6x1lJtHIAVa8KvD1alzu1oFDd1aOdtL9iNWcBLXrD5uiZ0oPgMdbu0jL9g/vRyQLUR9VqKy71743CDEAFND20xg9DInSlDIfiSGxyMz7GjU3jWHj5IWFG9IRm5EOWw0PjgeElnYcPcoJRcrTa3HgeCEu17Vi/MSZ8IlOwGtZp+A2VSzTKR+lzzvhrS1pKCipxg0WwDt6hmDFXwsQHafaztVkkVxihomLsEHpYqu4kI9WqaLK9X3dEh22+654SK1r3h/YilzRHnVhHDtOed78NQELp7Ifw7ZK5O7dKi83DNWnFcolzg+zwJAnePrB2Zqll4hqy4PEZNUpRL/oJ7eP6nX/xyObBV3tMIdzSAI28CDreDqiQ3iVtFZUZe0avG3fswYLFgRj1buforrDFFP8wvGfD4jPBltTLL660Codh65S9Ts7uLq7YHRbGb7cq95RVA+sjbuVLFLh1GC6p6uNap+0YHdeGZpZKDph9hNIeoEHpyFICnLDBF4SW/o19vOqx8KY3k8wQgZHm/wwuDcDe8h6wfU90Y+ITn0yEP0wRXhUEJwt2nAlKx6rghf0vaM/0icU0PYL77iIXxBu4ob6cFuWyqWZzNSN8HDq4elXXRrKtwRh3xInxLHgNp+3XbT2QuCLytV8B9DlX6RSnpZvkjWURolpSWj3Uo+mY6jaHopDodPxVuBauQ3gWAf4R2vu6Kc9j323l72R4jeJBaA5qOElLI9GwcddLMAutm4PaypZVaKh2jHX+7qV9Gm7K1HPq+/c+rqrfWy3aTpyz8hLGyxd8943Ep4T2fI3G9GkeLjf0Sr1AJv5SsTwrmpZtRVf8u2b6AVPdlzYB3mx87QapWmD2d6RHeOP8jaxwI1v0rrazvNJ0f5aBdvfj9qxQK2RHY9dd+q8Z+7ivRtwIEW1J/SB14zq3B04VMorhlpiwhC2tas6WsiOS2NMe4Kdt/br8chUdmpfyMZFlZoAPTNZ5KJWs+AuOe+HjUbUSN0M/4xTyXL7Vk3Tus7ryij8yd0Rpreb0HC9BVCUFrc24Pu841iXJ8ZgFT6XMhO49jlv86t53Ys//llahvTMQmr70MVpyhRMHqyH7gZN1LIZNw4WcoJgB9u5rt1q5dT+9Iv0WpOlaGurYXq+n8P62YfjESd+39oo9cXR2e8Im3rql8XCRrlfB8AsxB+OvYwyQDTxwJT7jNjuP4dP/vIPVCtfrIheUEDbK2OMfWARzHgzCGa002p4f7AGbuxi3l5ZiNLOIhJx4bJ0xWOhPBi1g4nfDix7JxJultICqlZl4YUP0uEW4CdXJeRuVaL8wi/Sk7zRYzvrWQ0sRadLD0ci7PX1sHHqpTqL736sSM+C95Lwzn3COwmqLqzU0AYQcE0+jzBeDXhaV1Xq9sp8lPP2aGzfmij2jaK6cW2+UrsQpekA79iHVzvu6tinz+vmdNruPfiWt9sdOxPBH+yH4xyfvpXcXBdPYR38sTBMcxXswSIdizDHtOXva6mCzeiY9zbSD3AjyjPfwL6NolMJXyckPROqfTiTAaW4WXDHgg2RXeeRRooecq0xLWgHXNkPe9M3x1A0mMWzcICZ6OWy4acy3OBtaHkV4iXvI2gl79BIja8PnNkx3HQhA+lbNnR2IvXW097I7ja8jzI+tMF5qQRdY02FYarllhy02887CudHerkOid6rRzv4wHMpr9lRjaL9yeJDDdj11EZxnWD73JZdf1cE8POiEReyFTUL+nnec3zYnqwfEKuxlsrdqA2/8Tau5s7402xz2Gq508it4gHlfZgfOgsR9xtpXU52H6ZNYTeE/yxD6t9OIjZVBKrJ2VinPgQPV1EttQ+d8OgTSHC1gHQvP+ScsXLHx1J79MwdK7t1dDjssAssv8RaOD2EYP4Tec8ozHfzQmygMyxG5N2jvvMnHzW8QxR2TVmYtFHuE2FiJDzeY9cfTdV8s8vkmkTs3jFo1WqYafvt7o+Jch8YaLuJ+oqLchvaiSFw3JCFoIc1bItoYjR+Grs344UN/Lr54ilErZqpoXlM/+h0zZcY5m+buq7H05qZ+m7EwRMncfLEQWz0pd6j+orGoe1Bj+N6tlXixDrlDkD4sDCnEMw7JlFTX9cIKxZEqYwX2eNYXI0o4mN3drbV632sU+XxvrSPhal5fE1eDfKFELnkSBOVscR4V/Ea2/txrbicEYFDu7uq/bml/oCF2r4m76V1idwrrslLBdjAbjDr89YiZYuGm3Uztu3H2ba3leHokgCpJKav65bouN2wT8CyZHaxV+5mX5mGseOkXoPTE+DN2+Gp6Z4/Wo4rTmXd2sdE7XHM07AsbIhw6Z6namO76pL3418txgu+iqcBatoaUVWUgY82d43NrPieKsePNr2OTadpXDrt55zmcX0V45Ty99rHce5pn3fXn3Ozj3nv/j6i/uyneVgmMXZg7rYIXO5WMq60TR2VOOo7X6+9Qep1HFplijGDxWwXLWMSijGEpaBTa171nD/djpN+nfeq+Vp/JgYpm/VV8t+PcWh71ft4sSpjxfZzLNLghUuw/EHeUlWV6ji05oiJ8IenpZa6lirjqVohYfUTmgPT2x1orr+CM9lfqYwV+9ij/lg3W7VsrIvauLGKMVx/LMDiIwP1gG4ptn0cDmdpt7Sh/MBivHRI+mCQ9JBnmvL5nglIiH68+z6/ze7rmixgobKe/h1X2lXj2LYC7Bdzd6xP49AOQP5o+S1uqajEDScH2KhdU2w2FSNqjpbfWa2/W30Zh7b3MdxVfqvNNiL4SKTYF0o66lDfZM3ORuX/q/d1a/xN1vWaPxC/bSv+C+8F9tR+5lcUb38T++544Ni+j0M7Y8M+vD1X/PJfO41XIxLZmUZ6QyW0PbhRkI3iijrVji/YjXvthWNIDVMOZrlqlL+yFblVjZ1tJdqbeNVAFqCdkauRqEjbhQM5ZahVqkoo3aRW5SNzXYBSMDvwWnbPRxILIi/Wsm3vPo69qtx4fJhRiCpFaSTHq53WliF7S5BqUMiUpiQj/wLbh1KJoaz9Fgt+zuzBzmcUF0NFdeM6lP9dS8lTE+/tmL0aucA5WP4R7Nu6BR23G1UxOPRMLLLV1t+zDORv2YMCdgy09LYfB9qB57DvI7XjSwNd8v7GrgyUimi1/ZZamyAjc9jPiWQB2GqRMBj4ORevQx4peshl6kpQPIjnmELt22/gaAnbXsW+ls75QpzYkiZ1dKSiJB65Yqgt3gZL5ZgSYwcue+eohmDNQIc2KIpA2u581XO0J6L3aq68qIfSWQ1arleigF2bu91g9eu8N8BhewZBZlYOTn5bj+bferqwNCLhf47h4NlqNLT2dtGsx8EiUUW4vQVtyuu9ZxRM730QC8LmIkop+Pr8i2zEHi9FjXIV5SF1GHtz5OGOeOdqNpM8pHfD1u1riPvbWdRIPVvz+Q40/3QOBz/IxucDU04xxAYgf9hvcWp6GeoV1xN2D3n5eCySni+Bpm64ajcHYedeHa6DfbYH2ZvTUMp/60WK4kE0375u/1dTPDK357DtEPOM1Lzo5SAUae7/UXe6XvMNetievjv3lwwUK575WdlhhnhLekYltISQPuAdSuxHkFMrSrcvw4njYkgTiQvGv/Q+ogPsMFqtBHh4sYPtO1lY8QgvNQ7FgRQdOhAaAorS85aSrUh5OVnlB3/0IzuwLG4R7I16KmkeGHIJ7ZghKF1SM3UHwpLYPrjV0zGnS2n7cDQQJbQGaoIL9ofOgOlPhdhy5AecVwpQTY0tEBPuj+nm0FCSPMyYRmN35lPsagRcObIAa/bJyWSA9amElqH8IQMiCG//bSVm/NZ7CS33ZFwm1s4yBRr+gfjl8fiHSCfaUQktIaQPFsFN1DsbM869qx0y+9k3meYDR6d75aqfddXDM5idGALnPx+VglleHT13mAeznLO7qAo+6l5YKbdvnugHGy8XWEtVwX5BbZGUOmhOV/McNoLzU29j6Sxt1TkHkgvMAt5H2J95QN+KyznJw/QBCtGnx1zs5Xabo41wr+mormGjxhhh+gMTMUGqJt6IBkUV4mHIwvFJRL/lIwVLaCvHP6gwf1ih/CEDwsoDS+OegjO/RjVdxxU5VTNTO/xx2WaETJevcLXnPqNgto+ohJYQ0gfa2wd3aqtD/jYPFAxBVV6t1Nvmdmv7PnxZvV6M6Hna2lJxrajN3YrUt9XbCg8w06XYdlDRzkx25aMFWDPgm9G9nZbmttLKRkgJrZiTXcHRBWtwt5XXmj44G/sXToF6kz5lzd/+HTFZ16SOdYablcknETRZzKAZ5Ydi8dIBuncZSKr7XKathJbyh+ifaDfb2a68DVeOrMGafVra6M/bjMz1Hp0P69quncZ7qxPxKfWI3CdUQksI6YMM5K+NxYmiStSLngkVeLvlmhLernyYBbPKFO3Th/vwQkrqtzyDVEW7b+Xmhfy7XP1aavs96MEs13wYsbFpKK5uRltvzR4HSHtTHS4ej0VKj8EsGUmavzuLLR+eRcUvjWhTrn9/uw3Nv/yAouNHETVMg9lOHW1o+PEfSHvlGQqWhiPKHzJQmmtRfvzPeEVbMKukrZEtm5WIiAgKZnVBJbSEEEIIIYQQQgwSldASQgghhBBCCDFIFNASQgghhBBCCDFIFNASQgghhBBCCDFIFNASQgghhBBCCDFIFNASQgghhBBCCDFIFNASQgghhBBCCDFIFNASQgghhBBCCDFIFNASQgghhBBCCDFIFNAaGvsELMv6AbG5xfD1sxOJhNypSPhksOMqrwLLon1EmiEY2O222VTM1v0DNryXADORRoYTC8z9r104+LeTOHmSTYc3Y674hOhZ5C55HytPySvFh3fOdupsfPjfofg4wgXz6c6EjCTzNiNT/dw5uQv6O3sI6YXSMZi5fxuivUzFByMH/Wz0wCb+PLuZPQ9/X5EwHPi7w3Esex1lDWdvPzmNkDvl64Np1vyNMRwf1nZcRcL/Ix48Kk0fpcNGfHpHok9J6wuLFvN9NaDbHQm3h6WVw8SJnXfSu+EsAWHK35FPqQnis5HJY8M2bAiYAgt+TSTDjDneiGQB6kuhODjfXKRp5zt1Coz4HYmlPTzl047oarq3tL8/fskbUUN6d6db3g+Ex+Y9JfaFYnoKb0wQH3ZjhySVZdm0pC8FBl1/lzxDJBkg+V63H7+/2piFw2NHMdblqP4e6W39vVB8n65pmN3HDzHTCc54asM7WPmASBghKKA1NNkluHyLvXbUobwgR04bcezgmqy4EFVgYaBIHu7cExB8pAKvvdfXICJElC7yqQCe9iJ5KOTm40Idf9OKy98Y0HE1oNu9B6XfSCtHSwU776R3Wuic933T/YdZeToFN7Hc3emPeGIGfyzRhurcHVgVvAALlm7CafnDO2K/id+MFdNNkAZXPmL7eYGYVu8Vqb24LV57kHvpCtr4cterUCSfdvphfh8SIoLw8eK7q0bTb33Y54NiuGzHAGv7l3ijSd4mBCvOmQWJKG4U6SOSDzyT4+A/zRpmRiLJAAyfa/5omD/+GKKSN+O9jxPx3ruPi/Q7JI7B5bFpONfA5o2mwGvRyLomUkBraKpicChgEuJ8PZCbUy0SRxizSDg7sCCishL1MIbz3PXig2HO0g5/sDTG6FFivjeefnC2BmrY92xnQbxzkJf4YCjsQX4IO67mOeFQSr5IU7cH2U/zZfgUj+KbInlIDex21272kP4u8fkYNIk0jXTN+wERgwPSd+RTBqpE6sjlDBsL9nKtECnvforqZjlVH8bfz2/GjMUc6Z9GXBPnWlt771FNzaWz+NO76Vi8vwyn9BkEjbWAraUJv08c+eoaIZ0Gtzuk2aGjW94PhM/zPsHibex4YlNSaW8RZDXWiWUXbyvA9yK1dzfR8Kt42y5e73a+kfCYyF6bynAiNlT8HsnTgRR5kYFWu3F65/+ZWtS3pwdDf80fDZuAp/Di/jgkrHkKbrYDU+2o4avDePXIObSx97+3mCInjhAU0JLhJ9wLzkatKP9sD8rreHVPLwxl4eVAsXnKHVbsh7R8eyEus6uL7cPhYLddhKhpRPHbXTcFXdN8lIol7mrN13FOvCXDi6KUsOFGj4+DiL7cFlFV001ckd8Nmbsm76WS2UY0/J80RxzvxXj2Uv9lKkq/KJTTSO9MH8HS/3wMThaj2eFUiez/70/igwFwsw2/ibcjye/mzp37r4aGBvBJ3yZPniytdyDWzQUFBaG8vFyaBgKv7hflCXYzuQylLjsQ5OcAK16FoqMRNV9m4MON8UqlNrz9WgjsKzMQFxUj0mRd65mO7FyRyJmFw/XVcDzmLtbLtFyvRFFaPAqOq5Y2yetQbovCb3LV1ifIy/6CE4G70PLqevg/YgczXnLEt/uLVKRtTu7+MPHhjfBZEwLPieZyKZP4jkffjkf33yMf2G5YjwWPusBG9JTTfrMaF7L24MTeNDlB2aNx8I9YDLfOdbeivjIfx3c9h5pL8iJd7OCWWoCFE8uQ6ReABum7GKM0xQknjohFlOm0bh2322wRnF9aAx/PrvxpulqI7O0xKP9GUTou8l3MaVN1RP3pJG/XuREet/KxMzQW9vw7O1Qj91lvFHUWrfEqyQnwtm5F6Xb2/Y+LZAWzOAQfCYczynB0SQAuinwaPS8Bvsv9MY3tExNRYsiPq+Kju5CffkxOUOBtV5c4iBlZ923VRGw/CpH6dChqRaoqtp9XbYSvrzvseOklT+L5w/Zh/q5YpX3IiO2oOuKNEzcSELTUC7Y8j6T8zMGHL69FvfJxOKDbrSFPNZzXOud9RBZeC3PB6KvHkPjMWrTIH3ey2lSM6DnWqD8Tg5TNGVKa1mtHr7Rfj7rokD8cPx/49cSdXU80VSW7qWGfmrHlD6yGh1kdirYF6blWyUrsOhmEKd8f7XvV1x50v8Zq0PkddT835fW3ouDlDah5iu13xXVF4++JbPS8HQhc6YOHbNj1jSe0NeJyzlZkbk/TWiBk9WIBVgTaARUZSOmtZoEueKdQT0+Rqhyv2SPSehGxJBSLHgC+z03HuvMiUQVva/kU3FV+2s4haU8ZPhezXcSyDQVY/lkb1i2YDfc/sIsEfyzf/DOKsgqQUK0omeRtG70xWcxp02277jFBsJcHFsy8DxZj2MXzdgea/3kRH59kv0caCnqmO7ogyscZtr/XdEI0ouR/P8Gb18SsDuuW91s1jm0rQAn/Px53ha0p/5sW1Jz7HLvy6lEhllUxwQUH/2MGTLXuw8HTa97z9r6+49g+ysaZ+2YhwnuS2C9taPiuEO9m/4zznYW7Iu+h4XtJ67Hr4RiT29Ouc4Nqfmgljp0fC7D4SG/XK8Xxq5bXPZqLzYc3wMP8Co4uWIM7v3LpSNzreSjdH7Sz04bfP3X/DWW/ES8mInCe0j0Tu5fITVmL4rwyOUFd5295L7/HD6+HdwTbDqeuqsntN+vw7ZldOK52fdP+O9j771xPv6G6XfPVeO5A2OuL2O9/JU68PB+l3e43dTUac95eD7cfj2D3+5W4teK/8F4gO4GqPsXz//13sYye8A6i1nsAZxMRvFkfjXSGByqh7ZUxHFceRVRgV1CDUeaw9YxE+OshIqE/2A1RahyClIIlzsTSAT4RkXroaIetJ50drJ4imOX4ds9Zj2XRalVbfd9H1DuR8LYXQSEnvuMLf1XvPMcOzsnvY4Vf1wWOGz2OBaKh4d3b9HnuR3RcODxU1m0MKyc/BC2PFAlKzFbDlcUp7ZUl4I8pak9fxA1e7dhLQ7Vjndat43azwMc7le2/Oar5YzbRC8FJWSwIEAn95esDx3FAfUUO+37VKP2mkiWqVzvOQFER/0Flx6D3ajlJWbA7HNm2NV3I7gxm+QV+GTsu+T5R/Fhx/LjyXpmIhX3q6EJPoncgKsQL9opgieP5Y++D4LgdsFfKBwWLOUfxwkoRzHJSfi7Cinc2igQDtj8bF3g+TZwJt25RcCQ8pA6o2LGQJgezA06n/PGBW5K4niidD70K94MHO855J3aeizSc7war69zU2CRCqmWifm5y5pj26vtYpnxd0fJ7YhKWhRfYDZOrIpjljMzhGBiHde8laKnNwY6jOXbSZyZO8+DBbuSG0v4jcjVObYFGv9znhtTwx+F+PztAFXcwpvfB82kvRNxRjUFzrAt9Cstn28mBFXfPKJjePwPLn/VHjFqHQk4skHo9cIaWYFadbutWsH3MH3H8/+DBLMeCYlu3J7Duj1rq8lwrw3JebXaIg1mub3lvjocWBWDdvClK+8UIFg/NRczcoelMSjeNeHMP/559DWaHmF86ov8s3+sp3x903j+pYNewHYfYva/aPRO7l/B//SiWreq6V3FLVerbQTxotl+ilMYnlY4YI+G/aTV81NrZjh5nDVd2fQt/afiPtGDzlA/sea3gsQ7wDL6TWEChHWdefQfbeTArUgYc+70fSSig7ZUxxlsbo6niGPY9H4C4eQHYebxSKl2x8uy9dEarOYswjZ/dP+Uj5RlvuQphYChSUnJw+XqrvIyS/rQJMDMzRktVDvbx9bN1HyiR/85+2iLpVcYC6wg/2Bi1oiYvGTul9oiT8NYrySi4yrbD0gsLXlQOslbj4ansJLhVhqPS/uDLByBpWwZKf2rsVo3Byp9Xq2XbnxeDxEB53XHPxOBQTiUaeCV+deHu0j6tviSKAHILUcVuCE2m+sBZTumk27p13O7Xo+Bjw/bf1XwcekUsH8LWnVfN8t4cnst3iBtKpXaLbxey4JThTwsVaWJSf1JpM9cV49mPYVWhCF6yy1DDXmzdI6XqOgote/NRzr6L2dR5ascaC8Q9XdiNbh1KjyaLNFn7zUoUZ2xFkuK4Ytud+Q3Pe2NMmxsuL6SQMr9rO4/woFq/blQV4sS25zrz561X0lB6nX1gNhOznpaXUTbe2hottYXIlNreeCNxl7xPTab6qXaaNaDb3de2qLrmfTKKSnhvNyzvwtV+AAP94cwCv5ZLOUol9Arm8HhV7eaAT3rowbjP+RO4Bj4O7PxpqkR2omgXxc41+bhi6/kiHnGanmJn5+Mib0vXUYeiY30s1usLUzs8ud6L7Umg+abmcnZdKV9jT0iHlIaq3krfUXFu8muTq0rw7wXPR/hNXfdzU/o9sezD74nZRixc7gIztg3lGfEif9j5kJiBcpY/Jk6L4auxs7w9KP2SX6PY9lXkobhITh2+FAGBHBSIn6iejTGD6ZgW1HzxCVa/m47lydk4z/9ujB2mdTYJU2oT+b/n5HalvMRNkSYm5WDL/Y//hscmGKHtp1Ls/yBDXmbnUew/+zPa7rGAp88k2Ipl+XBRy73sYHS7Cd/nydux+N0MJJwoRwMvVbxxjv22dAU5uq1bwQ7uHhZou3YOB8XfxJ6qltq+TXCYiOnyQgbP9Pfs5LleLr5jBt48LX9HU3s7DPHzmBGG3+t5wYoFr/UlaV33nSERyNR04oWxa9A0c5Y3ZTihuOaz+8h9GWVSIYNjwPr+3/8y7U11uJiTjFTF/Rhfd4587bJ1D1e5Dxooul7zldWeLkQtjzxvVaIoc5AeQutLXjmuspPMdHoQ1vraYaQM4EMBbR/Un4lH0vNrUVPBq1iwk3l7LAp49faxDnCYIy2iu6t1clUwa1d4PDpTSkJTIeqPPIdDz0ZoPIF01XSJXbSefQ41V6uldVcdLkE9/0D5aZy7H5xZYN1+KQP7tmzFDdG7ZPuXW5G/OV8OspyUA+BqNPENH8tuHlhAKZcclKEpKwYnwoJwUZrv0nRd7hli/NRFsHcQpYNXM3A5cT4ObFa/wVXcCFbiYpqiqk8yLlaywNrIBa5hIknQbd26bPciTJtqDbSV4eTqCFz+/7f3NnBVVWnf/+9JRfxwBsUbkkqcSIhQfEEiB4oUR0bQRGN0SHzkFlM0bs1SBzML/5JUcJtpMqSi0oO3KOFQvgGFIzoUPEVEviCRGCXUYPCIEn4ExOa/1t7rHPY5nAPnwOHV6/v5bM8+62yWa6/X61rrutb6UpjWVLO4t6yXy37UWGgbvJrCSnjygeLmRRSpTWDKmaDK47V3g7uHHCRRn4gS3tEOYQqG8v3FSjZ+KkS+ltDKlO5npyNzdzzqeblzWLpLMvlKNzDQohtnvZnS+d7zISg6mYUGsUrV/GUUCkrlwdPyd9KHFlKdDQlBieR7wwa3j0Jw/Bs+weOAh/8kPdKnqUnOk9qULVPQ+WSMGsepXHmpRsHBGBHSDZhSPiOtpXN4a75MREGW8Itiba3kLbmPGGZvoDWUxyD9WSYUmG0TO26ul4GMtN1YPc0edyrOYO+bJ8Rv3Ux9FL66IPdNrvMVlg+OoXAdxfLyUiZy9CiURo0nz3pL1hf82bTdiaJ8WHvIWo+0w18zoW8wHB/XmZwSVL3FFF8miLW7kVlfhSmRpZlMifyiDpVMebzVWIsjl6SRjXVw8ofpWGKKE2uRd67g6IclOHpDmC7facDRz3Lxz3+x+wceRIthjgoqLgVev4yDRXI6uAlx/nfnkc+fHTYcLdutmBq3miZcK8jE8v8pRpr4m/Pnrsj/l8WgbhH4u4Oma18h/v8UiXe8i8LC71DOZ5iZdDpIeoIwC35MruFGQFePYv9fo1CjkQ9y9C4uuE4ey2puNXLfmYUidZ/P5MjK3bPkMVnV0l8VhSsUQDHBzE2ODSuGiche5In0uK2okvpBBo87Lg+8OWDIYLFg0IvJXoE9fIPWWeYwN+5uDmPv30tQO8ABM17eLZ1Pu7MfGFCRQtsufBVNVznKQ8VPstA30BhrI32Ur8aHrOE3WNjBc+kORGWfR/j7KXD3N9dOt3UoORqlLdAU/gL1hnwaHneQBOuBY0JbrwDt85dnje3kZ2TicTyBKd53ZdO3V7NLEfFBOnzmBeuVJRqYsHa8tBGW9txUNxevHivAgphYjBylx/TVMVgSBHG1GCWKhJfnFUuzds6Ttc1OTYrbpHR7w56vnjNBNeiYTp6cToHfQ/yZ+/FARyczAqfBmWkH9WV5ig4+D0WSz6IdXAO0JxAufvq1VI7K97dcKm+UVVmYLOWNElXgLgSlnGfvqEj3Bu8eEIC4z/JJhH9Uqsi/H9r0Wam+pFNnGeXlv0if+s2i+hjlW/ElH/zsvOGlXmFTReNxbj1wNU9nckKNgU2hDPrGGosJ5fNro+TTZPtEKNyfEn3UqGC4b2JxsNuGenOes2I8VkNs+GJtj1GezvoU9uk6ZZ1GALMN9WB50ogLn0aJECXGjSe2zg5Sv2Q7JVarbKQrYpL0fw2zGys9e89RfwUnv9WWwM//2lkjveEYOZx9DBqN+S/rnEe6NhjTH2C/3TcU92sGwibc4UrXcGf8xU2FkVySum8AvNwexxT+7O16cEMHGVPjVtOAytJaaO9A8jPW8NXgXmBSbC4qz3+ns6v1bdR3m83lPYTYrOnG1cJWMkNrQjFSsg+2g0+MTv/DrkUTuamqNWwf4890EL7/yb7ziFTKKUbsSUEQhiCFtoMMMsP23vUJ0xEXHIW001+j8uZg2Lt4Y3ZkCqJSU1p8CLuajigJWSFIeHY1DhzLw+XqRgwbNQm+EbF49eQpuI8Rz2jIQdELLnhzSzJyCytwgynwzl7BWPJBLiKitaeELOdMkhXoUXMQqeg81QLcQCdvHbNj4+OWMCHdHZ7oNwJHH74ax/QYj3WKjvwHRM6SJXPbMXO1lc9jqShi+gJ/f9m00RvuE9mzTcX4cq/2LoKWy08h4iV/2e+uRxVAltb3hc/y0M61FcuOThr1StQTFAq/aOELXXJ2qxGChrkwsXwObEX2VfapGovZ0ayP4nX2g1jMHsOU36YyZO/dKj/X5ZzBpudmYmboJiSfZ6K+7QQsWPSM+K0HyE9EEc8XjV90sGzdUZ2HfN2NotpAdzzpF5M3fQqW4SZJQ9ewP/dn9jcquMwIRDxXVF8OxvoZo2F1XxO+/6wYLdvvmRo3QXQdzU3iPKU26eIj6PxS8KLY/0Tpy0t0E1ahWPpnV9jcvYITW5ZL59Mau9Ffb4a62Q7BzT25AHITN2TrihaGK1czGWM2wtOlDTPP6mSUbAnC/nkuiGbKbQ73W7XzRuBLylW6LuTyL5IpasM38a1XgNTXvBDZVFlJ/VGUbw/BoZDxeDNwtexLN8QJARH6N+9pPs3e7a8+SPB/mCmgWahsYrLoU+Hw1ZjXCiWtLfSYHXPaj1uBUekuQw3v829/rfCl1L3GI/us/LRpsLrj0o4CoWt2rN6ARm3aKEwaW284w/LwKSdJ+b/xjcJHhl9qH8/ugqXxCek961CUpPBxZpexPuAy7J3G8XrRiBvyQm3fR0xQqMYFwJW9n9eUsRhY/zW+SjKHSa6RmFo+fsvgxepcw8061KsXx+42Srt+p70S1v0mVzUFOPxKjnQ0idXQlq1Guh+muJ4tBj9H2n0h67MDg+HOz5Zmim6rPtMgrceTqp/kyl55UvscR63rhc6u0BMt3EQtr/a3S5Ak/GtbX5mI1RSqNeZOepB1S3Wo/VXTIND0688oPHYCr59XriCbGjdhENVQhSk34z4VVo4xsKMWoY2wslENd5a/q1Etg3srGTURVZLRDT95QU/fI65Du6WHTcYxwEOatG+4miX2ElDH2daeFdYYprVtOZO113qDGzgQJjJ5NEZZALfOn0BCXoW8x0A/gBTadhmMIb+fAxX3PWAMdFkJn32r4K5iilRZHoo0ra8ODXwMG+6Gp0O4MuoAS/8dWPA26yy4uZEuy0/ixX0pcJ/lD0v1auztMpRc+EXqdAYOuV8O62rUmy5NXIZFr62DvUs7Zmx+SViSchI+80I1ecI3iqnIK9Pro+kWfx6LuBnwuBZT6uayHNlflOWtpTpv1ObGVTl4T9Fhaq4DXGjkZrfR0uMco+PmmJTuRHzL/XaHTML8fUlwnuJr3IrtdXnAgFMAZi/Sb4KtNjduvpTY+h3ZlXCWjyJ2cH1Ge9Mg9QY0rl4roQoai5F6N5xxgkqcxV37UzFucB8ZlTds5+1C0FJ5AOk2Rsk+l2i6iZrSi7IP4KhgOEeeRNBEwxM8Q4az8lGbjLPnXf97B/x4vbhZiAJ9xzb1Fowpew0tExSPr10m1fvKszvbGMi7ABPLR72JWUna69i/UWwi5eeCbYtDWh/vo4Qf2/PRD4jKLoCffzsTVr0IqS9nAtS4hbsMuDAoELtX23oEw4tbX9R/jRwdy4kWdMaTJ9bBV994ot4kjo0hQctZm28vDQr4sT3cwiXy/Vi5jO91bt+R3Rgc3BD9qCVspEBd6lD4A3tqiCsW/sUVc+63MPCcYIQDxrMO9dblArx7+ATWx3OlNBV/2XMGb1xu0BEQTYy7u3hsKXb+PQMZx9Owc5nulou9jSbc4m3yvgfxhz+opPyzGTYCr4f4Y/pD/cqER4OV30YcPM7L5yA2+plh257PyiQXJ8uJoZitlFFTNsJTj4xacon36w7we/uktpxqBqyGyJP6DdVlqGGyCj8eSDUrFgH7AvSaHDfc5vtoMDHxqV2w532nHZMNYtKxZJa8o7s5MKnP5/Bje06ysU2vZWIf4a6cr4axwozXDiIjg9XD5I2Y0ct3j6JzaNugzTOqmspwfI3SGZwfC3MK87kvnA411XWwZY1Q6xwsPedotlCHfPZstubMrPbPu1Se+WXqmV3cTPXFYHllTx9a54lxUxGD/piNuJwahkO7W4Q5vp37bEOveT0Pe+bJGwVYrmVCGOucak6vRsIWnbNSOSqW9mMs7U0t5zoaG7eEiemGYywWxDMBXyiIrdB77lkwfFNi4aNnwUidh47bSiX/k5Kkh5F2QPyoRJ3O6hwkBIdprfI4/jf723G/oLzaAY539Z9l2u65alrpFmey8mNVDHAjPwbvbRS2KG3WWQ5rE9NYm5Du249bq1610x4K4mYhU7OpUFem24g81HsuXftlr4X6nFJJFmP/fyD7/yWpWxvDbbk1pqXbtPIZtqEAL/qpZ4J0aKpDeX4qPtrc+hxVrbwvTUb0C/r8SjuKec+h1WLRSUSG8U1RdDBwJqH6DGGOVt1T0Gb5tBpP2PMsznARZ2sMnUOuLNdq5G701LsxVYfowDm07SLOEDWMfBZrknTf0bNILbHmP4PwdCsfVZ0zUgc/iG3PT8Ujhvp85bmk1o9i9/OPY4S+JQF+jmpFMT7OLMFRtWZrStwM+QxXU8427QAL3sHHi1whdUFNJUieuxaHpR+6CYNlpr+cPZ78E17/Q+tCbLrO5MvhNqjUiqf9c4iV/698Tm0bfadZz/U17hzaCZH78dZUMaBcO4MNYXEsRzqDIRmVyT9ldXB2stMZq5bBN3UjfAx1QYbOZxV9vt5xT2DJnlnDnjE48asbNz+iMcZX2/qRc7saN2CHYT8p5RrT5GUNJvb5yv5ceXZ8Zwh4Nw6BbSW8rgjbQw/pP4PaFKYZew7tBEQmvYWpwgii6swGLInrXC3sSmiFtg1u5GaioLRae4MCJrxVXTiKPYu0hQ8+8Ja8shXZ5XXySg2jub4CBXuZgnZWj61k8k4cyCpG1U3FDMndRtSU5yBtzSyFMtv1NOyejm1MibxYxdIuNmA0SHYMPkzNQ7l6RYrDTQ+ripG5JUhbKWQUJcQj5wLLQ2n2S6b5NhOAzybivcXqTkJtblyNkn/oUWY59Xy3Y/ap2FHUuLgFJqYb5etxaHEUMnXib5tU5GxJRC6rAw1683GdbG7MlPKSj0SQLtk5uMzNne3cME7nzAJpAxoLpsw+ZNjfsuqt15FeyNKs/v+lOpWH41uSpRXe7iMRmZuTUcTrlAhRKz57UuTVdi2+ypL8oGvETKyEoj20KLO9lfbKXgf1DrmM5kt5epXZrsW08rmxM1WTxmZWRlq/W1jDccoyhP+3nrOSu+rYnq7mwArs/0inf24D9e7VvA+7cMKE9zQ4nrC2vDkI7+3N0e6z2qWvHdvTHTRg25FPkf9jLZraysjGn7Em8Rgyvq3BrTvtNOK673D0kmgQdxq04+XnqP7eHWGL3DFTBJkUd3dxaC8+/VEMChb2GD1Zvu2tFH5+BmnnWf6pN5C6U4vvTx/D8oyrrY7d6w+c+1sqCtTeH7YOTLXoLFxGjUT6hRY5r/l6mSz/fKPPrzYROc+vRtrZMjYuiyAz0ZCwWjpesUYhk3BZLGfnVuS20pAZ+WFIPvA1qtTjJJcNSlm/uXgPLptLrjGxz+/Tx/YYzTn8LaVAY3Fi/1Dna2FXQiu0BEEQ3Y4vPPclIcDR0Epbb4JvIJWEIJdGFG1fgOPHxDELEmMxbO0uRMxywEBDM/ZdhlihNcvqRSfxT8GLkd5QlaViW/h6vZNNpqy290q6YoW2jzJyjDe2BTyMO+czsTJbeydim2Gj8UboZIwc1MUrrGbAasVupAXyCeK2VwsJc2LcCi1nRnQaVj9uBdR+jpiFMfhchBNEp3j2LXy8bALutLtCy5nB6utqVl9ZNcyLwcItvbcW0gotQRBENyL74e9iyixfRctETq9XbubAXWxkNmioR4sPOvfBGucLZ5f7ZdOx6opuVGY5JajimsQIb0S8PAMOPeHfw33UF6UjYi13Z6hDQZp+ZZboX/iNeVg21bWwwGNWLdu0Wg22gIfjg7DhB6j+dhOVPXOalRHYYLR/BN7+o2zt1PTt5zgk3RG9AisHPLlgM4LHy51a1blPSZklzILN489hc6DsavBrLd9W0TBWDk/iuU3BmCBZVlfhXHbvroW0QksQBNENtPKhvJ6H/YtDUNnt5samYtg/WENTNXLe8URuNyvnnpH7sVntZ8apK0Dcc5vQ3pxz59H102pE+ZEVOJCQI763pr+s0GrRFf7LfQBD/pwtNOHaZ59i+Rem7OjeXQjLBvENt0pw+PW1SP5WfCfMzzTZZ1F7zs3ACq3Os03XzuD9lXH4pL9sRUv0DLp1sInVv9Ws/v0ovuswdVMaIidraiGqzryPVXGf9OodkWmFliAIoju5K/wmX+gLyiwnFTmro3A8n/tSafsXcZ/1ykLuA9r9yiynIG4t4k5eQa2ZfbxMgfuh5e6NbFOZJfoXhZ//A9s+OYfK6w1oUvt0cpobUPuvEmQc+KiXKrMKbteiIjcZGxaTMtsbaaqrQsnJOISFkTJLmJdb10pwIu4Vg8qshrtN4tkwLOnlyiyHVmgJgiAIgiAIgiCIPgmt0BIEQRAEQRAEQRB9ElJoCYIgCIIgCIIgiD4JKbQEQRAEQRAEQRBEn4QUWoIgCIIgCIIgCKJPQgotQRAEQRAEQRAE0SchhZYgCIIgCIIgCILok5BCSxAEQRAEQRAEQfRJSKElCIIgCIIgCIIg+iSk0BIEQRAEQRAEQRB9ElJo+xqOsVhw8gdEZRfAz99BBBLEvcoy+Kay9nC6FAsifEWY+bDfVMDi/gGR78dCJcKI3oQNpv7XThz8ewYyMth1eDOmil8IM7Nsp5zHyit+qfix84wcMxkfvhyCj8PGYjpJJkR/YtpmpOm2nYydMF/rIYh2UNTBtKR3EOFtJX7oP9Cw0Qb2MeeZMHseAX4ioDcQ4AHnIexzgB1cffzlMILoEMsQ8BFTBj9Kgb0I6XP4+WKcHb8ZDOeJ5m4Py+A+UYocli6s3Ul3vZlYLGLKN1fANdeeWPFb/8Qz8h1EzhoNG94nEr0Ma7y+jCmoa0NwcLq1CDOM35jRsOASyXBHeMnNjjCV8T5Sfn+81gfhPSrdmVb2XcHT054ReaG+nsHrI8SPrXDANq1n2TXPmAWDlr+LnyCC+iCyrPsDFkWIgM6iCoXnjgKsydIej8wWfzuo36fl6mVyfA9jNcIVz0S+jaW/FwH9BFJo+xqZhbh8m33erUZJbpYc1u9wgFu8uiMqxexAEdzb8YjF/COlePV9Y5WIYLG6yK9ceDmKYDPguIkPJgV9rhMftvwkIk7+gAXGDnzZObhQzW8acfkbc7eHRBR9I0WOhlLW7qQ7A5hc9sbRemBWXqfgLp67N3kSf5rAp2KaUJG9A8vnz8TM5zbhjPxjp+ir7ac7uPIRy+eZ4lq5V4S2w2/isw2yL11BE3/uejny5WZnHqwfRGxYED6ee29ZNN0xIs+7hd6Sji6m6d/iRh+nN2G+us3MjENBnQjvl/jCKz4aAePsoLIQQX2A3tPnD4T1H59GePxmvP9xHN5/948ivJOIOrgwKhnnatl3i9HwntO/+kRSaPsa5etxaNbDiPbzRHZWhQjsZ6iWwdWJKRFlZajBYLhOXSd+6OUMd8ADwwdj4ADxvT28/OFqB1Sy92xmSrxrkLf4ofMMe4gPJoPFt76D5SgH2A7hXbqxJCInmLWHaS44lJAjwsxH1WZPFvfDiHthPepFmF5MLfsuYT0OsLTy9EZPS0W5CO2/uMLehn1cy0PCu5+g4pYcag76avvpXdTh2k35rqm5fa2m8tIX+Mu7KZibVIxT5lSChthg5HBLUzqVvkt1HaRm8Ntd6WvPYVrZdwX/PH0Cc99h9Yld24ra0yArsEY8O/edXHwvQtvnJmp/FbfN4vNex28ZPEexz/piHI8KEeORfB1IkB/paqo2jtf8n3vyjZs96Pk+fyDsZz2Dl5KiEbvqGbiP7Bqzo9qvDmPDkXNoYve/sxktB/YTSKEleh+h3nC1aETJp4koqebmnt4w4+Jlr8H+GQ/YsoG0ZHseLrPeZeTEUDCxiyB0qEPBWy1CQcs1HUXiiXuaW9dxTtwSvQv1KmHtjTangwhz8ZvQqupv4op812PcM2UvrczWofb/Sd8I5/sxjH3UfLkHRZ/lyWFE+1g9gef+82m42Axk1akMmf/3J/FDF3CzCXfEbX/if02dOvXftbW14Je5eeSRR6R4uyJuTlBQEEpKSqSrK+DmfuFeYMLkAhSN3YEgfyfYchOKu3Wo/DIVH26MUazacP+1YDiWpSI6fL0Ik2mJZzwys0UgRxUKtw2heNpDxMtouF6G/OQY5B7TXm2S41D6onAhVyc+gfzsLzgeuBMNG9Yh4AkHqPjKEU/3Z3uQvDm+9WTixI3wXRUMr1HW8iqTeMf0t2LQejzyxcjIdZj51FjYi51ymm9W4MLJRBzfmywHKHkqGgFhc+GuibsRNWU5OLZzBSovyY+04AD3PbmYPaoYaf6zUCu9y2AUJbjg+BHxiBKT4jYx3ao5cF27Cr5eLeVTfzUPmdvXo+Qb9eq4KHfxzRDlR3RnJ7n/6kZ43s7BeyFRcOTv7FSB7Od9kK+1tGZ8vWpdR/RwMw97ng1BlfRFpAEsLDwLDtHr4OfC8pH90szqYc7eMOS3sgJgefdSHAKnKfKQPZudsBoFp4vlAAkRdzVLd0IdAl4KlsuI/dJcX4H8vSuQc0w8H3EKUfOc5HuDlOG4UoHT8zet81gHu1B4vrYKPi4tplCty5Ojp0z15L/JZR92Eq8uGouBV48ibvFqNMg/a7DdVICIKXaoObseCZtTpTCDfUe7GK43LbAyXL4Rfn4ecOCryzyItx+WJzk7o3TyhMHbA+9PPFh/os+UTKtuCVTs+QMr4amqRv47QWa2KlmKnRlBGP19uvGmr21gWvvh7gKx8LFrRNF21jcdE7+rUUVj/pFQuKIY6fNm4SLrQ+X4G5H710hUPsPyXd2v6B1PZAZO24HApb54zF5uO2iqw+WsrUjbnmxwQcj2pVwsCXQASlOR0J5lgSnwTaGeHS2ZHK9KFGHtEDYvBHN+D3yfnYI150WgFtzX8hl4aA1t57AtsRj/FF9bEM/W5mLhp01YM3MyPB5gnRCflr/1M/JP5iK2Qr0yyX0bffCI+GaIVum6zxLzvT0xc9KDsBnEBpTf7uLWvy7i4ww2HulZ6BnvPBbhvq4Y+Tt9DaIOhf9zAm9cE19NiFvOtwocfScXhfz/+KMbRlrxv2lA5bl/YufpGpSKZ7UYMRYH//cEWBnMw+6j3bLn/r5+Q1keZeLsg48jzOdhkS9NqP0uD+9m/ozzmsVdUfbQ815SPA5t1DHZn3aNO7TLwyCi7vyYi7lH2uuv1PVXp6zbZCo2H46Ep/UVpM9chc73XCYiZD1PNh5bcpmJ0cyaDZefWo+hxo73CsTY3O54PHEdfMJYOhTjcfPNanx7dieO6fRvhsfB9se5tsZQ0/p8Hbx2YNFrc9j4z2STvzLZpJW8aSoDMeWtdXD/8Qh27yrD7SX/hfcDWQMq/wQvvPwP8YyZ4BtErfMEvojD/M3mcNLpHdAKbbsMhvPSdIQHtig1GGCNkV7LEPpasAjoCEwg2hONIIWyxLEc7gTfsGVm2KSHxZPCKquXUGY5PN1T1mFBhI5pq98uhL+9DD6OQinkiHd88QPdDYMc4Bq/C0v8Wzo4zsChTBENCW3t0+eVhIhopkhoxT0Yti7+CFq4TAQoUK2EG9NTmssKwacpqs5cxA1uduytx+zYpLhNTDdTyHz2sPybol0+qlHemL/tJFMCREBH8fOF81CgpjSLvV8Fir4pY4HmNTs2Ggs3BH0QjQChzHIGsnro99IuuCryCvCG645DrC3o5CF7NuC1dCxYriftowKwhtUtPnhq4lY5wCdiB9y7c9l9DBv4DrT265HKM2Kl+NbFJGXiAtcuRk3S8+4sj6QNqFhdSJaV2S6HlUF4sDcc1cosh7cfR1/Mj94BR62y94X7NtGfKPKvXUL94cnqOd/EzmuOnvbeZ0lFfj4Xdg24REhWJkD9hUxJmW3BGuM27MICZb9iYDyxXHQSLzKByU2tzHIsrOEcGI0178casOZg9WiKg/Sbpcs0eDJBridJOiKbcRpSNDrEg+7YE/pHeDzEKqhagrF6EF7PeiOsUxaD1lgT8gwWTnaQFSvOfQNg9dAELHw+AOt1NhRyYYrUa4ETDCizupgWt5qRTwcgmv8fXJnlMKV4pPufsOZJA7Y814qxkJvN9rAyyzGu7K3x2JxZWDNttCJfLGDz2FSsn9qOotErqMMbifw9jVVmexj/FET8tyzrqZVZjkZ+0sL48d59j2JvBzHR7DhPEcYvrc0nlyFg00r46ozHA4fawY31b6FrzX9igbmxf8YXjtwqeIgTvOZ3RhdQ04yzG97Gdq7MipAuh433/QlSaNtlMIbZDUZ96VHsf2EWoqfNwnvHyqTVFVuv9ldnDDJlDsbx1v1TDhIW+8gmhIEhSEjIwuXrjfIzCjriE6BSDUZDeRb28/hZ3AcK5b9zHDdH+pRhinWYP+wtGlF5Oh7vSf6ID+PNV+KRe5WlY7g3Zr6kVFRWYuIY1ghuFyNdyg/+/CxseycVRT/VtTJjsA3gZrUs/afXIy5Qjjt68XocyipDLTfi1yXUQ8rTiktiCSA7D+VMILQc4wtXOUSDaXGbmO7XwuFrz/Lvag4OvSKeD2Zxn65gZW8Nr4U7hECp8Ft8K48ppww+W6gOE5fuTKX9VDcMY4NheZ5QXjKLUck+Rnosk8x1OoKyjhzn+rG0iq+djmh9M41DrGE7hJV/Voycj4vjUcT9nyzGYuJC+RGJRRsxexwTMq4X43ic8I1h9Wp/arE06eA8a13r9sAEcBWrW+Wt4nbCY3+SH0HCdE361HWbz+5q0ixdOua1ir+JPiK9bBuwOs6UBUc2cDZUfd2S9uAwlvavUdVqCctYX1RTyz4e+YV8txsHuIfqDICBAXBlil/DpSydFXqONTw36AgH/DLDDsY3yvNw/J0Vmvbz5ivJKLrOflBNwuPPys9IBK6CrxNrP/VlyFTnH2trad/I5XXjsxj9dSszBxd5ed+tRv5RI5f1jMHKATPWebOcBG7dbPW/dghT20/D3hyUsH6G901uOhM/Xk9woa4aRenxcpAGNp4MN2I8UbG2tnAsVCwNJami7UzzQVxcKkpY+Vi6zIWf3s3yElH0Je+jWPpKT6MgXw7tvagVAlkpEENU2wxSwWpQAyo/O4GV76ZgYXwmzvO/G+SAcRqXMIVP5P+ck/1K+YqbOkxcSmXL48k/4OkRFmj6qQhJ+1LlZ95LR9IXP6PpPht4+T6MkeJZflzUQm8HWPxWj+9Py+mY+24qYo+XoJavKt44x8aWFiXHtLjVOMDD0wZN187hoPibqFMVku/bCKdRGC8/1Oex+h1rPNdLxDum4o0z8jtaOTqgh+dj+hlc1vOGLVNeawqTW+RONg6m6Wt4HRnvTaC5vhoXs+KxRy2P8biz5L5rpEdoh+UgU+iwzMSoOpOHKq553i5Dflo3TUKbi9MluMoamdX4IKz2c0B/OcCHFFojqDkbg20vrEZlKTexYI15exRyuXn7ECc4TZEeMZ2r1bIpmJ0bPJ+aJAWhPg81R1bg0PNhehuQqdRfYp3W8ytQebVCirv8cCFq+A/K2TgPf7gyxbr5Uir2b9mKG2J3yeYvtyJnc46sZLkoFeAK1POED2HCA1Mo5ZWDYtSfXI/ji4JwUfreQv11eWeIYWPmwNFJ7Kh2NRWX46bjwGZdAVctCJbhYrLa1CceF8uYYs2UK7dFIkhgWtympHsOxo2xA5qKkbEyDJe/FKY11SzuLevlsh81FtoGr6awEp58oLh5EUVqE5hyJqjyeO3d4O4hB3UfjbjM6t3+uEQ08Dy6uhW5kuKlPXPrOnksU+KrkfvOLBRlCd8YVq8qd8/C8W9YGan0tQcmkB9YgQPtxN2l+InJo5t5SAkPakl7Navfu4OwZ40hk1zzU5PM8ot92o7xlyZj1DhO5cpLNQoOxoiQbiBhOt57PgRFJ7PksmE0fxmFglJZuLH8nfQhM9JaOoe35stEFKjzj7W1krfkPmKYvYHWUB6D9GeZUGC2Tey4uV4GMtJ2Y/U0e9ypOIO9b54Qv3Uz9VH46oLcN7nOV+wW6RgK11G8T81Ejh6F0qjx5FlvOFvIz6btFm2H9WENWeuRdvhrJvQNhuPjodKjulS9xRRfJoi1u5FZX4UpkaWZTIn8og6VTHm81ViLI5ekkY11KvKH6VhiihNrkXeu4OiHJTh6Q5gu32nA0c9y8c9/sfsHHkSLYY4KKi4FXr+Mg0VyOrgJcf5355HPnx02HC3brZgat5omXCvIxPL/KUaa+Jvz567I/5fFoG4R+LuDpmtfIf7/FIl3vIvCwu9QzmeYmXQ6SHqCMAt8HORGQFePYv9fo1DD5UIOGwf1LS6YMt4XhSsUQDHB3GpSWksxTET2Ik+kx21FldQPMnjccXngzQFDBosFg15M9grs4Ru0zjKHuXF3cxh7/16C2gEOmPHybul82p39wICKFNp24atouspRHip+koW+gcZYG+mjfDU+ZA2/wcIOnkt3ICr7PMLfT4G7v7lMTpkicTRKW6Ap/AXqDfk0PO4gCdYDx4S2XgHa5y/PGtvJz8jE43gCU7zvyqZvr2aXIuKDdPjMC9YrSzQwYe14aSMs7bmpbi5ePVaABTGxGDlKIQCqcQyWBEFcLUaJIuHlecXSrJ3z5I1ygMCkuE1KtzfsuQLEBNWgYzp5cjoFfg/xZ+7HAx2dzAicBmemHdSX5Sk6+DwUST6LdnANUE4gdAM3C5Gjs0PwDTFZ0EIoRkr2QnbwidHNkx+waCI3XbGG7WP8GQVMac9Nai/uLkZsUnHjQhYqe1rCL9+KL/ngZ+cNL/UKmyoaj3Prgat5yNe7omZgUyiDvrHGwn3KTyL8o1KtstTrU/Rro+TTZPtEKNyfEn3UqGC4b2JxsNuGejET1s1YDbHhi7U9Rnk661PYp+uUdRoBzDbUg+VJIy58GiVClBg3ntg6O0j9ku2UWK2yka6ISdL/NcxurPTsPUf9FZz8VlsCP/9rZ430hmPkcPYxaDTmv6xzHunaYEx/gP1231DcrxkIm3CHK13DnfEXNxVGcknqvgHwcnscU/izt+vBDR1kTI1bTQMqS2uhvQPJz1jDV4N7gUmxuag8/53Orta3Ud9tNpf3EOpx8GqhJE+1TQfHe1Pg+5/sO4/IbGXcnbB6JO55SKHtIIPMsL13fcJ0xAVHIe3016i8ORj2Lt6YHZmCqNQUjNQyYetCOrJKlhWChGdX48CxPFyubsSwUZPgGxGLV0+egvsY8YyGHBS94II3tyQjt7ACN5gC7+wVjCUf5CIiWntKyHLOJFmBHjUHkYrOUy3ADXTy1jE7Nj5uCRPS3eGJfiNw9OGrcUyP8Vin6Mh/QOQsWTK3HTO3F86+9/SRNJ2nuambFWm9VODip1+jnpts+Qjf3fke0mpcydmtRgga5sIbbu8Ln/KhRvRlB7Yi+yr7VI3F7GjWR/E6+0EsZo9hym9TGbL3bpWf63LOYNNzMzEzdBOSzzNR33YCFix6RvzWA+Qnoojni8YvOli27qjOQ77uRlFtoDue9PW21vdgGW6SNHQN+3N/Zn+jgsuMQMRzRfXlYKyfMRpW9zXh+8+KcVQ8aXrcBNF1GDcOdvF475eCF8X+J0pfXqKbsArF0j+7wubuFZzYslw6n9bYjf56M9TNdgi+cREXQG7ihq773nDlaiZjzEZ4uuhZ8VBTnYySLUHYP88F0Uy5zeF+q3beCHypm1bpLv8i+f41fBPfegVIfc0LkU2VldQfRfn2EBwKGY83A1fLvnRDnBAQob2Kqqb5NHu3v/ogwf9hpoBmobKJyaJPhcNXY17rDfeJ7Sy16DE75rQftwKj0l2GGt7n3/5a4Uupe41H9ln5adNgdcelHQVCn9mxqfXK7CSiSlqE4zsx68sP+Tq0W3q4d/FLnaQo2roESBMJPc6xVBSxvFSNC4ArN7OfMhYD67/GV0nmMMk1EsdQPCHVwzoUJSl80Nml10ffbxm8RrF+4mYd6tWLY3cbpV2i014J636Tq5oCHH4lRzqaxGqotJTQQzDF9Wwx+DnS7gtZnx0YDHd+tjRTdFv1mQZpPZ5U/fSL9Fl5UvscR63rhe4zle//3EQtr/a3S5Ak/GtbX5mI1RSqNeZOehBorEPtr5oGgaZff0bhsRN4/bxyBdnUuAmDqIYqTLkZ96mwcoyBHbUIbYSVjWq4s/xdjWoZ3FvJEl073jsGeEiT9g1Xs8ReAuo429qzwhrDtLYtZzLRWm9wAwfCRCaPxigL4Nb5E0jIq5D3GOgHkELbLoMx5PdzoOK+B4yBLivhs28V3Jlk3FyWhyJN62NCMx/Dhrvh6RCujDrA0n8HFrzNOgtubqTL8pN4cV8K3Gf5w1ItZd8uQ8mFX6ROZ+CQ++Wwrka96dLEZVj02jrYu7RjxuaXhCUpJ+EzL1STJ3yjmIq8MkkxHmih3TG6xZ/HIm4GPK7FlLq5LEf2F2V5a6nOG7W5cVUO3lN0mJrrABcaudlxtPQ4x+i4OSalOxHfcr/dIZMwf18SnKf4Grdie10eMOAUgNmL9Jtgq82Nmy8ltn5HdiWc5aOIHVyfUW8aZGK9Ekh/wwaAcQt3GTDBNp2SS1zhcoDf2ye1660ZabjN8p3hOC0drk+YyaQyqxDlPD8e8kf4+7vgrDaZVXnDdlEKwrd1fnMlo8peg9gh12IsHl+7TKr3lWd3tjGQdwGjZJ9YNN1ETelF2UdzVDCcI08iaGLriRL1JmYlaa9j/0axiZSfC7YtDml9vI8SfmzPRz8gKrsAfv49aBtsIia1H7F7ta1HMLy49UX918jZa+j8RZ3x5Il18NU3nqg3iWNtPWj5SqhMaMP82B5u4RL5fmzvmMDpaW7fkV1vHNwQ/aglbKRAXepQ+AN7aogrFv7FFXPutzDwnGCEA8YzifzW5QK8e/gE1sdzpTQVf9lzBm9cbtAREE2Mu7t4bCl2/j0DGcfTsHOZ7paLvY0m3OJt8r4H8Yc/qKT8sxk2Aq+H+GP6Qx31++rdWPltxMHjvHwOYqOfGbbt+axMcnGynBiK2UpZImUjPPXIEl053lsNkSf1G6rLUPMT96Fl/easWATsC9BrcqyRC57aBXved9oxeTEmHUtmyTu6mwOTZSZ+bM9JNrbptUzsI9yV89UwVpjx2kFkZLB6mLwRM3r57lF0Dm0btHlGVVMZjq9ROoPzY2FOYT73hdOhproOtqwRap2D1ebZm3XIZ89ma87Mav+8S+WZX6ae2WW5/BReDHYy2DFonSfGTUU2eBswiW3E5dQwHNrdIszx7dxnG3rN63nYM0/eKMByLRPCWOdUc3o1Era0GGtpULG0H2Npb2o519HYuCVMTDccY7Egngn4fFt2feg99ywYvimx8NGzYKTOQ8dtpZL/SUnSw0g7IH5Uok5ndQ4SgsNQY2q9UrPoJCLD+KYOOhg6h1Z3Jz+9Z8ktg2/qRvioJwR06VTcAn4UU4yv9mq0hPIcWhE3Pw7GADfyY/DexhYbGhX7PyPY/6m3juuUZbtn0+k9l679stdCfU6pJIuxdwtk7yZJ3dq0dYaeLqalu/08VKZ72IYCvOhnoOCb6lCen4qPNrc+R1WrnytNRvQL+vxKO4p5z6HVwqj204L6DGGObt1TY9p4wp5ncYaLOFtj6BxyZblWI3ejp96NqTpEB86hbRdxhqhh5LNYk6T7jp5Faok1/xmEp1t3KtrPD34Q256fikcM9fnKc0mtH8Xu5x/HCH1LAvwc1YpifJxZgqNqzdaUuBnyGa6mnG3aARa8g48XuULqgppKkDx3LQ5LP3QTBstMfzl7PPknvP6H1oXYdJ3Jl8NtUKkVT/vnECv/X/mc2jb6TrOe62vcObQTIvfjraliQLl2BhvC4liOdAZDsgSTf8rq4Oxk14nxXkFb47vAkj2zhj1jcOJXN25DcsHtatyAHYb9pBzDTZOXNZjY5yv7c+XZ8Z0h4N04BLaV8LoibA89pP8MalOYZuw5tBMQmfQWpgojiKozG7AkrnO1sCuhFdo2uJGbiYLSau0NCpjwVnXhKPYs0t3ZrAIlr2xFdnmdvFLDaK6vQMFepqCdlc3HtEjeiQNZxai6qZghuduImvIcpK2ZpVBmu56G3dOxjSmRF6tY2sUGjAbJjsGHqXkoV69IcbjpYVUxMrcEaSuFjKKEeORcYHkozX7JNN9mAvDZRLy3WN1JqM2Nq1HyDz3KLKee73bMPhU7ihoXt8DEdKN8PQ4tjkKmTvxtk4qcLYnIZXWgQW8+rpPNjZlSXvKRCNIlOweXubmznRvGSWcWmFiv1BxYgf0f6dSvTpOInOdXI+1sGWq6atOO/DAk787RLiczwP3VW9VxdXtj9ajztFf2Oqh3yGU0X8rTq8x2LYnI3JyMIp4fIkStmO5Jka0hlNzYmapJY/NtnbKxsIbjlGUI/2895/l21bE9XY2J7Ue9ezXvwy6cMOE9DY4nTHjYHIT39praFvrasT3dQQO2HfkU+T/WoqmtjGz8GWsSjyHj2xrcutNOI677DkcviQZxp0E7Xn6O6u/dEbbIHTNFkElxdxeH9uLTH8XgZmGP0ZPl295K4ednkHae5Z96A6k7tfj+9DEsz7ja6ti9/sC5v6WiQO39YevAVIvOwmWJSKRfaBkDm6+XyfLPN/r8artuvG9IWC0dr1ijkK24LJazcytyW2nIDC4XHFAcscfH7lLWby7eg8tGy2ftYGKf36eP7TGac/hbSoHG4sT+oc7Xwq6EVmgJgiC6HV947ktCgKOhlbbeBN9AKglBLo0o2r4Ax4+JYxYkxmLY2l2ImOWAgYZm7LsMsUJrltWLTuKfghcjvaEqS8W28PV6N/cyZbW9V9IVK7R9lJFjvLEt4GHcOZ+JldnaOxHbDBuNN0InY+SgLl5hNQNWK3YjLZBPELe9WkiYE+NWaDkzotOw+nEroPZzxCyMwecinCA6xbNv4eNlE3Cn3RVazgxWX1ez+sqqYV4MFm7pvbWQVmgJgiC6EdkPfxdTZvkqWiZyer1yMwfuYiOzQUM9WnzQ4QDLcb5wdrlfNh2rruhGZZZTgiquSYzwRsTLM+DQE/49kh92OiLWcneGOhSk6Vdmif6F35iHZVNdCws8ZtWyTavVYAt4OD4IG36A6m83Udkzp1kZgQ1G+0fg7T/K1k5N336OQ9Id0SuwcsCTCzYjeLzcqVWd+5SUWcIs2Dz+HDYHyq4Gv9bybRUNY+XwJJ7bFIwJkmV1Fc5l9+5aSCu0BEEQ3UArH8rredi/OKTnz8ZtF8P+wRqaqpHzjidyu1k594zcj81qPzNOXQHintuE9uacO4+un1Yjyo+swAGd85yV9JcVWi26wn+5D2DIn7OFJlz77FMs/0LPjuE9jrBsEN9wqwSHX1+L5G/Fd8L8CJ9F7Tk3Ayu0Os82XTuD91fG4ZP+shUt0TPo1sEmVv9Ws/r3o/iuw9RNaYicrKmFqDrzPlbFfdKrd0SmFVqCIIju5K7wm3yhLyiznFTkrI7C8XzuS6XtX8R91isLuQ9o9yuznIK4tYg7eQW1XeXTbQTcDy13b2SbyizRvyj8/B/Y9sk5VF5vQJPap5PT3IDaf5Ug48BHvVSZVXC7FhW5ydiwmJTZ3khTXRVKTsYhLIyUWcK83LpWghNxrxhUZjXcbRLPhmFJL1dmObRCSxAEQRAEQRAEQfRJaIWWIAiCIAiCIAiC6JOQQksQBEEQBEEQBEH0SUihJQiCIAiCIAiCIPokpNASBEEQBEEQBEEQfRJSaAmCIAiCIAiCIIg+CSm0BEEQBEEQBEEQRJ+EFFqCIAiCIAiCIAiiT0IKLUEQBEEQBEEQBNEn+V9Tp079d21tLfhlbh555BEp3q6ImxMUFISSkhLpumdwjMWC+GA4W1Qj/50gZGdViB8Ion9gufwUXgx2gmV1HvY/H4LKevFDb4faZu/HagKeWxeBP7s7wMqCff8+HTNX7pV/I8zIVGw+HAlPa/FV4hYKts7HptPia6ewxvqwAHgNu4Pv/3ECa843iXCC6Pssjc9A0CPii+DWF3GYv/mM+EYQXYumDjbVouKLv2P7W+no7ZoWrdC2gX3MeUSdPo8APxHQGwjwgPMQ9jnADq4+/nIYQXSIZQj46AdEfZQCexHSG3D1YMosv7FzwzgvKahv0NfaZsQp1r+x8ldciyLEb/0SKzz3xmaEThbKLNG7GO+Dj9eGsMsH4e1JJiMcMH74ACbBWOKRR0eIQMI0rPH6Mp7fITg4XWvmofsxpey7BAdsk/5/xTXPQfzWmqenPaP97Npn8LoR1VDzd+ETMF2E9T1isYiPF2aUG1TBSVh0pBSvKsejbpNLxPsorz2x4jcCFjZw8FmK116bKgJ6L6TQ9jUyC3H5Nvu8W42S3Cw5rN/hALd4dedSitmBIri34xGL+bxTft/YzjAYvqnq98yFl6MINgOOmwqwJqugd03GGElJYRka+E31RVzIl4J6BJPzsMfbpp6BWXG9GLNMPHevsgBPPsY12VqcO7AJC2fONM/qrMnt/h6irgBxPJ+ly/jV2Tu/iRtDXKvA+et3gd8a8P1310SgeZj51J9w8MUAoxSUfkN7+d2NtFv2/YF/N6Mtm4K9K9Vthl0fXRGh/ZR56Qhf7gvH4YMxUAT1enpTn/8fD8FzVThi/x6H9z9+HUvMpHdKdXD+cuzIrpDqqo37DATJP/VaSKHta5Svx6FZDyPaz7P/mjSqlsHVCWgoK0MNBsN16jrxQy9nuAMe4J3yAPG9Pbz84WoHVLL3bGZKvGuQt/ih8wx7yA4qi8HiW9+iYfd0xE1jdTy4Z82NTc7DvtY2E6Yjmuczv46UicB+jM8IDGcfTd8ex4ZDBUytNROmtntCP9V1uMU/f2OKarvUITYpFXPfTTe7ufEIe1tYDboXCrMO127Kd03NPaxFmlT2XUEF1ryTgrnSlYvvRagh/nn6hHg2BduK6kRo+xT+P5HhLLvvyHf3OA5w/9MkqNhdzWfx2BYsxiN+PRuCKvmhLmY9Dqj/z2mpKBehbdIb+vz/cML0/281tu1ZjSV/dIJ1V6TlVgU+eXcLcn5m90NU0vjZmyGFluh9hHrD1aIRJZ8moqQasHTxhhkXL3sN9s94wJYNpCXb83CZyWQjJ4bKprYE0RnKUluEAsX13sZE8cA9yiAL8PXZOze7R0wiTOS3Zvmz/ib6+ZpUr0G9Glp7o4c3KrhHyv7Wv8XNzTr0oPFRL8If9nbso6kYOVFbUc/kPcI4HJbMw58nPoQhA26jqiAPF42fVzGRCtySTOZ6P7QpVBtwH9pwL6DgrQUoGrsDQf5OsOUS0d06VH6Zig83xqBlGODmfsFw5MJk+HoRJtMSz3hkZotAjioUbhtC8bSHiJfRcL0M+ckxyD2WIwcI5DiUfi51reMTyM/+guOBO9GwYR0CnnCAis/e8HR/tgfJm+Mhho8WJm6E76pgeI2ylmedxDumvxWD1mOdL0ZGrsPMp8bCnk+tMZpvVuDCyUQc35ssByh5KhoBYXPhrom7ETVlOTi2cwUqL8mPtOAA9z25mD2qGGn+s1ArvctgFCW44PgR8YgSk+I2Md2qOXBduwq+Xi3lU381D5nb16PkG/UKnCh38c0Q5UcexoEE8UWC+69uhOftHLwXEgVH/s5OFch+3gf5WlOExter1nVEDzfzsEcz8ynSABYWngWH6HXwc2H5yH5pZvUwZ28Y8nVXGvXkCc/DorStyEw5KgcIlOnLvrsD8yP84TxcXvG8UXoUKX9djRpN3RJpGSq+crTSqo37nh9YfokvrdDTNiaug09YMDxd+KqrHNR8sxrfnt2JY9uTNe3B9DzU9zeG26aEXSg8X1sFnzEsLWJWlbf7nITVKDhdLAdIyGVvkx+DhH+4aeVf8/ViHNuyAhc19ZBjuK60C/enneekp54qMDIP1QycJpe5IVMyff+X7Uu5WBLoAJSmIuGF9Yr+1QxM24y0dZ6AWTZXMbHdh53Eq4vGYuDVo4hbvFo2qVdgu6kAEVPsUHN2PRI2p7IQOX6HS4l48/D9CIrwxWP2LW0ze3sYCj5rv2227q90ULHx4cBKeKrMvZGZ2BQKBYh7bhOMyu0RY3Hwf0+AVd05bEssxj9FsBbc19JP27fx++wUrDkvvmjB/SJ9MKLoBFZeHI7XZz2OR4bzjLmLputXcPTvX+GgEAK5b+Ma93bavZ502dz/MF6ZMR4utmxA4csDd2rxfW4u3iiqb20BMEiF8Fk+mP57G1joaxA/5mLukZb8Nz5u+T0f4X+fXo35U/+AueMehBX/P279jMLsPLxxRf8qdti8EMz5fVt52E20W/bc3/cZeNTmYuGnTVgzczI8HhD5wt4x/2QuYiuUq7uKPFHkKUcua6Dwf07gDb3W6ob/Vh/tx6dAXX+NjFti2U5kPDu6hzaFYrLSS3EInOIE+6HCWolnMx+39I3PJsmRHIUM0s6K7MBpsfBbGIBxLG5LxbhZkL4TOVqyh/EyU2vaGkNN7PO1cIDz2yex4Alr1HzGxvMoM0wue87Fq0uG4GxCGj6/8DCWJIfD0/pXFGx/A/vNXE3kDaKuIH3mKvTmLRRphbZdBsN5aTrCA1uEBAywxkivZQh9LVgEdIRg+O6JRpBC+OBYDneCb9gyMzjDs3hSWAfoJZRZDk/3lHVYEKFj2uq3C+FvL4OPo+iEOOIdX/xA1zHfAa7xu7DEv0Up5AwcyhTRkFCwfl0bryRERDMBXivuwbB18UfQQj0+faqVcGOKSnNZobSjWtWZi7jBzY699ZgdmxS3ielmHa3PHpZ/rCNXlo9qlDfmbzsJv876pvr5wpkpbzWlWez9mEL4DTf5NK/ZsdFYuCHog2gECGWWM5DVQ7+XdsFVkVfcFDzgA6ak6OQJz0PPpTsM+mgOmXoKa16bo1HGOMNc5mDJ2xvFNzPT9AsqtCxoWbo3rYTvuBZFjDNwqB3cAqMRutZXhHQDY9igeIDlNU+Lus4yeLsPeC0di5jiosuwcavwok7+DRw+FkGbYrtxMy8T89A/BREizfpkd/0sg+cUB8lKwdJlGjyZ4NFvSMrEBS7QjZoE91YSEXvviXyZgvUDyVyZbWHgQ8F4MXoO3IQyK4VJdUWnbXa0vwr1lyeRBtjBa04P+1hfK8ZCbsZpSJntIFaPTkX8Qm+hzHIGwGL4o5gfPBZPi5COMPLRx6V4Xe4XihVnkA0emRaI3XMfxEgRJHEfU8hCAzFztAFlVgeT4lZz33Cs/885WOgulFmO1YPwCJyKNQZsBZOOyGazParMcowt+wfdsSf0j/B4SJEv7B29nvVGWEv32Hs5zxRZ/p7GKrM9ii/c3+eyL5OZ1MosRzFuaWGsHOmXghc1ezuISeyh3ghX7PfAL+0NCmOxgMnbXNZTK7McPm76LI3D7DY28OodrMQfmDLLsfUKhpt010kKPsabLxxiymyr5akuwgIWVuK2l0IKbbsMxjC7wagvPYr9L8xC9LRZeO+YvGkNr5gdNoWdMgfjeAv/KQcJi31ks8DAECQkZOHy9Ub5GQVVG8drTAf35BtnW6BSDUZDeRb28/hZ3AcK5b9zHDdH+pRhinWYP+wtGlF5Oh7vCR+GN1+JR+5Vlo7h3pj5klLJWomJY1jndrsY6VJ+8OdnYds7qSj6qa6VX4htADerZek/vR5xgXLc0YvX41BWGWr1TRqHekh5WnFJzGBl56GcCYKWY3zhKodoMC1uE9P9Wjh87Vn+Xc3BoVfE88Es7tMVrOyt4bVwhzAPVvhfvJXHlFMGn91Th4lLd8bOfqobhqEO5XlCgM0sRiX7GOmxjIV3DGUdOS4pdHylUDsdev1ShljDdggr/6wYOR8Xx6OIu/pYjMXEhfIjHPsNq+DJBaPrXyMtKkSOLzgM+7N4njDFyyscPh7Sowqs4eblBMubZciMk//mze1yPlk6eSvKNBGZz6rTGYMC4WpkiKJw9bPqywf7pXbB3nl7GC7qOMI011fjYlY89qjLnrUHdbpHeoRq8rwjeWh82/SG+0usz2BydcNV1i7VaWF1Nu0b/neD4Ri4Ds7ywy2orKG6W42ipPV4kz3/5itHUc7r91A3jJsiP6KFU7CWYCBfnd+t3dg85O/p9Zw3+96Iqvxk0afwtpaFSp7upjKkP69vFjsRRV/K8TWUnkaBOW3ybD3x3J/GgI/H12vMYdRoaruPR34ht6dzgHuozkRoYABcmVDXcClLxzqDMdQaw5qqUcDKXt02C66zcNY2vZa39MvG91c6ZObgIm9rrH7lH+0DJulqhYBf2UYqBVYqVu61OH88HWHs78L2fYFK3uFbj4IXH0AYSp/Ioz/ykDoU/o/4f9SXUtm6bwRW/elRKd7ST05g5bvyMytTclHKKoPF6McRrpCxR7pPggdrIE3XzuHgvlTp2bBdmTj1k9Qg8H0mC1MrOSbGrcGB1Ylhd3Ct6B944z32N++mI+NHFv99tnBx7SfOLINYWQ5qQOVncr4sjM/Eed51DnLAuNHyI4SZCFuHABcuM1Ug550waezh42zcataPi0daMFWONJ1mJkMUpG7FNrW8zPo39bg5bmqo/FCX0jFZT+YovpLSCtTkp+KidNd3KLjKJR4HPPn6c/AUfWZvhBRaI6g5G4NtL6xGZSk3ByzGje1RyP2J3Q5xgpM+gdIYrlbL5nR2bvB8apIUhPo81BxZgUPPh7VpemEs9ZeSkfD8ClReZQMli7v8cCFq+A/KGTYPf7gyxbr5Uir2b9mKG8KHofnLrcjZnCMrWS5KBbgC9TzhQ9gAwhRKeSK4GPUn1+P4oqBWDbX+uqyZDBszB45OYhS+morLcdNxYLOuAMUE4Se4HWkZLiarhZV4XCxjHSIT4NwWiSCBaXGbku45GDfGjskZxchYGYbLXwoz0GoW95b1ctmPGguDFq/tshKe46yBmxdRpDZ7KU9FCY/X3g3urZTCrqYRl1m92x+XiAaeR1e3IlcSvtEy04p18JzIZxgrkB0VhJLP8uTgalZHmKKa9g2fhLGD89TWgxavh+8tmo6CLPlvmo9loUQSygebzWdYFZGEEK/BKD+yGpmtzCYTkb3IE+lxW1EltWEGaw+VcXn4F78fYr50tIljKNx5pan/GmkrWbtUp4XV2ZI1q5HNy9/CCY/Nk4M1MIUm950gHD+QKpn1Nn+5Gl+JFeiBitW4rsWUPByLYXzW/W4ZcjdGiT6Ft7UVyLnA2/L9cDDQeKreYgITEwrizGZuvBQ7MzKQkbwZoeOZilB8GNv/ZqQiZGZqkll+sU/bMf7SRJwax6ljoQJTWg/GiBAF9cVIX+OJTFb26raZefhreRLBSd0vd6K/Ko9BOp9I6s+bDDZewz8PZyLquwbJVLf2xhWclWaEBsDC0GpTezg9DEcm69cW5GD9xTpUCl/Uyn9VYP2pEqaiquDg2LKE/shQfn8X5axs0m7IprG1t2oR//ll3IIFRtgrlj5MjFvDnRrkHzmK5aevoZAr7L81YM8lvpsL6x8Hd1tH0bX8Vo/STKbMfiHny63GWhy5JEk1rDOUPwhz4AB3r7EsSxtRtNsHuSdzhEtJBRou3Gy9oZUpcmR2CN7TKIBi8pqbL2vC5EtbMVyPQ89OR+bueNRzeZbD+reSTG7Bx8fBdtwFepw8NsbLE99mMTfuZs79LRVnKm7BZnwoNiez8fTwZvTGQ3xIoW0XvoqmWwHzUPGTPNvSYYGyfDU+PFKGBgs7yVwzKvs8wt9Pgbu/uUxO61ByNEpbKCz8Bb+KWw2PO0jC1cAxoa1Xdfb5y6ZNdvIzMvE4nsAU77vWcA6MxqvZpYj4IB0+84L1jicNTPk/XtoIS3tu+paLV48VYEFMLEaO0jPF7BgM11Hs82oxShQJL88rlgQ458naJqomxW1Sur1hz1fPmRIddEwnT06nwO8h/sz9eKCjkxmB0+DM5JH6sjzFxEUeiiQ/Nzu4BignELqBm4XISdD22b4hJgtasMMwfsZqVRlKWvkmV6C8TB5kVMPHSp9Kqi8xpUarIiYjex4ftKajSIR0Cv8ULJnnhIb8rWwQ1H4PDdzXet95RGYry7ITFhYdwcla2s2x+WqhZHWgTQ7Kr8qzzcPul0M0XD2NHB1lo/am3P/oRc+scfS0Nnx6jcXoPPwFDfz4ogFO8Nm0DipuTcuUXNW8JPiNY5I6buKGlkl492ExxAbDe8psqnwrvuRtx84bXuqjyFTReJxbjlzNQ76+Femqi7io295YXZAmETTKWBf3V32dqu+wTcqwFq51cpcTL/vh0gZjNpODdM4jZdc8V/m34S1C9o1GWYF2fMIVc6zkgrOxssX6Kc6S1UD9r9IevxKmxq3h9k/I1/IjZVzKk1Z3F55uo7/oS9RfwclveV62cP5X3tkQ5kVs1sTH9mNSQNuYLEeajipwF4JSzjPZTRH3Bm4JRBAypNB2kEFmOBKlPmE64oKjkHb6a1TeHAx7F2/MjkxBVGoKRuqZgO0SOjJDnRWChGdX48CxPFyubsSwUZPgGxGLV0+egvsY8YyGHBS94II3tyQjt7ACN5gC7+wVjCUf5CIiWttny3LOJLnjGzUHkcoOMWKStPozUMtElWN83BImpLsrJ3sdffiKDOugPda1vCO7ImfJirjtmLm9t5O+2yhNLvQauE8qN2X6JhH7De3iy312hK+10v+mp2hu4qvZfQyT8vAocg5/jXqmnNtPWYk10lnLJ7Emwhf2TBq/kZ/c2rS2y9iLVTNnYv7yHfikoglWj8xA6GJ9E17dQQUufirni7PPSjlovgecWZ6UnN1qfLuyG4xB4lYNLU51L4NaTFeM4nx+AVO8AIsR7ghbESwpp0kr/gSvEbxBnENaYYsiamrcBNFlsLFKZ4pEP11cZS2Xn0LES/7yXgLUPLodzxdDMdXBCrVfsfE0dCZmGrvRXzdDCm2H4BsXGVhpGK4zCzVmIzxd2jCHqE5GyZYg7J/ngmim3OZwfwM7bwS+1E2rdJd/kUw2Gr6J17OqI655IbKpspL6oyjfHoJDIePxZuBq2ZdhiBMCIvRv9NN8mr3bX32Q4P8wU0BlXzrbp8LhqzGv9Yb7xHYETT1mx5z241ZgVLrLUMMXKG9/rTifTPcaj+yz8tOmweoO90tpC31mx6bWK7NThwY+Mf7QWD2b2jhoTL5rf8qSPrsFvklVdDAeuJqK/WuUO45r4xjgIU0QaPmtSpeRZ86Zi+uNktkW9x1uvarpC8dRvDzrUHNZDulNmJaH3nAL4JM2dbgh3pnTfLsOl49FIaEHjg+6VfEJdqSek866HG7bg852x1JRVM2q7rgAuHIXiyljMbD+a3yVZLy5r+WcsdLEX4PmjIuu7K8IffxTynDg2j9lf1i918eyuS9n5GOueOx3rB7eqEWTpkE0oPZKHrYlF+OUMCvmmBo30QZDraG1t5yVLaY7due42VcRVjYW1himM1ipIjzwgLjX0FE50iiYbPiUk7SoceOb5JY9Z/il9mXVR4/LTP2HCQ/ZsH8r8HlsOq50rBC7BVJo22Uwhvx+jjCbAwa6rITPvlVwV7HxqCwPRRppTgj8w93wdAhXRh1g6b8DC95eBnd9OwwuP4kX96XAfZY/LNWrsbfLUHLhF0kAHDhE1+6wi1BvujRxGRa9tg72Lq1NRrXwS8KSlJPwmReqyRPUl6Eir0yvL4Nb/Hks4mbA41pMqZvLcmR/UZa3luq8UZsbV+Uo/CsU14FiKV+cJ0dLj3OMjptjUroT8S332x0yCfP3JcF5iq9xKyBq4d0pALMX6TfBVpsbN19KbP2O7Eo4y4VUO7g+o944xsR6JZD+BtYYt3CXARNsU0lGiTR54wC/t9Ph+pTIcztWbjHpmD+RKelNxSjS+D53MUyZ9dsnb/efsqZtf0urIfIEQkM1E/x/4v6FTNmaFYuAfQFtmhybPQ8Ls6RzlaHi9YrFqW5ro5bB8/0dsmlodSEKOmsa3AWYlodz4O4yGM1X8/DhW5FIEArwm7PG45Ce432U8GN7uHVG5PuxkhVDn8CYdq8hFfn5rI1YjMXja5dJfV7l2Z2GJ1bYOGCv7t9U3hjJxo0lkiVHHS5kbpXDO9pfcfixPR/9gKjsAvj5m6Of6PvUS+bBrN37jsZ0Q3OPpRWSD+eIp/6EWDcbtDdH6TfmYVg0/4z84znYknRE2pxq7o50hH38A/6p65BoYtzdgxVmvHYQGZI/+kbM6OW7nbLBCHd4vjJtLMDZUjLrHvnAw9i28E8Y3y9tVM1dPkfxw0/cksgBPpt2yebH0lhfgIh5snKphalypEk4QcXdnRi1bOy5wX1oWV9oO28XgpbKE63adExmMgmT+nwOP7bnvGSJp9d6sE/QhKYWzwj9PLYUO//O6uDxNOxcpruNa9dD59C2QZtnUjaV4fia6SjS+DfxY2FOYT73h9KhproOtqxD0Dr7Spz7qJ865POzOzWCbfvnXynPvjJ81pb+M7a4OceLwXo6KYHWuVrc9NCg30IjLqeG4dBusWEQo83zQq/nYc88ecdYy7VMkGWCWs3p1UjYon2eqYSKpf0YSztTmtLnzcJF1nkaG7eEiemGYywWxAfDWXSkrdDJQ5lg+KbEwof7s+mgzkPHbaVYxJS/kqSHkXZA/KhEnc7qHCQEh6HG1HqlZtFJRIaNbV2mhs6h1d39WN+5pNy8dxsrA+7E1Qp5Y6lDCh9WdfvRfy6bDm22Bw5rbxqfW2+4vZ+EoDYkvRv5MXhPrARasrjXsLgNDjqGzrs1Kg9Na5vc3/fFSAP1kO80+47yLFD97ZWjv40bfr41ouz55k0G6HgebkRQ1jK46a0nTGGoKkZuworW56hqpakauRs9kWPOnY6nmfMcWiXtt3stVNGYfyQUrlL+sHodyOp1qxmZtuuVsmwkOtRfMZTtrjQZ0S9EyfedpgPn0LaLOIu0jUWWW0UnFP6iHTuL1OrRyUiaPVryVdVC54zUp58KwJrJfOVCH3yX5Ja458+ah4WPGWgQt2pQmp+H6HP1kgUBx5S4Ne/Z1vm9nWYCIpPewtQR8reqMxuwJO6c/KVbEGUPPe8oznbVPUt3/myW54/q5vld1F6/BRum2CjzsN1ziLXyVuS3dK8fs57ra9Q5tF1QPvxYxBjf1n6v1WUot3BifZP2uGmSHKmhDRlEQZuyOEerfzNNZmo3br3ygYl9vrI/v1uGdL/pnd/peOoCxL7kzlqGYb4/Fon/3i++dAKjz6Fd8A4+XiT7+aOpBMlz1+Kw9EP3QCu0bXAjNxMFpdWoV+450FSHqgtHsWeRUpnlVKDkla3ILq/TrEA011egYC9T0M7+IkIUJO/EgaxiVN1U+NPdbURNeQ7S1sxSKLNdT8Pu6djGlMiLVSzt7TlMZMfgw9Q8lCtMCXm6uZCauSVIWylkFCXEI+cCy0NptUuGmx6Wn03Ee4vVnYTa3LgaJf/Qo8xy6vlux+zTYixc58srCcbFLTAx3Shfj0OLo5CpE3/bpCJnSyJyWR1o0JuP62RzY6aUl3wkgnTJzsFlbnFm54Zxkq2UifVKzYEV2P+RTv3qLJfW48Ca1u+nyUNDGzKZnbFwsDeszOrSkLBaOsqpRlGOPM05O7ci19AIyumKPMwKwXtROm1N3e7/qlRmexem5WEMTmdXyPWV+1zrtB+V/VgERKfAq5W21oXH9nQp7bV7Heqj8NUFuU41X8rTo8wapuF6GXJZ29dSZjkd6q8Yfe3Ynm7g1ndf4N1T3+Har21n5D8/y0TUsSJUXmc1VmEyrI+0XPYcbxC/3UXTbZ14rWzhMj0QsR4tzoGmxN09nMPfUgo0Crf9QxPEXe8l7eSnOPVjXUv+3foZhceOYmWhbNLdv+iC8skPw57tOahU909361CZz2Sr51P1mg6bJEeaSNVbryO9kPVtWmNmHo5vSUZJq2baQZnJJEzs8/v4sT1Gc2gvPuVHhXEs7DF6snzbXdAKLUEQBGE+hJWBqvwoElav1t7hetQ6zN6xEu5DDc1kdyFihXbQt8mYu6Y754118YXnviQEOPIzjvVYV0iYstreG+mKFdq+ijXWP/8MvKwqkPFBLvaoF5A59w3AzD8GIHy8NaBnJbl3MYOV6Wp4sqTW5sVg4ZbPRTjRpRi1Qsuh8iG6Ages3rsbMx40YoWWYbViN9IC+aKTcc+bE1qhJQiCIMyG/VQ32aTaYjBUji3+7bDzhf2USXCQzGJ7YPOr0xWS1YbFY7Px1gJPGDLo7ErkPRh2MWWWr0JnIqcbLXGIHmKEg/DbHADV7ywwUiN1DcAjtrbweFA20rx1vfeuHFo5PInnNgVjgmTfWIVz2aQs9SaofIguwcoBM/4rEk89yO5v1+O6HGoAG4z2j8Dbf5QtKJu+/RyHpLvug1ZoCYIgCPNhyPdYQf2FRCSsjunmI6Cs8Ny2gwhV+jJ+n46ZK7t+DrmVn9b1POxfHNJizteKfrJCq3hlprKhYOt8bDotvt4r3DcCsRF/bHtzp1+/w8H/8xXSzOjdYC6mbkpD5GT1LkNNqDrzPlbFfaIxbyXMj+yzKL4IDK3QUvkQXYFuHazNi8PCLYYsBJZiZ0YQNOcH3CrB4dfXIvlb8b2boBVagiAIwnwcWIE9O7MkXyot/yLJZ132Ad3W7cos5xYbZDch+YsK3DLFz9Sc3BV7MLzQljJL9Ct+u4bo5Eyc+rYGtxq1GgSafq3B91/8A1F7e6cyq+FuE25dK8GJuDAsIWWp90HlQ3QVTbWoyN2LLQaVWQW3+bPJ2LC4+5VZDq3QEgRBEARBEARBEH0SWqElCIIgCIIgCIIg+iSk0BIEQRAEQRAEQRB9ElJoCYIgCIIgCIIgiD6J5ENbX18Pfpkbe3t7Kd6uiJvj7++PsrIy6SIIgiAIom+wePFicWccH3zwgbgjCILaD0FoQwotQRAEQRDdChfI96YYd2TS0pClJJAThAJqPwShDZkcEwRBEARBEARBEH0SOraHIAiCIIhuJSIiAjv37RTf2mbV86uQkJAgvhEEQe2HILShFVqCIAiCIAiCIAiiT0IKLUEQBEEQBEEQBNEnIYW2r+EYiwUnf0BUdgH8/B1EIEEQxmC5/BQiT7P2k5qCkSoR2EPYbypAFEtL5Pux6OGkEAawmRqBnQc/RkZGBrvSsHma+IEwL2F/wycffaJ9bQsXP5qBwQ9iW0QIPn45AOsfEGEE0S8Ix990285Hf8cbU8XPBNHVTNuMNGmMzEBa0juI8LYSP3QvpNC2gX3MeSZwnkeAnwjoDQR4wHkI+xxgB1cffzmMIAgJuc3+gEURIkAHVw8nWPIbOzeM85KCeohlcJ9oJ91ZurA2Ld31ZpYh4KMfpLzVXB+lwF782i+ZHIl3Ip/BaBsLEUD0Hqzx+jKmoK4NwcHp1iKsDVxG4xE+bt5ng/GuRjxPtGa8j5TfH6/1QXgPS45PT3tGTkv4BEwXYd2J5v/XXM/g9RHix1Y4YJvWs+yaZ8xiRMvfxU8QQX2Q9sZk03GA7aqTCP+oVHs82hMrfu9a1O/TcvUyHaGHsRrhimci38bS34uAboQU2r5GZiEu32afd6tRkpslh/U7HOAWr+4sSjE7UAT3djxiMf9IKV59v62ONRaL1B3hBztk5UpBr5xE6UeUFJahgd9UX8SFfCnIPBhV9koSUfRNtXTXUMratHTXzUScEm1M30V18Em/CZLC3lTxCXYsn4+ZM+dj02n5t87guKkAa7IKqI3roezYDMx4Vlxr9ojQdvhNfLZF6RV8z8fN32pxvqRODjMH1g8iNiwIH8+9t6yl7hiT593Bv5vRJG77M03/Fjd62YP/UrcZdv29XAT3U1QvpSDi2bGwHzpYhPR+ek+fPxDWf3wa4fGb8f7HcXj/3T+K8E5yehPmz5yJhVHJOMf3ALYYDe853d8nkkLb1yhfj0OzHka0nyeysypEYD9DtQyuTkzQLytDDQbDdeo68UMvZ7gDHhg+GAMHiO/tMcoffn1FWe8nNOyejrhprP0Eh6DSnMdjm1r2jKrNnohmaYl7YT265qRuc5KIzGdZvvG8mxaDgpsiuB/jamfD/q1C3q4d+KTilhxoBoY9ZAeVRd8Rxnondbgm6mBTsxHaVePPWJOQgrnvZiL2XyLMHAyxwcjhllxO7P9U10FqBb/dlb72JIX/TxQ+K/o78l238s/TJzD3HVaf2LWtqL0JkgqsEc/OfScX34vQ9rmJ2l/FbbP4vOdZBp8pXFFqREnqesQFqsckdoWvlx/pYqo2jtf8n3vyjZsc6/k+fyDsZz2Dl5KiEbvqGbiP5OYq5qf2q8PYcOScNMn0O5vRcmA3Qgot0fsI9YarBeuwPk1ESTU3yfSGo/ip33CzGjVNgzHuT9EigCB6hvIjCqFAc41HZrZ44F5Fmpy4hetF0jeil6FeJay90fung/oFvwmtqv4mrsh3PcYt9YrlzTqY09Cm1yG9Zx1q/5/0jYATbIeyj6o8ZO9ORQM1feOwegLP/efTcLEZyKpTGTL/70/ihy7gZlOPTDJx7oV5RTMwFvYv7UCQP2tM3J3qbh0qv0zFhxtjFCsr3JQ0GI5lqa1mirgZabgXUPCWjpCoCoXbhlA87SHiZTRcL0N+cgxyj+XIAQI5DqXvT13r+ATys7/geOBONGxYh4AnHKDiwhlP92d7kLw5vvWE38SN8F0VDK9R1vIqk3jH9Ldi0Fpe8MXIyHWY+RTLF7GbTfPNClw4mYjje5PlACVPRSMgbC7cNXE3oqYsB8d2rkDlJfmRFhzgPtEJaCpG2ZFU1LpvhI/XWLjN44K3eESJSXGbmG7VHLiuXQVfr5byqb+ah8zt61HyjXp1XJS7+CbhFIwoFqaEKw0HtI6Bu4yiC9bw8whg8Uchp81R2QHDQqIxO4gp9sPFLF8TK5/C1uVjatkr62b23R2YH+EPZ/F/3Cg9ipS/rkaNVvnzthCHwGmKPGR1NjthNQpOF8sBEtznciM8b+fgvS1lcF/bUrea6ytQdDAKmamKOs7NX+c56cknEQ/ysOfZEFSJUAlRZz1ZvJb8HRnNehcPRBx8IFRzU098CgZOi4XfwgCMU8TN22ZB+k7kpByVAzpU9nr+Rk+f0ULXlX3XwurH8o3w8/OAA1+55kG8bbL2k7MzStF+BLyt8TR7sDTrc1nVV14q9vyBlfBUVSP/naBebbHSuv+2hueGH9glvnI07xgM39RY+Ng1omi7C44fE7+rUUVj/pFQuKIY6fNm4SKrA3L8jcj9ayQqn2H5ru6z9I5VApP6fBnbl3KxJNABKE1FQh+wLOC+jmvctcfNwv85gTeuia8K5Gdv4ui7Baif+gfMHfcgrHjFba5n7S0Xr39WC/lEfe7b6INHpHvB77l/qbgXfJ+dgjXnxRfOfZaY7+2JmZMehM0gluG/3cWtf13ExxnFSNOz0DPeeSzCfV0x8nf6GoTuewzA0+7uWDh5NEZYSYWJpus/4NTJr7DnF+1OUX5PSH8f/++H8fqsx/HIcPZ/sPTUln+BPcd+QH5vMSnuMHIZjSg6gZUXh7e8o5QvV3D071/hoCLPlXmiXTdEWf+Yi7lH+qlFnDkxekzmGCtL6KH+F9wQt3ph44ljRLjUD2pMk9m4WVXKZMMtq1Ele/tIKGUgbXnasExvDKb1+TqYe2y79SWKrjwN/HgEu3eV4faS/0KA+Kk/QSu07TIYzkvTER7YotRggDVGei1D6GvagqtpMKFlTzSCFMoSx3K4E3zDlplhsxUWT0oc5nsJoZbD0z1lHRZEeIsAgd8uhL+9DD6OQrDhiHd88QPdjV8c4Bq/C0v8WzohzsChTBENCQUbE7TxSkJEdCg8teIeDFsXfwQtXCYCFKhWwo3ps81lhShhX6vOXGQd12C4eusxOzYpbhPTzU1b9rD8m6JdPqpR3pi/7SQT1EVAJyhPz0MN7OAetFKE6MMBI2NO4sWlvi0KDceipXxa79ZrQtkLhkw9hTWvzdEos5xhLnOw5O2N4hvHG647DrG2oJOHrM4GvJaOBcv1xD3UA6HbtOvWQJUDPJfHMUVe/t4h/FMQ8d9yvOqBk6OpB50iFgtY2+b1Shk3b5s+S+Mw26gNPcxB95R9lxCxA+HBshKumTXlbdPRF/Ojd8BRK92+cN8m0qxoa+0S6i9PUgywg9ccPX1JnyUV+flcgDHgbiFZsDCZ7kKmpMy2YI1xG3ZhgbLPMjRWmdTnq1kGzykOkt+/pcs0ePbopmpA0hHZjFNLaew0IzB96TNY6C6UWc5AFUZO/iNeH9+ZzsUaa0JYvJMdZGWWc98AWD00AQufD8B6nQ2FXMb74LXACQaUWV0GYP6sWVgz7VGhzMphFsNHY+aiZ7FtjP50Dxrrjd0LvYWix2DpsRntjZdnjYDePUqvFWMhN5tNLMY/RVCPcZ4pmDwt7SiZVo9ORbzyHaV8eRTzg8eCife9nDq8kcjruP4JmF6HSWOyCbKE1l4PYjJYmjg2vOeD/YY3sIjLeko/WzZu2o+bg/Btu3r/qQJmH9uacXbD29jOlVkR0uWw8b67IYW2XQZjmN1g1Jcexf4XZiF62iy8d0zeWMbWS2elxRSmzME4LjX8lIOExT6ymV9gCBISsnD5eqP8jIKO2O2rVIPRUJ6F/Tx+FveBQvnvHFmjboEp1mH+sLdoROXpeLwXLP8fb74Sj9yrLB3DvTHzJaUgvBITx7CKersY6VJ+8OdnYds7qSj6qa6VqYFtgAds2WfVaYW/w+L1OJRVhlp9uzmEekh5WnEpUf6enYdyJrRZjvGFqxyiwbS4TUz3a+HwtWf5dzUHh14RzwezuE9XsLK3htdC9YZO63FAiotdb+XJs4Z8Rk8dJi7tVUdBfiLyy1g5jZsLd0MVyS8WQdIsXx2KktTvydOdhUr+jrx8VinLU8a4sldjDTcvJ1jeLENmXIiU3je3y+9i6cQGHvkhYNFGzB7H0nK9GMfFczzu/anF0qSD86x1rdvDEGsMs6jD5WNbsY3XLZaHmWW8ftvBc35HfaN5nfWGLRsoawqTW9pPcBjSxHtqY7r/ZzPLi4JUlmZN3OuR9g2PezDGTQ2VH+pQ2Sv+Zloq2ty/o1vKnoXPUwoG4jLDDsY3yvNw/J0Vmrb55ivJKLrOflBNwuPPys9IBK6CrxNrm/Ut9Y+3Yzm/WTyfxSBa3yx2Zg4u8rK8W438o6K/MAtWcPCLhPdIdnur3uAqviko++/jrM3zMi14S/6uuRTv2LA3ByWsjHm/56YlfXnD6wkn9lmNovR4OUgDG6uGGzNWmdrnq0lE0Ze8/2PpKz2Ngj5g62maryPHAlZMiWyq+ALx8ezv3k3FnvP87yzwyCNqrVPhE/k/52S/Ur6Cpw4Tl1LR9njyD3h6BIv3pyIk7UuVn3kvHUlf/Iym+2zg5fsweHWTscFCbwdY/FaP71n6V77LnmXpiD1eglq+cnrjHOsDWpQcq0cfx/zHWCW58R2OpqTKSid7Pv6T79jzLN1Pj8dM+VEF1hjv/jAs6q8gQ/xN2IfFUvwWjg/reb6PYqVirbkW54+nI4y/hSUPCgAAGI5JREFU474vUMkHe+tR8OLCA2EmTByTOyJLmMLdm6i5kIVDm8PwptS/+iAuToybD3nA00N+rCsxtc/XosvGtm7gdAmusny2Gh+E1X4O+ifHughSaI2g5mwMtr2wGpWl3AyCNbjtUcjlJuhDnOA0RXrEdK5Wy+Zadm7wfGqSFIT6PNQcWYFDz4eZRYiqv8Q6ludXoPJqhRR3+eFC1PAflDNmHv5wZZJr86VU7N+yFTeEKUbzl1uRszkHlex+pItSEK5APU/4EAeMYwqlPIldjPqT63F8URAuSt9bqL8uaw/DxsyBo5NY2bqaistx03Fgs25DVQtrZbiYrJ55jcdFrgBZjIXbIhEkMC1uU9I9B+PG2IGbPWesDMPlL4X5SzWLe8t6uexHjQVPaefIQ9GJr1Fv4QSvUP2r/Y4srcPYZ+XJ1Th+QO0zwtO9Avv3sr9l3+zHBLTaLdmoslfAn39v0XQUZOVJ35uPZaGEKx8WgzVxu04ey+6rkfvOLBSJ53jclbtn4fg3rIxUetpDE3s+bhYObY9HPa9bLA8L3pLrleWoSdKEhMn4sfLhJ95cZYL7X6NQw9+RU52jf5LEZNbj0LPTkbmbpVkTdypKMrm1ADDQQmlG1HV0V9l3CQnT8d7zISg6maXxc2r+MgoFpbJwY/k76UNmpLU0Y17zZaKm/vF2XCLqyTB7Ay2tPAbpfKLCjBvkTd2UJp03u/vlqbC/U4Eze7bghPitW6mPwlcX5H7Pdb7CIsAxFK6jWF5eytTrpmDUWGVyn99C1VtMMGSCWN/YyKxj3PruDF7/8ApO8Xm33+4i44vvIOmOHTb/sMQUJ9bT3bmCox+W4OgNYYN5pwFHP8vFP/kmVQ88iJYFJhVUXAq8fhkHmRJeyZVYlo78784jnz87bDiU263MdGHKL1Pa8j/6Ckn/uqvZuOnUxa/w8aUGJlnaY5yejvbW5TOIYgreHvE3tRVX8C1vnoMs+s+52I3X8M/DmYj6rkEyF6+9cQVny/kgMQAW3dkf9ndMHJNNkiXYWNKiBIpJ4FYTx9rmwlVRPkhYvQKXz+YIN5sKNGStQNFVfs9kmuFSYO+lC8a27uMw9v69BLUDHDDj5d3S+bQ7u8mAihTadqlDeZ6ucpSHip9kwWygMRZB+ihfjQ+PlKHBwg6eS3cgKvs8wt9Pgbu/ucwC61ByNEpb6Cj8BepN8zQ87iApFQPHhLZepdnnL88a28nPyMTjeAJTvO9awzkwGq9mlyLig3T4zAvW65DdwASq46WNsLTnprq5ePVYARbExGLkKD1mm47BkrCGq8UoUSS8PK9YWhVwnqw0fzUxbpPS7Q17vjzFhMmgYzp5cjoFfg/xZ+7HAx2dzFBybCfymcBp68UEVT1SxDAVN9uoRvkZbZ9qiSOX2S8MlbWk+LRgZNkrqL4UpeM3l4zseXygmA55T5xQjJSW7OzgE6ObJz9g0USeTmvYPsafUXD7Mkp0O+TyQvyLz0UwgUJfnWkX5/ul971xtVCqF12BKnAXglLOs3qieM8N3jr53LV0V9nr3RTK0Myx0XB/9dZnBWr7FAl+bZSEDtsnQuH+lOj/RgXDfROLg902SDMhPYClCjZDeYfUM8guCUz4m7JOM2lhG+rB8qQRFz6NEiFKjByrTO7z7yXq8O2XP6NUfJOouy0riR1mOEZyAXrQaMx/Wec80rXBmP4A++2+obhfk+FNuMNXEYc74y9uKozkUtp9A+Dl9jim8Gdv14PPNcqo8Mj9vGBt4BWmG3cIwtx4zbHBiPulh7W49sPPOK/lK1uP2H18dTkXSSKkz1P1Hbbp7Gp97VZXjRr3MCaNyR2UJUyB708TcwoRJ7Xjnt35VQiiF0MKbQcZZIYtuOsTpiMuOAppp79G5c3BsHfxxuzIFESl6vON6yI6MkuZFYKEZ1fjwLE8XK5uxLBRk+AbEYtXT56C+xjxjIYcFL3ggje3JCO3sAI3mALv7BWMJR/kIiJae9rGcs4kWZgaNQeRik4oKmKSJNANVJq/Shgft4QJ6e6QotUhcpB/uhjNTHn2WmpoMqMBDS0STA9h2pE0bTO04xNBCpqb5BV6c2O5nA2EL/nDzV7hX9hj9IayNxVvuL0v/NWNOSvwwFZk85lz1VjMjmb9H2/zH8Ri9him/DaVIXvvVvm5buDMZn7e7EJsOnAOtQNsMCE4FM+I37qd/ER5RYH1U7JLQrBsOVKdh3zdjaLaoNVYRStT3QzLcJMkrWvYn/sz+xsVXGYEIp4rwS8HY/2M0bC6rwnff1YM9bZ0PGILkuKIXoJxY7I5ZQl9LIPfB2J/mq45nYZoC6tQLP2zK2zuXsGJLcul82lXdZPVNHWFHYJvXMSFhJu4IdnGKxiuM7M9ZiM8XdowUaxORsmWIOyf54JoptzmcB8mO28EvqTf5MvsXJZ3i2v4Jr71Ko36mhcimywqqT+K8u0hOBQyHm8Grpb93YY4ISBCexVVTfNp9m5/9UGC/8NMAZV9GWyfCoevxpfBG+4T9a2sKtBjdsxpP24FRqW7DDW8X779tcLfUfcaj+yz8tOdJuljFLH/j2/Iorsq0iCZ6zjAdY4eZXeeM7iVD6orzGKi3jaJYmfACmQ/ry8/5OvQbunhtgn0hjMfaOrrZL9TBTb2av9UGVVwAJyVuxNzxIqeariz/F2Nahnc22prRsHq4VNO0gTKjW8UvkD8UvvJdhO9p+xNxDEUT7jw/lHp+ytfev3//ZbBaxR735t1qFebp91tlHYUT3slDEWtdivvampRcGgDcviBkVYqM2zQ11GY4nq2mNV1B7gvZONBYDDcWaFXMkW3VX9sED1jVUf7fKKD3EQtr/a3S5DE/Vv1XpmI1WS4NeZOehBorEPtr5oGgaZff0bhsRN4/bw6jFOHSmnr5Z9xivv86o07BWu6vQ31Raxh8x/iVuDlOVqeZCfaxqQx2YyyhD7mBcCdW0Q0VSDnHbUPrXzJvqz6sMYwrW3LmRy/1hvcIIIwkcmjMcoCuHX+BBLyKjpp3WIapNC2y2AM+f0cqCTpERjoshI++1bBXcUUqbI8FGl2damTBdDhbng6hCujDrD034EFb7MGrc9ef/lJvLgvBe6z/Lllm8ztMpRc+EXqGAYO0WMj1BWoN12auAyLXlsHe5ex4gcD+CVhScpJ+MwL1eQJ38ylIq9Mr3+hW/x5LOJmwONahPLmshyUSMdgKXwZ1ObGVTl4T9EBaa4DXLDjZsct57YaHTfHpHQn4lvutztkEubvS4LzFF/jVmyvy506nAIwe5F+E2z9JCLnbIU0kfGEZM7cQkmh/N4jZ+2Q4pTrylgMW5SC8KWTJF+nknzdzWG6hpJL3HTYAX5vn9Sut21hMRS2Hur8Y+mel4RFy+V0l+cnt5gniQFx2DhWD/jEhsobI186hXD2bCsz38/KJCXOcmIoZivbWspGeOpraybhBJWY1a39qRg3uC8QS4vtvF0IWir7tOqlw2VvmN5U9iYxSvaJRdNN1JRelH1oRwXDOfIkgia2nnCwn+rG8rUOJWmvY/9GsYmUnwu2LQ5pfbyPEn60wUc/ICq7AH7+7UyG9SLkiQprjFu4y4B7hIKkTFxg+WfrEQwvn7FQ1X+NnL3C56wVOmPVE+vgq2+sMrXPV8CP7eHWM5Hvx8plfK9z+45s3u/ghuhHLWEjBepSh8If2FNDXLHwL66Yc7+FgecEIxwwnnU0ty4X4N3DJ7BeUlRT8Zc9Z/DG5YZWAmJ2+c/s3wcxPeRxhD1kIZso9zSPLcXOv2cg43gadi7T3c6x93GjUZ4kGDnxUTw9iN0MssT8aX/Ey08/CDMYE/U+zF0+Jo7JHZIljOU/rGUXjdvVqLxQJo2hXG53jzkFHz07TTXc5s7yTAR9ahfsed9px2SQmHQsmSXv6G4OTOrzOX10bNPirpyvhrHCjNcOIiOD1cPkjZhhht2j/tfUqVP/XVtbC36Zm0ceeUSKtyvi5gQFBaGkpES6uoLW50gpaCrD8TXTFasH/FiYU5jPd9LVoaa6DrasoWidcyXO3dRPHfL5uaAaJ3c9Z1fqoDzr0tRztbiJ5YvB8qqUPrTO0fRLwYsGfQkbcTk1DId2twhc7nva8Fu4noc982RfPcu1TFBiHUjN6dVI2NJiUKVBxdJ+jKW9qeXsRWPjljAx3XCMxYJ4JoQbMlnRyUOZYPimxMJHz5JOSx6KMtA9f4x1YLNTWKcrdezKM4Z92XvuYu/Zul5xGnTOgzS17NV1XPusVEMsg2/qRvioJwR00XonPWe/Kmhg6Uhg6VCnG6qNmH9kmXQciRZ3q1FTbwdbKOM21NZYOZbVwdnJTvt92mxrHNaWNb7C7bR7TofL3oi4tfKwa8ve8Nm/ejApD9sue47y/xy2oQAv+hmoVE11KM9PxUeb9ZyjqkxTaTKiX9DnV9pxlsZnIOiRK0ifuQp7RZhZWHQSkWF8UxQdDJxJaLupABFT5Py5kR+D9za2tt9qs161GqtM7PM1KMu1GrkbPds5P7ttIiIisHPfTvlL2N/wSaATyo7NwH/pceBc9fwqJCS0V0l10XNerA7Ks2I7dhapJdb8ZxCe1uNwrHUO7eAHse35qXjE0HiijNv6Uex+/nGM0KeY/taE2opifJxZgqMazdYa68MC4DXcgB1n3TlsUxy1oz6bt9U5ueZkwTv4eJGrrAw2lSB57locln7oLgyXmd5yHs7y/D/15PltfvawDWx+UcbTkXrVRp+vUz7GotV+FIRv+wR/dqzHlzv+jNfPyGGt2o/Zy8fEMdkkWUKJgbFMCZPdFr3PnjE4E6GUrxj8+McY39Z7BjCF+AbsMOwn5f8l/n/xTR96+04T+/yuGNsC3o1DYFsJryvC9tBD2vsHdIRpm5G2zhP4Ig7zN4sKqJcJiEx6C1PF5vFVZzZgSdw5+UsHoRXaNriRm4mC0mrUKw9u4oczXziKPYu0BQRuPlHyylZkl9fJKzWM5voKFOxlCtrZX0SIguSdOJBVjKqbilmMu42oKc9B2ppZCmW262nYPR3bmBJ5sYql3eAh2ILsGHyYmody9YoUh5sHVhUjc0uQtlLIKEqIR84FlocKK6nm20xIPZuI9xarG7La3LgaJf/Qo8xy6vlux+xTseuncXELTEw3ytfj0OIoZOrE3zapyNmSiFxWBxray0dd6rciv1Df5jc5KApfgUNny1CjqIfN9dW4eCwK27p1t9FE5Dy/Gmk6aTGF5psi3UplllMfg7TtWax8xHeGZHL61yDkt8oW3tYikX6hpb7yA9mlcvym8361VW+9jnRWFvXqMpTaZR6Ob0mWjlLRTyfK3iC9qexNIRGZm5NRxPsTEaJWTPekyKvOSm7sTEWReJHm24r2ybGwhuOUZQj/bz1nNffVow0OrMD+j3T6/jaoSc6Tdh7m/eOFEya8p8GxysQ+X0PfO7an62nAtiOfIv/HWjTpVmwljT9jTeIxZHxbg1t32snwuu9w9JJoEHcatOO9zwI2v3dH2CJ3xdE6dYj9P0dx8IsK1DaarfPpHIf24tMfRWdpYY/Rk+XbXsv177AtswTXbon84xMHV/KYovk5vtc9068/YPbyMXVM7rwsYRAuuyVwWaKlf5XGzKx4HDirR8bKD0Pyga9RpR5M+XhfyvrNxXtw2WjZrx1M7PP79LE9RnMOf0sp0Fic2D80Qdx1HFqhJQiiCxCrOVorqwShC99AKglBLo0o2r4Ax4+JI7IkxmLY2l2ImOWAgQZn7LsOeYW2Cmc2LkGcevm+J/BPwYuR3lCVpUoTQfp2ETW8Ot976foV2r7JyDHe2BbwMO6cz8TKbL5C2ILNsNF4I3QyRg6q07OS3LuwWrEbaYF88rkLrByIzq3QMqh8iC7h2bfw8bIJuNPuCi1nBjYfXg1Pa6A2LwYLt3wuwjsGrdASBEEQPcQcuEsbSAGDhnq0+LfDAZbjfOHscr/sj9wDm1+VVHFVwh7eK1ZjhkN3Hg8v4L7bi9IRsZa7StShIE2/Mkv0L/zGPCybglpY4DGrFjNiq8EW8HB8EDbcx/O3m6jUZ9DTK7DBaP8IvP1H2ZKq6dvPcUi6I3oHVD5E12Dz+HPYHCibsv9ae0UONICVw5N4blMwJkjW+FU4l905ZZZDCi1BEATRQ3yNSklTtYZbWDTWpIqjuk7nInLHOgRw/+GmauQwZa67+Tz7nKREWzjMwOrdacjISMPmafJvXQv302J5cCwFEWGTYDugEeVHVnerG0pP4RT4CT75SFzbwkXovcX5f8nbHVs99kesXxGsOVP24Mp5WDnNAVZowrW8c0jSOkO2t7AUOzMOYueLz2A0nwO6VYL0PYe7dafTe49w/E3dZtj157b8JKl8iK6A+81mZOBgdCg8RzB1tukK8o7q7jfQwtRNaUjbvRGhk+2Z8tuEqjOp+NsX4sdOQAotQRAE0UOkImd1FI7nc18qbf8i7g9fWch9QD2R2xPK3BdxWBt3AldqzeVIZTrcDy13byQOJOSIEKK/U/j5P7Dtk3OovN6AJqXS2tyA2n+VIOPAR1j+hZ7jr3oTt2tRkZuMDYvXIvlbEUb0Hqh8iC7i1rUSnIh7BXt/FAGGuNskng3DkrhPzDKpIvnQ1tfXg1/mxt7eXoq3K+Lm+Pv7o6ysTLoIgiAIgugbLF68GHtTjPPcWxqyFB988IH4RhAEtR+C0IZWaAmCIAiCIAiCIIg+Ca3QEgRBEATRrfAVJlOgFSaCaIHaD0Fo06eP7SEIgiAIgiAIgiDuXcjkmCAIgiAIgiAIguiTkEJLEARBEARBEARB9ElIoSUIgiAIgiAIgiD6JKTQEgRBEARBEARBEH0SUmgJgiAIgiAIgiCIPgkptARBEARBEARBEESfpO8rtNM2Iy0jAxnsSkt6BxHeVuIHgiAIgiAIgiAIoj/Tr1ZorUa44pnIt7H09yKAIAiCIAiCIAiC6Lf0fYX29CbMnzkTC6OSca6WfbcYDe85DvJvBEEQBEEQBEEQRL+l36zQ1n51GBuOnEMTu/+dzWg5kCAIgiAIgiAIgui39K9NoW424Y64JQiCIAiCIAiCIPo3/UuhJQiCIAiCIAiCIO4Z+qdCO2CwuCEIgiAIgiAIgiD6K/1LoT1dgqtNgNX4IKz2cwAd4EMQBEEQBEEQBNF/6WcrtIex9+8lqB3ggBkv75bOp925TPxEEARBEARBEARB9CvIh5YgCIIgCIIgCILok/QvhdYqFEv/7Aqbu1dwYsty6XzaVYniN4IgCIIgCIIgCKJf0b8U2smjMcoCuHX+BBLyKnBLBBMEQRAEQRAEQRD9j/5pcny3UdwYwgozXjuIjIwMZCRvxAzaPYogCIIgCIIgCKLPcY/60Dphwmgb+db2SQT/1wT5niAIgiAIgiAIgugz3KMK7Tn8LaVAY5Js/xAptARBEARBEARBEH2N/qXQDrXAIHHbHrey83CpTr6vrb4i3xAEQRAEQRAEQRB9hn6j0No8/hw2B7rCgt3/Wtu2gmrl8CSe2xSMCdb8WxXOZX8uhRMEQRAEQRAEQRB9h76v0E7bjLSMDByMDoXnCKbONl1B3tEK8WNrpm5KQ9rujQidbM+U3yZUnUnF374QPxIEQRAEQRAEQRB9hn5lcnzrWglOxL2CvT+KAEPcbRLPhmFJ3Cd0vA9BEARBEARBEEQf5H9NnTr137W1teCXuXnkkUekeLsiboIgCIIgCIIgCOLe5h7d5ZggCIIgCIIgCILo65BCSxAEQRAEQRAEQfRJulSh/f7778ncmCAIgiAIgiAIgugSaIWWIAiCIAiCIAiC6JOQQksQBEEQBEEQBEH0SUihJQiCIAiCIAiCIPokpNASBEEQBEEQBEEQfRJSaAmCIAiCIAiCIIg+SfcotNM2Iy0jAxnsSkt6BxHeVuIHgiAIgiAIgiAIgugY3b5CazXCFc9Evo2lvxcBBEEQBEEQBEEQBNEBukehPb0J82fOxMKoZJzjx9JajIb3HAf5N4IgCIIgCIIgCILoAN26Qlv71WFsOHIOTez+dzaj5UCCIAiCIAiCIAiC6ADdvynUzSbcEbcEQRAEQRAEQRAE0VG6X6ElCIIgCIIgCIIgCDPQcwrtgMHihiAIgiAIgiAIgiBMp/sV2tMluNoEWI0Pwmo/B9ABPgRBEARBEARBEERH6IEV2sPY+/cS1A5wwIyXd0vn0+5cJn4iCIIgCIIgCIIgCCMhH1qCIAiCIAiCIAiiT9L9Cq1VKJb+2RU2d6/gxJbl0vm0qxLFbwRBEARBEARBEARhJN2v0E4ejVEWwK3zJ5CQV4FbIpggCIIgCIIgCIIgTKHnTI7vNoobQ1hhxmsHkZGRgYzkjZhBu0cRBEEQBEEQBEEQCnqxD60TJoy2kW9tn0Twf02Q7wmCIAiCIAiCIAgCwP8PP5QvM4qM56cAAAAASUVORK5CYII=</my:projectDescriptionAttachment>
	<my:securityProjectObjectives><div xmlns="http://www.w3.org/1999/xhtml" align="center"><em>Test</em></div></my:securityProjectObjectives>
	<my:securityOfficerObjectives><strong xmlns="http://www.w3.org/1999/xhtml">Test</strong></my:securityOfficerObjectives>
	<my:securityAssumptions><div xmlns="http://www.w3.org/1999/xhtml">&lt;dfgdg&gt;</div>
<ul style="MARGIN-BOTTOM: 0px; MARGIN-TOP: 0px" type="disc" xmlns="http://www.w3.org/1999/xhtml" xmlns:pc="http://schemas.microsoft.com/office/infopath/2007/PartnerControls">
<li>test</li>
<li>We assume that the platform interface internal processing are valid and yield correct result</li>
<li><font size="2" face="Calibri">We assume that the server and backend is secure and yield correct results.</font></li></ul>
<div xmlns="http://www.w3.org/1999/xhtml">hey</div></my:securityAssumptions>
</my:ProjectContext>

<my:BusinessAssetsDesc>
	<my:Criticity my:label="Critical">4</my:Criticity>
	<my:Criticity my:label="High">3</my:Criticity>
	<my:Criticity my:label="Medium">2</my:Criticity>
	<my:Criticity my:label="Low">1</my:Criticity>
	<my:Criticity my:label="Not Applicable">0</my:Criticity>
</my:BusinessAssetsDesc>

								<my:BusinessAsset>
									<my:businessAssetId>1</my:businessAssetId>
									<my:businessAssetName>User credentials</my:businessAssetName>
									<my:businessAssetType>Data</my:businessAssetType>
									<my:businessAssetDescription><ul xmlns="http://www.w3.org/1999/xhtml" style="MARGIN-BOTTOM: 0px; MARGIN-TOP: 0px" type="disc">
<li xmlns="http://www.w3.org/1999/xhtml" xmlns:pc="http://schemas.microsoft.com/office/infopath/2007/PartnerControls">Presents the user credential to login to the payment application</li></ul></my:businessAssetDescription>
									<my:businessAssetConfidentiality>4</my:businessAssetConfidentiality>
									<my:businessAssetIntegrity>3</my:businessAssetIntegrity>
									<my:businessAssetAvailability>1</my:businessAssetAvailability>
									<my:businessAssetAuthenticity>1</my:businessAssetAuthenticity>
									<my:businessAssetAuthorization>1</my:businessAssetAuthorization>
									<my:businessAssetNonRepudiation>1</my:businessAssetNonRepudiation>
								</my:BusinessAsset>		
								
								<my:BusinessAsset>
									<my:businessAssetId>2</my:businessAssetId>
									<my:businessAssetName>Financial transactions</my:businessAssetName>
									<my:businessAssetType>Data</my:businessAssetType>
									<my:businessAssetDescription></my:businessAssetDescription>
									<my:businessAssetConfidentiality>3</my:businessAssetConfidentiality>
									<my:businessAssetIntegrity>3</my:businessAssetIntegrity>
									<my:businessAssetAvailability>2</my:businessAssetAvailability>
									<my:businessAssetAuthenticity>2</my:businessAssetAuthenticity>
									<my:businessAssetAuthorization>3</my:businessAssetAuthorization>
									<my:businessAssetNonRepudiation>1</my:businessAssetNonRepudiation>
								</my:BusinessAsset><my:BusinessAsset>
									<my:businessAssetId>4</my:businessAssetId>
									<my:businessAssetName>Server URL</my:businessAssetName>
									<my:businessAssetType>Data</my:businessAssetType>
									<my:businessAssetDescription>Server address to execute financial transactions and retrieve account information</my:businessAssetDescription>
									<my:businessAssetConfidentiality>2</my:businessAssetConfidentiality>
									<my:businessAssetIntegrity>3</my:businessAssetIntegrity>
									<my:businessAssetAvailability>1</my:businessAssetAvailability>
									<my:businessAssetAuthenticity>1</my:businessAssetAuthenticity>
									<my:businessAssetAuthorization>0</my:businessAssetAuthorization>
									<my:businessAssetNonRepudiation>0</my:businessAssetNonRepudiation>
								</my:BusinessAsset>
								<my:SupportingAssetsDesc>
									<my:supportingAssetDiagram><div xmlns="http://www.w3.org/1999/xhtml" xmlns:pc="http://schemas.microsoft.com/office/infopath/2007/PartnerControls"> </div></my:supportingAssetDiagram>
								</my:SupportingAssetsDesc>
								<my:SupportingAsset>
								<my:supportingAssetId>1</my:supportingAssetId>
								<my:supportingAssetHLDId>1</my:supportingAssetHLDId>
								<my:supportingAssetName>Local client storage</my:supportingAssetName>
								<my:supportingAssetType>Hardware device</my:supportingAssetType>
								<my:supportingAssetSecurityLevel>-1</my:supportingAssetSecurityLevel>
								<my:supportingAndBusinessAssetLink my:businessAssetRef="1">
								</my:supportingAndBusinessAssetLink></my:SupportingAsset>
								<my:SupportingAsset>
									<my:supportingAssetId>2</my:supportingAssetId>
									<my:supportingAssetHLDId>2</my:supportingAssetHLDId>
									<my:supportingAssetName>Internet connection (TLS)</my:supportingAssetName>
									<my:supportingAssetType>Network</my:supportingAssetType>
									<my:supportingAssetSecurityLevel>-1</my:supportingAssetSecurityLevel>
									<my:supportingAndBusinessAssetLink my:businessAssetRef="4"></my:supportingAndBusinessAssetLink>
								
								<my:supportingAndBusinessAssetLink my:businessAssetRef="2"></my:supportingAndBusinessAssetLink>
								<my:supportingAndBusinessAssetLink my:businessAssetRef="1"></my:supportingAndBusinessAssetLink></my:SupportingAsset>
								<my:SupportingAsset>
									<my:supportingAssetId>3</my:supportingAssetId>
									<my:supportingAssetHLDId>3</my:supportingAssetHLDId>
									<my:supportingAssetName> User Interface</my:supportingAssetName>
									<my:supportingAssetType>Interface</my:supportingAssetType>
									<my:supportingAssetSecurityLevel>-1</my:supportingAssetSecurityLevel>
									<my:supportingAndBusinessAssetLink my:businessAssetRef="4"></my:supportingAndBusinessAssetLink>
								<my:supportingAndBusinessAssetLink my:businessAssetRef="2"></my:supportingAndBusinessAssetLink></my:SupportingAsset><my:SupportingAsset>
									<my:supportingAssetId>4</my:supportingAssetId>
									<my:supportingAssetHLDId>4</my:supportingAssetHLDId>
									<my:supportingAssetName>Device keyboard</my:supportingAssetName>
									<my:supportingAssetType></my:supportingAssetType>
									<my:supportingAssetSecurityLevel>-1</my:supportingAssetSecurityLevel>
									<my:supportingAndBusinessAssetLink my:businessAssetRef="2"></my:supportingAndBusinessAssetLink>
								</my:SupportingAsset>
								<my:Risk>
									<my:projectName>Sample Mobile Application</my:projectName>
									<my:projectVersion>1.0</my:projectVersion>
									<my:riskId>2</my:riskId>
									<my:riskName>As a Criminal, I can steal the User credentials compromising the Internet connection (TLS) in order to get the user credentials to be able to login through the web interface and do financial transactions, exploiting the Keystroke logging attack by malware</my:riskName>
									<my:threatAgent>Criminal</my:threatAgent>
									<my:threatAgentDetail></my:threatAgentDetail>
									<my:threatVerb>steal</my:threatVerb>
									<my:threatVerbDetail></my:threatVerbDetail>
									<my:motivation>get the user credentials to be able to login through the web interface and do financial transactions</my:motivation>
									<my:motivationDetail></my:motivationDetail>
									<my:businessAssetRef>1</my:businessAssetRef>
									<my:supportingAssetRef>2</my:supportingAssetRef>
									<my:RiskName>
										<my:ComputedRiskName>
											<my:computedRiskName>As a Criminal, I can steal the User credentials compromising the Internet connection (TLS) in order to get the user credentials to be able to login through the web interface and do financial transactions, exploiting the Keystroke logging attack by malware</my:computedRiskName>
										</my:ComputedRiskName>
									</my:RiskName>
									<my:ImpactRiskEvaluation>
										<my:riskImpact>4</my:riskImpact>
										<my:BusinessAssetSelectedProperties>
											<my:businessAssetConfidentialityFlag>1</my:businessAssetConfidentialityFlag>
											<my:businessAssetIntegrityFlag>1</my:businessAssetIntegrityFlag>
											<my:businessAssetAvailabilityFlag>1</my:businessAssetAvailabilityFlag>
											<my:businessAssetAuthenticityFlag>1</my:businessAssetAuthenticityFlag>
											<my:businessAssetAuthorizationFlag>1</my:businessAssetAuthorizationFlag>
											<my:businessAssetNonRepudiationFlag>1</my:businessAssetNonRepudiationFlag>
										</my:BusinessAssetSelectedProperties>
									</my:ImpactRiskEvaluation>
									<my:LikelihoodRiskEvaluation>
										<my:riskLikelihood>2</my:riskLikelihood>
										<my:riskLikelihoodDetail></my:riskLikelihoodDetail>
										<my:LikelihoodRiskEvaluationMethod>
											<my:OWASPLikelihoodEvaluation>
												<my:ThreatFactor>
													<my:skillLevel>3</my:skillLevel>
													<my:reward>4</my:reward>
													<my:accessRessources>4</my:accessRessources>
													<my:size>9</my:size>
													<my:intrusionDection>9</my:intrusionDection>
												</my:ThreatFactor>
												<my:threatFactorScore>5.8</my:threatFactorScore>
												<my:threatFactorLevel>High</my:threatFactorLevel>
												<my:occurence>3</my:occurence>
												<my:occurenceLevel>Medium</my:occurenceLevel>
												<my:OWASPLikelihoodScore></my:OWASPLikelihoodScore>
											</my:OWASPLikelihoodEvaluation>
										</my:LikelihoodRiskEvaluationMethod>
									</my:LikelihoodRiskEvaluation>
									<my:VulnerabilityRiskEvaluation>
										<my:vulnerabilityRef my:score="6" my:name="Keystroke logging attack by malware">5</my:vulnerabilityRef>
										<my:attackPathName>Keystroke logging attack by malware</my:attackPathName>
										<my:attackPathScore>6</my:attackPathScore>
									</my:VulnerabilityRiskEvaluation>
									<my:allAttackPathsName>Keystroke logging attack by malware</my:allAttackPathsName>
									<my:allAttackPathsScore>6</my:allAttackPathsScore>
									<my:inherentRiskScore>11</my:inherentRiskScore>
									
									<my:Mitigation>
									<my:description></my:description>
									<my:benefits>0.9</my:benefits>
									<my:cost xsi:nil="true"></my:cost>
									<my:mitigationDecision>
										<my:decision></my:decision>
										<my:decisionDetail></my:decisionDetail>
									</my:mitigationDecision>
								</my:Mitigation><my:mitigationsBenefits>1</my:mitigationsBenefits>
									<my:mitigationsDoneBenefits>1</my:mitigationsDoneBenefits>
									<my:mitigatedRiskScore>11</my:mitigatedRiskScore>
									<my:riskManagementDecision>Avoid</my:riskManagementDecision>
									<my:riskManagmentDetail>Risk accepted by Product Owner on 2020-11-24.</my:riskManagmentDetail>
									<my:residualRiskScore>0</my:residualRiskScore>
									<my:residualRiskLevel>Low</my:residualRiskLevel>
								</my:Risk>
								<my:Risk>
									<my:projectName>Sample Mobile Application</my:projectName>
									<my:projectVersion>1.0</my:projectVersion>
									<my:riskId>4</my:riskId>
									<my:riskName>As a Criminal, I can steal the  compromising the Local client storage in order to get account information and balance of specific users, exploiting the (Shoulder surfing attack AND Man in the middle attack through network interception) OR (Phone backup data analysis of a non-encrypted backup)</my:riskName>
									<my:threatAgent>Criminal</my:threatAgent>
									<my:threatAgentDetail></my:threatAgentDetail>
									<my:threatVerb>steal</my:threatVerb>
									<my:threatVerbDetail></my:threatVerbDetail>
									<my:motivation>get account information and balance of specific users</my:motivation>
									<my:motivationDetail></my:motivationDetail>
									<my:businessAssetRef>3</my:businessAssetRef>
									<my:supportingAssetRef>1</my:supportingAssetRef>
									<my:RiskName>
										<my:ComputedRiskName>
											<my:computedRiskName>As a Criminal, I can steal the  compromising the Local client storage in order to get account information and balance of specific users, exploiting the (Shoulder surfing attack AND Man in the middle attack through network interception) OR (Phone backup data analysis of a non-encrypted backup)</my:computedRiskName>
										</my:ComputedRiskName>
									</my:RiskName>
									<my:ImpactRiskEvaluation>
										<my:riskImpact xsi:nil="true"></my:riskImpact>
										<my:BusinessAssetSelectedProperties>
											<my:businessAssetConfidentialityFlag>1</my:businessAssetConfidentialityFlag>
											<my:businessAssetIntegrityFlag>0</my:businessAssetIntegrityFlag>
											<my:businessAssetAvailabilityFlag>0</my:businessAssetAvailabilityFlag>
											<my:businessAssetAuthenticityFlag>0</my:businessAssetAuthenticityFlag>
											<my:businessAssetAuthorizationFlag>0</my:businessAssetAuthorizationFlag>
											<my:businessAssetNonRepudiationFlag>0</my:businessAssetNonRepudiationFlag>
										</my:BusinessAssetSelectedProperties>
									</my:ImpactRiskEvaluation>
									<my:LikelihoodRiskEvaluation>
										<my:riskLikelihood>2</my:riskLikelihood>
										<my:riskLikelihoodDetail></my:riskLikelihoodDetail>
										<my:LikelihoodRiskEvaluationMethod>
											<my:OWASPLikelihoodEvaluation>
												<my:ThreatFactor>
													<my:skillLevel>3</my:skillLevel>
													<my:reward>1</my:reward>
													<my:accessRessources>4</my:accessRessources>
													<my:size>9</my:size>
													<my:intrusionDection>9</my:intrusionDection>
												</my:ThreatFactor>
												<my:threatFactorScore>5.2</my:threatFactorScore>
												<my:threatFactorLevel>High</my:threatFactorLevel>
												<my:occurence>3</my:occurence>
												<my:occurenceLevel>Medium</my:occurenceLevel>
												<my:OWASPLikelihoodScore></my:OWASPLikelihoodScore>
											</my:OWASPLikelihoodEvaluation>
										</my:LikelihoodRiskEvaluationMethod>
									</my:LikelihoodRiskEvaluation>
									<my:VulnerabilityRiskEvaluation>
										<my:vulnerabilityRef my:score="6" my:name="Shoulder surfing attack">3</my:vulnerabilityRef>
										<my:vulnerabilityRef my:score="7" my:name="Man in the middle attack through network interception">1</my:vulnerabilityRef><my:attackPathName>Shoulder surfing attack AND Man in the middle attack through network interception</my:attackPathName>
										<my:attackPathScore>6</my:attackPathScore>
									</my:VulnerabilityRiskEvaluation>
									<my:VulnerabilityRiskEvaluation>
									<my:vulnerabilityRef my:score="NaN" my:name="Phone backup data analysis of a non-encrypted backup">16</my:vulnerabilityRef>
									<my:attackPathName>Phone backup data analysis of a non-encrypted backup</my:attackPathName>
									<my:attackPathScore>NaN</my:attackPathScore>
								</my:VulnerabilityRiskEvaluation><my:allAttackPathsName>(Shoulder surfing attack AND Man in the middle attack through network interception) OR (Phone backup data analysis of a non-encrypted backup)</my:allAttackPathsName>
									<my:allAttackPathsScore>NaN</my:allAttackPathsScore>
									<my:inherentRiskScore>NaN</my:inherentRiskScore>
									<my:Mitigation>
										<my:description>Encrypt the local storage on the device by using a diversified key from a random generated on the device.</my:description>
										<my:benefits>0.25</my:benefits>
										<my:cost xsi:nil="true"></my:cost>
										<my:mitigationDecision>
											<my:decision></my:decision>
											<my:decisionDetail></my:decisionDetail>
										</my:mitigationDecision>
									</my:Mitigation>
									<my:Mitigation>
									<my:description>Use hardware-backed encryption available on the device.</my:description>
									<my:benefits>0.75</my:benefits>
									<my:cost xsi:nil="true"></my:cost>
									<my:mitigationDecision>
										<my:decision>Done</my:decision>
										<my:decisionDetail>Usage of secure enclave on iOS and hardware backed keystore on Android.</my:decisionDetail>
									</my:mitigationDecision>
								</my:Mitigation><my:mitigationsBenefits>0.25</my:mitigationsBenefits>
									<my:mitigationsDoneBenefits>0.25</my:mitigationsDoneBenefits>
									<my:mitigatedRiskScore>NaN</my:mitigatedRiskScore>
									<my:riskManagementDecision>Mitigate</my:riskManagementDecision>
									<my:riskManagmentDetail>Risk reduced through implementation of hardware backed storage.</my:riskManagmentDetail>
									<my:residualRiskScore>NaN</my:residualRiskScore>
									<my:residualRiskLevel>Low</my:residualRiskLevel>
								</my:Risk>
								<my:Risk><my:projectName>Sample Mobile Application</my:projectName>
									<my:projectVersion>1.0</my:projectVersion>
									<my:riskId>5</my:riskId>
									<my:riskName>As a Operationnal Employee, I can steal the User credentials compromising the Internet connection (TLS) in order to get the user credentials to be able to login through the web interface and do financial transactions, exploiting the Shoulder surfing attack AND Man in the middle attack through network interception</my:riskName>
									<my:threatAgent>Operationnal Employee</my:threatAgent>
									<my:threatAgentDetail><div xmlns="http://www.w3.org/1999/xhtml">fddh</div>
<div xmlns="http://www.w3.org/1999/xhtml">fh</div></my:threatAgentDetail>
									<my:threatVerb>steal</my:threatVerb>
									<my:threatVerbDetail><ul xmlns="http://www.w3.org/1999/xhtml" style="MARGIN-BOTTOM: 0px; MARGIN-TOP: 0px" type="disc">
<li>dhdh</li>
<li>hhdh</li></ul></my:threatVerbDetail>
									<my:motivation>get the user credentials to be able to login through the web interface and do financial transactions</my:motivation>
									<my:motivationDetail><strong xmlns="http://www.w3.org/1999/xhtml"><em><font size="6">HEYYYYYYYYYYYY</font></em></strong></my:motivationDetail>
									<my:businessAssetRef>1</my:businessAssetRef>
									<my:supportingAssetRef>2</my:supportingAssetRef>
									<my:RiskName>
										<my:ComputedRiskName>
									<my:computedRiskName>As a Operationnal Employee, I can steal the User credentials compromising the Internet connection (TLS) in order to get the user credentials to be able to login through the web interface and do financial transactions, exploiting the Shoulder surfing attack AND Man in the middle attack through network interception</my:computedRiskName>
								</my:ComputedRiskName>
									</my:RiskName>
									<my:ImpactRiskEvaluation>
										<my:riskImpact>4</my:riskImpact>
										<my:BusinessAssetSelectedProperties>
											<my:businessAssetConfidentialityFlag>1</my:businessAssetConfidentialityFlag>
											<my:businessAssetIntegrityFlag>0</my:businessAssetIntegrityFlag>
											<my:businessAssetAvailabilityFlag>0</my:businessAssetAvailabilityFlag>
											<my:businessAssetAuthenticityFlag>0</my:businessAssetAuthenticityFlag>
											<my:businessAssetAuthorizationFlag>0</my:businessAssetAuthorizationFlag>
											<my:businessAssetNonRepudiationFlag>0</my:businessAssetNonRepudiationFlag>
										</my:BusinessAssetSelectedProperties></my:ImpactRiskEvaluation><my:LikelihoodRiskEvaluation>
										<my:riskLikelihood>3</my:riskLikelihood>
										<my:riskLikelihoodDetail><div xmlns="http://www.w3.org/1999/xhtml"><strong><em><font size="5">cdf </font></em></strong></div>
<ul style="MARGIN-BOTTOM: 0px; MARGIN-TOP: 0px" type="disc" xmlns="http://www.w3.org/1999/xhtml">
<li><strong><em><font size="5">dfdf</font></em></strong></li></ul></my:riskLikelihoodDetail>
										<my:LikelihoodRiskEvaluationMethod>
											<my:SimpleLikelihoodEvaluation></my:SimpleLikelihoodEvaluation>
										</my:LikelihoodRiskEvaluationMethod>
									</my:LikelihoodRiskEvaluation>
									<my:VulnerabilityRiskEvaluation>
										<my:vulnerabilityRef my:score="6" my:name="Shoulder surfing attack">3</my:vulnerabilityRef>
										<my:vulnerabilityRef my:score="7" my:name="Man in the middle attack through network interception">1</my:vulnerabilityRef><my:attackPathName>Shoulder surfing attack AND Man in the middle attack through network interception</my:attackPathName>
										<my:attackPathScore>6</my:attackPathScore>
									</my:VulnerabilityRiskEvaluation>
									<my:allAttackPathsName>Shoulder surfing attack AND Man in the middle attack through network interception</my:allAttackPathsName>
									<my:allAttackPathsScore>6</my:allAttackPathsScore>
									<my:inherentRiskScore>14</my:inherentRiskScore>
									<my:Mitigation>
										<my:description><div xmlns="http://www.w3.org/1999/xhtml">Additional proprietary encryption.</div>
<ul xmlns="http://www.w3.org/1999/xhtml" style="MARGIN-BOTTOM: 0px; MARGIN-TOP: 0px" type="disc">
<li>dfdsfsf</li></ul></my:description>
										<my:benefits>0.5</my:benefits>
										<my:cost xsi:nil="true"></my:cost>
										<my:mitigationDecision>
											<my:decision>Done</my:decision>
											<my:decisionDetail><div xmlns="http://www.w3.org/1999/xhtml"><strong>fgdgdfg</strong></div>
<div xmlns="http://www.w3.org/1999/xhtml"><strong>dsfsfsfsf</strong></div></my:decisionDetail>
										</my:mitigationDecision>
									</my:Mitigation>
									<my:mitigationsBenefits>0.5</my:mitigationsBenefits>
									<my:mitigationsDoneBenefits>0.5</my:mitigationsDoneBenefits>
									<my:mitigatedRiskScore>7</my:mitigatedRiskScore>
									<my:riskManagementDecision>Mitigate</my:riskManagementDecision>
									<my:riskManagmentDetail><ul xmlns="http://www.w3.org/1999/xhtml" style="MARGIN-BOTTOM: 0px; MARGIN-TOP: 0px" type="disc">
<li><strong>Security control implemented by adding proprietary encryption on top of TLS communication layer.</strong></li></ul></my:riskManagmentDetail>
									<my:residualRiskScore>7</my:residualRiskScore>
									<my:residualRiskLevel>Medium</my:residualRiskLevel>
									</my:Risk>
									<my:Risk>
									<my:projectName>Sample Mobile Application</my:projectName>
									<my:projectVersion>1.0</my:projectVersion>
									<my:riskId>6</my:riskId>
									<my:riskName>As a Criminal, I can steal the User credentials compromising the  User Interface in order to get the user credentials to be able to login through the web interface and do financial transactions, exploiting the Shoulder surfing attack</my:riskName>
									<my:threatAgent>Criminal</my:threatAgent>
									<my:threatAgentDetail></my:threatAgentDetail>
									<my:threatVerb>steal</my:threatVerb>
									<my:threatVerbDetail></my:threatVerbDetail>
									<my:motivation>get the user credentials to be able to login through the web interface and do financial transactions</my:motivation>
									<my:motivationDetail>The threat agent looks over the shoulder while the person is entering their credentials.</my:motivationDetail>
									<my:businessAssetRef>1</my:businessAssetRef>
									<my:supportingAssetRef>3</my:supportingAssetRef>
									<my:RiskName>
										<my:ComputedRiskName>
											<my:computedRiskName>As a Criminal, I can steal the User credentials compromising the  User Interface in order to get the user credentials to be able to login through the web interface and do financial transactions, exploiting the Shoulder surfing attack</my:computedRiskName>
										</my:ComputedRiskName>
									</my:RiskName>
									<my:ImpactRiskEvaluation>
										<my:riskImpact>4</my:riskImpact>
										<my:BusinessAssetSelectedProperties>
											<my:businessAssetConfidentialityFlag>1</my:businessAssetConfidentialityFlag>
											<my:businessAssetIntegrityFlag>0</my:businessAssetIntegrityFlag>
											<my:businessAssetAvailabilityFlag>0</my:businessAssetAvailabilityFlag>
											<my:businessAssetAuthenticityFlag>0</my:businessAssetAuthenticityFlag>
											<my:businessAssetAuthorizationFlag>0</my:businessAssetAuthorizationFlag>
											<my:businessAssetNonRepudiationFlag>0</my:businessAssetNonRepudiationFlag>
										</my:BusinessAssetSelectedProperties>
									</my:ImpactRiskEvaluation>
									<my:LikelihoodRiskEvaluation>
										<my:riskLikelihood>2</my:riskLikelihood>
										<my:riskLikelihoodDetail></my:riskLikelihoodDetail>
										<my:LikelihoodRiskEvaluationMethod>
											<my:OWASPLikelihoodEvaluation>
												<my:ThreatFactor>
													<my:skillLevel>9</my:skillLevel>
													<my:reward>4</my:reward>
													<my:accessRessources>4</my:accessRessources>
													<my:size>9</my:size>
													<my:intrusionDection>9</my:intrusionDection>
												</my:ThreatFactor>
												<my:threatFactorScore>7</my:threatFactorScore>
												<my:threatFactorLevel>High</my:threatFactorLevel>
												<my:occurence>5</my:occurence>
												<my:occurenceLevel>Medium</my:occurenceLevel>
												<my:OWASPLikelihoodScore></my:OWASPLikelihoodScore>
											</my:OWASPLikelihoodEvaluation>
										</my:LikelihoodRiskEvaluationMethod>
									</my:LikelihoodRiskEvaluation>
									<my:VulnerabilityRiskEvaluation>
										<my:vulnerabilityRef my:score="6" my:name="Shoulder surfing attack">3</my:vulnerabilityRef>
										<my:attackPathName>Shoulder surfing attack</my:attackPathName>
										<my:attackPathScore>6</my:attackPathScore>
									</my:VulnerabilityRiskEvaluation>
									<my:allAttackPathsName>Shoulder surfing attack</my:allAttackPathsName>
									<my:allAttackPathsScore>6</my:allAttackPathsScore>
									<my:inherentRiskScore>11</my:inherentRiskScore>
									<my:Mitigation>
										<my:description></my:description>
										<my:benefits>0</my:benefits>
										<my:cost xsi:nil="true"></my:cost>
										<my:mitigationDecision>
											<my:decision></my:decision>
											<my:decisionDetail></my:decisionDetail>
										</my:mitigationDecision>
									</my:Mitigation>
									<my:mitigationsBenefits>1</my:mitigationsBenefits>
									<my:mitigationsDoneBenefits>1</my:mitigationsDoneBenefits>
									<my:mitigatedRiskScore>11</my:mitigatedRiskScore>
									<my:riskManagementDecision>Transfer</my:riskManagementDecision>
									<my:riskManagmentDetail>Risk transferred to users, with application help  indicating that displaying of sensitive information should be protected from prying eyes and users should be aware of their surroundings.</my:riskManagmentDetail>
									<my:residualRiskScore>11</my:residualRiskScore>
									<my:residualRiskLevel>High</my:residualRiskLevel>
								</my:Risk>
								
								
<my:Vulnerability>
	<my:projectName>Enter your project name</my:projectName>
	<my:projectVersion>1.0</my:projectVersion>
	<my:vulnerabilityId>1</my:vulnerabilityId>
	<my:vulnerabilityName>Man in the middle attack through network interception</my:vulnerabilityName>
	<my:vulnerabilityFamily>API Abuse‎</my:vulnerabilityFamily>
	<my:vulnerabilityTrackingID></my:vulnerabilityTrackingID>
	<my:vulnerabilityTrackingURI></my:vulnerabilityTrackingURI>
	<my:vulnerabilityCVE></my:vulnerabilityCVE>
	<my:vulnerabilityDescription>
		<div xmlns="http://www.w3.org/1999/xhtml">Assumptions for this attack:</div>
		<ul style="MARGIN-BOTTOM: 0px; MARGIN-TOP: 0px" type="disc" xmlns="http://www.w3.org/1999/xhtml">
		<li>TLS is used.</li></ul>
		<div xmlns="http://www.w3.org/1999/xhtml"> </div>
		<div xmlns="http://www.w3.org/1999/xhtml">In all cases, TLS is required for all mobile deployments today on the official stores. The two use-cases possible are :</div>
		<ol style="MARGIN-BOTTOM: 0px; MARGIN-TOP: 0px" type="1" xmlns="http://www.w3.org/1999/xhtml">
		<li>
		<div>A Trusted CA is compromised</div>
		</li><li>
		<div>Installing a custom CA using social engineering or malware</div></li></ol>
		<div xmlns="http://www.w3.org/1999/xhtml"> </div>
		<div xmlns="http://www.w3.org/1999/xhtml">We are taking the highest CVSS3 scoring between the two use cases above.</div>
		<div xmlns="http://www.w3.org/1999/xhtml">CVSS:3.0/AV:N/AC:H/PR:N/UI:N/S:U/C:H/I:N/A:N</div>
		<div xmlns="http://www.w3.org/1999/xhtml">CVSSV3 Score: 5.9</div>
		<div xmlns="http://www.w3.org/1999/xhtml"> </div>
		<div xmlns="http://www.w3.org/1999/xhtml"> </div>
	</my:vulnerabilityDescription>
	<my:vulnerabilityDescriptionAttachment>x0lGQRQAAAABAAAAAAAAAI7IAgAJAAAAdABlAHMAdAAuAHAAZABmAAAAJVBERi0xLjUNCiW1tbW1DQoxIDAgb2JqDQo8PC9UeXBlL0NhdGFsb2cvUGFnZXMgMiAwIFIvTGFuZyhlbi1VUykgL1N0cnVjdFRyZWVSb290IDEwIDAgUi9NYXJrSW5mbzw8L01hcmtlZCB0cnVlPj4+Pg0KZW5kb2JqDQoyIDAgb2JqDQo8PC9UeXBlL1BhZ2VzL0NvdW50IDEvS2lkc1sgMyAwIFJdID4+DQplbmRvYmoNCjMgMCBvYmoNCjw8L1R5cGUvUGFnZS9QYXJlbnQgMiAwIFIvUmVzb3VyY2VzPDwvRm9udDw8L0YxIDUgMCBSPj4vRXh0R1N0YXRlPDwvR1M3IDcgMCBSL0dTOCA4IDAgUj4+L1Byb2NTZXRbL1BERi9UZXh0L0ltYWdlQi9JbWFnZUMvSW1hZ2VJXSA+Pi9NZWRpYUJveFsgMCAwIDYxMiA3OTJdIC9Db250ZW50cyA0IDAgUi9Hcm91cDw8L1R5cGUvR3JvdXAvUy9UcmFuc3BhcmVuY3kvQ1MvRGV2aWNlUkdCPj4vVGFicy9TL1N0cnVjdFBhcmVudHMgMD4+DQplbmRvYmoNCjQgMCBvYmoNCjw8L0ZpbHRlci9GbGF0ZURlY29kZS9MZW5ndGggMTU2Pj4NCnN0cmVhbQ0KeJyljr0KwkAQhPuFfYcpE4vL3hFyOQgp8mNQCCgepBDLmEpB4/vjGVJo7RQDA8N8g+SAokj6etdAyhJVU+PBJEo+ctpAkAW3zuA5Mg0b3Jkqz5RsNbRWksJfmXToCTSsUWJSWHFK5/C30OtOFtMcNjEtKV9Tx3SOfOyicX7FF/g9Uxt2j0z/HHCibJZ/H1i4Kw6/ILR9jTfQljHcDQplbmRzdHJlYW0NCmVuZG9iag0KNSAwIG9iag0KPDwvVHlwZS9Gb250L1N1YnR5cGUvVHJ1ZVR5cGUvTmFtZS9GMS9CYXNlRm9udC9BQkNERUUrQ2FsaWJyaS9FbmNvZGluZy9XaW5BbnNpRW5jb2RpbmcvRm9udERlc2NyaXB0b3IgNiAwIFIvRmlyc3RDaGFyIDMyL0xhc3RDaGFyIDExNi9XaWR0aHMgMTcgMCBSPj4NCmVuZG9iag0KNiAwIG9iag0KPDwvVHlwZS9Gb250RGVzY3JpcHRvci9Gb250TmFtZS9BQkNERUUrQ2FsaWJyaS9GbGFncyAzMi9JdGFsaWNBbmdsZSAwL0FzY2VudCA3NTAvRGVzY2VudCAtMjUwL0NhcEhlaWdodCA3NTAvQXZnV2lkdGggNTIxL01heFdpZHRoIDE3NDMvRm9udFdlaWdodCA0MDAvWEhlaWdodCAyNTAvU3RlbVYgNTIvRm9udEJCb3hbIC01MDMgLTI1MCAxMjQwIDc1MF0gL0ZvbnRGaWxlMiAxOCAwIFI+Pg0KZW5kb2JqDQo3IDAgb2JqDQo8PC9UeXBlL0V4dEdTdGF0ZS9CTS9Ob3JtYWwvY2EgMT4+DQplbmRvYmoNCjggMCBvYmoNCjw8L1R5cGUvRXh0R1N0YXRlL0JNL05vcm1hbC9DQSAxPj4NCmVuZG9iag0KOSAwIG9iag0KPDwvQXV0aG9yKExpb3cgTWVnYW4pIC9DcmVhdG9yKP7/AE0AaQBjAHIAbwBzAG8AZgB0AK4AIABXAG8AcgBkACAAMgAwADEANikgL0NyZWF0aW9uRGF0ZShEOjIwMjIwNDA0MTc0MjIzKzA4JzAwJykgL01vZERhdGUoRDoyMDIyMDQwNDE3NDIyMyswOCcwMCcpIC9Qcm9kdWNlcij+/wBNAGkAYwByAG8AcwBvAGYAdACuACAAVwBvAHIAZAAgADIAMAAxADYpID4+DQplbmRvYmoNCjE2IDAgb2JqDQo8PC9UeXBlL09ialN0bS9OIDYvRmlyc3QgMzkvRmlsdGVyL0ZsYXRlRGVjb2RlL0xlbmd0aCAyODQ+Pg0Kc3RyZWFtDQp4nG1RwYqDMBC9F/oP8wdjrMIulMKybdmlVESFPZQeUp3VUE1KGqH9+03UYg4LIZk3897LZMIiCICtIGbAbBDYw673EFgIUfgGLIbI1tZrTB0tgAxzTLF43ghzo/vS7Frq8HCC4AyY1jBwNpvlYpQELwnX5j8Vc/dnZ5gUHqPQRJlSBjPV0pHfXGPOyzqRHKquR5dxNqvRxqsm9DAHegKbrPfWSypDmLhtJ6sZFJZ6UQ/MqTT4RbwiPcZO84q/ZSsk5Q13HbrEh7QO3AglJ6yN+OU2GNCP0teLUlfcqrLvbE9D5t4QmXEYR15q5eHPxu4e3greqtpL5K2oyOOO91harXmHe1H3mqa3Jn13P7mPjefpzrNeLv4ATdCbvw0KZW5kc3RyZWFtDQplbmRvYmoNCjE3IDAgb2JqDQpbIDIyNiAwIDAgMCAwIDAgMCAwIDAgMCAwIDAgMCAwIDAgMCAwIDAgMCAwIDAgMCAwIDAgMCAwIDAgMCAwIDAgMCAwIDAgMCAwIDAgMCAwIDAgMCAwIDAgMCAwIDAgMCAwIDAgMCAwIDAgMCA0ODcgMCAwIDAgMCAwIDAgMCAwIDAgMCAwIDAgMCAwIDAgMCA0OTggMCAwIDAgMCAwIDAgMCAwIDAgMCAwIDAgMCAzOTEgMzM1XSANCmVuZG9iag0KMTggMCBvYmoNCjw8L0ZpbHRlci9GbGF0ZURlY29kZS9MZW5ndGggMTc5MzA5L0xlbmd0aDEgNTQyNTg4Pj4NCnN0cmVhbQ0KeJzsfQdYlFfa9jnvOw2GgRmawIAz4wiWAUFBBRsjTbEjjAFsIEVMULFrooZEownRxGyqqSabmN01ZRg1YqrJmrLpxY3ZVM1m003bTbHBf5/3mYPlT7L/t9/3bTbXPw/cc9/Pc8p7+nvYxcA4YyweHzpWU1ReOibro6h6Zur3DGMpu4oLiirCHw5czXjWFsZUXXHBhMIHWiqeYnwACilbxhQVl+x/9uAhpqvdxJjh/TFTJpdfXNEWwXRNLUx9fNqYcl/BV47wwYznJDA1Y/Hk8sxBtzxeu5sx/jEqqKmbX9tysHlHBGPn/QP1J9QtX+rc2/LGYMZu782Y/uHGlrnz176rDmVsIfJYPHNrl7SwnszNeMZXKG+d27yqsW/WyqcY236IMccTTQ219T9MXOVH/c1IH9KEgOXe5CPw74Tfu2n+0pXNM8w6tH0sY/PuOa9h8QLLiUgfYydOiPY0L6yrHfLAAOR/CvmHTJtfu7JlQHjq5yiP8WDO+Q1La2+8eNtyxrOvgb9+Qe38hluPfTubsZMzGMta0rJwydIuO9uA9r0s8rcsbmiJmdsrkbHVuXj8Z0yMtWHY4dTHSoyzo0Z8yxJNTNhDn61+XvDB0hWTjx872Rr2uWkI3DCmMDKUM7BOxveHbzt+7Ni2sM+1mk6zxHtExN6fXc2sbAS0As5kGxmLHqI9l2P6PHwL0zOTfqs+G1X2JFZfZhsUZmJKlF5RFJ2q6D5gA7r2sd4XaC2ATSx3OpmXsdTnqQ3GW5U0J+NdIk3do48UPWWxushTreEvsf/vzXCQ3fNLPl/9kEX9ks//nzRdA7v9dF9tPdP/TzOD4X+nfeqRs8ZhMiv90XxVLPl/4/n/CabLYTWn++pxNvMXakrI/humPMu2nu6rLlb2Y/n0950ZV+5jrn/1mfqYf73sL2XK39hYpYON+a+W49+xZiWLFfC/4r4UspCFLGQh+8VNuYmH/2RaDTvy72zLr8XUwezyX7oNIQtZyEIWsn/ddI+zxn/7M+ezK34qTTmH6f6dbQlZyEIWspCFLGQhC1nIQhaykP36LfRzZshCFrKQhSxkIQtZyEIWspCFLGQhC9l/tvGt/zxPyEIWspCFLGQhC1nIQhaykIUsZCELWchCFrKQhSxkIQtZyEIWspCFLGQhC1nIQhaykIUsZCELWchCFrKQhSxkIQtZyP4d1vXgL92CkIXsFzY1iOTgX5K6Ex4Xf9OL6dil8JOYFRHxXyq3sF5sIqtgDWwp25aSl+J1hqU+36X99SekObW0erb4jDTe9S322feoA9ZV99nGzzYe6fPeyOCz4oOfCWe2SB2nXs+TeE++iW/hNzID/1yLf33237rS/roV/WUshf288VM1/5dH6P/Fis7w6v9JY9C3n0yjPv96TP0fre0/ZM15qzdcsnTJ4kUtCxfMbz7v3HlNcxsb6ufMnjVzxvTqqkpfRfnUsimTJ02cMH5c6dgxJcVFhQWjvfmjRo4YPiwvd+iQwZkDMtL7pqX2dvdyJMTarFEWc3iYyWjQ61SFs/Rid0mN059W49eluceOzRC+uxaB2tMCNX4nQiVn5vE7a7RszjNzepGz8aycXsrp7c7Jrc4RbERGurPY7fS/UOR2dvDqskrozUXuKqf/iKYnalqXpjkWOC4XSjiLE5qKnH5e4yz2lyxvaiuuKUJ97ebwQndhQ3hGOmsPN0Oaofx93S3tvO8orgmlb/GwdoWZLOKxfjW1uLbeP6WssrjI7nJVaTFWqNXlNxT6jVpdznmizexyZ3v6vrZNHVY2p8YTUe+ur51R6VdrUahNLW5r2+i3efz93EX+fud/kIAuN/jT3UXFfo8blY2f2v0A7tenWt3Otm8ZGu8+8vmZkdpgxJBq/ZYJKbrYPUxIl5qhbWgh+udyibZc3uFlc+D4W8sqyXeyOfYA82Z6qvxKjUjZJ1PifCKlVaZ0F69xu8RUFdcEv5c3Jfhb5zgz0jH62ncqvpHu9KtpNXPqmgTXNrS5i4po3Coq/d4iCG9tsK/F7VmZyF9bg07ME8NQVunPdLf4Y90FlAEBp5iDeeWVWpFgMX9soZ/V1AVL+TOLi0S7nMVtNUXUQFGXu6xyL8vuOtSe47TvzGY5rEq0wx9fiElJK26rrG/0O2rs9Vifjc5Ku8vvrcLwVbkrG6rELLmt/n6H8DiX9kStFPp2Vm6ZWfTcmGpyVip2tUrMFgLOEny4C0YgwYrp0lwxowUjnJXczmQ2PCWYQ6gz6oGjphaOFUmqKFo41u6qcpH9TJPswTbpU/2m0+qyItDdJnrOTzaNcosG9XMWNxSd1sAzKtUHGxis7cfbqYixCD4YJUxiOsfKJDUVOxcxBdVoITGLCU4/m+KsdDe4q9xYQ94plaJvYqy1+R1f7h5fVl2pzXZwlVSc4VF6Lnl+5kKydJRCrMESj11Oq+aP0fxud+xZyaUy2S3a1dZW387UVLGU7e1cE/rCy6v8kz1Vbv8cj9sl2pmR3m5iEa6KmkLs1RIcd+6SWrfT6ixpq+3oap3T1u71trUU1zQNw75oc5fWt7nLK0fYtcZPrVxjP188O5qN5+MrClCVwgra3fzSsnYvv7S8unIvXhHOSysqAwpXCmsKqtp7I61yr5MxrxZVRFQEheMUjqhpKhyTlt++18tYq5aq0wKaX9fBmRYzyRhndR0Kxaz0oDTtQV7cW+o6dJTilbl1iJko1kq5+wZzm5BiFSkPMkXc0UQiWTsTA+wN13tN3jBvhGJRMKQiFEDkQeQN42xnBLdwezvqnKqFO3hre5jXvleraWowZytyilhrdwwtF9lOqwjPo477TvXAV125M4Khfu0TOQqEYRUmNGEN4X1S7KwX6291VVNbTZU4PVg81iq+uZ+7RzG/4h6FFhsi/OHuhgK/2V0g4vkink9xg4gbsfJ5PMdki0O3rcaNgxg7ppLZOe01VVTp7Ojqqqh0vWA/UuXCXpoBVFf6wzx4uelTxyHfGIEahMf4W+tqRTuYr1KUNaaW1lVhX8oKkaXUH4YawoI1IEeJVkbsNxSqw1qrdWsSYRwdrVX+Ko94aOW8Km2/Wv1srHuY35BGderTxIMyq9qi3YO0wwd7PTx1o6AwtI2VV1LEDhcPq6JBMkag5XVuJNXVOGmNlGMv08si3E6RBpz5urQGDeH2YCIT3VJTzZZwf9gAVIhvoc0DxJmjTzVWVVHjNW9jMAOebfWb0aK004YyWACjg6RS0RZ8b0RTRdbHRTVlHWyqeyWOTtForSYjkv2W1NJavN2ovBkRd64sbBKHoDlYx36KGkXPIzDuOBI6uu52r3KdZjg7xNtPrD9m34uNyqrazg74p3sy0k1nRy1auK3NZPnxAjReJks3a0EltU68FcBiwWnrzVksXpXuce3KJI/GXOO2cW68QZRUAVx0VGwfl7O+SuRCk6doZ9lPZuKnZRKvaa3yNutw6fGgR5PZ5p97ptvU7ZYI4DKYOoDuEOiKOGuxVs61+5uxMmUWMSPONqfVPcwtPrTCYwRqMEnd2wLLH6tObJrWOmflHCx2VFhS01bSJq6odbXBYQs+yb/Ac0aV2BcciwcVie74W6c4a6qcNbia8rJKl8uO3Qh2NuKe6q4Vr4Ip1J8p1dpVpbZNLHGGm0qV3W/Ei6mxtsHtwhvEL04gGn3RRl1w2zB7W5u7za/t2xJkRvVp2HalgvDd4nHXNogrdKO4QTdoZUvQXG10RG32Yjf2cgPC2lhi4HD0zREfdW3igj6zxoORsLVFtznz2nAEz8TbQ5dWN60GryrxRnJqU11rh4dBKBVeFSqijGGpIiNtAdGa+Z72mcbUUxHte6GHMpu0WtGyqZX+KTKLtp+EWOTxKz1ykSg6z6dWV8pzShXJpRheL1aVXZR2+pWKyuD0aOVLRVG7nDAqhoj2Dgnur+63jXwPzbBjTH8yjpeDOrpceUZ5iuUyh/J0kN9hucqbzKf8BXwQ/EaQXwf/GXwA/Br4VfAr4MfAj4IfAT/MfEynvMVygApA7Vb1wJ3AAUDPzkNNnJlRnrNY5QlWBNQDS4FrAD3yPoq0O1EjZ05l/a6wBD4OE7pOiouluEiKVikulGKtFGukWC3FBVKcL8UqKVZKsUKK5VIsk2KpFEukWCRFixQLpVggxXwpmqU4T4pzpZgnRZMUc6VolKJBinop6qSYI0WtFDVSzJZilhQzpZghxXQpqqWokqJSinOkmCaFT4oKKcqlmCpFmRRTpJgsxSQpJkoxQYrxUoyTolSKsVKMkaJEimIpiqQolKJAitFSeKXIl2KUFCOlGCHFcCmGSZEnRa4UQ6UYIsVgKXKkyJZikBQDpciSIlOKAVJkSJEuhUeK/lL0k6KvFH2kSJMiVYreUril6CWFSwqnFA4pekqRIkWyFHYpkqRIlCJBih5SxEsRJ0WsFDFSREthk8IqRZQUkVJYpIiQwixFuBRhUpikMEphkEIvhU4KVQpFCi4FCwreJUWnFCelOCHFcSmOSXFUih+k+F6K76T4Vop/SPF3Kb6R4mspvpLiSym+kOKIFJ9L8ZkUn0rxiRQfS/GRFB9K8TcpPpDir1K8L8VhKQ5J8Z4U70rxjhRvS/GWFG9K8Rcp3pDioBSvS/FnKQ5I8ZoUr0rxihQvS/GSFC9K8YIUz0vxnBTPSvEnKZ6R4mkpnpLiSSn2S/FHKZ6Q4nEp9knxmBSPSvGIFA9L8ZAUD0qxV4oOKfZI8YAUu6XYJcVOKQJStEvhl+J+Ke6T4l4p7pFihxR/kOL3UvxOirul2C7FXVLcKcVvpbhDitul2CbFbVLcKsUtUtwsxU1S3CjFVilukOJ6Ka6T4loprpHiail+I8VVUmyR4koprpBisxSbpLhcijYpLpPiUik2SrFBikukkNceLq89XF57uLz2cHnt4fLaw+W1h8trD5fXHi6vPVxee7i89nB57eHy2sPltYfLaw+X1x4urz18sRTy/sPl/YfL+w+X9x8u7z9c3n+4vP9wef/h8v7D5f2Hy/sPl/cfLu8/XN5/uLz/cHn/4fL+w+X9h8v7D5f3Hy7vP1zef7i8/3B5/+Hy/sPl/YfL+w+X9x8u7z9c3n+4vP9wef/h8trD5bWHy2sPl7cdLm87XN52uLztcHnb4fK2w+Vth8vbDpe3HV64U4gOZX2g5ygH7syBnnGgi8m7KNBzGKiVvAuJ1gZ6RoDWkLea6AKi84lWBVJGg1YGUgpBK4iWEy2jtKXkLSFaTMFFgZQCUAvRQqIFlGU+UTPReYHkYtC5RPOImojmEjUGkotADeTVE9URzSGqJaohmk00i8rNJG8G0XSiaqIqokqic4imEfmIKojKiaYSlRFNIZpMNIloItEEovFE4wL2UlAp0diAfRxoDFFJwD4eVBywTwAVERUSFVDaaCrnJcqncqOIRhKNoJzDiYZR8TyiXKKhREOIBlNlOUTZVMsgooFEWVRZJtEAKpdBlE7kIepP1I+oL1EfqjqNKJXq7E3kJupFVbuInFTOQdSTKIUomchOlBRImgRKJEoIJE0G9SCKp2AcUSwFY4iiiWyUZiWKomAkkYUogtLMROFEYZRmIjISGQKJU0D6QGIZSEekUlAhjxMxjXgXUaeWhZ8k7wTRcaJjlHaUvB+Ivif6jujbQEIF6B+BhHLQ38n7huhroq8o7UvyviA6QvQ5pX1G9CkFPyH6mOgjog8py9/I+4C8v5L3PtFhokOU9h7RuxR8h+htoreI3qQsfyHvDaKDgR7ngF4P9JgG+jPRAQq+RvQq0StEL1OWl4hepOALRM8TPUf0LGX5E9EzFHya6CmiJ4n2E/2Rcj5B3uNE+4geo7RHiR6h4MNEDxE9SLSXqINy7iHvAaLdRLuIdgbi80GBQPx0UDuRn+h+ovuI7iW6h2gH0R8C8Tiv+e+plt8R3U1p24nuIrqT6LdEdxDdTrSN6Daq7Faq5RaimyntJqIbibYS3UAFrifvOqJria6htKuplt8QXUVpW4iuJLqCaDPRJsp5OXltRJcRXUq0kWhDIK4WdEkgbg5oPdG6QFwj6GKiiwJxPlBrIA6HMb8wEDcEtJZoDRVfTeUuIDo/EFcPWkXFVxKtIFpOtIxoKdESqnoxFV9E1BKIqwMtpMoWUM75RM1E5xGdSzSPyjURzaWWNVLxBqJ6yllHNIeolqiGaDbRLOr0TGrZDKLp1OlqqrqKHlRJdA41dxo9yEe1VBCVE00lKgvEekFTArHiCZMDsWJ5TwrErgNNDMRmgCZQlvFE4wKxuBfwUvLGEo2hYEkgdi2oOBC7EVQUiL0QVBiIbQUVBKJLQKOJvET5RKMC0Xi/85HkjQjYqkDDiYYFbGJp5BHlBmxjQEMDtkrQkICtGjSY0nKIsgO2dNAgyjkwYBMdywrYxN7MJBpAxTPoCelEHqqsP1E/qqwvUR+iNKLUgE2MUm8iN9XZi+p0UWVOqsVB1JPKpRAlE9mJkogSA9aZoISAdRaoR8A6GxRPFEcUSxRDFE0FbFTASsEookgiC1EE5TRTznAKhhGZiIxEBsqpp5w6CqpEChEnYt6uqDkOgc6oOsfJqHrHCejjwDHgKGI/IPY98B3wLfAPxP8OfIO0r+F/BXwJfAEcQfxz4DOkfQr/E+Bj4CPgw8i5jr9FNjk+AP4KvA8cRuwQ+D3gXeAd+G+D3wLeBP4CvGE5z3HQMtDxOvjPlmbHAUua4zXgVehXLB7Hy8BLwItIfwGx5y3zHc9BPwv9J+hnLOc6nrbMczxlaXI8aZnr2I+yf0R9TwCPA96uffh8DHgUeCRikePhiMWOhyKWOB6MWOrYC3QAexB/ANiNtF1I24lYAGgH/MD95lWO+8znO+41r3bcY17j2GFe6/gD8Hvgd8DdwHbgLnOG407wb4E7UOZ28DbzeY7boG+FvgW4Gfom1HUj6tqKum5A7HrgOuBa4BrgauA3KHcV6tsSPslxZfhkxxXhcx2bw+9ybAq/23GJmupYr+Y61vFcx8W+Vt9FO1p9F/rW+NbuWOMzr+HmNfY149dcsGbHmrfWeKMN4at95/su2HG+b5VvhW/ljhW+B5UNrFG5xDvCt3zHMp9uWeyypcvUfyzjO5bxomU8axlX2DLrMucyNWKpb7FvyY7FPrZ4yuLWxf7FuuH+xYcWK2wxD+/o2rdzsb1nCdi7erHFWrLIt9DXsmOhb0HjfN+5aOC83Lm+ph1zfY259b6GHfW+utw5vtrcGt/s3Jm+WTtm+mbkVvum76j2VeVW+s5B/mm5FT7fjgpfeW6Zb+qOMt/k3Em+SYhPzB3vm7BjvG9c7lhf6Y6xvjG5Jb5idJ4lW5OdyapVNGBSMlrC7Lwgy+61H7J/Zdcxu9++z65GRyU5kpR+UYm8cHIiX5h4YeKViWpUwksJijehX3pJVI+XerzX48seuhhvj34DSli8Nd4Zr8aJvsVPrCjROL+IeOBgra+OeHdaSVQcj4pzxCnFX8bxDUzlTs4Zt4JUE/Ls4nGOEvURLn6lTs8438IqPOM7TGzqeL9pynQ/v9SfWi4+vWXVfsOlfuarnl7ZzvkVVdrvJPhjxS+VaP4lmzezlILx/pTyyoC6bVtKQdV4f6vQXq+mu4RmyFLlmbVk2RJPpXcksx2yfWVT4x6zvmRVoqJ4VFRXlOKNQuOjIh2RivjoilS9kQOHlkRZHBZFfHRZ1HivBRHRvz4RUypKoswOs+LLN082K15zfmGJ15yRVfJ/9XOn6Cc92bN0Fj5mLVnq0b7hVfFlwvWIqPheshS++Fqm+czzs0bZQLOXwJbK4NKfL/WfbvyXbsCv3+g3eUZ3KetZvbIOuBi4CGgFLgTWAmuA1cAFwPnAKmAlsAJYDiwDlgJLgEVAC7AQWADMB5qB84BzgXlAEzAXaAQagHqgDpgD1AI1wGxgFjATmAFMB6qBKqASOAeYBviACqAcmAqUAVOAycAkYCIwARgPjANKgbHAGKAEKAaKgEKgABgNeIF8YBQwEhgBDAeGAXlALjAUGAIMBnKAbGAQMBDIAjKBAUAGkA54gP5AP6Av0AdIA1KB3oAb6AW4ACfgAHoCKUAyYAeSgEQgAegBxANxQCwQA0QDNsAKRAGRgAWIAMxAOBAGmAAjYAD0gG50Fz5VQAE4wFg9R4x3AieBE8Bx4BhwFPgB+B74DvgW+Afwd+Ab4GvgK+BL4AvgCPA58BnwKfAJ8DHwEfAh8DfgA+CvwPvAYeAQ8B7wLvAO8DbwFvAm8BfgDeAg8DrwZ+AA8BrwKvAK8DLwEvAi8ALwPPAc8CzwJ+AZ4GngKeBJYD/wR+AJ4HFgH/AY8CjwCPAw8BDwILAX6AD2AA8Au4FdwE4gALQDfuB+4D7gXuAeYAfwB+D3wO+Au4HtwF3AncBvgTuA24FtwG3ArcAtwM3ATcCNwFbgBuB64DrgWuAa4GrgN8BVwBbgSuAKYDOwCbgcaAMuAy4FNgIbgEtY/ehWjv3Psf859j/H/ufY/xz7n2P/c+x/jv3Psf859j/H/ufY/xz7n2P/c+x/jv3Psf/5YgBnAMcZwHEGcJwBHGcAxxnAcQZwnAEcZwDHGcBxBnCcARxnAMcZwHEGcJwBHGcAxxnAcQZwnAEcZwDHGcBxBnCcARxnAMcZwHEGcJwBHGcAxxnAcQZwnAEc+59j/3Psf469z7H3OfY+x97n2Psce59j73PsfY69z7H3f+lz+FduVb90A37lxpYsOe1iJixh9izGmPFWxjqvPuPfjkxh57IlrBVfG9hmdjV7jL3F5rB1UFvZNrad/Z752ePsT+zgf++fxpxpnav081mEuocZWAxjXce6jnRuBzr0kadFroYXo3OeinRZu744K/ZF59Vd1s4OQzQL18palFcR/Ts/2XUMr1z4XUOEr2yEjtJKfG28tfP+zrvPGoMyVs2msxlsJqthteh/PWti8zAy57FmNp8t0LwFSJuLz0Z4s5ELx4umT+VayFqAxWwpW8aW46sFeknQE2mLNH8ZW4GvlWwVO59dwFazNcHPFVpkNVLO1/yVwFp2IWbmInaxpiRTZB1bzy7BrG1kl7LLfta7rFu1scvZJszzFezKn9Sbz/C24Osq9hush2vYtew6dgPWxU3s5rOi12vxG9mt7DasGZF2LSK3aUqkPsyeYrvZfex+9oA2lnUYNRoROS6N2hi2YAxWo4frTmsxjd+K7tFai76LvrUFe7oS8YtPK7E8OI4i5zrkpFpoHkQta84aiS3oA+lTPSLvWq3/p6Knj8rPReV43HzayNykeUKdHf0pfR27BTvwdnyKURXqDmhSt2n69Pit3Xm3af5v2Z3sLszF3ZqSTJHt0Hez32Fv/4HtYPfg65Q+XRHfx+7VZs7P2lmA7WS7MJMPsD2sQ4v/XNqPxXcG44HuyF72IHsIK+RRtg8nzRP4kpFHEHssGN2vxch/gv0RvshF3lPsaZxQz7Ln2PPsJfYkvBe1z2fgvcxeZa+xg9wC9Qr7BJ8n2cv6D1gkG40f/x/EON/MZrFZ/5On29mmT2JxbFvXD10run5Qx7JGXoEL5D2YpV1sE35iX3AqJ3ewcN37LJbt6vpOnQHue/JNfVPnHV1fMj1OzSXqqzjlVGZkeWwim8Su91/iqXyYWXBLiWfD+O7dcUVFpgzjo7iBKMyJO4yJcV7ojdIplj1JSfnuPYMNm1VbaQfP2JVv3Izbef7Jd0++mHny3SPReZlHeOY7h989bP36RVteZvbhA4cHZtm9sUmWPc0oOti9p3mwatjcrNryRXlvWHO+VzFubkYlCfmepBc9L2Z6XvSgGk/WwCpuc9k0xEYqRmOswd1rgDK4T9qQ7OxBo5TBOWnuXpGKFssZMnSUmj2op6LGysgoRfhcffVEtTr5pEFZ686flq3vmRQVazHoleSE6IwRqdby6akjBqQYVaNB1ZuMfYcW9BrfXNzrTaMtJS4+Jdpkik6Jj0uxGU++pY889o0+8nihrvn4Naph+Iz83uoN4SZFZzB09ExI7D/cVTotKsaqM8dYbfEmY7Qtom/RjJMb4pJFHclxcVTXyYmMs3u6jhk8GP0R7HUx6l5rzaiWUYolK6tHZmb4gISEpI6uj3da+UTwVzujgmzR+LudERp/vNMsWLF5e/YeGBERnoDs4dYo8YGM4eHIFZ6ALOEP4scu1rXPmwiH9R5SZk7oYclMGDjA4Ohb5vBF+/Q+lg+L7pFny87nmQc8h7V3/CBbtrVb2fJGZmZn27IHZs3ENP5oHQmnKsGkpcopsLl5pCpUH+62dQdzxOz1VHrwbI4pEzLO4DHFOhJ7uGJMSme2ao5LiY3rGWtWOsdwU6wzMcEZY0y3NzmzeieE8RV6vsGc5EhLnB9lj4lIMkUY9XpjhEk39/g1xnCjqjOGGzBFW7vj2/v3jkjqaz9xjrq9Z/9Ec1hMShzmIKrrmHoQc9CLtYo52JPgxbgl2Jj4H/WgmCE4B4bgHBiCc2AIzoEhOAcGMcC2rn27kWYzRHfwvjtTyiLEoB4ZxDM9X2tj+KTHut+DPRAwpIgcu5q1LBgzzyCxxMXAuE4Nj0suXpdYzQd1YRZT5zWmWFdiQq9YoSwmvR4f6nqTJUyn2x+TbDMdv7W7u3NMtuSYGFpt2Lq3M6aewC0nmjnYKNrjMUoezockJdYbFpZwNLLeflQ/l+UfyceuDW7ViMiEo82R9Xr70WYkYVPme2Q73b3StAkUbTPmDEDAJnaieqK07ZnNx2N7947ltrbH1xX5+/o2Nl+1pXFDVbri2PT8htEpLvVOV0rx+sfWTt00d9iJLwY2XC/+NbpoXyTal84qRevak/p0oGGxYc4YZwwLS/o+Lc2Q+IOlvs8PBmojnS4v5OVlZloPDxKNjUlL+r4Z2SyJPzRb6g19fmg2BNscPEK01eg6rd1xNOBnSTTDaDac/Ej0QYk2mo06+MbOGj7XaDapqgl6K7/bgHhRdJLNSP0xWu3R0YlRps7njdakGFui1dh5l9GaqPWs65i+AT3LZeeKnu1Kj8vok9DBu7xhvSyZ4RkZvXLChWdjvQbXZ8Sb1ZS0+pQma5O+SW5IsR0PD4rG5ovOy0NnbXl5or9RZ2eXe+/snWcw/NOdFx+nbzDGOHskOqONSuflOndfnFdhaudWxRjtTEx0RBvTEpod6S5su346Pigi0dUvuTGxdw85OuqKE+sjIlRDmEFdfeKy7ujTvZxiy53MUZ7p2T/J7Owl/rsEGA/1ZoxHNvOyejEie1m4ErdroNVjyxG/ZJM23CamPirZY/tw+PAeed8563sER0Ob9Twsz0EHDmMsXtcWabRnuO3DZuR05n3XHMwrhkKb9rzTxqJPnwGq+8xBkFNv7Kn26BEfr562kG82xaUm211x4eq0qN5Zo3PmageQK9aElZ1Uc8n0rJTBEwbaM1Jd1qpw4+dxWeO9114xatKgxBgjBkENizR/078oM6lzcvdgPOdKSSuZOzpnWvEgq9mV5e37SVKi8q57hCex877ETPFvIku7vlBO6Aax8Ww9jUuBEr07LSctJzJF/E4Ri8zq4BZvWN6ooymFek8jlo3tAWdMVowSg/VkadfPw8v3wMwj+RiakweOiFUTLfaHGKX2PK2spTnPM+pos1Y8RpTf2RyjF4UDzSiNzbLfI0qD5D7vNcAgX6D0pu32DXHBkRSv3rjYngblxPDGK8qzZ08YbDXqFQW7xZxRUjsiY8JQh6ekemb1mP45M1aP7T+1cGCklh5mDOs3cmp2H296QvqY6lnVY9J5n3FLJ6dH25OtZmucNTYlNizFnRLfb3hav5GZqf2zi2tHe+eN62eNT4wy2xKsMUk2U1JKUlxqdopn1IA+fQcVzRL7LRnraxTWl5MN004SpsNy2hkfpbN28Mid9vrwpuChvP/rJ8VZrLOLhF3NWsqps9jw00fxqKjIzsNh0a7EJAcO4sPyWFA+FnOtvpXqOnFx96yvNdlwMthtRqPNLlZ/TdcR9Wb8pJqG+9bD2lvfkT+cm+154n2dJ97XeVar+MC7Jk+8ufMe4kdxTGd2HRKvnczg6ygz+DrSOCIYNwtWwr3hMa4Sc14fuy6yv/g/jRPG5XRw3c7IifoJoufYRdqZQq/1A8G3e572Ug+XBRNEyV3NCeMiRdldzVphMTjYVmedMIPpfKFVEd/DFlwtcWpaWnBlaCtnqHqz0ZYcK+5BY7ZOr9t0Tt9Bc66aPXmd1xjrSMC5E7a9cE1RfuXQxLicaaNdI70lfRLxLsMgRphWTJw2cV37nKUPrR9TXKiYjRbxirMYTxaXnzNizmpv0cUNI6P7Fw7E6M7E6G5Vn2UelsM+1Ua3f+aQ/CELh6gxToxejBNDFhPjSrdiyNLF6KaLYU+3Rln5hPQOfnR3kedOj+LBoO5GTk+OroOGHfyFGGbNN2v88S5RSCfG2+VKf7pVt0Wn7NPxl3Vcp0vOfDttXMKnNZEtkUpk2KfJE4MbU5xfMxctPhIc/EHveGZqQpxUHm0CeunSn25ertWRlvl2c9q4yIRPm1mkNVKJUiOTwz5tRl1im86eNZNebDM9crUGxzmbjjTD6VffuD5DtLkwqlv7JJ4M9CxpKfPWl2ZG4D2nKqrRPGTaIu/CuxcPG7FoW92519ZkbFdXrRg5Y1QvRVH6uMavnDYgLun/sPcl8G1dVd73Pe2btdmyvD/H+xJZXuM4IZG8RU68VXacpKRpZEm2lTxLqiTHiZsGd0/bUJJM2tLAQOBjSmGALtP2K50ChoaWpSkFOp0OtBBKKQFqJsNA6deh8Zx73pMsOU6+JMD8gJFu89d9951z79nuuffqVXKWIiPHpDPrtZocq3ndzJMzsS/e2NUZ/chW803HbL3+VXTm3b/wLvtpsH4juQ1XunAzU64X90l6MUDh/SxaTi9upPRPMu84TMRhhs2WwwhAHUVyITmVOVQ1G8v1WVxPFg1cyEt0a3IS7IVGw4h9pAYJ1fwipVUgTcpgmKEUSYlftEoWHhTk7KdZuUqpzC4ozcqxN7eVKE3CTlNuys+2FBgUZc621QW64tICrVTCSEYthUaVSqXMtPWueu9hpUYplQLAJkyjgrSvUd7c0lmhlyjValVGHtjkqoV59gWwSQ9jwHjU1m1av2lg0wc2PbRJ5hRN4BRt5BQntZM+aTWL1wbxXUPfmVcdRaUNpQ3aPBq3eTRd5NF0kWfQUADevKeYt3Gjr4YLonVAu5Y+5C2H/tZrH9KyWttrq9S/Mg4adxrDRskq4yqjZe0PnXmyqo2WM7I+urcC680b6cJxjWHeABa/BrKEeBwQ1hPh4z+M17JVttd4o/pXPDEajJxRkiH0WLX2hzz2KbOc4WUYsriuYLc0dpO8I73k9eWFxh039du3dNktainsvzQ160daqzsb8iocg5uvclRUua93l7raqrIUEokEdv+qFS09ddWOqqxKh3vzkKOCyejiIUqyczJLi8y5BkUel2cqaSkrb6osWlGzbmRts6enVmvKMmj1FgPdwVlyLOYSe35FcyW3onrtMBG8KZuUhchR8p/Um18hrcyrxE+2g82dJMycfqy0ynz9rZBIHG36HP2k0+806/Vmp1/adyPpu95VND/V3bp9V/emX7kH3TvdYbfE5ra5tzR+s3zXxi1nuvtu1c/nuO6AhPuICj0x3wDQmHCGEacA3Q6ehCRcBy/Tano+azD86KWfGKDQ7VDT9a6ponleGMi9CTzjNrg5N3gGx9rV+E0eRuvecoaH8XL083yOS0WHfJRXCX6qaQBoXHQVjlojpny5uKmEXTT1UmNzU8I/7FJ/ZV3Uv5bs8vJEfsoSspacbs8s8Swmm2Qh+xdV1lk2+ByF1+tN9LQzk2Nrr6rssOeWFCgldAuxonljspMvHiIrB3evy6kxWbLt228edu8frn6Tnp1M+p+3uCxl+ZkKuVIufb/RYtRo9Cp52aZoP5vBlcI+Q7Fx7ZZVefn13VWOjflc4TLR0Xbx2GrzdJXL5VZXeXvoKptt5MbNOxTGXHMpd059zbUqtUqWYYXoKl74d3ZS+nnSRu7A/FlFjCUrxZywUswVK8VcsVLcCKwU8+pKmka12bqV8yWuAt18tquehpFCCKNTNHE2iiv9qZN4XIKu53mgzXZk6+b5bJeiHoNAIQZBruHUevHQJD3P5xfzGjupNHBVtuxun6PggOCzG+BoQZd45c+VWrT2qg3ZpfmZSplKJn1/wQpDRqqtX1YAlVSlhcqyNpJ+V/oKTLoHqI0erXNm0P97u6Z/K511Rbp2XT4U0lwzTPpdTteaNZzL7mJdWzNq5ptdJqpiWd/2JNPAHGs4ec3quvUwrU7WNWKCE+bUTxrqqJ1yhG6Iy+BiNRJX89aM5pp5vtlVZsKNUVmfYnuK4WD+NBjo+kz7TDFgcZKVspabSnGzFidWKONyFpZ+V2ksrKKzYn3hOWeSLWEp1xdWLm965itKqMGypnwTnZDx85YNEPJZEPLUCcWGDLXohEVzm4yZRp1OdyHvMEz8w4ZzC+d5iiUu9uvsjNxISkkzuRp9pcpp/mdmK2xmVzJ3OAzGoskclaTyYct1DR/RxiRRcW+6GvemcODFQ64ZiSyVD/OW67QNH+GRUNyHrsZ9KCN+FnhJ29CWVexMTrHRopfXeda2v391Lue8dn29u1Khz83MzDXID1ZuqCxtKtJrCxvKS3ts7BtanRQOtc66+rqBwNru6EBNeTljkymlEolUKTs3ZLNxTR0lpd3NxTXNdHe/AXQOyvJIGbGR/Xj6sEnpV9HyjMa88ieZLY5skmc+lpGhsh3h6CbPWnWUu051jzUW/0zjusTHpvAufrBRlGE+xgOP1HaEJ1ImTwJ8XNVRnrvOqrqHB974hxw0W8c/Lk3ZEVqyMAjLz9sPssFc87kjpqr2+vL1DcVqtTJjRU39Ku6eeyo27u7shvi6XdrVWdJUamalJDen4n3VFo1ea87Nz8nQqmRH7+m+rr+6sntHi7F7U3ZlUyFdIXn228x3wQIrSTfV/59W5BI9VVybqz5Zcd0KfVZhOCu6uJv7j5Mm9LOuQn2SX7x/CXu4FqqWsIOTMt+FlUKm1OizjPp8rsQiMwjuzCkpybZWl5eYM4otCrD394xWOHrKZRprZcG5B8GxUupd1qqF14aiymylVCnPyAYt2tmvM/OgxXpyUDiJr2aGH+dquVptzpPMZkcB0VYfOV1/tp6tbzmas1pWdp36yJzxRSNrtByVxZJP4dekHsMdZfXVR3iu3g6cZS1HeeQ1qo/g9gli1SizHOVlscUtPh7Gr1l+t9QCi2n8Urq4+MK6CxaZL12/rZlbYyvSyiUyhVRdUNlStnJd9bqe9VXc6qsaChsrcjUyuCOTW0rrihpqatZvXF8tma5pX2nV6PXa7CydWSszmPQrKvKLs7MrHc0Va2ssKq1ODXeMWpnOoKvKLSyxWsrWUa+XgL0ekn2CNJAR9DopKaqgXjeY9ZqiUMV9OZr7zKGa+xVCnJ+ie5hTcPz+l5PUJllFIXPFfXyO2WHW3MebQ4qa+3lFLLEM1QizXAhgIV22pC5ClsUM2YKf9D8kV1sKi/U7h/s1Go22Ty7O7rvgSnMXV51bLpfKZazEYLFqYMHfvoMptxbkW2+QQSqUAtxgzS+wnvt1fYNeqjERllEvvM28KttBskgVKaP6PS4ry+szdEMYv/YCaPCErMyB1xC2ua+9kBS0zZJyUUzz0qcRX1LQpwH5JoWRUWaV5OeVZCkzVDmVRUVVVpXKWlVUVJmjYqaUWnq+0ColT2lNWplca9T+1+rimjyNJq+muHhljkaTs5LmnfmFeeYh6bUoYavw6a6F9RGOZLGrn9AYqkHeAAFhDSfjn+0+QRsdefRDn1zaniR0haTpQkLfo9DnZVnyDHLGKDeX5uetMCtUKktpQX55tkqVXZ5fUGpRMc3043fYgCvYBa1BLZNByvgDV1Bh1WisFQUFlTlqdU4lyHyXZIw9LptKtmpe+QbDBrDqqQa0ap4Dr6lVTzWkWFWUR7GkxZLF3iw3ZJtMVr08W51ZnG0tzlQx525PabOXS26Lm5X5Trx2rj61zWAgxEDGyNXS90v7iYLoSTYpIhWkjqyCrLCBDJAt5FoyTkJkmnyA6cWzXXBwgh/mW/fuX7u/MhyrjXE7faU+patX20scndJOg70ps4nfH/P1djY1dfb6Yvt5Rf7W7db8jZE9/XvaZw50H2jYFWwJ5l69o3CHyT1iGWHb1snXqattGbY9B4I7RtbZbOtGdgQP7FGUj42uKCd1p+pOGYWDQB3uWk41XBwYymG6HA46P1uvTD5HObHW5V6uiOjmkhXNTY0NFeK7WXzPFt/j9xVLrpe+L72vsKRely3pPz6e5CV7U5P9GIXfN9Y31pfS2rlVDfD6fGN9fSPrpvheLm1gb07QvvcFe1NDQylT39RUzzxHb57bTvH3lPoYrUnuBbDD1bl/bWys/zFcMPdBZYT2dj0A86WGuub3XFC7x25vYjmR6JwCKmco27812ZtsUFlYIHez35H8WHaGlSvn4Li/QKTst1m37A24fo4+9I3fJ2vITtyHrMyhX0IqsavpGylpfpK99XFbtkZSWElrhVFjVBZNfuAw32CYp97/ImlejjL5WUNiEtLjv5BASsznPWowN5rjD/kkP1YYcrLMeRmKXzAqvUVvsGSomFcZRmGwQqteUWjuzuZyDPJvSr6vMGXlmDaqzVoV+1NYxuClkLGO956W0PwtlUuh/kyi/eXcLOjC+N5vWJ0pVy+XaY06sIRoGbIi/nmw/Elm2+NWo9x0sgA0ekQbjX8e/N4pUPhxeYHpJB+/k/JsLunZQUnyB8KsG8wuOyUz5mWa84yy78DWUCKBTSJbJlPKWdkD+my94r2phJh3KaDBaDXIZAZryi84a6l8eQjbttnBiwtPKT7E2hW/IxKifARSZl2jvV5SnFXcze55707F78aQ6yt/GYW58Y8sv/ufKGyXWB790xZJ22WU54Qi3ZVUvvg/WWQTQpFX/A2XR4Si+PBiUT4nFNW2ixW17c9WHtRUXbAc0pZq/y5d0uVvoLyRXHTr/oLK4XRJl7/tkvHaFZefpZT5dEmXdEmXdEmXdFm+6CMp5Wvpki7pki7pki7pki5/9eXFdEmXdEmXdEmXdEmXdEmXdEmXdEmXdEmXdEmXdEmXdEmXdEmXv4Hyk3RJl/+9RfjhWPi3HVBH7ERCCokPSj7xMbkL9MfyCxfoz9UfWqA/xH94YZwpZI4v/I45BHffACxc+Bng4YXXmMPQ/gvmOLRTLFz4JeDxhZ/SH4FgVwBK6FCsAUeU4KgZeEXrLMmQPizWJaRU+mWxLk2ikRGr9HWxLk9qV5A90nfFupJUyw6IdRXhFDeJdTV7IkGvISOKT4p1LalWvCPWdRlyZVzODLIRaMRv7DFKS6VYZ4gi2y7WWaKwzop1CbFabxfr0iQaGdFaPy7W5UntCrLG+o9iXUmyLHViXUUM1jfFupoZTNBrSI31bbGuJVk5xWJdp5DktIj1DFIGNBLCSFUgnEkWFuuCnYW6YGehLthZqEuTaAQ7C3V5UrtgZ6Eu2FmoC3YW6oKdhbpgZ6Eu2Fmo6zKs3GqxLtj5M4QjDRB79aQVan34C98REiJR+DdGYtDWgb+MLvw+ugdaAlALEhvccRIeCkfc0DZOJuBeFK/88O4H6j2APqDUERfURqHFT6aBYgB680Mfw2Qf1jjSCz3vg36ncEQeauMoCQf/Qvjb4pHEGFxCZjtphFp54moVqcXxPdBDGGg5GNcD49A+vGS3SLsRriagld6dAvmiCX2G8RfOoyjBheQZQztwpB2uR+EObfWgFVJ1FPoJiZpyOMoU3PWivnHrTgNvBFumgMqHVuOgfQLb+kgPyEStE0C+INp1DfL7kcJPJmFMP2YNipwoUZyWw/Yo+jQAssS9t6gHvR8DKQLAGQUrdKA2AdQkkNDDA/8mgUOQUNDHg2Nwoq8D0CPt1QN0tK99cDUNtRj6gf52/ijUeZQpgrag+tLf5h8XLSX0GkOdhDGDqJEXJQ3iKFH0Uw96ZQxaPPjb8BHUkcN3wRcB1EmwRRSjIgq9esR4pR4Li+3xUSahHx7tExalDELLJI4q9BlFSy1KQEcMoy7xvx0g2FaQnceooZEwIUYulYr+Tj79+wMxvAqir+NxLdhMGEXwY1DUK4S2HUXKRYmTNaJW24t8gta74dqGczfZmxXY2yT2sA/tMCXO0mR7x6MvKEYy1V/wSwSjIR6jfvQ1jdxwQhtBxnGRJgpXM2LvMdBC8NCehJc8GCN0Bkym6BXPPF6QxIPje8XxbZhdxtFX9M75+artPK1HxMiJR34L9NIAmePCkR7DMX0YiXSU3QkfLM7M8/PkuBjX4QQ1jVzB40Gg92Ps/M/kW3U64/7VZNxekMRLKnGWVYn3ObIBoyKEksWg0HzVRuqg+NC2lHPyvOixiTFXB/V9GEPjGEXUN/uglf6FFMHG8V6FPnmUgUowhtIKeU7oa7kYjWKch1F3wQpxPurVbTiGkGn2oaUFy8QS3o5Tx/OCV8zddJbXog0oXViMiuQ8HUa7BsX8IPTiF689Yk72Y0YJoIaCdKMoR9zLSz0WEzmE+Imc1zKW0KH2kjKBsCr40KYxcfUR5qcwbm1inKUaCFl0WvxLKxMXsNm0qGkAZxqPc0qY+efbnvIIK0sl0FelRPDyvQsyXKltk+eHsLpz4vocQ895U9bJpRosropL5VqTFANUE0EXYbcQz5WRxM7Dh2tvEPOI54KaCrHnSYkqIR+ERBS0EupTOF+E/OTDdSwg5hahH0rJY/a/cIwKWTwoemax9/gMCSTtKiYw3wVEO9OsrsN86Rd1iO8w4lZOjepa9IwH6z4S318tzXNLZ0Llkrzgxzw9jTuKAHqfetUDbdRC40ARv1cn9nntktxZJc7exWyxuBuIS3M5q9MlrgZc/pI+euN9cAWJaKZ/yUjwUzxqhN0JL64ii9F9sRUuHpUXXuWo5wYTMyeatBcR/C1EgV8cS8jYQdHvtahzRFx94vsKYV80Lvo5HsdCXIXF/Y4wQgj33R7UMx4pHrK4yi/NZ38GXyQs5EHdqd0CYq73iXPVK+61gyhr8poZwN14FGNTlPHCvoX6UOo6D96uSrKRL+mEkDwfLrk/sniqiVMvn91ql2S3uO2XcvN4Kggs0Tsu1+IebHHWLK5EcR/WkvjpjJ7C4tf+pAgJ4/mLx3ibSFphBalHURa/uFJNJXyZnEsEH9aJHo/iLOETMsTndWosXbpVk1d4QcvklSY1phctMY12nLxCP8ZXgyk8XQqW8SdJ4EOkYy7aZRdQeJPWjthF8rGQ+X2oQXzFa0vJ4sJubA/Wl9t1B3GNiK8yyeez+DqxXE5J5YpirhB8NSrqvfya67mARyMJ7aMYpUHsXZhF5598rzQC4uubi3Th3QHSDVdbYLV0Y0sPtHGQRd1wZwSuOqG1E1oqgGJIvF+BntqC65AL6DbjGif04Qbsh+ttmOO6CYfX9GoT0PdDX5S3i2zFMbqgtyGkdGPffdDaC+9dIh3l6ICWzXBN6xswCwrj9QOXcIboEddEQdJhaOcSGqZK1YMjxiXrgys39O8S7zqh7x7sj8pPx+/Gen9Czm5RUifaiPZM++wAiXrxirZuhvdBoBvC8Z2osyBtP+rQDfcFXbpQAjqyTdRVoKP2GRHvUB9R+XqhLGrlRBu4UJpF+3XA+yBITvvfAHeHcYUYAM5O1HQIrdcl2oxq24tXi1oJnupAbahVqQ06od4H/zYkbOdGFGRxJ/WWarsteH+RStDPKWIHWm4ArwRvdODVMPqK3q0VfelGPZaOugUjsQupnKjxUCJCujF6Benj0SmMMZAkiTAe9W2yLPGo5i4yR4Re4vc3i54+3y7U6k60CZVrKDHyhXqGufkZrsFe38r1BbyRUDQ0FuM6QpFwKOKJBUJBG+fkec4dGJ+IRTm3P+qP7PH7bDqXfzTin+YGwv7g8L6wn+v17AtNxTg+NB7wct5QeF+EcnC0Z3sjV07fVtVybg8fnuBcnqA35N0NrRtDE0HONeWL0nGGJwJRjk/uZywU4doDo3zA6+E5cUSgCcGgXDQ0FfH6OSrutCfi56aCPn+Ei034ub6eYa434PUHo/41XNTv5/yTo36fz+/jeKGV8/mj3kggTNXDMXz+mCfAR20dHj4wGgnQMTzcZAg6hHE8wSj0EgmMcWOeyQC/j5sOxCa46NRojPdzkRCMGwiOg1BAGvNPAmfQBwaIBP2RqI3riXFjfk9sKuKPchE/aBGIwRjeaC0XnfSAXb2eMNQpy+QUHwuEocvg1KQ/ApRRfww7iHLhSAi8QaWF3nk+NM1NgHG5wGTY441xgSAXo7YGyYAFdAzCWKExbjQwjh0LA8X8e2PAHNjtt3GimhVRbtIT3Md5p8ClgtzUfEEwcsQDukQCUWpRv2eSmwrTYaDHcWiJBmaAPBYChfZQlTwcOGBSGIsGj3fCEwHB/BGb2z8+xXsiibhqiw/dRuOheQRMRF3QYmtoTDF9LOLx+Sc9kd1UD3RpIjLHweJh2uwNgfrBgD9q653yVnqiVeBFbkMkFIpNxGLhaFtdnS/kjdom45w2YKiL7QuHxiOe8MS+Os8oxBklBUp+yuuJjoWCYHCgWhwsOhUO8wEIHHrPxm0LTYHF9nFTEEIxGqy0mRrCC66N+Ws5XyAahgAWHBqOBOCuF0j88O4BN/ojk4FYDLob3YdaxcMRTAVxE4rEK2N0hNrzdYc48E15Y7U0HPcAby3liQ8A/pmeCHgnkiSbhkEDQS8/BbG/KH0oCJFSGagSpkUSOfRwMWmFWQSxDn6PxiIBrxCQ8QEwDuN9rUELVAZgFJgTNJVE6MzxhaaDfMjjS7WeRzAVRBaoA+6jlalYGLKAz0/VpDQTfj6calHISxC7Ajl1SADnyURgNBCj+Uk3DCKPhehsoSKLpq7lRj1RkDUUTGSKuBMqxVjwB23Tgd2BsN8X8NhCkfE6elUHlNeKOaUK3IthgXOAdrN8ElwueX1PpOilFN+nZt4VAp2oaWAu8ZDY0NypaZKaMiVR6nSD1DlRnDygN5jAD1wQ2GAZXy03FoGkR6cITMRx0JnaGGwFHgV2LjQKyS5IjeLBRB2Ps0vXggrkiUZD3oCHxgfMM0hZwZhHyKcBHixTSXtM0ZYbEjP196tQIh9mQ8EPy9JhnqXNSeFWK4YblT5+mw9AnApj074iwkoFI+AkohrW0lweGKPvfjRIeAoUik7ghIWuR6fo5I3SRjFKQMM6UDzqpyk6FA4IGfWCogoTHoYUJo1oaRRieiI0eREd6TSYigRBGD924AtBDkVZdvm9sXiALcYxBL8vgBOvTQhxSGN7/EkLbjAUo1NGSOYBcRoLkSLeik7Q9WDUnzJzPUmKRujw0RgEUwBclFh5LmYAOt9cXdzQQPfwFqe7i+sZ4gbdAyM9nV2dXIVzCK4rarktPcOugc3DHFC4nf3D27iBbs7Zv43b1NPfWct1bR10dw0NcQNurqdvsLenC9p6+jt6N3f29G/g2oGvfwDW9R6YidDp8ABHBxS76ukaop31dbk7XHDpbO/p7RneVst19wz30z67oVMnN+h0D/d0bO51urnBze7BgaEuGL4Tuu3v6e92wyhdfV39w7Dk9kMb1zUCF9yQy9nbi0M5N4P0bpSvY2Bwm7tng2uYcw30dnZBY3sXSOZs7+0ShgKlOnqdPX21XKezz7mhC7kGoBc3konSbXF1YROM54T/OoZ7BvqpGh0D/cNuuKwFLd3DCdYtPUNdtZzT3TNEDdLtHoDuqTmBYwA7Ab7+LqEXamouxSNAQq83D3UtytLZ5eyFvoYoczKxTZd+LJB+LHAZtk0/FvjzPRZQ47/0o4G/zkcDgvfSjwfSjwfSjwfSjweWZvP0I4LURwRx66QfE6QfE6QfE/zFPSaAuSl814CQBSu5jSz3YoBCBYRZRLGwQPSEFf8PfcJUwvta8TsRF351Su7TahmgYXyXSq/TIf2JS6XX65H+1UulNxgoPWu9VHqjEemHL5XebAZ6eCf0GwtSpJcS+o2FTkAf0TG5JJcpJBXMIdLAHCbvY44Tl2QjGQYOD1AElvBOJvFmAe8K4LUD7xrg7Qbeq4B3B3DwQBFbwvuTJN5s4C0D3ibgdQBvL/BuBd4x4JgCigOpvMy1Sbw5wFsJvK3A2wm8g8C7HXh3AccMUNy8hPf1JN484K0B3rXA2wO8I8DrBd4IcNwMFIdSedlgEm8B8NqA1wG8/cC7HXh3Ae8McBwCintpPCqVjFL9zDP/AK/771fKiFL+Die8lDJGqVAq9x6E1165jJErwgffmZ3dK5cwcunpWfqSSxm5PDw7ZzecVkiJQuo464CXXckwSikSzJJZiYRRyk6cOKFUMUrNV2e/OvtJKMegHISSMqBKxqhgwPiItO+dh8/OzoZpVfbw3JIRlVKilDrEIVUMoxKHFMZU0TFVakalnYPXJxyfcBzFcgiKSkFUinMG8aWWM2qlVCqNHbrlllsOxRRyRqHce8stf5id3a+QMgpx4Flah5FndxoMp1VSopKJQzvsaoZVyxJjz0qljFp+GF5qDaPWze2c2wmSnDjCHeHuhHILFLWCqJWJ8Q0aOUP/6Pv/XwIZo1DsBXsolWdTJdAwrCYugSiCBkXQ6BiNfs46Zz1ReaLysOuwi5r2VuWtypuUGgXRJAlh0CoYrYqFV1v3TfDqblPKGaWytZOK0dmqlDJKuSjHLEZG+CCYQnkwrJaBug7HOyiJo1XLsFr5bKosWgWVRZvBaA2n80/nn137Yu0r/Cv8N3qff/7koecOPaN9RqtVEq1qwbr40ikZnVoCrzXjz9DX+BqVklGp1o49++y5ubnRtRgsr5yeE14qOaNS7j05d3pvvvbQXo0M1N+5852dwqtVx7I6+VziRebmZHJGp3yevpJyEs3JrI8Pjot1W1Soj9C6M+IZreWckclgLdexL8LXchv8od2IEcCIH+r0iUAt1+uJBS+PGiVQS9TZ+4ncA5yk3AOcjNULnEzbOFAzP5gAajaDB2q2ieQTabfTDYftvt5tsL0c6u/kyMc2uwGfxb/dl0kUJI9Uk/fBVo5u3sLkTvJh8vfkKfJ18l3yGvkF+TX5d4YwMqQ2QfbIJzVkHSyAQ7D5vI7cRe4nHyP/DL19j/yI/JJhGLlIqSIFsFivhyV7GA/jh8hx8nHyNHmOfJ/8mPyKYRkFUhph1SskK4kDltHN+L2XD5KPkBPkG+Qlcpq8xUBSQDoz0ZAiWE6dsMBeBZamW/27yUfJJ8iXyDfJv0AOnmekjArXAEqvBY4m2MBsIdsh7x4gHyL/SM6Sdxg1MRC2fWCII44hdzvdilPqLPy2YRYpJi2QE3fAoWWazJIj5B/I58lj5Cvk2+RfyU/Jb8i7jFakp997y4QFvxm2GtfAarKHfIAcJp8inyP/RL5MvkVeJq+T/yD/j9GI9CzJIBaygqyCTcG1ZDfZS24kR8kD5AvkcTJHnievkDfIf5L/YnQJDbJgT0D/9mcJaYUtxU780OUm8nfk0+Qh8gT5KjlF/o38jPyW/IHJABsyPVvAz1bhLzKSUjh2TpJPildlxA7HjP8D40t6BgddZKN7oA+ONcPuTRx4m9JkA5UBuMtJPVkNG5utsEbOwLpxOzlGHiQPk/9LvkZeID8gb5LfkfcYPfKo4NDQBtuebXDEuZ7cQu5hDNhuJTLwag7MjAayBrZHV+PRaD+5lRyEleQz5BHyJHmGfIf8kPycvE3OMUZRAjlETS6pIo2w/m8k74d16QbYLd1B7iOfJY+SL5KT5EXyKjlDfk8WGBNzlbch6lWcQTyL+A5FJUFUIhoQrV4PH1NyiFsRZxEfRHyRokqKmIGI9KoViLWILYgOryfqV21EHEQcQdyOOIo4gRhEjHm9k2HVDOIhxHsRTyB+FvFpxG8hvoL4JuJvKapLEYcRRxHDiAd8fGBcfSfiMcSPIT6I+Cji04hfQ/wG4guIL/mCoUn1DxBPI76J+BbibxDfQTxHUSNFVI8Fgh6NAdGCmI+4ArFyLOLxamyIrYjtiL2II4g7EXchxhAPBIKBmOYg4t2IxxCPI54IREO85gHEz4HgHs2jiG9Q1FoQXYgziEijRRrtk4hfRjzJB6cmtd9CfBHxZcRXEV9HPIP4a8TfIr7Lh7y8jiDKEbWIJkQrIodYjmhDbEJsQ3RM+n0BXTdiL+Iw4tWIO2GQiG4MkUeMIO5FPIB4C+KdiIcR7w3Bm+6jiJ9EfBDxC4iPIT6FOIf4LOLzoYgvqPse4iuIPwrT9jcQf4l4FvFtxD9QzGARlYgZiJmIuYgcYjliLWJDxMvHMloRw4gfRpxDPBMBZ+jzEWsR1yL2Im5H5BEjUZhr+r2Is4i3Id6NeAzxOOIno4HgmP5BxC8gPob4FOIc4rOIzyN+LzrpDetfQXwd8S3EtykaCKIaMTMatdcbChFLEasR7YgtiOsQuxH7EUcQdyCOATYYgogxxBnEWcTbEA8hHkP8KOKnED+H+Bji04CNhpOI30J8EfFlxFcRX0f8JeJvEN+laGQR1YgmwCZjLmI1YhviRsSrEXchhhH3IO5HvAnxIOLdgM3GY4ifQnwM8STiS4AtxjcAW41v0afhxncpmgiiHFGLaEK0IhYilkanwlFTNaIdsQVxLWI7oguxH3E4Oh2dMF2NuAtxBvFOxOMxiEnTZxEfRnwC8WnEryF+A/EFxJcQf4B4GvFNxLcQf4P4zoy9pcl0DrDZLAVsMasBV5kNgK1mC+Bqcz6g07wCsN1cCdhhtgF2mpsAu8xtgN1mx4x9ld3cDVhv7gVsMLsBG81bAZvMOwCbzT7AFvMuwFXmMGCreQ/gavN+QKf5JsB280HADvPdgJ3mY4Bd5uOA3eYTM/ZWu/kBwHrz5wAbzI8CNpqfBGwyfxmw2XwSsMX8LcBV5hcBW80vA642vwroNL8O2G4+A9hh/jVgp/m3gF3mdwG7M8mMfbU9Uw5Yn6kFbMg0ATZmWgGbMgsBmzNLAVsyqwFXZdoBWzNbAFdnrgV0ZrYDtme6ADsy+wE7M4cBuzKvBuzO3Dljd9ozxwDrM+lpm4WdXOYVvOfCHmI77M12wH5rJ35o7MWPbsfwg+IA7PF2w55qEj/4DcNeNgK7DXpCNiXxxTni9HHaPwed9YLyLietIKsEtMyDPfkfV2NgL3c5qID9qAt2dhvh1NALO3zal9CyfO18ehnsN2X0FyjgRHE5VxY4U6yEU0AdfluYfmO5CXbgLbCrboV9axvsN9fCWWYdnDsccFK4fPpLl0SKV0JdAvvaD8NJ6NJrDJy5FrHoPNRdEV51EZTAGUEDZ5Y/fY0hwxfFwQRmwylpGk4+++BscT2cCG6Ac9kH4Jx1I5xrboYTxK0Q1bfDKeEOOIXeg3b6W+Fg4KRIsfACaLoibEfsQOxE7ML8x4q/Z8OmXDGIVUlIEN1IRR8lxK9SUX1FaLwiLDgP+y+KhivA/w3rgpxsJiNkC5zjt8H5+4+/ZkhNAmk8FeNV8XlX8TaS0pZxWSghWZC3rVdcy8YaQ44viyxZQUqu4J0hH70IsqSUlF3BOyPOuuWRJeWk4gre5eQucoh8kBwmR8jRP8E1g59yXgpSzrvJh5Dz2J/gmiUfJycIXXs34GP0KfKRK4gohuRcFv6ptWDIwEVRf0XoRfQh+hHHEMcRJxADiLsQdyPyiJOIQcQQYhjxOsQIYhQxhjiFuAdxGnEv4j7EGcTrEfcj3oB4APEDiLOINyLehHgz4i2ItyLehng74kHEOxDvRLwL8RDiBxHvRvwQ4mHEI4hHk+qC/e9BvBfxPsQPIwprs5AdhMgS5vTfI34M8eOIJ5gKdpDdyYbZWfYwe4J9mJ1jX2RPs2clRGKQcBK7xCEZlOyUhCWzksOSE5KHJXOSFyWnJWelammrdEy6R3qb9F7pA9InpM9KX5a+KX1bJpdZZOWyFlm3bER2i/xz8qflz8tflb8l/4NCq8hX1CrWKnoV2xW8Yr8yorxJeVS1UzWjulN1Tp2hLlTb1OvU/eod6qD6qHpO/QP1LzXS/2bvS6CjKNa2q+rtmZrp7qnuCSF7EDAqIMoichERESOyiYhREQEBAwIiAoaAyG5YRUQMyBoQwyoGxLCIEgKEELaAEPY9BAj7FhZZ/5rqEtMN917vvd/3n///zndyTj083dXd9bxV9b5v1fQMWrAWo1XTYrU4LV5L0JK0FC1Ny9B2a4Xadd2jh+ld9d36JZ/ui/JV99XzdfaN9qX4NvkuMJW1YTPYIraa7WdnDNOob7QzehjjjVnGEjPErGnGmV3NXPOgec4f64/zx/sT/En+ZH+aP8OfGxQR1CxoYNCyoJyg3UGFQddLeEqElZhXYnlw4+CWwYnBQ4MvlFRLRpSsULJmyR4l55XMKplXsqBkUYgSEhwSE1ItJDYkLiQ+JCEkKSQ5JDUkPSQrJC+kIKQoVAkNDo0JrRYaGxoXGh+aEJoUmhyaGpoemhWaF1oQWhSmhAWHxYRVC4sNiwuLD0sISwpLDksNSw/LCssLKwgrClfCg8NjwquFx4bHhceHJ4QnhSeHp4anh2eF54UXhBdFKBHBETER1SJiI+Ii4iMSIpIikiNSI9IjsiLyIgoiiiKVyODImMhqkbGRcZHxkQmRSZHJkamR6ZFZkXmRBZFFUUpUcFRMVLWo2Ki4qPiohKikqOSo1Kj0qKyovKiCqKJoJTo4Oia6WnRsdFx0fHRCdFJ0cnRqdHp0VnRedEF0USmlVHCpGL52CIwrDxKZWeR+Bz/u4Ncd/GoxrnB+qRh3IxTN74+L8Yez7Txmiv36R7rY719hq50/3tV+//v4QEf9Gf+Eb7PziuUcPPFf4Lz9VVPs558ab+fPMgc3i3Gerzwb5DjfWHDCs9kgS2GtHAufay7OKOLznFI84oqjtaUdnm9mYZ0pFr5w7kG1X6wqsaPEFImOURAbZFcZm2Dn9Ss7eA/79fWn23nDMXbeqI+D93Xwcw5+wcEvOXiRnTcOtB//2b7GdR28oeAO6zRuInGMxCyJ+aJ2NF+r1+fryeY8G+7I41ZvHluGc/8/gWcKgc+qlqFMlIO2ot3oMCoUn/kh7MEmDsOl5X0yLXyli4VNIiRutfDV4RY2VSX+auFrkr/WQqKs99pxC5sxiR0kFlr4enWJ8RLHWhgXKzFZ4iUL32gqMc/CN9tIPGPhW9MtbP6mhW/LEfq2bH+LUfZeeMdh9XdqO3hDB+/q4BOKcX7/VpXt51t1cPBEO+/ieH6XAjvv2trBk4px3v6uowQPQ9VRbVSPr/ze5GuhDjx7SeQZxlCeBYznkTrwSeoSlIGyUS7aiQ6i4+ic1dqusre6HrTwo4EWdouRuMHC7kRic4kLLewhe71HBYlyzvaYI/GUhR/LXvi4pkT5nI+zLUyQoyNB9lqC7MUEeX1P+Zyesr09+9it3nO13Uo9DwsejJ78i3ax7iLVJjaUOMPCXmUl9pF4w8Le0p/13mbhJ9IKn8yzsI+0Wp/BEvda+KlU8ekiC/tKj9d3pIX9pNp+7SRac7uYv+1fWeIUu+7+lwTXUBRfQ1VE1VAtFIsaozi+Ro5Hckb3lzNpwG4LB2ZYOCjRwsFPSpQz9zPpf5Nk3wyRfTVEWm1of/5M758jctiTDl7Nwas7eHO7Bhvn0Wd4N3v94dbzQLxjEGW1YbgcT8PTJF4SdRy+c4TsnxHS/iNk/44447TvSGmDkS3t42zkJHHf4jXzLfzctPuVz2s4uMNKn2c4eJadj3ZY6ct8Bz9YjHOrfTUSUWLT8FWuhWNbFKsZ4J0dfKjzyrHSLl/XsD/j6xz7lckRDj7Qbq3k1eLOHtkHf85F66z0OclXLRwnx9V4t4XfIIlhEuWYn7BTPEVFEagsqoCqopqoLmqImqEWSM6XSTKWTJbtmDzLwil1LJzaw8IU6a1S5EyYJufndFlv+nBnb0+Xfml6kfPMt3KMfTvYbpMZ453WnSF1p/a115wVfP+4nrXTwtlJFs6pdX+dOXKezpX2m9tQPPHefed2ftBcmCvj5bzrFn4vfdoP7vuf8MMtC9MaS7zPLmnpEi/9ox5fIHtwgYzxC6Wdf5Q5wCI56xZJP/iTjPWLdUQh8K+gYn0uzixZJlHOwqXSQy+VapYVWbi8tN3Wy5s6eBenouUyr/mli73mLzfut8+vsndWKBLTxQh1ibeGAl80krozZPTMkPpWylxopcyVVs5x+qGVUt/K6/bZn2llGbZWZErvlin9eOYmu19dVd0+m1fNEX3lvdfGGvdyR3H9qsMWrpaxfE1vC7NqSJS2XSszuez5Fq7rZmEOX7UojjbmyHXC+gQLN5R22n3DaolXnWc2ylm9cb4483fbvXG/hZuk39gk271puUTpbzbLqLt5qET55M137D2eW87Bmwi7/p0xnhsnUc6vLdKXbpUjdusFC38bZeG2uhZu721/Sl6GgxfY+Q7i4B3svbsjzblG251q4R7uD1zF/MPeMLvX3ltPjAsqeu3PLMI6JzOjvTL275Mjf788v1+OvQPymQdLi5l730w4JFcbh6THPqxLlJ76yJ0H+ayjEo/Jnj0he64wXrT4vqcUygh4Usb7UzKynJIZzelHi9mMZxqn59n55Qp2XjQWUfFvyW8VX4Hy+93uY5+ld8oKy7IHxKnOqAfqgwYj6QnuyNzqjswU78hVz13pUe62lGhlqIFPzCwcI9Gagxh3lGitdjBpKNGamxgq21qIIfkvthBDjkRr1mPFLTFRomVr7Kol0fLx2E0ktpBoxVhM60q0/Cz2lJI4A1H3n6MRe90On4i9sqbXHj+xd9I/yQuwN1WitarAqilxoETL22Ktg0TLk2C9j0TLI2JfsrNNTFqDhdnty0ohSoupYbUc5+MEd45czGS/sSSJmRLvWGjUfvB1RjeJ8yRauQE2YyTG27wq7xtzioX++bZogf323Q0cpBbbIwvwbAfPc9Tf5uC5/4RvcvANqPgeFC6ZbVv34pAIBw9xcPvuCg5hDh5jW2XgkIoOnmLnoTH2notMt/OoYHv9qAQ7j062+RJcKr1YlsbbU2qT43y+nT9Uv1h9/vfQePvzH5pg8//4oWS7PR6a4rh+goM764+x89JjHfyw/fml8x38oJ2XiSr2PK6nzKOO8xUcvJpdf9l6Dt7XzmMq2O//yAT7/R7bZuflWjr4cTsvH3Q/L26v8kPtvEKsiHR/8gL79RXOObg9o8NPlLbzJxUHL7SPp0qbHHyvg19y8Kt2XrmivT8r13Scr263Z+Uudv5UZTt/usjOayyz82f7imzwHq9dx85fUOz8xRx7/9Yb5eApdl4/zs4buB28jYNn23kjx3hqPN3Bd9r5K03tvIljfL7a0sHHOvh4B0+12//VOXberIudv1HZfv1bRXbe3GGv5oV2/vZoVHx3HL89y86Xdy2WJfIrIqvbxguJ7GIb/ySyo4N3sM0HwYuNZxI53TY+SGSGnZcabOdl6tl5jGrnj+ba2k/Kj7XZiwy7bucjPHY+1u6/yeTSdp5qjw/khxp2viTWzlc2tfPMNna+3t6fZFtvO9+XZOcFY+z87JRieRI/crX4eOH6r86y2/vqIsf5NAdf7uD21SO5VtrBHXqupRfLdPiRa5n2519b7eAZKPCtHwW9h8ehDniKuGs7nOwyXX5+Jgi59QYsW6/PslgmEyszfBZfwJfwFfYCe1HwpwL3IUEk8P0kt7grBh8vQ/gzAvlf4Ovef+z68ucSSjRikpJ6Pf1lcU/g55uhwG7jn3vDfXnGq9z71ES5t08MKBXNQ4H/jSsNpaPlHJehDJTFcTXKQbn6a4jo9fVmvGygv87LhqwQATF5608KzGanOJbk/LTAbLYTEc528zKb7eVlDjuMgLcrix0RmM3yOa7m/KjAbFYgzx+T54/L8yes83oj0YbGog2vBNqgNxFHXhVHmopWbRBP3SSemiueulUc2SaO5AWOBP63r0B26Doj5hNC3/L++J3bYjCnBjbQAByBo9FAXA6XQ0m4BW6JhuAu+EM0HH+EP0IjcXecgD7HI/FI9CWegCeiMfgivojG4qv4Kvoa38Q3UXLgxTs0jriJG40nOtHRN8RP/GgCCSEhaCKJJJFoEnmYPIwmk/KkPJpCKpOmaCpJID1RBulFeqFM0of0QatIP9IfrSZJJAllkWFkGFpLkkkyyibfkG/QOpJKdqEc8AFDt6AaVEN3oC7EorvQABpgAlNhKgYlQfkWK673XO/hqq72rvb4Kdf7rvdxNVcnVyf8tOtj18e4uqunqyf+m6uXqxeu4druHo6fUV9X2+Lz6jAN4zu6qb9EPtHf0VPIAl+8rzO57BvgG0VuMMI84GFlWBkw2MPsYTDZI+wR8LPH2GMQxMqz8lCCPc4eh2D2BHsCSrJKrBKEsCqsCoSyaqwahLHqrDqEsxqsBkSwmqwmRLJarBZEsdqsNkSzOqwOlGJ1WV14iMWyWCjN6rP6UIa1Zq2hLItn8fAw68A6QAzryDrCI+xD9iE8yj5iH8FjrDvrDuVYT9YTyrNerBdUYJ+wT+BxNoANgIpsEBsET7AhbAg8yYaz4VCJjWQjoTL7gn0BVdiX7EuoysaysfAUS2bJUI2NZ+PhaTaBTYDqbBKbBH9jU9gUqMFSWAo8w6az6VCTzWAz4FmWylKhFpvFZsFzbA6bA7XZPDYPnmfz2Xyow9JYGrzAfmQ/Ql32E/sJXmSL2WKIZUvZUniJ/cx+hnrsF/YLvMwyWAbUZ6vYKmjA1rA10JCtZWuhEVvH1kFjtp6th1fYRrYRmrDNbDO8yrawLdCU/cZ+g9fYdrYdmrEdbAe8znaxXRDH9rA98Abbx/bBm+wQOwRvsbPsLDRnF9gFeJtdYpegBStiRfAOu8quQUujrFEWWhtPGE/Au0YloxK0MaoYVaCt8ZTxNLQzahnPQXujrlEX3jdijVjoaNQz6kEno75RHzobDY2G8IHRxGgCXYymRlP40GhmNIOuRpwRBx8ZbxpvQjejudEcuhstjBbQw2hptISPjdZGa0gw2hhtoKfRzmgHiUa8EQ+9jA5GB+htdDQ6widGZ6Mz9DG6GF3gU6Or0RX6Gt2MbtDP6GH0gP5GgpEAA4xEIxEGGr2N3jDI6GP0gcFGX6MvfGb0N/pDkjHQGAhDjMHGYBhqJBlJMMwYagyF4Qb/gxHGSGMkjDTGGePgc+Mb4xsYZUw0JsIXxhRjCow2UowU+NKYbkyHMcYMYwZ8ZaQaqTDWmGXMgq+NOcYcSDbmG/NhnJFmpMF4Y6GxEL4xFhmLYIKRbqTDRGOJsQQmGcuMZTDZWG4shynGr8avMNXIMDIgxcg01sI0Y4ORCzNNbGKYZ4IJ8L3JAwbMN6lJ4QfTa3ohzdRMDRaYPtMHC03DNOBH02/6YZFZwiwBP5klzZKQboaaobDYDDfDYYkZaUbCUjPLzIJlZraZDT+bOWYOLDc3mBvgF3OTuQl+NXPNXFhhbjW3Qoa5zdwGK808Mw8yzZ3mTlhl7jZ3w2pzr7kX1pj7zf2QZR40D8Ja87B5GLLNfDMf1pkFZgHkmMfN47DeLDQLYYN5yjwFG80z5hnYZJ4zz8Fm84J5AXL9il+BLX633w1b/R6/B37zq34Vtvl1vw7b/czPII8LMmGHP8gfBDv9wf5g2OUP8YfAbn+YPwz2+CP8EbDXH+WPgn3+Uv5SsN//iP8ROOB/zP8YHPSX91eAQxGREXXgCPfvbXlUvYJv4LvEZcVHEkHKknJQ39XOFe/q4Oro6uFKcCWy0qwsi2GPsnKsAqvInmSV2VPsafY39gx7lj3Hng9EZfYya8XeY+3Z+6wL68q6sQSWyHqz/mwgS2LD2Ag2io1mX7Gv2Tj2DZvIJrOpbBr7ln3HZrLZbC77nv3AFrJFLJ0tYcvYcrYiEKV5bMrmUWoD28Ry2Va2jeWxnWw328sOsjPsPLvILrMr8h3uwI5GaRGxAnuuLtwKt1eWum97av8DlQ3+v1QZIVR+F8h/cCf3vv8h+gJvoLu4tjiedeXgQIqAvR97A29URuGyuAKuimviurghbsZzjna4M+6B++DBPM8YiyfhGXgeXoSX49V4A96G9+J8XIjP4SJ+ZSbOwVvxbnyYH7mAr/Pberh9wkhpUo5nFTVIHVKfNCXNSRvSkXQjvclAMpSMImNRFGlNOpCuJJH050dGk/EkhcwiaWQJySDZJJfsJAfJcXKOXCV3wA0MQqAUxEAFqMyvvAUK6BAMUfxIRZ551IJYaAxx0BLioQskQF9IglGQDFMgFeZDOvwKqyEHclEUTIIZMA8WwXJ+ZANsg72QD6fgEtxQiKIqQUqEUlapoFRVaip1lYZKM6WF0kbpoHTx9kbAbZXg/URgT28fgYneTwX28vbjmMD/1V9ggneAwJ7egQITvYME9vJ+xrEnr5ckMME7RGBP71CBid5hAnt5R3BM5PVGCkzwfi6wp3eUwETvFwJ7eb/k2IvXGyMwwfuVwJ7esQITvV8L7OXtiwg/O5iXPb3DeZnoHc3LXt5xov0fe8dLfd9IfROkvolS3ySpb7LUNUXqmip1TZO6pktd30pdM6Su76SumVLXLKlrttQ1R+qaK3V9L3XNl7p+kLrSpK4FUlcyV/GxN0XoShW65gldP0pdi6Sun6SudKlrsdS1VOpaJvvtZ6lvudT3i9T3q9S3QurLkLpWSl2rpK7VUtcaqStL6lorda2TunKkrvVS1wapa6PUtVDoWiJ6LVPoyha6NktduVLXFqlrq9T1m9S1XerKk7p2SF07pa5dUtceqWuv1LVP9tt+qe+A1HdQ6jsk9R2W+o5IXUelrgKp65jUdVzqOiF1bRK6tgldu0Wv5QtdJ6WuU1LXaanrjNR1Vuo6L3VdkLouSl2XpK7LUtcVqeuq1HVN6roudf0udd2Uum5JXbelrjuy3+5a+gK/ohXQp2JLn0osfSpIfYVC1zmhq0jouhHoNe5jm6PyeBuZxv3Tq9AB3ofO8AF8DD2hF3wC/YDnfTASPufe6gu+XsqHo1AAx+A4nIBCOMk902k4A2fhHJyHC3CR+6nLUARXfIHP88vjrSQFGkET7vPaQ0foBD2450uE3tz79YcBMBAGwWD4DCZzX/cL94ArIANWQias4p5vDWTBWsiGddwrrud+cCNsgs2+p8U6v2ogLvCnXkFIrFTD0B/f+EIoVewBdAnUUEopj8kagYhZTtaYyc8B98FdEFKClWher5xSDmnFrgg8o1yxZwS+jWJwz1tCcSluhSoexcs9saboik9hiqGYSmC/Qglo4o8LXEOU55TaSFdeUF5AjJ+rgcJhFszhnn7Bg3Q9yILhv/DrKMyEmfyes2E2b8338D0ikAbcw3CLreFPzIfTiIUvD1/ObUBQdRTG68/m9dIeaNEH9B2/ys1bNos/Yw7M4c+YD/P5MxYA9168pZv5MwJ6xHsld3cLm+QLm/xpo+W8FreRqytJv+/bfdb3ZP74rsdY9DVKRuPQePSN+J7nJDQZTUFTUYr4Fsu3PGf7jvffTDQLzUZz0Fw0D32P5qMfUBpagBaiH9Ei9BNKR4vRErQULUM/o+XoF/QrWoEy0EqUiVah1WgNykJrUTZah3LQerQBbUSb0GaUi7agreg3tA1tR3loB9qJdqHdaA/ai/ah/egAOogOocPoCMpHR1EBOoaOoxOoEJ1Ep9BpdAadDfzGD7qALqJL6DIqQlfQVXQNXUe/oxvoJrqFbqM76C4fdJi8RpqR10kceYO8Sd7i+cTbpAV5h7QkrXge8S7PLtqSduQ9Ek/a86zifZ5rdCKdyQekC/mQ5xgf8cyjO5lOdpM9ZC/ZR/aTAzy7OEQOkyMknxwlBeQYzzVOkEJykpwip8kZUMlZcg40cp5cIBfJJXKZFJErPBe5Rq6T38kNcpPcIrfJHXKXOwAMBIBnJC6ep1DwgBdeg2bwushHWkEbaAsfQneekQyBoTAMvoaJPC9ZCD/CTzwzWQY/Qy5sga3wG89GtkMe7ICdsAt2wx6em+yD/XAADsIhOAxHlGeVWso2ZbuSp+xQdiq7lN3KHmWvsk/ZrxxQDiqHlMPKESVfOaoUKMeU48oJpVA5qZxSTitnlLPKOeW8ckG5qFxSLitFyhXlqnJNua78rtxQbiq3lNvKHeWuy+cKoi/QuvRFGktfovXoy7Q+bUAb0ka0MX2FNqGv0qb0NdqMvk7j6Bv0TfoWbU7fpi3oO7QlbUVb03dpG9qWtqPv8b/2/O99/teJdqYf0C70Q9qVfkS70e60B/2YJtCeNJH2or3pJ7QP/+tL+9H+dAAdSAfRwfQzmkSH0KF0GB1OR9CR9HM6in5BR9Mv6Rj6FR1Lv6bJdBwdT7+hE+hEOolOplPoVJpCp9Hp9Fs6g35HU+n3dD79gabRBXQh/ZEuoj/RdLqYLqFL6TL6M11Of6G/0hU0g66kmXQVXU3X0Cy6lmbTdTSHrqcb6Ea6iW6muXQL3Up/o9vodppHd9CddBfdTffQvXQf3U8P0IP0ED1Mj9B8epQW0GP0OD1BC+lJeoqepmfoWXqOnqcX6EV6iV6nv9Mb9Ca9RW/TO/SuB3kwnUln0dl0Dp1L59HLtIheoVfpNbW3+onaR/1U7av2U/urA9SB6iB1sPqZmqQOUYdqn2p9tX5af22ANlAbpA3WPtOStKHaMG24NkIbqX2ujdK+0EZrX2pjtEnaZG2KNlVL0aZp07VvtRnad1qqNlObpc3W5mhztXna99oPWpq2QFuo/agt0n7S0rXF2kotU1ulrdbWaFnaWi1b26Bt1DZrudoWbav2m7ZN267laTu0ndpu7Yh2VDumndBOaqe189pF7bJWpF3RrmrXtOva79oN7aZ2S7uj3dWRjnWig67oLt2tH9UL9GP6cf2EXqif1E/pp/Uz+ln9nH5ev6Bf1C/pl/Ui/Yp+Vb+mX9d/12/oN/Vb+m39jn7Xh3zYR3zgU3wun9tHfR6f16f6NJ/u8/mYz/CZPr8vyFfCF+wr6QvxhfrCfOG+CF+kL8oX7Svle8hX2lfGV9b3sC/G94jvUd9k3xTfVF+Kb5pvuu9b3wzfd75U30zfLN9s3xzud8tYu7FiV3QAmUa4BxV7nd9CQ2iEdsAr0ATtghbwDtoDreFdtE9EvAPQDbqhgzxSDUKHYCyMRUdhAkxABTwGT0bHRLQ5LqLNCRFtCkW0OQlLYCk6JTz/GeUZpSZGYs+UuFSXiiu7TJeJq4hd0aruI+7juJBWptXwObFDelkdpk4mRJ2priSh6nr1Oqkq9knbiR3SWSJ6e8X/rl4d1UGx6E355glGXrE2e5bUIw3Iq+rX6lI18N5U4C2jelx7ffHDqYE3St5EHp7BtEbx/Kpucv8+8F08QL1Rfx6PgPPhPAYBj0Vj0QRtCCJsvTZflOt4uUvL4eUebT0v92mbxPFdvFyl7RHlPl5u1A7wcrN2iJdbtLOBOqxk4FoWEriWhYprb4vjXl6uZSov1zFNHDHEEVMc8YsjYeJIuDgSETjC4+c8su2/KX7ao+f/7Nj5fyd6BuLjX42J/53xMIjG0w60I/2UR5dAVHyJx8PGIlK9xqPOaBEDm/P4F4h8Vtxr/xcjXt9/Euvuj3QTeYz7M7oVjxz/r0W6e5GMx7wJPDYXj3gv8MwikFdYWUUgp2jKs4rfZU5xk2cUb/NsIkXkE9N4NnGDj9o3+Uh9NzAu/4iL5EN7TNRN3a8H6SX0YL2kHqKH6mF6uB6hR+pRerReSn9IL62X0cvqD+sx+iP6o/pjejm9vF7hgZF0yINjKfMylWl/KaLOvz+mMoOZzH9fZF2n5WjrRXzd9MAIu4vH2D3aPu2AduiPWMtCWKiIt2f/bsS9fX/MZWEsnEX8W5HXFnf12/8Vkddc809i76uY4JJ8CRSBy6Fg3BTHoYfFZ6DlcGvcHj2O38fvo6dwJ9wJVcMf4A/R0/gj3AfVwH3xOBSLJ+GpqDVejLegdqQHSUD9SCLphwaSAWQQGk4+I8PQ52QE+QKNIV+SsWic+DRzIhlPuL8nKSQFpYAOQWgaBEMwmgUhUAHNhopQCf0KVSAWZYp4nifi+Q6xNtupzFC2oFMuv8uPw1xXXVdxuOu66zqOcN1w3cCRbm4wHOUe4f4CR7u/dH+Ny7rHuSfgx9yT3FPx4+5p7nm4knu+Ox0/617izsax7hz3VvyGe6d7J27t3uPeh991H3Afwu145L+N27vv8sg/mFanz+Jl9Dn6PM7wlPdUwKs8FT2V8BpPFU8VvM5T3VMd53ie8TyD13tqe2rjDZ46njp4o6eupy7e5KnnqYc3exp4GuBcT2NPY7zFE+eJw1s9b3newr95Wnha4G2edz3v4e2eTp5OeLeXL8bxHrWd+h7eq7ZXO+L9amc1AR9WE9VEfJrnDZPxGZ47rMRX1AvqdXxHI9o7hGqttD6krT5NzycDfI18jcga3xe+SSRLvBdJ+IozTeyst8Id5JElxY4E9hPcqCxf/wbe/JZvRuPH8ZO4Bn4ZN8ITeP2ZYp9hJr8KxL/TBFsh2QrODvA/wmNtW1eEK9IV5Yp2lXI95CrtKuMq63rYFeN6xPWo6zFXOVd5VwXX466KridcT7oquSq7qriqup7C23Ee3oF34l14N96D9+J9eD8+gA/iQ/gwPoLz8VFcgI/h4/gELsQn8Sl8Gp9RQFHgKlyD6/A73ICbcAtuwx24+58cU5CClcD7vW15TubndglDUeJXNiqiSqgmt01t8ZPwjdBb4pdSAllaR/FLFYHfBhrA55GBTT6PSuFyfB614NbthLvw2dITJ+J+eAT+HI/CY/iMWYwz8SqcjdfhTWLn6C/uF/3V3arAbo3ywr2dojFypyiQnT5HqpDqJJY05PnJWzz7+EAdro5QR6qj1C/U0eqX6hh1ljpbnavOU79X56s71V3qHnWvuk/drx5SD6tH1Hz1qPTif/rwgI/+w0MHPOof/jTgR/9csZwV77Y8S1rea1eGbNdsXsaJdj3DW9ZUtKwFb1v3f9i2NHWBulBdpP6kpquL1SW2tp5QC9WT6mn1jHpWPaee/4cttiJK8XhSXIPl74t5e6GiAeksP7uqKbUgFPCkbp7jd0cosFJAdQOrSfRa4I0K9Lr2qf4SyuVRLRpP5PWe5Gqr8NVOdVIdYa76GX7PWqQWAq4/Fim8dxoiF7dEU37HZqQZotwibyEPt0oLvo5oRVohldunPdJ4zvgB0nm22B351LfVtxHjK9j+yOCrlLHIVJPVySiKr1WWoBh1mboSVecrlvOotnpRvY7a83g8DH3II+8Y1IdH2vloMI+ji9E4Hjf3oKm89w6gZbwHD6GfeTQ8gpbzvjyKfuH9eQz9yvv0BFrB+/UkyuB9exqt5BHyLMrkUfI8WsUj5UW0mkfL22gNj41ulMvzhTC0k+cIZdBBnhdUQMe5LTR0jkdqP7rI42UEz6b/GBc15bj4X4v+5xYNWLIut0+w/IR1jnirDP7Xsv+xZf+wad17o/V/LftfN2bL3fOrcwOfb4h9IcuiZYQtKweOqlPUVH40U81BXvV3LXCF89ORf/XqwFWVi82Xufd69V+5yx/XV77Xin/9LoT7wYh/Jy8KvE3x72Qi/DqdtzEETUCBewC/cpKBUB20F+WjU+LX8AlWcRC/619/dyEH53IFe3lrj+Mz+BLmGStRiEpMEkKiAu9zkCdJNVKT1CH1SGM+ypuT1iSedCbd+CqiLxlMhpPRqDwJEu9+VCBVec26IndpQdrxWj1IH15nJBlLJpEZZB5ZRJaRDJJFNpCtZCfZT/JJITlHisgNQOAOrDMgzHqngc+3/biC0GjgJwS2wDUEtsLPCGyNawp8Fz8rsA2uJbAtfk5gO1xb4Hv4eYHxuI7A9vgFgR1wrMBOuJ7ALriRwI/wq5ZtXaEBVJa4wgQudYUHkN30aAF0lfDoAXSnenwCV3iYwAyPIfC2xxR4x+MXeNcTFEC+Aikh8HnD6sPOuDwKjIbHeVkOV+RlC/ykyPwr8bI15uOPa6zCyza4Ki/b4qd42Q5X4+V7+GlexuPqvGyP/8bLDrhu4A0d/CIvP8Av8bILfpmXH+H6vOyGG/CyO27Iyx64MS8n4Vd4OQU34eVkVzAiXG9JXi51BXYab3oIIlwpnxlcp8LLFR4XLzM8bl7e9lBe3vF4eHnX40WEa+NrF8/zeB5XNomr+V5gKzxfYGv8g8B3cZrANniBwHZ4ocD38I8C2+JFAuPxTwLb43SBHTzRAeTtKRVA3qKHBK7wlBaY4Skj8LanrMA7nocF3vXE/B/2zgQ+iiL749Uz0zOTmSH0VFX3dIdDCCGcCRBCCBBi5D4j9y0iN8h9RERARBbRRURAVERuAQERAbnkFhE80FXEi0VXkXVd11XXVXQ5/q9+MwkBRFnEFf675mO95jvd1a9eXa+O7laStCsLeb02H7ZeACsvhJUXwcqLYeUlsO9S2PcJWHwZrLwcVl4BKz+pbOeXsI4J61iwTgTWsWEdB9ZJgHWKwTrFlXWKMrQ2aie6em4wmamnqD3UGpikzQyq4aptUrvKSsZ2lyVqFkpFBLlpI9cchP2R13PUMdMwbuR47tmV0DWhD55lzY+reMJwojcljKCwRcJICtskjKawXcIoxSkGm92rtdc6ap21TloHrX+gE/VUXaIrLq7RrglU0x9yz3U/6V4XfzL+VPzp+DPUJj4emB9YEFgYWBRYHFgSWErt4+7AnsDzgb2BFwL7Ai8G9sd/F++Kd8d74vV4b7wv3h/4PvBD4F+Bk4FTgdOBM0EW1IIPBmcGZwVnBx8Kzgk+HHwk+GhwY3BTcHNwS3Br8LngtuD24I7ge8EjwaPBD4MfBY8Fjwc/DX4W/Dz4RfDL4NchX8gfigsFQsFQKFQkFB8qGqoUqhxKCaWGqoSqhqqF0kLVQ+mhGqGMUM1QZqhWqHaoTigrVDeUHbo+lBO6IVQvVD/UINQwPhRfJD4+nseLeBl/Iv77+B/ii8UXjy9BFk3GjAvDLItOI4vm1NsPdA2iHn6UaxT16uNd41kR7ASPx9xJUcyIGFjVCLufcT/DuPdp71omvJu8m5jp/c77HbPUPAGLqHkCVipwNPAJq6BmC1i14FTq52sHn6Ievn7wXerhWwTfD77PWqKfz0U/fyP6+Vbo51ujn2+Dfr4t+vl26Ofbo5/vgH6+I/r5TsHT1MN3DhnUq/dErz4evfrEeJN69bspnVtZl0vJ0cvLwV8ln/JzKABrMlgzDnbksGMx2DEJKU9ByjOQ8tZIeTv4Mx2j8y16QC+Cp0qasQMU1mMlC5f/80vxxctjtOyoukslpZmreXTVgHK4YHQeOBb45PxZzLMzmJQbllrdgU5BPb5Ap/znTTxU6sZTaZsdOyekFy2kt83iztbh/Hqq1raoDLcmT6Ct1k6VRSqJ39HZVZl5qasKxvPqiZvo3gs1f0XtSvS5GqWhZqg3YnmM3cxlDPtR7i6STr9EvbcGBZ6jemI4YiQZFYxUo4aRYdQ0Mo1aRm2jrlHfaGA0NBoZjY0mRlOjmdHcyDXaGl2NmxHrmFhMGUiDLIgr9KNx0XW4qsU515aiaxMKXasZOZd0Vsp5Z7nYWMzUrcBTQOq8VcQMPU6PY8zooSxg9DT6kGX6GQOZ1xhkDGYBY6gxnLQdaYxkRY3Rxu3MMO4w7mCmMd64k1nGXcYk5hiTjcmsmDHFmMqKG/cbc9h1xlxjKatgLCN7pqu9OpTaFnSPXCOXaBujLatotDfas8pGF+MmlmLcTNaqZkwzprE0aFsZocoFNxtHf+p9Witju5muFa3V2+SuFa1ddF77Au09bAL9rWPqjSDqzQgJ15j+6s2w6g2yWqw2KM3DMc2Vzhp01qFzHHQOQud46FwUOkvobEJnGzonQOdixu+N37OSBZovgearWHXjKdK/VqFy0AI1biJT7/5Zc06N+0/pcrkluAVs2Aztn4u1KqT55cYXbV/daPXVvxox9dZ4+4rFG/U/aexD/mlVlhSL9/wz2xS082R1aJOA99I0oeMurAdrd0X0Of8uZ3VLIu1KXkS3H9dK7eLIvUJWOqvP1VA7Wl7hMtayUFlIKlQWLmbvlhdY5adLUMuLlKBrsX63vOI18az1XXhC5WydujKl9/zcutI19+K5q96hNPY/7C+d1asTwknwKKaySWw6U29J/896FGe1aXOBTtHdY1eXTsrz2siuFc+rsO75fpfyG68Nv+t87TeT9juuIe3PLz061fiJ5PduYLtirXrxazAVnlgpuvZzQr1L4trNCTUPgvd5GOrZnLMzDepNwx7jfuYpkk4aKx8oulaSAB/EHZ1PAI1eYRg3UgrbGq0QtlbhT16j3tsm6Ro1k6GuisrWUVlYE7JiddafDWGjqI9TfR12AbP5sbd5bGTbou/vYIfYe+xDdpx9zr5mJ9hpzaMFNEOzNPXkaXktVUvXams5WiOthdZG66R113prA7VhWp42TpukTdWma7ONJNI6yShLYVkjmcJkoxyF5YzyFJY3KlBYwahIYUWjEoWVyJ4uo7KRQmGKkUphqlGFwipGVQqrGtUorGakUZhmVKewukF5ZqSTnV1qRoXCDKMmhTWNTAozDfKV1AwLhbWNOhTWMbIozDLqUljXyKYw27iewuuNHApzjBsovMGoR2E9oz6F9Q3yUpWNKVR2dqn5HgobG00obGI0pbAp5aRLzf9Q2JzKjstoQWXHRSWoDcanbZF77Slsb3ShsIvRlcKuRjcKu1GZchk3UZlyUcmaRuG0Qs8zR3sxVZOj637/Xtk8W+7U82xeqhndmUv/nQqLUE+qhdjdlENztPnaMm2NtlHboe3TDmqHtaPace0L7VvttMvrindZrpKuZFeqK8OV7WrkynV1uIznf5Pdqe4Md7a7kTvX3cHd3d3XPcSd557gnuKe7p7jnu9e5l7j3uje4d7nPug+7D7qPu7+wv2t+7TH64n3WJ6SnmRPqifDk+1p5Mn1dPB09/T1DPHkeSZ4pnime+Z45nuWedZ4Nnp2ePZ5DnoOe456jnu+8HzrOa179Xjd0kvqyXqqnqFn6430XL2D3l3vqw/R8/QJ+hR9uj5Hn0/WMWMti7KvBvtWhH0rwb4psG8q2bcHS0O7k452JxPtThbanWy0Ozeg3amHdqcx2p0maHeao91piXYnl3JoDmuNdqcb2h3yOT02pTOJZKKnvCeVZGVPmieTZIYny1OPZA6lnsbnnmaeVp4OJNupZ5xJdvf09gwk2Z9sMorkCM8YzwSS4zyTPFNJTvFM88wkOYMsNY/kXM9CzzKSSz0rPWtJrvFs8GwluZnst5fkHs9+z0GSr3je8LxD8rDniOcjkh+SVT8n+ZnnS8+3JL/x/KAzkqd1jx5gbt1PtpYkuW7rJUkW1xP18iST9cp6GsmqlANZJGvrOXojkg30Zjq1UJQj7fQuJDtRvvQm2VPvrw8hOUgfoY8hmaeP06lf0CdSblHd0O/TZ+hzSM7W5+oLSc7Xl+orSa7Q1+gbSK7TN+s7SG7T9+j7Se7TX9HfIPm6flg/QvI9/UP9OMlj+mf6lyS/0L/RfyB5Qj/t9TC31+X1e+NJhrzcS6NCr+Ut7k0kWcqb7K1MsqK3qjeDZLq3tjeHZLa3gbcZySbeXG87km28nbzdSXbz9vT2J9nXO8g7guQwb553HMmx3oneKSQne+/zziA53TvbO5fkI9753qUkF3tXeNeQXO1d591McqN3m3cPyV3efd5XSL7kfd17mOQh73veD0ke9R7zfkbyU+8X3m9Ifu094T1N8qTP5fMzt8/rC/k4ScNn+YqTTPCV8iWTTPJV9FUlmepL99UmmenL9jUgWc/XxJdLsoWvja8TyQ6+br6eJHv4+voGkRzoG+bLIznKN9Y3keQE32TffSSn+qb7ZpOc6XvEN5/kPN9i3wqSy3yrfetIrvVt9G0judW3y7eP5F7fS77XSR70HfK9R/Id31HfMZIf+T71fUHyc/X0FclvfSf9Lub2M79XrWX7A37Db5GU/gS1ouov6U/yVyRZ3p/qTyeZ5s/0Z5PM8tfz0yjR38jfwt+GZCt/B383kl38Pfx9Sfb2D/QPIznEP8o/luQY/wT/ZJKT/FP900lO88/0P0Jyjn+efzHJhf5l/tUkV/rX+jeS3ODf6t9Fcod/r/8lkvv9B/2HSL7hf8d/lOQR/0f+T0ke93/u/5rkl/5v/SdJ/hDH4rzMHeeJC8QZJOPjZFwCSTuuZBzV/7jEuPJxVP/jKselxWVSm0QttgqLpCOsrvpTasOTFEFYXfWtRMqClAVJBkkGSQYpB1IOpBxIeZDyIOVBKoBUAKkAUhGkIkhFkEoglUAqgVQGqQxSGSQFJAUkBSQVJBUkFaQKSBWQKiBVQaqCVAWpBlINpBpIGkgaSBpIdZDqINVB0kHSQdJBaoDUAKkBkgGSAZIBUhOkJkhNkEyQTJBMkFogtUBqgdQGqQ1SG6QOSB2QOiBZIFkgWSB1QeqC1AXJBskGyQa5HuR6kOtBckByQHJAbgC5AeQGkHog9UDqgdQHqQ9SH6QBSAOQBiANQRqCNARpBNIIpBFIY5DGII1BmoA0AWkC0hSkKUhTkGYgzUCagTQHaQ7SHKQFSAuQFiC5ILkguSBtQNqAtAFpC9IWpC1Ie5D2IO1BuoB0AekC0hWkK0hXkG4g3UC6gdwEchPITSA3g9wMcjNID5AeID1AeoL0BOkJ0gukF0gvkN4gvUF6g/QB6QPSB6QfSD+QfiD9QfqD9AcZADIAZADIQJCBIANBBoEMAhkEMhhkMMhgkKEgQ0GGggwDGQYyDGQ4yHCQ4SAjQUaCjAQZDTIaZDRIHkgeSB7IbSC3gdwGMgZkDMgYkNtBbge5HeQOkDtA7gAZDzIeZDzIBJAJIBNA7gS5E+ROkLtA7gK5C2QSyCSQSSCTQSaDTAaZAjIFZArIPSD3gNwDMhVkKshUkGkg00CmgdwPcj/I/SDTQaaDTAd5AOQBkAdAZoDMAJkB8iDIgyAPgswEmQkyE2QWyCyQWSCzQWaDzAZ5COQhkIdA5oDMAZkDMhdkLshckMdAHgN5DGQeyDyQeSCPgzwO8jjIfJD5IPNBFoAsAFkAshBkIchCkEUgi0AWgSwGWQyyGGQJyBKQJSBLQZaCLAVZBrIMZBnIcpDlIMtBVoCsAFkB8iTIkyBPgqwEWQmyEmQVyCqQVSCrQVaDrAZ5CuQpkKdA1oCsAVkD8jTI0yBPg6wFWQuyFuQZkGdAngFZB7IOZB3IepD1IOtBNoBsANkA8izIsyDPgmwE2QiyEWQTyCaQTSCbQTaDbAbZArIFZAvIVpCtIFtBngN5DuQ5kG0g20C2gWwH2Q6yHWQHyA6QHSA7QXaC7ATZBbILZBfIbpDdICpU7z8txYqwqiydZbIsPEHdhLVgrVg71ol1Yz3ULhEa2efSeE+NmNXMiZpZVm9nyWTRpzHU2/rV+9HUfgv1Rv7oE9Zq3SG6dtXiF80OtKSwZWyOACN/ijGNWawn68sGsRF4RnsSm8LuY9MxLzOPLWRL2Qq2mq1jG9nW2Je5LKMHjUV7Gb2NPjQa7W8MVKNRGosOo5FonnGbcTuNQicYd6rxp6FW/qhnQOwu3MGFu7jwNHh0ZVCteExlGr5sQC0X3Vt9bUH9P4epb5+qb56qb526ME+k4X/1NBB5+Zg1otKh5h5Ve0Fj58cQzsOsx+M4no/jBTheiONFOF6M4yU4XoZwOcIVCJ9EuBrhUzhzDY6fQbgO4XqEGxA+i3AjztyE480ItyDcinA7cxsdSdI40ehEcifoLnUNy9+hqOZeXGQ5uoJKCI8yVZbpSiq/dN12HO9Qx+fMtvTDLN9SldNqJvDMGZa/9qbemjO50ArsU//hFdgWSNMwY01Ml8XIzYmxNa7/pDYuslAS+ajMaEv+23VGV/K1SmHmqsyParqUypxadZoUmxO7mnVdRrXVQ/ms/hKuem0zGY3a0Prka+qmdi1/ljGAFjJYcGV0lbTw9R2oPXRTrrRCGxqN4eIa/Luxd6J2W+1ATmBt0D5f6fjVLgudFcdfO7T+V/oO0Z15ibGYz80B9a+5Bfmg3uBlocf5OR0uHkttygWVGzZ6rcuPJ4usHbV7Avq+y48pkdLkIutWPM8ChS2l/rX03zx/Sez8nFiKa6NvvlQ9L3b3KxNbvm71CqyYBa/hl2p3peLL168Blbr80p+NXSG/VMMrF2O+jqXQhub3l+fuDylcz1qRRVT9OVtaL3/fSeF4L7z/Db/S/S+MV9WD8og1MfYMGGyjx+HM+ggbI5xwjgcyOLbesxI+6irleSK2ZkzZWL0Vr2+stX6a/dSO5Ghb1zyWhjhorL7BGhfb+Xx233N0z3MvCovCI1X+6CDVg1H/9bixwFhCfdQKYzN5YW70Nqp2qR4n9xK0+On7+cjnpV7TeNJYaawiHzCazkmxdPb4FdL5cylUmj0eS2eXWDqb/IJ0np/Cs/H/9unsd0Xzs99Vm59LfuX8XHKVpHPQFc3PQVdtfq74lfNzxVWSzrxfOZ15V0k61/3K6Vx3laSz/xWtn/2v2vq57FfOz2XYMcrpT309twFj8K/+/ee84i9yRbOYRl41g2Q8Z2wztqvZJqae6Ve+ZKOYP7f2V7lrdAZL2U3tNlLfSFW+oV8dYb9Rt9geI5tGE2+wufT3CrR55irYCXN5T9vloGT0ipWq0UYelan5sTK17v9dalMuIbUWc2PW7JGrKK35zy+2vmb1T7nG9Y/a/8ZrVv+Ua1z/qP1bXbP6p1zj+jdE2Paa1b/BNa5/o0vQX623ue0e9i22+j65OzwwPD6sVirJq7F72cpfc4UHhAdjbj2gSHiTsyE8xhxujpZb5CbzduUBqTPCt4enhu+Tt8m75Sa5xayj/DGfegOlFv5d+H5YqTgLkpeZiTcyNmOtWAfWlw3E+7LJp+VhbjPGE3gx5ufJPBl+lXrDtgvPZ7rwBJrykftiRk19X0Otr/piK7iT2X1sBtZOpzEdq6lz2UK2jM5aiHXTZZx8MR7hN1OYwDvi+BYcd8JxbwqL8c447g7eBcc9cNwVx71wjrqW4yqB8yXONHGOxbtRmIx7hXlPXNsd59wM0gNn3oIY1K824rRwd4FrI+ycNVHeKXZvgdCK5pe7tfpagsovdzP3IHf0aexUdvYbJCpfo9/NYOER4TsohyZTHkinopOGJxlc4bsSbHjIGfhqu7zE67TwXSqvwn8On2HMaei0ZI6zydnEEuHhZ2JdRdWGXx7buelZ/zMxucM3hXuEb0GKap+Toku9UulxMHyc9MhyGpAeG52NsVRl0V/hVP3SGD1U/tVfOrzkKxPnudba8LO53z18M2xVFfss5CVd9+P3VmVU465YbG0Kxfbsz8Smn/MbtR2x3yLOBmcD3lDkCvfkeqEWthT+VNwbL8Em+aOQxNjfpV2nVqVKhDeHt4S3hp8LbwtvD+8I7wzvCu8O7wk/H94bfiG8L/xieH/4QPil8MtOdSfdqeFkODWdTKeWU9upg1hVihhSG0CKZCzWEeGR4VHh0eG88G3hMdRejg3fQWf9LjwlfA+l/97wfeHfh6eF76drKjmVnRQn1aniVHWqOWqt0kU6vUy6Vqd7yGgrIHfK7VI9feaWT8k98nnm0vayD/hQPowP5yP4SD6Kj+Z5/DY+hm/mW/hW/hzfxrfzHXwn38V38z38eb6Xv8D38Rf5fn6Av8Rf5q8It/AIXXiFT/hFnAiIoAiJIiJeFBWGCAsuhJAiSZQVyaKcKC8qiIqikqgsUkSqqCKqimoiTTQUjURj0UQ0Fc1Ec9FCtBS54kbRSrQWbURb0U60Fx3EGHG7GCvuEOPEeDFB3CkmirvEJPGQmCMeFo+IR8VcsVysEE+KleJ5sVe8IPaJF8V+cUC8JP4iPhN/FZ+Lv4kvxN/Fl+Ir8bV0Sbf0SF16ZX3ZQDaUjWRj2UQ2lc1kc9lCtpS58kbZSraWbWRb2U62lx1kFzlMDpcj5Eg5So6WedRnTZa/k1PkYrlELpVPyGVyuVwhn5QrqS/bTP3cVrlL7pZ76f9d8rB8W74j35XvyfflEflHeVR+ID+Uf5IfyY/lMfmJPG4mmMXM4mYJs6R5nVnKLG0mmmXMJLOsmWyWM8ubFcyKZmWzilnVrGlmOi84+5wXnQPOq84fnLecdylnr+N9+BDqCW/nVH74q/wou06YogyrJqqLBixHdBS3sDbibjGV3SQeE/NZL7FKrGP9xMviEBsq/iG+Y7dLn0xgE2RH2ZHNlF3lLWwW9ctj2Vx5j3yAzZer5Bq2XD4nt7FVVIZ2smjpWSNfkG+xtfLP8ju226xkVmJvmClmKnvTrGamsbecbc4O9raz39nP3nNecl5i7zsHnYPsiPOG8wb7o3PYOcyOUgmszebyJXwpf4Iv48v5Cv4kX8lX8dX8Kb6GP83X8mf4Or6eb+DP8o18E/+Kf83/wb/h/+Tf8u/4Cf49/4H/i5/kp/hpfkYwoQmXGCyGiKFimBguRoiRYpQYLfLEbeIBMUM8KGaKWWK2WCKWiifEMvGc2Ca2ix1ip9gldos94gPxofiT+Eh8LI6JT8Rx8WfxqTglToszkklNVpFVZTWZJqvLdFlDZsiaMlPWkrVlHZkl68pseb3MkTfIerKzHCAHylvlIDlYDpFD5Z1yorxLTpKPyrnyMTlPPi7nywVyoVwk18sN8lm50YwzA2bQDJlFzHizqGmYYZObwpSmaVpmxLRNx6xhZjh7nOedvc4rzuvOIUd918pEjjPkuIlcLodcTkMuZyKXs5DLDZDLucjltsjlfsjl/sjlocjlkcjlccjNicjBB5GDs5B3c5B3DyPvHkHePar8NTeefpPrY/k4nT/AZ/AH+Uw+i8/mD/E5/GH+CH+Uz+WP8Xn8cT6fL+AL+SK+mH/AP+R/4h/xj/kx/gk/zv/MP+V/4Z/xv/LP+d/4F/zv/EvRU/QSvUUf0Vf0E/3FADFQ3CoGiXvFfeL3Ypq4X0wXC8RCsUgsFuvFBvGs2Cg2ic1ii9gq3hKHxdviHfGueE+8L46IP4qj4oT4Xvwg/iVOymKyuCwhS8rrZClZWibKMjJJlpXJspwsLyvIirKSrCxTZKrsJHvKXrK37CP7yn6yv7xDjpPj5QQ5Qz4oZ8pZcrZ8SM6RD8tH5NNyrTlOrpMn5PfyB/kveVKekqflGZOZmuky3abH1E2v6TP9ZnUz3dnp7HJ2Oy87rzlvOm9fFflY6K1/lOYB1AdG3/mXjN5QvTM+3WxD/fZQsy2Fw0zysfnwyEnmijxudgDvCN4J/JTisXX3adi3aOBYcC8PUDpDvCjTybflLI78XJMFyU9NYEV4CV6ahXkZnsQs+PM2T+HVmMOr8xqsJK/JM1lpXodnsTI8m1/PyvLGvAkrx5vzFqwCz+U3skq8DfnIKc4J5yTLdk4n6Axr8HxEQbqiOtkFfs+mH/k9+kRz9O1ias+kRv3jGFznotLQnzGq20OZFz5UYiEfaos6g84dTikcycfgd4+K1RxiDsW/ZrLo7s3oboWtv5lFXLw/0lxYO7WLYTbGQvnv1Lia9Mt/06UqkZXP+UXlpvINS7Ik5sKbfFzqTTE2ac9H2M8xlznI3oHjnTjehuPtON6F493qmOW/U3hYLDfVlwyLUr9KOU99aQcmqV/fxDpQz76FdaSecDfrRL37cXYz9XtpbBL1zLXYfWaW2Zjdb+aandmjZj+K9QlzibmKrYrMisxlG+yt9stsm/13pyw7iFZzVaw8toj51Oq+2yhU7+5TI7aO7k74xt1Y9f2AcDcaMw+kUfPQ8DA14g5PDD8RXmZ3s2/CuGg4Ynz6gqeTt8d+Je+5IC+T6TiF57BSlB+9WbpzguzeJnZlQkHZ34GcCHPEz/sUWCghZqELf1erJzNQxvPP+O3qfB/VoglLRCj/EkQx5hIlRGnmEekig8WJOiKbhUSOqMcM0YB8JEEeaBMmyfNsxSLkdbZjxcjn7MBKkofzArtOvij3s1LyZfkmSyRv7jCrpPw5Vpm8uWMslTycA6wmRn4W/c1ELfrvtMC5JWjnOSVk6AUl6MLflQWLY05sZqFzouX3t7Kjan3uhV+jvBrl0zxC3ozyZRaSH6P8VuW1Kp/1KfJWla/6LN9UyEeIeghnfb+o55fvJ5whD0F5B8o3yPcBDfL+lOen/D7yF5TvZ75jHjGPmh+YH5kfm8fM4+an5l/Mz8y/mV+aX5n/ML8x/2l+a35vnjLPUBF0Wx5Lt3xWnBWwgla8Fba4JS3TsqyIlWCVtEpZpa0kq6yVbJW3KlqVrMpWFSvNqm7VsDKsmlZmzD+Jeptvkq/5tvOOc8T5o3PU+cD50PmT85HzsXMM8xKq7S2J5w5m/y+/rvr8ij4lop6VmIrvxfx2/bvErKWa96xJ0g8/nsZk5JlXiflhLvIbZ8Y8x99OUw/vaht2K7vNRbTU8JYt9V6XKb+pPS9ux+gzQ/k+6q7fSEcXKxHzpebRiEaSloupl1kqlrEEsUKsZCVkEVmP+pemsgv5WD3Jv+5P/lN/lmedicxkY2yX7dVCtt8OamG7iB2vmZQrYS1iC9vSHNuxS2gl7OvsUlqiTX9akl3BTtHK2lXsalpFu7qdrqXYNe1MrYpd266jVbOz7eu16nY9u75Ww25oN9Jq2k3tzlqtBG9CQGuWEEoQ6u39BX7U1N/YckKlnjGVeqar1LM4lXoWVKlnRVTqWVilnlkq9cxWqWeOSj0rqVLPSqvUszIq9aysSj0rp1LPKqjUs0oq9SxFpZ5lq9TTXVW56RZrK3JipcfkBhfc4sV4cZ7Iy/I0nsFr8dq8Ls/hTXkz3pK34q15L97bUd9PCpEPP4AP5IP4YD6kYBxNo2g1xyuqk2fByLM4zpLsPeQVN4IH0Qr3zSlUXnf/m/d1kYXVKJoJt5Dk/VSnsXSSGENj6bbiITGX9cZYeqB4XrzERsjFciUbS1p8x+42E8iL36jm19hr5ljzDvYH8y5zMXsz8nDkB/ZPO2SHtM52Ubuo1sXmNte62hHb1rrZJe2SWne7tF1au9lOtVO1HnaanabdYtewM7Sedi27ltbbzrKztD52jn2D1tduYDfQ+tuN7SbaALuL3VW71TngHNAGO285b2lDnHed97ShCcGEoDa8UPnLuSxL0NmkdVHSljQlPUuTfmlKL9IqS2lDupAeSouEIOzeJDYGqXeZ99N4LYyjb5N3F9I++oTVngJPT42R0RKgfsvYmR0KfMbnKSyFGekRfFR03pjaspqyrqwvm8vWmFkbgrnY0WYxzJYmnp0bNTuYHc1ONPoibcxxsbizMS6pWhB7qNBs42rq5x+jflzNuoXpNx1z0blUMpYWxBF96pRjbbETYgzz6ZjdehjewjPyhDxtskLzPOQDqBFcQSk/xJLIZ/4E7y/TRE8xCLF48rVW99BcGHe7WJYWHbftvcT7aOyWH509fbZgpvTsPGn+DGl09lPNfUbnOz+OzXFWkekFc5p1Y7OYQ+SdykYFftB6uQGzlbBYoTlK8nmsW61B1mBriDXUGmYNt0ZYI61R1nhrojXJmmxNse6xplr3WvdZ060HrAetWdZs6yFrjvWwNdd67CLWOs9GWMlRJTS6q/IF9TuNbEqLCkJ9X8dHMdSjmt+Axi4Gxi6lEVsiYktDfa5Hrc0+7Cn0qJlqzI5dOG7d9z/v9Sr0Xi8cXf8vn67GfIq+sTm/B38RXnQ/fisfzkereTpq06ZTflG7RlZ8mD/M3Gp9gM6ZxxcwL1/El7CAasUo71bz1awoX8M3MEOt/ZDHqNoIh2z4IKurbMiyyX5z2Q3Kfqwe/ImG1EqeYP3IjidZf3lanma3UpsZxwaRFYuwPGq1irLbqeVy2FiyYgb1/N9ZmewelTp2QKWOvQxf5FWVPvYapfAY+0OsJzGwN2Qljhvlt83nrW4s4ouFLRxql4pTy5QoyohMUVu8Kg6K18Ub4k1xCOsS78XWJE7KkrKUTJTlsOLQV46ntEVXFVRrHy0Lp398FcEcaY5DnrzsvM3Uii5a6/PaTKWpeuZs/lWos4vp5HVVJE+gslmZhZXWjENvSZ7Qu1i/19jiQmVp/1WYBs+F/RbKT4OY9RMLPBv1bRUX/FIG/1NR3TxMNZhqr3PkgvNfuuB8ZbG3zbfJYu+a75N38kfzT5Tbn5jfsjhVD1kxlv/Fkfw4Xlb3wCrjRrlZqhl9F93xW8aoXB9lpWPnp6MHrIwr1N7rgGpBeWfehXdXIw0a/7a228ODq2arHYZVY+t88DuoTXuU2q1TZK+oV3DY/CvVqZBlWylWbauOlWXdaHW2brK6x/yDiTEfYJ71jLXdesM6av0jsiCyPLI2simyK7I/8ofIOzG9tpFehubHyLp4eHhYrayQZ6hWbPgoajfyyI/08s38FWrzvxLUtpC/mMaqisFiErtePED+fnvydVayW8jX2cMGkLfzMRsuPhGfsDzxZ/E3dpv4u/g7m6B2BLA7xSmpsbvIB+rAplBdGsTWkO+Tx9aR/zOFPYfZ/+flLrmX7SUvszM7AP/1VXO0OYa9Zu+wd7M3nRecF5mqi0kXL6MF5exnShlK2Ns/Upt3FOTtq/+1VrnWS8cSeOmrz9vfQD0c9WbYG0AedrTPL/oTOwHe+cnScfC/1iruWJ/XJDZzGEcxb6I2tKe4jZniXjGbVaIWaxGrSfE5LEddyVrTtXtZW/JqDrEO5Ne8g296uWg0SG27GqMXfDc0vcDCr2FNLTrboGYVuLmEWtaEyGORnWyI8z61r7N+No7XLykODf0KK9SfJyFlbllM0ojH3GLuYOXNl8zXWOol9arwBQp0+ANd44+ucSMnA5STeSwNeZiDfGti9qd8axERkWTWEvl2y0XuflbDJlHbyyIyNXZOornXPMDKW2cinKXaR+wjNBo7ZZ9i9Z2IE2ENnM5OZ9bQGeIMwbcvLsU3UPqPi/kGb9A14dgcIynKJHkCCZTfJcR1zCKPoDRzRA2RwRJElqjLimPlqyRWvkqLdjRiTMSIsYzZhtKbZD5hPsEqm8vN5Swl8nXkH6TvVkp1VfTsmb8gXdGxptoDsLeQ3r/NvGJcwep2GbKW8mLKwINuDBsMwMr18MhXlPqxWLkej9Q/8ItSHx3DqT0G+/4r059fO+qhdvipvtGRbEq1TqJ2JdpH7aMswz5jn2E1HfqPZTpdna6sljPMGcZqX2K9aFTIZ37zsu5DGp639+mcHW3mfvOAech8K8IiWsQd0SNxkUCkSCQ+UjRiRMIRHpERMxIhA5SIlIyUjiRGykSSImUjyZFWkdaRtpH2kc6RLpGbIt0jN0d6RG6J9Iz0jvSJ9IsMiAyODIkMj4yIjIyMioyO5J2tL9qMQun5bcpLJfJfVD+ynvrFiuIt8SmrLU5Q/5eL9YpO8g45ifUlb3gRGyKfluvYRHmC+pfJGGUuM8ebE9hKc525ma02d5m72XplQ/asecg6zTYpO2ofkSXd2jGypq59oiyqHSebcu1TZU3tC7JnRPuSbOpoXym7al+TZZO1b5RNtR/Iqm21k2TZ9topZV3tNNm3p4spy7q8ZNt+Lj/Zd4ArTtnYFSAr57lC5Hd/6OKR7yM/uNqRb7XX1YFGNa+4ujmvOa+7uqtRvquHGge7elJf9J2r92WVpUK1Xpv5v1y8ZnNRvWunPDu7W//QObOoNDq0n7RXKm8FfSUr6KFnF5yvdjr24//H3pfAR1Fk/1f39ExCJjYz0/fAIiLLESECIiIicokuIkEg3JcoSQgQEo6AXCKyXCKXgIpcggRWERG5FEFE1/XnuiyiAiK3iIrIqVwC/l99uzJMEpBDMPr/7Kc/86031V1Vr+5X1a9fpVKddwt1I4k0K5RFa8q+ob7MQ2t3G7u5YebFbO3TymplWYxWXivPYrVKWiVWBPu7cdjfDWO2vgWr7gqQjmoazY3mrJHRymjFHjSeMOayxpjFszCL98Jbpt4X2PdtHCVDfCZmhQzMChalVUwrxm4gGaIkU2lWaEZjbbKRTCX2gjWdGZgbLMrtaha+gv3nf19w/5lbs6wSVbI3iHcgXCcfGvkkg3U1ulszrJn5yr0Trbg3G1uML7AD+A2tvg8YB41D2AM8ih3AE8ZJ45RxGrt/sbQyv8Esagaw/6dh9882HTNsFsPOX3latSealczK2Purynf+aKU+w5xpzjJfNhear9KqfYm51FxmLjdXmCvNVebbtIpfY75jrjX/bf7HXE8r+k/Nz81N5mZzi/mFuc3cTiv8neYuc7d5wDxoHjKPmT+ax80T5knzlHnaPEs9xx0hqrLTNEKUu+wyeDhK13hqaDb12UnYUz2ln6W5+yWq/Ryq+wXGP35z/vkext1mLfMes67ZyEwyHzJbmC2xp/Fbc/5bW00JrCbOt16JWm86/hehHsXfjZTlb0eoPOZRL8gb3u2dJUXozyM7Rcv05XbHC6wt+dNN8ewmSinOHUcxUiZgjKyJMbKDscmszjrTmPQO+ycfjdg+PgKxA9hPPYj91MNYF/EVJ7NOWicjaxJuoSvAhudZtfXgqzas10pivVYe67UaCFcTq7a7sWqrjVVbnfMhEcZAmBIIcyvVc3VWGWGaIkwywrRw9hBPfL0X667V8F44BDmrGCSsCiiFRKzhKvF3tRQLl7aqRPQrGrNc/c3NgoOPBQcJ4OA2cFAfHDQgDv7FUsFBD3CQAQ56/ibePVjfMqxvTZSO+5UX54qfwjcO3G0RNTcHNfcclexJI5bS4G8Sb6Was1hl1Fxvqrl32WSquU/Zs1Rzm9lzVHO72fO/iUcZ+w4Ma35D1HljSMQMfGENiv2IOKxEHaxE61CrfIslYR+hpdnNfIG1o351jj3t7HcOskXOT84JfA13tXz9mdte3tr94hr0y6vPQcwlQvLaaoraailGrzJ4V+SOP1v5OwyS/1qH2rJojSb+DQj/nod/9TFemyBClosK+WWekB4e0uY2pttFvkbJfT/ufnOC9+K5mlL4coS/CXe/GHHfh7tfirjvxIUmFcmFj2On+zVqjcsusd99d74d74w8e947aB74hWSustZdVpL1SGTve7f1HZfh7I4ij/xNQHGRx20oE8PmOgpSiJ9aJusTzKTIKJ77Veh2fp+fHsV8oXCoauj2UIdQx5B7+mo4alW4wy1j2/0as4OdTE/4KLVqlGpdlgj72rkz8U6kqQMNYEWEqmTDIqM2nqPeGfg44yfE5Y0l94S4K4sn1zKzrP9glISuaRl8K8zfbfB3K2FWgWQmhnhMYBrL/ZZD0krni0vSV/EY9W/1U1Rrxah2xoBTfg5tXeIzASORwkoT7yWwd3We16uNnceRznJ32XYRJlyuPs3lau44Z8P+AinnnkBXAv3LE0rTPideudXUUlRmHqqX6pRnD5ViI9bcaON+S6GviFDvR6g3ww5RXfndCPV+hHrTaIu3jiuE+75wuYUo93si3uJkkXqA/pUmtwylXy0cjsQbjsQbjsTbXsTbXsTbXsTLW3Hu9zNTUaq7C1EzdEroZX2yPoOPmRcYu/n+DPSSWEWM4LdiBK+MEbwKRvDb8uRnJvKzp9DyExt6ITQntDi0Qp+oT6P5Yd1vzNdKka8xhZovLl8jD+A+BO5vBvelwX0ZcF8OfJfnPUl7VEvVemq9tKe1Z/LUz5xCrp+40GFN1pZra7Qt2g5tj/atdkaXLnM/MDcP65CHrwotD+HQzNAb+lR9lvuWL0rHxX2vU0C/BbLJtelfk5D3vYWooz0jtOQ35uX9PH3q68LbOb/KPFApOGud9y4wPhReXq5sfJC1FC3rAu2qsPjn7eq70M+XOQ5wfmtF5LF9kK4S9FqXEbrwtNDz8vwNeK6g1/4T8fwteK6o1/kD85xXW/s7tKuXIdtc3ttkHrYBwu7H2+S5oXnUE+bTetCD9aCO9eBfsB5MxBqyEtaQt2ENWfU3jYs8/doROfv7K+zTfCfqEa6RTWvMfiS35o/vwFXEN0YbR/FN0CYzb1T5uPZkfmD5vyO/8jI+iDIeF5pAZTwpNIfKmO/l6NjL+Qv2chKxf1MJ+ze3Yf+m6hWlUw7pHOL7SrRq3knp0LqZ1j/HNFnooV1uTG6uD0O2cm01wPLGVcRxBGW7VHuLyvZtbR2LuaI4aiCOoxTGh7c+jFb5J5nO1/nMoHW+xBz+1oQV529NXGtDV8jfMdRscf5mWK+k12XaVcTxI1ZzrpUJ2Ay5ojjcLwd+wop0yRWFdPv9cYxUyw1uzU3JE3agMZCFEEorkN4JpPc6y7tjLMO62vm3RScLbYaUdN7aZDvVfpOxsB62WDO8cVhJJcCl+gpRHHqIw0dp9JXttqyjc5JGxzcLTTLxhHJCOcQL51sC381FbgqW7qlCLN25l1W6p/4kpTtXlO7kqNI9XWil69EXcOtPl1XCp/8kJQzb+1I1IUEXbgnLrHhoYmgipcp5lUK7QrtI8jkaOor3KZ2ZovXQejCvNlobTfPGeG08yQKztFksVpurzSWZ5Q3tDRanrdJWMb92SjvF4rVz2jl2g15ML8ZU/Vb9VlZUb6W3ZgG9s96Zhfj+FtP0gfpAmq0f1x9nhv4ajZwm31NmDuyZFDcGGYNIkutod2Q3ouxKouz4u2sZbYHqXmr8B6/7P2Op5n0f+jOhN5RD/PYgPsfjDVsDrTnJDfwdbVHIfIEC++9neAvneWZFYBkuyi4cyay5T7cST/OvJm+iksqhEjqamxKVxFwqgVWU83N4+0A5jbyBeE1frL/uvqXl+aJcDaYcubN1CZqtS1JOvJizA5itg5E0G4s0z/F1ydWkKezweMQMzzU8b4LVVG4tdSFbztayj9hnbCvbRSvLAyRpnWTnJEWKkwKSKRWXSknlpESpqlRDqiXVlRpIjaSmUgupzW8vAassSmAD20TS9ia2je2hFReXkF08SDKVQr/TVDE+pkiyFCupkk6U4IuoElJpKUGqRKNSBakKYRWpOmF1iVbGxG19wvpSQ8KGUhPCJlILwhZSO8J2UmfCzlIaYZqUQZgh9SHsIw0gHCANJRwqjSAcIY0lHCtNghaUJNH8Ik0ln+ekmYQzpZfoP/9R25EW2P+hVnmjTfK3cau9jusQ2/8iTLY/JvnsJXs97h7G3Q2gj4D+BPRR0O8h1IcItRH+x+D/Pvz/D/6fwv9H+P8T/h/B/zP4/wT/D+D/b/h/Dv/j8N8E+gTozaBPgt4C+hToL0CfBr0V9M+gvwR9BvQ20GdB7wD9C+gfOO34QR8EHQ96F2gJ9B7QHtB7QXtBfw3aB3of6BjQ34GO5bQTByyDFL8B7gceAO7GkzJCfQVaiXp+O/Bbjuhf/DTWBbCatQZ97JdCG3cVW7IlzLmDmWQ/bj/DbIxzFfn4ZY+3x9O9yXw+dso55VlZyBX8P8P/MsiNidxwzaIFPDcSu0S8hbFjceHccO5d3XqwLVGXZ0Xtqfaz9nP2NHumPcuebc+xX7FftV+zX7eX2its2HeDRa5c7fqI9SJ8kS3bSx2+FqZn8mucS1xO/L00zjkn26iXnNcfXxPFReG0tVhoTjNoTheF5vRtyEsyNKfbQzsuBZrTXZGLgVG5OK8HvvZPnQ/OO7cs4GqwXGq9TbOnvcP+xXEibWmayL3C/iga19E85upex0e4LKw6Mi6qtcv1dVtB26UT9HV7QeclGzovz0Ffdzr0dWdCX3eesck8x+ZzjVlpAzRmQ9CY1aExG4bGbHFozJaAxmxJaMyWylMq57WZ1f+VS77Wwne8y4hS8bKCOsESC9iH7CP2Mfsn+4R9yv7ZPmufcyRHdrxOjBPrxDn+SN8YF4mHYv7d9IbnsMbU44+zTOhcZl8mxzzvTejZIVF5L05zQwrx7drB6eZawqGxxqTZohjNEiW0G7WSrmYm1yemVGnct85YV64Verkc0pwu1Yzi8Nf1a5+8tPURWn9cb93jO80aZm2zjlnPbGYmm63MDmYns7P5iPmo2cVMMbua6dddO/nyytfVYD5AJRy+7BJu8ysazP//6Cxfdo+X9oqS8xF+E/laOPe70J2wFM3tRHML0YdCR2DZJteujaQ9qvXUNmu79ZJ6Rb2qXgetltvVeD1Xq7lACy6Sz4ZNrlWNQca7xnt/gJbdDVZ0+sB6zuiCVnOud8u3Klh3WrWtB2lWmG29aM2x5lovWfOsHGu+tcD6h/Wy9Yq10HrVWmS9Zi22XreWWG9YS61l1nJrhbXSetN6y1plvW2tttZY70CfvIh92D5tn6HZgjkeR3F8ThHsBA7h70vlTlF1/0b+uo+qy8uvw//V3yVqhUq654VtR1H/cW0/RVl+uqjVp0uV01Vbhbpk/uzLyOFFWh21Ob5/uiHS6mRm0Wj8DMkYU0NTSYKbHZqNN4U7aLQ7qZ1hQb2YnshMktHTWAJJV0NYZRqvJ7DbacyexKrxcZvdQSP3KXanflY/y7gm8D3sLhp967LaNAI3YnVoFE5idWkkfojV46Mxq0/jcWvWgMbk9uw+fEF6P8lep1i7Kx5jL5bLctBF6B7Vt2JzbfGQ3NMK3zFxe2t55yG+DkkVLSBqTrr4nHJRDvJYn5RiClFbc2joHf0pvDvLy1NsofGkh0aEng79M/Sx1lprpw3QBmsjtee19dpn2gHtqHZC9+mj9LnO284/C/BcpBC1EEeHPtSf1hfox/UTfN/c2UQr2/z8xRWiNtSo0L8K8OMvvHantdUGOaudD0i6+YjtkRvJTeVWcge5s5wmZ8h95EHyMHmUPE6eLE+T58gL5MXySnmN/L78kbxR3iLvkPfK38oH5R/l0x7ZE+tRPbon7CnpKedJ9FTz1PLU9zT0NPG08nTwdPakeTI92Z5BnmGeUZ5xnqme6Z7ZnhzPIs9Sz1uetZ4PPB97PvNs9ezw7PXs9xz1nPScUWQlVgkouhJWSipllApKFaW6Ukupq9yvNFaaK22UTkqKkqFkK0OUEco4ZZLynDJTeUl5WVmsLFfeVtYqHygfKxuVLcoOZa9yQPlROeNVvPHegNf0FveW8pbzJnqreqt7a3nrext6m3hbeNt5O3vTvRnePt5B3mHeMd5J3mne2d4F3oXeJd63vGu9H3o3eLd4d3j3evd7D3uPe0/7mPe4z+eL94V8tq+Er7QvwVfFV8NX29fA18jX1NfK187XmTDNl+Hr4xvgG+ob4Rvrm4yyyHbLwTfdN8e3wLfQt8S30rfG977vI98G3xbfLt+3vsO+k75zMUpMbIwao8eEY0rGlImpEFM1pmZM/ZhGMc1j2sU8GpMe0ytmAJXudCq5k8T7gpihMaPY+fM6+NdMBs7lSNC+006wqrqsh1k9vZ7egrXDuRyZeqaezfrhXI4h0G0aiXM5JmCn6EVjofE6W2L1syaxlTij4zPXHgpO6tjq/MdZz750PsFpOZ87m9hO7CPtZrLT2J4MTAPSmthpDGo4sCtwJvPwJ+xl+NcdOBvYHzgH+CKe6ibimyXCuG6qPQO+rwKHAl/BncF4PklgGpBzkQRqOLA3kHORJLhIAhdJ4CIJXCSBiyRwkSS4SELqSYKLJMFFErhIAhdJ4CJJcNHcTqWUm4OaTP70X/j3Bc4G9gdOAc7CU33xVDJCJ4PioZNF6GSETkboZIRORuhkhE4WoVtQ3iWnBahUYF+6S7642xJ3W4JKBfK7LXFXclqRTys7CzgAOBuYBuThW9vpwNn0dGtQ44FZwH7AWcDRwJEUOyE95bp9hDtDuDOF24/ia0Mh2iCmNki9DVJvg9TbIPW2SL0tUm8LajwwC9gPOAs4GshTbytSbytSbytSbytSbytSJwnH6Ww/AcwC8tJuBx7a2U8Bx9Jz7Yl6BM89gucewXPt7fnAp4BjCTtQ+Xo4omQ7wGe48FmGf93Evylwe9p/Fy6PuyNCdxShO8JnuPBZhn/dxL8pcN3QHUXoTvYK4GDgMGAakPeITqCmAIcAhwJnAmcDJwAnAt+kmCkupNQJKcrOw0jhYaTwMFJ4GCk8jBQeBuU+NwQ4FDgPOB84ATgRyFN4WKTwsEihC+q6C+q6C6jxwCxgP+As4Gggr+suoq67iLruIuq6i6jrLqhr2UlB3CmIOwXUeGAW0H1iFnA0kMedIuJOEXGniLhTRNwpiJtGorCOXstdjG1hg48MwjdJ+CbBt1PYcvMMl3/xWQpng2aw/mwoNH6ms5fYQraUvc3W4V32NraPHWYnJZISpYBkSyWkMlKiVE2qLd0vNZZaSB2kFCkTmgH8zCYGO9N+2JkuTqk2cWZTak3sbuQq5FLrEj6zhU+3KCr3XoZwuwp3hHAnCXeYw3P0kMNHzIco7hcp/EOI2/WZLXy6RVG59zKE21W4I4Q7SbjDyJWdpkipqZ0q3CnCdfPRNJKPpuBedprhXzPxfDPxfDPxfLPI883w/P/koP/JQddODnLn6lSMhqkYDVNBDQd2BfLxIlVIIKmQQFIxKqRiVk+FBJIKCSRVSCCpmONThQSSKiSQVEggqRhdUyGBpAoJJE1gGpBz4VLDgb2BnIs0wUUauEgDF2ngIg1cpIGLNMGFm3qaneu6XKSBizRwkQYu0gQXXSHJdAXFR7+uQpLpijmzK1LritS6Yszvini7CkkmHaHTQfHQ6SJ0OkKnI3Q6QqcjdDpCp4vQ3SDpdAOVCuSSTjchB3XH3e6gUoH8bnchB/Ugnx6YDXpAEumBtHqgNHsgfAZmkAzMIBmgxgOzgP2As4CjgXwGyRAzSIaYQTLEDJIhZpAMIYn0pBA9EVNPpN4TqfdE6j2ReiZSz0TqmaDGA7OA/YCzgKOBPPVMkXqmSD1TpJ4pUs8UqfM4+kGK6Ge7NC/tLPCQBfkmC3JQL6L647n+eK4/nuuF2b0XnusFOag3JJneQpLpDZ/hwmcZ/nUT/6bAdSWZ3kKS6YPQfUToPvAZLnyW4V838W8KXDd0HxG6L6SUvpBS+kJK6YtS7Ise0RfUFOAQ4FDgTOBs4ATgRCCXUvoKKaWvkFKykUI2UshGCtlIIRspZINynxsCHAqcB5wPnACcCOQpZIsUskUKA1DXA1DXA0CNB2YB+wFnAUcDeV0PEHU9QNT1AFHXA0RdDxBy0EDEPRBxDwQ1HpgFdJ+YBRwN5HEPFHEPFHEPFHEPFHEPFHJQqpB4UoXEkwqJJ034pgnfNPj2FXJQ9u8mB+UIOSgnIgflCDkoJyIH5UTkoBwhB+UIOShHyEE5Qg7KEXJQDuNy0HwhB82PyEHzhRw0PyIHzY/IQfOFHDRfyEHzhRw0X8hB84UcxFtLU6TE5aAcIQflCDkoJyIH5Qg5iPPSDP+aieebieebieebRZ5vhufz6o25mlbxf0i9sbwaYvwUjNLOIGewM8R53BnqPOEMc550hjt/d0Y4I51RzmhnjPOUM9Z52hnnjHcmOBOdSc4zzmRnijPVedZ5znnemea84Ex3VjpvOjMQ+8f2QYq9jFOG3Sw0ahIiGjVKtE4z9HbfdE6GLZSURFzMiOhtBcRe3w157vB9/kzE6N5VL6on7b/Y6YhUMj7W1I61S7FWdnm7Jutt16KQI8HNPJTKSc4Tt15FreBZ5wXUbauo/Uf1msefP19Fr3O+qEQL5KroNY49f54C172uBjtPFMhV4JrHnz9fweucrzjqkcOpF46N7oEF8hm87unlz3foOuc7RoxIo2i0me7MKJDj0HVMKX9eteuc13gac90RdzSNtk9jdMXYWiDX2u+Q5h99TtB/dU4wCmVOMK77nGAWwpxgXuc5wSqUOcG67nOC/YeYE+zffU5wCnlOcH7HOSH8h5kTwr9TmlEW56RivPXTanU0uT57u33O6eKkOANoJczHaoU1pzVoY8a/B9OZa4PxYvzJEf5agr9e4G8EShOn9gkrbdzejKRzm4CS8b1IpTgrR+utUoKn4r/ytPt1ey73f2HuidoSi+V2gPk5g/Yqe7X9jv2uiLkuq8buh8U7l/9LnbbO4zvKzluTG8hy7efx2EoRl+Vyrf9JJX716RgqtRQq6zasF5Vhd5b7DaOENvhbyhEW+4Sdu0zgCpRPa5FuKZZIPJZiNYhXYYVWulGkfOnwGlvMhrOprAqbQ79ebAwbwvqzCWx61L8FsPNW/Rrlx7XhtwvleC+wRxSHriW/J4FzwCdvjTLXaOP/zNWC6/6sEetA+U2nXw2qyQasNvWuR6P+ZdJ9tzRKRpXGtUhdZRlsNpX2JPr1YQPYc2wEUWNZGtFD6bnEa1NSGnjSRgPfAE9do/hDLeofFOTS3iO4rEYcJVCLTKAeURc9O4F6eCWi7xclc9P5kvmNqWnUUpZTm+HfrA2n9rMILWgO2pBL8VZ1LdtRl4tw3fkqeG9A3FelFlOVWlUrlo12lI6W5FK8beW2plJRrena8eCeSOF+iS8ZCG88kk+Cvlnck2lULGJkGb2M3kYfo6+RbfQz+huPMf69cz+9v/6YPkB/Uh+u/10fYdwl4uDSd3HXvonERy/3hFiefgjIrZn6fJxLOTgvmCNmTj6SVhOp/5WPp54Dnp8YC/YKDmRxwVHBMUx3EpwqzHKWOkthFVQKzgPmRL7RqRWp86uJg59uz6/ajFuPudpYvDQyuxc/V7fmVcfDrbPmXvWZJGyfXk1MDCWbW8ZMKnOZMeSgttqJGKpHlfHVxlEjTxlfbSw185Xx1cZTq0AZX3lMnJti1IsHsWFsFL6Onya+j1/CVrI17H32Eb5Uz/1KXXyXLsVLvC8UI/kwBd8Lud+M7NZMrbR2m3avtkr7XDuJb+BH6iv0D4wmxkNGspFuxpsbLf4Vr8d5mcmhFGAasCswE9gL2Bu421nEZM10FhKWdl4lvA30vcBVwM+dVwhPctQ781A6YtNH8rD6Cv6M/gFHown3Nx4CJvO7RjqnzXjgRo5WWXqSS1I+GgMSaDyuQbXUkPf50JHQMf7Nv9PB6U05P+Iscl4j95jrap2F28N16alFzmL+torc11mujVm+ey4bLQ2ugxzLuET6BsVRKaQ7S5gSMu0msN/rw8j5sHRY+kk6Lf0ie2W/HJANOSyXkst57vd29j7qTfGmeXt5+3iz1ZJqKbW0WkYtpyaoFdREtZJ6m3q7eod6p3qXerd6j1pHrafep7ZXH1G7qKlqdzVDzVT7qNlqf3WIOlQdro5UR6tj1XHqRPUZdYr6rPq8+oI6Q52lvqjOVeep89V/qK+or6qL1SXqUnW5ulJ9S12trlXXqe+rH6gfqh+pH6vr1Q3qRvUzdZO6Rd2q7lAPqIfUI+ox9SfGrZR7pRSvpv7sOxd7D+XKK7WXuigrfGdja0VyKktdfV/i39v8v4dLhb5fjvN9EKWEUhbtneu805PyXXK7qH9/k9Mp9I/shFxJvl2uTnfrkV+S/JDcQm4tt5MfldPlzLhWcYPp/gWvuGfyXhRL3qt6wStuRd6LUr3wVS/f1YB4y3slFbziDue9KC8Xufyj8l6U57xX6wtd/lfzXlRKea8OuM7/fzTflUpX+kWuzAtd/nN5r/hAvsvJd5XKe4n8ufwiBqr9RLmyXJmWLtXkakyS75TvpNZQU67JPHJ9uT5T5IZyQ+aVm8hNmE9uKjdlMXJLuSWLldvIbVgRub3cnsXJXeQuzC93k7uxeDlLzmI3xLWOa83UuCFxQ1jRuJFxk1ggbnLcC6x43Ly45ax03Mq4d1i1uP+LO8RqxR2JO8m6+Af6R7Ie/tH+CWyAf5p/IRvmX+Rfxqb43/F/wWb4t/u3s5X+nf6d7E3/bv9u9pb/K/9XbJX/a//X7G3/N/5v2Gr/d/7v2Br/9/7v2Tv+H/w/sLX+Q/5D7F3/Ef8Rts5/zH+Wvef/Jd7H1scH4222KT4cfxPbEX9zfALbpxZR/eygWlQNsiOqrYZhj42P6E0LXK0KXB0KXDQux02Pe4mxuLVxH7Iicaf8OEeeesldhNWBSYS898HKeKA/6KKguVV0n9cXkfmixrtAZmCRGO/iAq/R/0aBxRyFH5fnJG8RQiVwH/nfx7i1/HgaeWuTvNkI3Hcg+TKd5E4+V9GoGSgdKB9IDNweqBa4I1A9cGegRuDuQLNAWwpd+obKhOWBicDbgdWAdwCrA+8E1gDeDWwGbEvILdypkP8b00qgDd44dycZvT/Jv8OFNTP1glzUCzS8BpzUAzbMz5UUz56UxkmTpWnSbClHWigtkVZKa6T3pY+kDdImaZu0R/pWOij9KJ2WmeyT4+WQbMsl5NJyAtViNeofdeX75cZyc+oFneQUubvcS+4vD5GHy2PkCfJUeTq02RbJS+W35LXyB/LHEX22/fJh+bh8Jo8+WxlPBU8VT/WIRlsLTztocWV4+ngGeIZ6RnjGeiZ5nvPM9Lzkedmz2LPc87ZnnedDz3rotO3y7CNJheu0nVMUJU4JKKZSXCmllFMSlapKDaW20kBppDRVWikdlEeVdCVTyVYGKcOUUco4ZbLCd/ENbxFqNYxqgVpSoHGAVm2BpoFm7JZAciCZVQy0CbRniYGOgU6sSqBzoAurGkgNpLPqge6BHqxmoGcgi9UK9A70ZnUCfQOPsbqBgYGB7L7A4MDj7P7AE4Fh7IHA8MBw9mBgRGAUaxwYG5jKHgpMC7zE2gVyAu+yVCZ7i9xQCfXM8a/AMsCywHLA8sAE4C3ACsCKwETgrcBKwMrAKsDbgFWBtwOrAe8AVgfeCawBvAtYE3g3sBbwHmBtYB1gXWA9YH3gvcAGwPuA9wP/BmwIfADYCNgY2BTYDJgMbANsC2wHbA/sCOwE7Ax8BPgosAswFZgG7ApMB3YH9gD2BGYCs4C9gX2B2cB+wP7Ax4ADgYOBQ4CPA58ADgMOB44AjgSOAo4FPg0cBxwPnACcCJwEfAY4GTgFOBU4DfgCcDpwBnAmcBZwNvBF4BzgXOBLwBzgfOAC4D+ALwNfAS4EvgpcBHwNuBj4OnAJ8A3gUuAy4HLgCuBK4JvAt4CrgG8DVwPXAN8BrgW+y5HGyrLB48ETwZPBU8HTwZ+DZ4Jng+eCvwS/CX4b/C64P/h98EDwh+DB4KHg4YjfkeDR4DHXz7nXaeDc59zv/M1p6DzgNHIe5G/Q8qxohgefFiuaEiK97cEdwZ3BXcHdwT3Br4J7g18H9wXXB/8b3BD8JLgx+Gnws+DnwU3BzRG/LcEvgltdP6emc7dTy7nHqe3Uceo69Zz6v5oeP72mrJiFLr1iyvVzV06uX2T9BL2k0lLCr+cvJAe3A3cAdwJ3AXcD9wC/Au4Ffg3cB1wP/C9wA/AT4Ebgp8DPgJ8DNwE3A7cAvwBu5ejUBN4NrAW8B1gbWAdYF1gPWL8QyotWv8AfgAeBh4CHgUeAR4HHgD8Cf+IY7AXsDewD7AvMBvYD9gc+BhwAHAgcBRwNHMPRSQDeAqwArAhMBN4KrASsDOQ2rNyzUNz9J0+wfbBT8GG6x4LtCT3BToQK+eSRrvg6O1e6MpL5+tlozVFIUYnY6S0oSRWw62xkcL1IA3qqhH15zFwPj/Ap4Fjyh+6kAQ1UQv4MNHUJnwJyG0k2K8LKFUiXn6fVM5TFWKh3qD/fNTO62xJwMOfW/gfoQcDH4YO9AK4bST4TgBMpFm4JrZvBV4hyKA259OGrYUl/JVqe1F/j8iT5ycEsrCbPYucDtIevHd09SZ98CjQ/zWw6e8CWbY+t2F7bZ8faRew4288thHH7YLZm67Zhm7Zjh+1idnH7L9xGmF3KLm8n2LfYFeyK9q12JbsytxDG7YNx62DcNhi3DMbtgtl/sxvaD9iN7AftxnaS3cR+yG5qN7Ob28l2C7ul3cpuHfaFY8Kx4SLhuHB8+IawGi4aDoSD4VBYKzQ9u0rMuNyzfXCyj3G5JwY5Z92apNJtjpoMhtqjlm7Hzu0gfAsevLQlB3o6eGm7LxSbyhTYqzlqcavRCs4aLK9Vim4xvA0Es9AS+NPcxo04vTL3G3S6M4k1iFhq2Gp8aWwzths7jJ3GLmO3sSffOY4vG68YC41XjUXGa8Zi43VjifGGsdRYZiw3VhgrjTeNt4xVxtvGamON8Y6x1vjK2Gt8bewz3jW+Mb41vjP2wwbED1FWII4ZP8ISxDrjPWebsx3nrUusQcT6xPOhaaEXQtNDM0IzQ7NCL4bmaLbmUE6LU15LaTdr1bUa2n+09doGbaP2qfaZtlnbom3VtmnbtR3aGb2EXlIvpZfVK+gV9RR9sD6RynOKKFGcf4JylaJKlp+Ewu1X9DYGOe84a51/O5uxB+/FWU6JrBp2W71UXtuobL5ytjGPsSmYRX3QY2wT7h7hfuW6juvPLdr/hXVmGWwAG0FlPpO9zJazdWw928r2saPsnBQnmVIpKVGqITWQmkodpHQpWxpGK6NptCpybYlvNjYzRrX0JbWn7cZuplDpHmdFqNx20AqZ7vOUkJrX+CKK3hpFfxlFb4+id0TRO6PoXVH07ij66yh6XxT9TRT9bRT9XRS9P4r+Poo+EEX/EEUfjKIPRdGHo+gjUfTRKPpYFP1jFP1TFH38PO1ElYlzvky49dbSNM9wHe1sWi+PoHl/KtVhDltEtbiGfUD1uIntoJo8yI5TXfoklWozV0u7FtVorpZ2hpTN5w1qQccZoza/g90U1YY2C3eLcL8Q7lbhfpmvrW0X7g7h7hTuLuHuvnCbNPYK92vh7hPuN8L9VrjfCXe/cL8X7gHh/iDcg8I9JNzDwj0i3KPCPSbcH4X7k3CP5+krHkfky60BKv0UGrc/Yhupr+xh+6m3nJZk6i8hKUw9JkGqQn2mrtSQek0bqTP1m17SAOo5Y6RJ1HfmSC9LS6S3pHXSR9JGaau0R9ovHZVOy7IcRwId331OkKvINWT+3qKSOK8QFllw1uCvnzKY94zB6BMGV5sb+SmDkZMF11ofWp9YW5gnNM7NWWi8cCcId65wXxLuPNfVxX39eeGeEu5Z4Z4TJRgnXFW4RYW7KV/NnXBdM164tnArCreGcO8Sbk3hJgm3tXDbC7eDcLsJt7twewh3qHDHCFfk3xT5N6cL93XhrhbuRuGKlm2KlmPNEu584S4W7grhrhXuh8L9RLhuj4KeZK7dIeNn44xx1jhn/GIyUzJl02Mqptf0wRpRETPO9MMmkRpllUg3DW6ZyNnp7HJ2U4spffGZKjLbXGKuwTyz2eUsYsmnuPkXs4R5o1nSvMksZd5sljb/apYxy8K+T4J5i1kBVn5ujbLzc7tZjdv6cfY4Xzl7wVmu1a5FoddCi0Ovh5aE3ggtDS0PrdCn6TP0mfoso4g49YtbFApF2RTi53/xs7/WOe/h9K8KTDOeMIYZTxrDjb8bI4yRxihjtDHGeMoYazxtjDPGGxOMicYkZysf2dyTWmCdOwRJdjV/rwGbOYyoDFbV/AU2NGXLYymW1/JZMVYsrGn6rfg8FjU12NQ0LcuyLccKW8Ws4rCueaNVMtrCpvG+8U/jA+NfsNC5wfjE2Gh8yi118t1fvRg/ZZ0kkzWsnPGR8V+aw2Vasd1n9bP6W49ZA6yB1iBrsDXEetwaaj1hDbOetIZbZa1yVnkrwbrFqmBVtBKtW61KVmWrinWbVdW63apm3WFVt+60alB8/zY+Nv5jrDf+G52ulQSbn02tZlZzK9lqYbW0WsH6Z1urXbQFUOhg2U4X/p0TK6LfwM8tAaelKEf/x8rBHlGivc3exuraZ+2zrJ5DxcDqO62d1uxeJ8PJoJWITOvQu6y7rJrW3VYt6x6rtlXHqmvVs+pb91oNrPus+62/WQ2tB6xG1oNWY+vv1ghrpDXKGm2NsZ6yxlpPW+Os8dYEa6I1yXoEFklTrFQrzepqpVvdrO6wTdrTyoy2T2rvdJgTdlL4F1RXcYq9K4k+Y022plhcI+T8edjunWet56znrf/H3v2HxZHf9wEf1hzGGGMOVsPu7O9fs79///69q2CiACEEY0IJwYTq0RFZR1WZI1TRYUxUKquUQ3ROD1U0s2MOY4IVQnWYKDo9qkIUoigqUWUFq0TFVFWIomAVE4VihZDOvrV3p3Puefo0fZ7aT6s/eM/O7sx8l9nXzM7MznzmHPHivUxEeTvEDz+4s2u2+lG26td+8qfISvJzZBX50+QB8mfIarKGrCV/lqz72HpXb5A95K+SveS/II+Tv0aeIN8k+8ivCGvwevLnyQby82Qj+QXUUuonv0oOkL9OniT/Za42VrOwlm8hf5Fsxbr+i2Q7+csvVBl7jexE9ax/TQ6R/wbr/xHyDDn6Qh2tMfLfoRbZi/XGePLr5Dj5DjlBfoOcJL9JTpG/SU6T30IVshnyt8lZ1CJ794VqZL9LXv5IRbLfIxfI3yevk39ALpJ/SN4g/4i8Sf4xeQt1yv6EvE3+J1Qru/tCvbIV8s8+UrPsAfnfyIfkn5Pr5F+Qj8i/JB+Tf0VukN9Hpa9N8gfkFup9/c0LFb/+ltxF1a9rFb9XsVDx+xXXK/6gYrHiD4Xvtj+quFnxxxW3Kv5jxVLFn1TcFr7r7lR8p+JuxZ9WLFd8t+JexX+uWKn4s4r7Ff+lYrXiexVr0j+Xrkv/QvpY+lfSDekj6felfyl9Iv3v0k3pD6Rb0r+WPpX+jXRb+j+I//N7KV8mWv43NPzDz/5//cm+WCXtHz1Hc3Pi+8JceP8//8ffBfrl//z/w//8/vEyCY41ZO/VLXq1q4xGBn/0qFvujtwvDiEk7tH94bECPyGSELiz9fMzRT483vWj97LODkchfblxstmG/CKy/Uffn0SbzVe7hFe1Qma3C15Bq/aPb+8j91MWiTfKZEL+XTb3lSBV2SR/CTlclj23+TxR8+Ex1TyXsN8VE/YKstfHNgr7Be3CvtcRYc+gN68v76SwbzCSdzbvvLB3MJU3kzcn7B9cy1vMuyXsIdzLW817KOwjbOZt5+0KewmFohKRWNhPUItokU3YUwiJEqJKUbWoXtQkav2gesZxUb9oUDQkGhWNiTjRhGhaNCuaF10RLYhuiJZ+XMe6ygqy14yXfRJZiPwUsghZjPwMsgT5WeSryDKkGLkPWYGUIKVICqlAKpEqpBqpQeqQeiSNtCMdSCfShXQjvUgf0o8MIkPIKDKGTCCTyJ9GHkDWIGuRdcifQzYgP49sRH4B2YT8BWQz8p8gW5C/iGxF/hKyDflFZDvyl5EduEJ/B/lD5DPk3yJ3kXvIv88mRSDzkCLkJ5D5yFeEfGn640wzMM3ANAPTDEwzMM3ANAPTDEwzMM3ANAPTDEwzMM3ANAPTDEwzMM3ANAPTDEwzMM3ANAPTDEwzMM3ANAPTDEwzMM3ANAPTDEwzMM3ANAPTDEwzMM3ANAPTDEwzMM3ANAPTDEwzMM3ANAPTDEwzMM3ANAPTDEwzMM3ANAPTDEwzMM3ANAPTDEwzMM3ANAPTDEwzMM3ANAPTDEwzMM3ANAPTDEwzMM3ANPPS9MeaZmGahWkWplmYZmGahWkWplmYZmGahWkWplmYZmGahWkWplmYZmGahWkWplmYZmGahWkWplmYZmGahWkWplmYZmGahWkWplmYZmGahWkWplmYZmGahWkWplmYZmGahWkWplmYZmGahWkWplmYZmGahWkWplmYZmGahWkWplmYZmGahWkWplmYZmGahWkWplmYZmGahWkWplmYZmGahWkWplmYZmGahWn2pemPNZ2B6QxMZ2A6A9MZmM7AdAamMzCdgekMTGdgOgPTGZjOwHQGpjMwnYHpDExnYDoD0xmYzsB0BqYzMJ2B6QxMZ2A6A9MZmM7AdAamMzCdgekMTGdgOgPTGZjOwHQGpjMwnYHpDExnYDoD0xmYzsB0BqYzMJ2B6QxMZ2A6A9MZmM7AdAamMzCdgekMTGdgOgPTGZjOwHQGpjMwnYHpDExnYDoD0xmYzsB0BqYzMJ2B6QxMZ16a/ljTPEzzMM3DNA/TPEzzMM3DNA/TPEzzMM3DNA/TPEzzMM3DNA/TPEzzMM3DNA/TPEzzMM3DNA/TPEzzMM3DNA/TPEzzMM3DNA/TPEzzMM3DNA/TPEzzMM3DNA/TPEzzMM3DNA/TPEzzMM3DNA/TPEzzMM3DNA/TPEzzMM3DNA/TPEzzMM3DNA/TPEzzMM3DNA/TPEzzMM3DNA/TPEzzMM3DNA/TPEzzMM3/pJv+cdzFTWjzLSJ7hkg285GvIAuQhchPIYuQn0Z+BlmCLEW+iixHipH7kCRSiqSQMqQcqUCqkGqkFmlGWpBWpA1pRzqRLqQb6UX6kEFkCBlBRpEJZBK5H/lTyM8hq5A/g6xG1iBrkT+LrEP+HLIe+fPIBuTnkY3ILyCbkL+AbEaifjCFeUt9Eok5TGEOU5jDVDESc5jCHKY+i8R8pjCfqTJkdm6/NP1xplmYZmGahWkWplmYZmGahWkWplmYZmGahWkWplmYZmGahWkWplmYZmGahWkWplmYZmGahWkWplmYZmGahWkWplmYZmGahWkWplmYZmGahWkWplmYZmGahWkWplmYZmGahWkWplmYZmGahWkWplmYZmGahWkWplmYZmGahWkWplmYZmGahWkWplmYZmGahWkWplmYZmGahWkWplmYZmGahWkWplmYZmH6J357+sdkmoNpDqY5mOZgmoNpDqY5mOZgmoNpDqY5mOZgmoNpDqY5mOZgmoNpDqY5mOZgmoNpDqY5mOZgmoNpDqY5mOZgmoNpDqY5mOZgmoNpDqY5mOZgmoNpDqY5mOZgmoNpDqY5mOZgmoNpDqY5mOZgmoNpDqY5mOZgmoNpDqY5mOZgmoNpDqY5mOZgmoNpDqY5mOZgmoNpDqY5mOZgmoNpDqY5mOZgmoNpDqa5D46HUzgePi1ms3dnl3RK5tF9TejmEUcJPzFBTBOzxDwqP974yJWq28RuXv4H5w3TebY8mpjP8xHLwrOxvErcz7lZWDY6845m734s/PUL01jOOyUsH2N5vDBU9tFU3mzeJWHsq9lfb8veKfuGsBX9zbLfyZ5hIv46IcYvEAr8AuHAbw8u/PbgxW8PPuGdT+K40GS26qeQbyBPIr+M5HL/17fR14Pkkb3IceTXMdQbuWllcuNkcvPibTz7W8h+5Lfwypu54V/LDcfkut9G959na6Gi+1UM9TvIN/HcQLbeJtp4O9fy27hLeHaI56314fn+3Osjue6ZXPftbK1SvAP0P6/qiS7+N4pE3/Nqng5CTCSISpwj3EJ0EJ1EFypF9OOssee1Pd//jLPnS/zT8iMEUd5V/qtZIeUd2QqvQqL2b3l2Gzjb96UPus+f7UL+CnIQOYocEPJ1TOH13BRex5iv56bwem4Kr2MKr2MKr2MKr2MKrwtTyFaNKSIshIsIEDHh/6gm6okmopU4iHd7unxYeLcj5QzxitD3tWw1YSHfRmbb/Vqu3a9JxoR8C6+/hdffwutv5V5/S3j9x3U29//95Wy4bERYzkbLxrNndInHCLF4Z1+hsJxlz+R1SP+DNHuf4e9IvyMsZ9+VfhfL2RlYP4Pl7AyWszNYzs5gOTuD5ewM1h/Zvh4kj+xFjiO/jqHeyE0rkxvneRfVrIXubyH7kd/CK2/mhn8tNxyT686j+3w5O5Nbzs5gOTuD5eyMsJyxuTbYXMvCt3nZGQzxvLU+PN+fe30k1z2T67JYzrLvAP255exMbjk7g+XszI9Uzf3oNYzZszJf/Gw/7mp/3H8+j8pTZz9d1IT6Xtn3hM/nv5b9QHi3f12eXU+LytYwF9aygoV8E/ll5NtIDvkGkkcKn252+FxfJzKD/G3kReRJ5O9iWFTnLtvK5WvIN5FfRr6N5JBvIHlktqWtXEtbaGkLLW2hpS20tIWWttDS1vNK3x/3S2s5X/718vHyifJvlAvrw/IMlthMtjUhhSmXv4Nn3sEz72TriOM6Ug8REtZyH11m3/8csuuJufLLwnriSvkC8Umh711M491s1fHsY6wB3sXU383aFfLLSD5bAQHDvodh38sN+x6GfQ/Dvodh38P+fBWhxtq1F+fkDhGjxBg+/+x1N9nP/8VrcR4LQw5mqygLr14n9oRx5oVnLgjvtgD37SXKd8p3CHH5s/K/I/aV/704j5Bm771LyLP33s1eiVP+w2yF9vIf4tFvCO9O6Be62b43kDyyF8kiMxjqDQy1h7H38Cg79l5u7D2MjSMZQvYiWWQGQ72Ra6MT0+rMjdOJ17J9ecInQL/wPdMtdPuFTyH7zPMl4sNq0h/Oj2Wh+4BYxzMbxJYwVz44axlrXnn2bDSxS7yfKBf6ZNn1qZC/iuSR3UihfbEMj95CZpBfQ/6r7Pl3z+tno9ud67K5LpfrZqfqRAvO3GMe2Y3MtuDEo7eQGeTXkNkWnLkWnLkWnLkWnLkWnM8rvX/sWQYnxG+K+8T94q+KhW9O8a9l5QnJILPfHV/BM1/BM18RnnnxahxhGRPP4vvyhTMdxPP7+oScy34T73sTr344xr/HGnDuJ33/5uW5CsTLcxVenqvw8lyFl+cqvDT98lwFlvh/61wFE/Eqjk+8v1/f8UEVmg+vZx/P7hWVV5U3ClvF2TsffxbXc5Rmr+7A1vnnsvsWQvYjv438DeQFYbzPSf5Zrq8T+SVkF3IA+S7yV5BvIgcx3muSX8/2URW5a66z22oxVCurF/Yy2ons3senxOPid8TfEE+KvymeEv+meFr6p8IW10R2bzWb2FabyN41B33fRt+Xcn1vo4u75qD7VWGrLFtR0iJsv/3o8Yf3j9k836vgiSliJnul/j5qn5Ig9qn3WYhX9tn22YhS3Avr1ew5qdl9YSHfRA4gO5FfQrLIPiJvnwqP+pEckkeOIM8ghf227LSy27JC97Xc2P8220dV4JP8yDm+718rsc+J9p2YllOYVrbysJnoErbuOVFAtPSJQ5/Yyz/7iuOVxYK2gu1PDhfShVc/1fSpJ0WDn1Z+er64rnj9M30lZMnMZ6s+u1ra82rJq5PC+mG5vEtcIOb2BfYtkYfIvYqzkux1NJ+QvCVseRO4O0ke6hIbiRpJs6RNclByWHJU0iM5IRmQnJIMC0Ock/CSSckFyUXJJclVyXXJTcltybLkvuSB5JHkieSp5JmUkBZIi6XCakCqlOqlFqlLGpDGpPulB6R10kZpi7Rdekh6RHpM2ivtQ2XrEelZ6XnpuHRKOiOdk16WXpMuSm9J70jvSVelD6WPpZvSbekuJaIKqRJKTNRIB6SnpMNSRnpOyksnpRekF6WXpFel16U3pbely9L70gfSR9In0qfSZxRBFVDFlLAqopSUnrJQLipAxaj91AGqjmqkWqh26hB1hDpG9VJ91EnqNDVCnaXOU+PUFDVDzVGXqWvUInWLukPdo1aph9RjapPapnZlIlmhrEQmllEytYyW2WQeWUiWIGqoC9RF6hJ1lbpO3aRuU8vUfeoB9Yh6Qj2lnskIWYGsWFYmk8iUMr3MInPJArKYbL/sgKxO1ihrkbXLDsmOyI7JemV9spOy07IR2VnZedm4bEo2I5uTXZZdky3KbsnuyO7JVmUPZY9lm7Jt2a5cJC+Ul8jFckqultNym9wjD8kT8kp5tbxe3iRvlXfIO4ka2bLsvuyB7JHsieyp7JmckBfIi+VlcolcKdfLLXKXPCCPyffLD8jr5I3yFnm7/JD8iPyYvFfeJz8pPy0fkZ+Vn5ePy6fkM/I5+WX5Nfmi/Jb8jvyefFX+UP5Yvinflu8qRIpCRYlCrKAUagWtsCk8ipAioahUVCvqFU2KVkWHolPRpehWHFf0KwYVQ4pRokZBKAoUxQrhK0KhVOgVFoVLEVDEFPsVBxR1ikZFi6JdcUhxRHFM0avoU5xUnFaMKM4qzivGFVOKGcWc4rLimmJRcUtxR3FPsap4qHis2FRsK3aVImWhskQpVlJKtZJW2pQeZUiZUFYqq5X1yiZlq7JD2ansUnYrjyv7lYPKIeWockzJKSeU08pZ5bzyClGjtChdyoAyptyvPKCsUzYqW5TtykPKI8pjyl5ln/Kk8rRyRHlWeV45rpxSzijnlJeV15SLylvKO8p7ylXlQ+Vj5aZyW7mrEqkKVSUqsYpSqVW0yqbyqEKqhKpSVa2qVzWpWlUdqk5Vl6pbdVzVrxpUDalGVWMqTjWhmlbNquZVV1QLqhuqJdVd1YpqTbVO1KgaVS2qdtUh1RHVMVWvqk91UnVaNaI6qzqvGldNqWZUc6rLqmuqRdUt1R3VPdWq6qHqsWpTta3aVYvUheoStVhNqdVqWm1Te9QhdUJdqa5W16ub1K3qDnWnukvdrT6u7lcPqofUo+oxNaeeUE+rZ9Xz6ivqBfUN9ZL6rnpFvaZeV2+ot9Q76j1NvqZIU0rUqPvUJ9Wn1SPqs+rz6nH1lHpGPae+rL6mXlTfUt9R31Ovqh+qH6s31dvqXY1IU6gp0Yg1lEatoTU2jUcT0iQ0lZpqTb2mSdOq6dB0aro03Zrjmn7NoGZIM6oZ03CaCc20ZlYzr7miWdDc0Cxp7mpWNGuadc2GZkuzo9nT5muLtKVaUivXarUmrUPr00aIGs2UZkYzp7msuaZZ1NzS3NHc06xqHmoeazY125pdrUhbqC3RirWUVq2ltTatRxvSJrSV2mptvbZJ26rt0HZqu7Td2uPafu2gdkg7qh3TctoJ7bR2VjuvvaJd0N7QLmnvale0a9p17YZ2S7uj3dPl64p0pTpSJ9dpdSadQ+fTRXQpXZWuVtega9a16Q4SNdo72nvaVe1D7WPtpnZbu6sT6Qp1JTqxjtKpdbTOpvPoQrqErlJXravXNeladR26Tl2Xrlt3XNevG9QN6UZ1YzpON6Gb1s3q5nVXdAu6G7ol3V3dim5Nt67b0G3pdnR7+nx9kb5UT+rleq3epHfoffqIPqWv0tfqG/TN+jb9Qf1h/VF9j/6EfkB/Sj9M1Oh29SJ9ob5EL9ZTerWe1tv0Hn1In9BX6qv19fomfau+Q9+p79J364/r+/WD+iH9qH5Mz+kn9NP6Wf28/op+QX9Dv6S/q1/Rr+nX9Rv6Lf2Ofs+QbygylBpIg9ygNZgMDoPPEDGkDFWGWkODodnQZjhoOGw4augxnDAMGE4Zhg2M4ZyBN0waLhguGi4RNQbaYDN4DCFDwlBpqDbUG5oMrYYOQ6ehy9BtOG7oNwwahgyjhjEDZ5gwTBtmDfOGK4YFww3DkuGuYcWwZlg3bBi2DDuGPTqfLqJLaZKW01raRDtoHx2hU3QVXUs30M10G32QPkwfpXvoE/QAfYoephn6HM3Tk/QF+iJ9ib5KX6dv0rfpZfo+/YCooevpJrqV7qA76S66mz5O99OD9BA9So/RHD1BT9Oz9Dx9hV6gb9BL9F16hV6j1+kNeoveofeM+cYiY6mRNMqNWqPJ6DD6jBFjylhlrDU2GJuNbcaDxsPGo8Ye4wnjgPGUcdjIGM8ZeeOk8YLxovGS8arxuvGm8bZx2Xjf+MD4yPjE+NT4zESYCkzFRI3xuLHfOGgcMo4ax4ycccI4bZw1zhuvGBeMN4xLxrvGFeOacd24Ydwy7hj3TPmmIlOpiTTJTVqTyeQw+UwRU8pUZao1NZiaTW2mg6bDpqOmHtMJ04DplGnYxJjOmXjTpOmC6aLpkumq6brppum2adl03/TA9Mj0xPTU9MxMmAvMxeYys8SsNOvNFrPLHCBqTBOmadOsad50xbRgumFaMt01rZjWTOumDdOWace0Z843F5lLzaRZbtaaTWaH2WeOmFPmKnOtucHcbG4zHzQfNh8195hPmAfMp8zDZsZ8zsybJ80XzBfNl8xXzdfNN823zcvm++YH5kfmJ+an5mcWwlJgKbaUWSQWpUVvsVhcloAlZtlvOWCpszRaWiztRI15yXzXvGJeM6+bN8xb5h3zniXfUmQptZAWuUVrMVkcFp8lYklZqiy1lgZLs6XNctBy2HLU0mM5YRmwnLIMWxjLOQtvmbRcsFy0XLJctVy33LTctixb7lseWB5ZnlieWp5ZCWuBtdhaZpVYlVa91WJ1WQPWmHW/9YC1ztpobbG2Ww9Zj1iPWXutfdaT1tNEjWXHsmfNtxZZS62kVW7VWk1Wh9VnjVhT1iprrbXB2mxtsx60HrYetfZYT1gHrKesw1bGes7KWyetF6wXrZesV63XrTett63L1vvWB9ZH1ifWp9ZnNsJWYCu2ldkkNqVNb7PYXLaALWbbbztgq7M12lps7bZDtiO2Y7ZeW5/tpO20bcR21nbeNm6bss3Y5ogam9ZmsjlsPlvElrJV2WptDbZmW5vtoO2w7aitx3bCNmA7ZRu2MbZzNt42abtgu2i7ZLtqu267abttW7bdtz2wPbI9sT21PbMT9gJ7sV3Y6bMr7Xq7xe6yB+wx+377AXudvdHeYm+3H7IfsR+z99r77Cftp+0j9rP28/Zx+5R9xj5nv2y/Zl+037Lfsd+zrxI19lp7g73Z3mY/aD9sP2rvsZ+wD9hP2YftjP2cnbdP2i/YL9ov2a/ar9tv2m/bl+337Q/sj+xP7E/tzxyEo8BR7BB2PB1Kh95hcbgcAUfMsd9xwFHnaHS0ONodhxxHHMccvY4+x0nHaceI46zjvGPcMeWYccw5LjuuORYdtxx3HPccq46HjseOTce2Y9cpchYSNY4exwnHgOOUY9jBOM45eMek44LjouOS46rjuuOm47Zj2XHf8cDxyPHE8dTxzEk4C5zFTmHn16l06p0Wp8sZcMac+50HnHXORmeLs915yHnEeczZ6+xznnSedo44zzrPO8edU84Z55zzsvOac9F5y3nHec+56nzofOzcdG47d10iV6GrxCV2US61i3bZXB6ixsk7J50XnBedl5xXndedN523ncvO+84HzkfOJ86nzmcuwlXgKnYJO+AupUvvsrhcroAr5trvOuCqczW6WlztrkOuI65jrl5Xn+uk67RrxHXWdd417ppyzbjmXJdd11yLrluuO657rlXXQ9dj16Zr27XrFrkL3SVusZtyq9202+b2uEPuhLvSXe2udze5W4ka103Xbdey677rgeuR64nrqeuZm3AXuIvdZW6JW+nWuy1ulzvgjrn3uw+469yN7hZ3u/uQ+4j7mLvX3ec+6T7tHnGfdZ93j7un3DPuOfdl9zX3ovuW+477nnvV/dD92L3p3nbvekSeQk+JR+yhPGoP7bF5PJ6QJ+Gp9FR76j1NnlZPh6fT0+Xp9hz39HsGiRr3U/czD+Ep8BR7yjwSj9Kj91g8Lk/AE/Ps9xzw1HkaPS2eds8hzxHPMU+vp89z0nPaM+I56znvGfdMeWY8c57LnmueRc8tzx3PPc+q56HnsWfTs+3Z9Yq8hd4Sr9hLedVe2mvzerwhb8Jb6a321nubvK3eDm+nt8vb7T3u7fcOeoe8o94xL+ed8E57Z4kar9Kr91q8Lm/AG/Pu9x7w1nkbvS3edu8h7xHvMW+vt8970nvaO+I96z3vHfdOeWe8c97L3mveRe8t7x3vPe+q96H3sXfTu+3d9Yl8hb4Sn9hH+dQ+2mfzeXwhX8JX6av21fuafK2+Dl+nr8vX7Tvu6/cN+oZ8o74xH+eb8E37Zn3zviu+Bd8N35Lvrm+FqPEd8NX5Gn0tvnbfId8R3zFfr6/Pd9J32jfiO+s77xv3TflmfHO+y75rvkXfLd8d3z3fqu+h77Fv07ft2/WL/IX+Er/YT/nVftpv83v8IX/CX+mv9tf7m/yt/g5/p7/L3+0/7u/3D/qH/KP+MT/nn/BP+2f98/4r/gX/Df+S/65/xb/mX/dv+Lf8O/69QD5R4z/m7/X3+U/6T/tH/Gf95/3j/in/jH/Of9l/zb/ov+W/47/nX/U/9D/2b/q3/bsBUaAwUBIQB6iAOkAHbAFPIBRIBCoD1YH6QFOgNdAR6Ax0BboDxwP9gcHAUGA0MBbgAhOB6cBsYD5wJbAQuBFYCtwNrATWAuuBjcBWYCewF8wPFgVLg2RQHtQGTUEHURM4HxgPTAVmAnOBy4FrgcXArcCdwL3AauBh4HFgM7Ad2A2KgoXBkqA4SAXVQTpoC3qCoWAiWBmsDtYHm4KtwY5gZ7Ar2B08HuwPDgaHgqPBsSAXnAhOB2eD88ErwYXgjeBS8G5wJbgWXA9uBLeCO8G9UH6oKFQaIkPykDZkCjlCvlAklApVhWpDDaFmoia4GLwVvBO8F1wNPgw+Dm4Gt4O7IVGoMFQSEoeokDpEh2whTygUSoQqQ9Wh+lBTqDXUEeoMdYW6Q8dD/aHB0FBoNDQW4kIToenQbGg+dCW0ELoRWgrdDa2E1kLroY3QVmgntBfODxeFS8NkWB7Whk1hR9gXjoRT4apwbbgh3BxuCx8MHw4fDfeET4QHiJrQZmg7tBsWhQvDJWFxmAqrw3TYFvaEQ+FEuDJcHa4PN4Vbwx3hznBXuDt8PNwfHgwPhUfDY2EuPBGeDs+G58NXwgvhG+Gl8N3wSngtvB7eCG+Fd8J7kfxIUaQ0QkbkEW3EFHFEfJFIJBWpitRGGiLNkbbIwcjhyNFIT+REZCByKjIcYSLnInxkMnKBqIlQEXWEjtginkgokohURqoj9ZGmSGukI9IZ6Yp0R45H+iODkaHIaGQswkUmItOR2ch85EpkIXIjshS5G1mJrEXWIxuRrchOZC+aHy2KlkbJqDyqjZqijqgvGommolXR2mhDtDnaFj0YPRw9Gu2JnogORE9Fh6NM9FyUj05GL0QvRi9Fr0avR29Gb0eXiZpoZbQ6Wh9tirZGO6Kd0a5od/R4tD86GB2KjkbHolx0IjodnY3OR69EF6I3okvRu9GV6Fp0PboR3YruRPdi+bGiWGmMjMlj2pgp5oj5YpFYKlYVq401xJpjbbGDscOxo7Ge2InYQOxUbDjGxM7F+Nhk7ELsYuxS7Grseuxm7HZsOXY/9iD2KPYk9jT2LE4QNbGuWHfseKw/Nhgbio3GxmJcbCI2HZuNzceuxBZiN2JLsbuxldhabD22EduK7cT24vnxonhpnIzL49q4Ke6I++KReCpeFa+NN8Sb423xg/HD8aPxnviJ+ED8VHw4zsTPxfn4ZPxC/GL8Uvxq/Hr8Zvx2fDl+P/4g/ij+JP40/ixBJAoSxYmyhCShTOgTFqImPhbn4hPx6fhsfD5+Jb4QvxFfit+Nr8TX4uvxjfhWfCe+l8hPFCVKE2RCntAmTAlHwpeIJFKJqkRtoiHRnGhLHEwcThxN9CROJAYSpxLDCSZxLsEnJhMXEhcTlxJXE9cTNxO3E8uJ+4kHiUeJJ4mniWdJIlmQLE6WJSVJZVKftCRdyUAyltyfPJCsSzYSNYmFxI3EUuJuYiWxllhPbCS2EjuJvWR+sihZmiST8qQ2aUo6kr5kJJlKViVrkw3J5mRb8mDycPJosid5IjmQPJUcTjLJc0k+OZm8kLyYvJS8mryevJm8nVxO3k8+SD5KPkk+TT5LEamCVHGqLCVJKVP6lCXlSgVSsdT+1IFUXaox1ZJqTx1KHUkdS/Wm+oia5EZyK7mT3Evlp4pSpSkyJU9pU6aUI+VLRVKpVFWqNtWQak61pQ6mDqeOpnpSJ1IDqVOp4RSTOpfiU5OpC6mLqUupq6nrqZup26nl1P3Ug9Sj1JPU09SzNJEuSBeny9KStDKtT1vSrnQgHUvvTx9I16Ub0y3p9vSh9JH0sXRvui99Mn06PZI+mz6fHk9PETVpMi1Pa9OmtCPtS0fSqXRVujbdkG5Ot6UPpg+nj6Z70ifSA+lT6eH/yd69vsSxr3sCL3u53C63y+Wq5TJV1fd7d/Wt+lZdfatuq69HPW6P2+12ezyOR4KIiIiISAgSgkiQIBKqnSBiF5JxJOM4GXEyIkEkiASRIBJEgkgQCSLB42QcJ9vtcU/18+K82n/AcKg335jQIUl9P7Hz8wm/p4avmakRahZqlmpWatZqNmq2anZq9moOao5qTmrOai5qrmpuOIQr4co5lMM4FWfgSI7iaC7CcVyWa+CauTauk+vm+rhBboQb5ca4CW6Km+ZmuXlukVvmVrl1bpPb5na5faSOi3Nprp5r4lq5Du4+18sNcMPcQ+4x94Sb5HhuhhO4BW6JW+HWuA1ui9vh9rgD7og74c64C+6Ku0kgiZJEeQJNYAlVwpAgE1SCTkQSXCKbaEg0J9oSnYnuRF9iMDGSGE2MJSYSU4npxGxiPrGYWE6sJtYTm4ntxG5iP3GYOE6cJs4Tl4nrxC1Sl+hNDCSGEw8TjxNPEpMJPjGTEBILiaXESmItsZHYSuwk9hIHiaPESeIscZG4StwkkWRJsjyJJrGkKmlIkkkqSScjSS6ZTTYkm5Ntyc5kd7IvOZgcSY4mx5ITyankdHI2OZ9cTC4nV5Pryc3kdnI3uZ88TB4nT5PnycvkdfI2JUuVpipSVSkipUmZkLokn5xJCsmF5FJyJbmW3EhuJXeSe8mD5FHyJHmWvEheJW9SSKokVZ5CU1hKlTKkyBSVolORFJfKphpSzam2VGeqO9WXGkyNpEZTY6mJ1FRqOjWbmk8tppZTq6n11GZqO7Wb2k8dpo5Tp6nz1GXqOnWblqVL0xXpqjSR1qRNaXvak2bSbDqZrk03InWpjdRWaie1lzpIHaVOUmepi9RV6iaNpEvS5Wk0jaVVaUOaTFNpOh1Jc+lsuiHdnG5Ld6a7033pwfRIejQ9lp5IT6Wn07Pp+fRiejm9ml5Pb6a307vp/fRh+jh9mj5PX6av07cZWaY0U5GpyhAZTcaUsWc8GSbDZpKZ2kxjpiXTnunK9GT6M0OZB0hd+ix9kb5K32SQTEmmPINmsIwqY8iQGSpDZyIZLpPNNGSaM22Zzkx3pi8zmBnJjGbGMhOZqcx0ZjYzn1nMLGdWM+uZzcx2ZjeznznMHGdOM+eZy8x15jYry5ZmK7JVWSKryZqy9qwny2TZbDJbm23MtmTbs13Znmx/dij7IPsoO559mn2WfZ6dy75ASwqzR/Q3hdkjWlqYPaI/FGaPaFlh9oiWF2aP6I+F2SNaUZg9oj8VZo/oz4XZI1r433woWlWYPaK/FmaP6L3C7BHFCrNHFC/MHgv3maAEqizMHtHCrcsqVF2YPaKawuwR1RZmj6i+MHtEDYXZY+EeFdSEOgqzR7Rw+7ETdRVmj2jh9mMKLdx+7Ea9hdlj4Y6Uwt0phdlj4d4VmLzKUAYNF2aPaOEG6ghauHu6MIWVoTE0U5g9otnC7BGtK8we0frC7BFtKMwe0d8VZo9oU2H2iP6+MHtEmwuzR/QPhdkj2lKYPaJ/LMwe0dbC7BEt3Jv8J7StMHtE/7Ewe0TbC7NH9J8Ks8fCnS2FO10Ks8fCvS5oJ1q4m/mf0a7C7BH/Vpg94n8uzB7xm8LsEf9LYfaI3xZmj/hdYfaI/7UweySQwuyRKCrMHglZYfZIfFeYPRLFhdkj8X1h9ig1KDUoNSg1KDUoNSg1KDUoNSg1KDUoNSg1KDUoNSg1KDUoNSg1KDUoNSg1KDUoNSg1KDUoNSg1KDUoNSg1KDUoNSg1KDUoNSg1KDUoNSg1KDUoNSg1KDUoNSg1KDUoNSg1KDUoNSg1KDUoNSg1KDUoNSg1KDUoNSg1KDUoNSg1KDUoNSg1KDUoNfjvo0Fpr4G010DaayDtNZD2Gkh7DaS9BtJeA2mvgbTXQNprIO01kPYaSHsNpL0G0l4Daa+BtNdA2msg7TWQ9hpIew2kvQbSXoP/P/caYDJEhsmw78T8DisWsxj7XszvsRIxS7BSMUuxH8T8ASsTswz7rZi/xX4U80esQswKrFLMSuxnMX/GfhHzF6xKzCrsVzF/xarFrMZwMXGMEJPA5GLKMYWYCkwpphJTi6nGNGJqMJ2YOswqphUjxSQxm5g2zC6mHXOI6cBcYrowSkwKc4vpxrxiejGfmD4sIGYAY8RksJCYISwsZhhjxWSxmJgxjBOTwxJiJrCUmCksLWYa+zsx/w6rFbMWqxOzDqsXsx77ezH/HmsQswH7nZi/wxrFbMT+Qcx/wJrEbMJ+L+bvsWYxm7E/iPkHrEXMFuyPYv4RaxWzFfuTmH8ixGdLlBC/EfM3hPiEiVJCfMLED4T4hIkyolzMckJ8wsSPhPiEiQriJzF/IsTnTFQS4nMmfiZQMVFCfNrEL1KDUoNSg1KDUoNSg1KDUoNSg1KDUoNSg1KDUoNSg1KDUoNSg1KDUoNSg1KDUoNSg1KDUoNSg1KDUoNSg1KDUoNSg1KDUoNSg1KDUoNSg1KDUoNSg1KDUoNSg1KDUoNSg1KDUoNSg1KDUoNSg1KDUoNSg1KDUoNSg1KDUoNSg1KDUoNSg1KDUoNSg/8+GkRkiAH5CftP2AL2n7HFf/t2CVvGXmErhW0Eha0E4iumsf+IPcdmsDksjwnYPPZfsP+K/Tfsv2Or2P/E1sRXlCByMYuwf4GPxY/E3+sR9q//9r3vsGPsr7jYJGJCKvEf8Z/wSvxnHMV/wX/F7+EYLscVuBrX4jrcgBvF11di/4L9L+x/Y/8H+7/Yn7G/YP+K3eFFuAz/Hv8NXoqX4aIkBEN+wCvwKrwax3ECV+IqXIPrxZ/7A3aJ3WC34q+H4N/hxXgJ/oP4o7NIXRFahBWpigxFZBFVRBdFiriibFFDUXNRW1FnUXdRX9Fg0UjRaNFY0UTRVNF00WzRfNFi0XLRatF60WbRdtFu0X7RYdFx0WnRedFl0XXRrUwmK5VVyKpkhEwjM8nsMo+MkbGypKxW1ihrkbXLumQ9sn7ZkOyB7JFsXPZU9kz2XDYneyF7KXsley17I3sreyd7L/5JfkFL0DIEQcvRn5DvYefHD7Dt47foPZRAfkSVqBb5GbZ3VKMm1IRgqAN1IzjqRf2ICnZyaGEbhx72cBhhA4cZdm9YYeuGDW1CuxAH/g2/RVj8jvgeSRQ2kmD/o7CRBLIU8gfIMshyyB8hKyB/gvwZEoWsgvwV8h4kBolDEpBKSBWkGlIDqYXUQxogTZAOSCekC5KCdEN6IX2QfsgAJAMZhoxAspAxyAxkFrIOsh6yAfJ3kE2Qv4dshvwDZAvkHyFbIf8E2Qb5j5DtkP8E2QH5HyA7If8ZsquQ+DfIP0PeQP4F8hbyDvKvhSQQyCJIGeR3kMWQ34spmf5bpnkwzYNpHkzzYJoH0zyY5sE0D6Z5MM2DaR5M82CaB9M8mObBNA+meTDNg2keTPNgmgfTPJjmwTQPpnkwzYNpHkzzYJoH0zyY5sE0D6Z5MM2DaR5M82CaB9M8mObBNA+meTDNg2keTPNgmgfTPJjmwTQPpnkwzYNpHkzzYJoH0zyY5sE0D6Z5MM2DaR5M82CaB9M8mObBNA+meTDNg2keTPNgmgfTPJjmwTQPpnkwzYNpXjL9N03nwHQOTOfAdA5M58B0DkznwHQOTOfAdA5M58B0DkznwHQOTOfAdA5M58B0DkznwHQOTOfAdA5M58B0DkznwHQOTOfAdA5M58B0DkznwHQOTOfAdA5M58B0DkznwHQOTOfAdA5M58B0DkznwHQOTOfAdA5M58B0DkznwHQOTOfAdA5M58B0DkznwHQOTOfAdA5M58B0DkznwHQOTOfAdA5M58B0DkznwHQOTOfAdA5M58B0DkznwHQOTOck03/TdB5M58F0HkznwXQeTOfBdB5M58F0HkznwXQeTOfBdB5M58F0HkznwXQeTOfBdB5M58F0HkznwXQeTOfBdB5M58F0HkznwXQeTOfBdB5M58F0HkznwXQeTOfBdB5M58F0HkznwXQeTOfBdB5M58F0HkznwXQeTOfBdB5M58F0HkznwXQeTOfBdB5M58F0HkznwXQeTOfBdB5M58F0HkznwXQeTOfBdB5M58F0HkznwXQeTOfBdB5M58F0XjL9N00LYFoA0wKYFsC0AKYFMC2AaQFMC2BaANMCmBbAtACmBTAtgGkBTAtgWgDTApgWwLQApgUwLYBpAUwLYFoA0wKYFsC0AKYFMC2AaQFMC2BaANMCmBbAtACmBTAtgGkBTAtgWgDTApgWwLQApgUwLYBpAUwLYFoA0wKYFsC0AKYFMC2AaQFMC2BaANMCmBbAtACmBTAtgGkBTAtgWgDTApgWwLQApgUwLYBpAUwLYFoA04JougWxIN3IXdG0zCnb/q7ju+viye9N32+UtJRc/Ga8VFX6+oeGHz6Xjf62+rfL5eny4x+HKyoqFn5ifzqo7P+55Oc5lEbf/9L9y13V9K/OX7erO6qv700iha+RFHb7IbDbz4TU3du8t31v997+vcN7x/dO753fu7x3fe8WK3ytpAKrwghMg5kwO+bBGIzFklgt1oi1YO1YF9aD9WND2APsETaOPcWeiefxOewF9lI8qb/G3mBvsXfYe+wD9hH7hH3GvmBfsW/imblYPCtXiidkhXiytuBO3IeH8DiexuvxJrwV78Dv4734AD6MP0TqsHPx3HyN3Yqn7FI4VxPiedqE23EPzuAsnsRr8Ua8BW/Hu/AevB8fwh/gj/Bx/Cn+DH+Oz+Ev8Jf4K/w1/gZ/i7/D3+Mf8I/4J/wz/gX/Kv49uSOKiTKikqgmFISOsBBOwkeEiDiRJuqJJqKV6CDuE73EADFMPCQeE0+ISYInZgiBWEDqiCqCIDSEibATHoIhWCJJ1BKNRAvRTnQRPUQ/MUQ8IB4R48RT4hnxnJgjXhAviVfEa+IN8ZZ4R7wnPhAfiU/EZ+IL8ZX4RtzJi+Vl8kp5tVwh18ktcqfcJw/J4/K0vF7eJG+Vd8jvy3vlA/Jh+UP5Y/kT+aScl8/IBfmCfEm+Il+Tb8i35DvyPaROzsqT8lp5o7xF3i7vkvfI++VD8gfyR/Jx+VP5M/lz+Zz8hfyl/JX8tfyN/K38nfy9/IP8o/yT/LP8i/yr/Jv8TlGsKFNUKqoVCoVOYVE4FT5FSBFXpBX1iiZFq6JDcV/RqxhQDCseKh4rnigmFbxiRiEoFhRLihXFmmJDsaXYUewpDhRHihPFmeJCcaW4QeoUPYp+xZDigeKRYlzxVPFM8Vwxp3iheKl4pXiteKN4q3ineK/4oPio+KT4rPii+Kr4prhTFivLlJXKaqVCqVNalE6lTxlSxpVpZb2ySdmq7FDeV/YqB5TDyofKx8onykklr5xRCsoF5ZJyRbmm3FBuKXeUe8oD5ZHyRHmmvFBeKW9UiKpEVa4SP1WpVCoDUqd8pnyunFO+UL5UvlK+Vr5RvlW+U75XflB+VH5SflZ+UX5VflPeqYpVZapKVbVKodKpLCqnyqcKqeKqtKpe1aRqVXWo7qt6VQOqYdVD1WPVE9WkilfNqATVgmpJtaJaU22otlQ7qj3VgepIdaI6U12orlQ3akRdoi5Xi58u1Sq1QU2qKTWtjqg5dVbdgNSp3qjeqt6p3qs+qD6qPqk+q76ovqq+qe7UxeoydaW6Wq1Q69QWtVPtU4fUcXVaXa9uUreqO9T31b3qAfWw+qH6sfqJelLNq2fUgnpBvaReUa+pN9Rb6h31nvpAfaQ+UZ+pL9RX6hsNoinRlGvET9kalcagITWUhtZENJwmq2nQNGvaNJ2abk2fZlAzgtSpP6u/qL+qv6nvNMWaMk2lplqj0Og0Fo1T49OENHFNWlOvadK0ajo09zW9mgHNsOah5rHmiWZSw2tmNIJmQbOkWdGsaTY0W5odzZ7mQHOkOdGcaS40V5obLaIt0ZZrxbcNrUpr0JJaSktrI1pOm9U2aJu1bdpObbe2TzuoHdGOase0E9op7bR2VjuP1GkrtdVahVantWidWp82pI1r09p6bZO2Vduhva/t1Q5oh7UPtY+1T7STWl47oxW0C9ol7Yp2Tbuh3dLuaPe0B9oj7Yn2THuhvdLe6BBdia5ch+ownUpn0JE6SkfrIjpOl9U16Jp1bbpOXbeuTzeoG9GN6sZ0E7op3bRuVjevW9Qt61Z167pN3bZuF6nThXRxXVpXr2vSteo6dPd1vboB3bDuoe6x7oluUsfrZnSCbkG3pFvRrek2dFu6Hd2e7kB3pDvRnekudFe6Gz2iL9GX68U3Ub1Kb9CTekpP6yN6Tp/VN+ib9W36Tn23vk8/qB/Rj+rH9BP6Kf20flY/r1/UL+tX9ev6Tf22fle/rz/UH+tP9ef6S/01Uqe/r+/VD+iH9Q/1j/VP9JN6Xj+jF/QL+iX9in5Nv6Hf0u/o9/QH+iP9if5Mf6G/0t8YEEOJodwgvpEbVAaDgTRQBtoQMXCGrKHB0GxoM3Qaug19hkHDiGHUMGaYMEwZpg2zhnnDomHZsGpYN2watg27hn3DoeHYcGo4N1warg23Rpmx1FhhrDISRg1SZ5g08IYZg2BYMCwZVgxrhg3DlmHHsGc4MBwZTgxnhgvDleHGiBhLjOVG1IgZVUaDkTRSRtoYMXLGrLHB2GxsM3Yau419xkHjiHHUOGacME4Zp42zxnnjonHZuGpcN24at427xn3jofHYeGo8N14ar423Jpmp1FRhqjIRJo3JZLKbPCbGxJqSplqkzrhm3DBuGXeMe8YD45HxxHhmvDBeGW9MiKnEVC7+cw0zqUwGE2miTLQpYuJMWVODqdnUZuo0dZv6TIOmEdOoacw0YZoyTZtmTfOmRdOyadW0bto0bZt2TfumQ9Ox6dR0bro0XZtuzTJzqbnCXGUmzBqzyWw3e8yMmTUnzbXmRnOLud3cZe4x95uHkDrTienMdGG6Mt2YEXOJudyMmjGzymwwk2bKTJsjZs6cNTeYm81t5k5zt7nPPGgeMY+ax8wT5inztHnWPG9eNC+bV83r5k3ztnnXvG8+NB+bT83n5kvztfnWIrOUWiosVRbCorGYLHaLx8JYWEvSUmtptLRY2i1dlh5Lv2XI8sDyyDJueWp5ZnlumUPqLOUW1IJZVBaDhbRQFtoSsXCWrKXB0mxps3Raui19lkHLiGXUMmaZsExZpi2zlnnLomXZsmpZt2xati27ln3LoeXYcmo5t1xari23Vpm11FphrbISVo3VZLVbPVbGylqT1lpro7XF2m7tsvZY+61D1gfWR9Zx61PrM+tz65z1hfWl9ZX1tfWN9a31HVJnpa0RK2fNWhuszdY2a6e129pnHbSOWEetY9YJ65R12jprnbcuWpetq9Z166Z127pr3bceWo+tp9Zz66X12npLyshSsoKsIglSQ5pIO+khGZIlk2Qt2Ui2kO1kF9lD9pND5APyETlOPiWfkc/JOfIF+ZJ8Rb4m35BvyXfke/ID+ZH8RH4mv5BfkTqyk+wm+8hBcoQcJcfICXKKnCZnyXlykVwmV8l1cpPcJnfJffKQPCZPyXPykrwmb20yW6mtwlZlI2wam8lmt3lsjI21JW21tkZbi63d1mXrsfXbhmwPbI9s47antme257Y52wvbS9sr22vbG9tb2zvbe9sH20fbJ9tn2xfbV9s325292F5mr7RX2xVInW3CNmWbts3a5m2LtmXbqm3dtmnbtu3a9m2HtmPbqe3cdmm7tt3aZfZSe4W9yk7YNXaT3W732Bk7a0/aa+2N9hZ7u73L3mPvtw/ZH9gf2cftT+3P7M/tc/YX9pf2V/bX9jf2t/Z39vf2D/aP9k/2z/Yv9q/2b/Y7R7GjzFHpqHYoHDqHxeF0+BwhR9yRRursq/Z1+6Z9275r37cf2o/tp/Zz+6X92n7rkDlKHRWOKgfh0DhMDrvD42AcrCPpqHU0Oloc7Y4uR4+j3zHkeOB45Bh3PHU8czx3zDleOF46XjleO9443jreOd47Pjg+Oj45Pju+OL46vjnunMXOMmels9qpcOqcFqfT6XOGnHFn2lnvbHK2Ojuc9529zgGkznHsOHWcOy4d145bp8xZ6qxwVjkJp8ZpctqdHifjZJ1JZ62z0dnibHd2OXuc/c4h5wPnI+e486nzmfO5c875wvnS+cr52vnG+db5zvne+cH50fnJ+dn5xfnV+c155yp2lbkqXdUuhUvnsricLp8r5Iq70q56V5Or1dXhuu/qdQ24hl0PXY9dT1yTLt41g9S5Sl0VrioX4dK4TC67y+NiXKwr6ap1NbpaXO2uLlePq9815HrgeuQadz11PXM9d825Xrheul65XrveuN663rneuz64Pro+uT67vri+ur657qhiqoyqpKopBaWjLJST8lEhKk6lqXqqiWqlOqj7VC81QA1TD6nH1BNqkuKpGUqgFqglaoVaozaoLaSO8lAMxVJJqpZqpFqodqqL6qH6qSHqAfWIGqeeUs+o59Qc9YJ6Sb2iXlNvqLfUO+o99YH6SH2iPlNfqK/UN+rOXewuc1e6q90Kt85tcTvdPnfIHXen3fXuJneru8N9393rHnAPux+6H7ufuCfdvHvGLbgX3EvuFfeae8O95d5x77kP3EfuE/eZ+wKpc7e7u9w97n73kPuB+5F73P3U/cz93D3nfuF+6X7lfu1+437rfud+7/7g/uj+5P7s/uL+6v7mvvMUe8o8lZ5qj8Kj81g8To/PE/LEPWlPvafJ0+rp8Nz39HoGPMOeh57HnieeSQ/vmfEIngXPkmfFs+bZ8Gx5djx7ngPPkefEc+a58Fx5bryIt8Rb7hWPxUidZ9zz1PPM89wz53nheel55XnteeN563nnee/54Pno+eT57Pni+er55rnzFnvLvJXeaq/Cq/NavE6vzxvyxr1pb723ydvq7fDe9/Z6B7zD3ofex94n3kkv753xCt4F75J3xbvm3fBueXe8e94D75H3xHvmvfBeeW98iK/EV+4Tj+Y+lc/gI32Uj/ZFfBxS533lfe19433rfed97/3g/ej95P3s/eL96v3mvfMV+8p8lb5qn8Kn81l8Tp/PF/LFfWlfva/J1+rr8N339foGfMO+h77Hvie+SR/vm/EJvgXfkm/Ft+bb8G35dnx7vgPfke/Ed+a78F35bvyIv8Rf7kf9mF/lN/hJP+Wn/RE/58/6G/zN/jZ/p7/b34fU+T76Pvk++774vvq++e78xf4yf6W/2q/w6/wWv9Pv84f8cX/aX+9v8rf6O/z3/b3+Af+w/6H/sf+Jf9LP+2f8gn/Bv+Rf8a/5N/xb/h3/nv/Af+Q/8Z/5L/xX/hsaoUvochqlMVpFG2iSpmiajtAcnaUb6Ga6je6ku+k+epAeoUfpMXqCnqKnkTq6mC6jK+lqWkHraAvtpH10iI7TabqebqJb6Q76Pt1LD9DD9EP6Mf2EnqR5eoYW6AV6iV6h1+gNeoveoffoA/qIPqHP6Av6ir4JIIGSQHkADWABVcAQIANUgA5EAlwgG2gINAfaAp2B7kBfYDAwEhgNjAUmAlOB6cBsYD6wGFgOrAbWA5tIXcAZ8AVCgXggHagPNAVaAx2B+4HewEBgOPAw8DjwJDAZ4AMzASGwEFgKrATWAhuBrcBOYC9wEDgKnATOAheBq8ANgzAlTDmDMhijYgwMyVAMzUQYjskyDUwz08Z0Mt1MHzPIjDCjzBgzwUwx08wsM88sMsvMKrPObDLbzC6zzxwyx8wpc47UMa1MB3Of6WUGmGHmIfOYecJMMjwzwwjMArPErDBrzAazxewwe8wBc8ScMGfMBXPF3ASRYEmwPIgGsaAqaAiSQSpIByNBLpgNNgSbg23BzmB3sC84GBwJjgbHghPBqeB0cDY4H1wMLgdXg+vBzeB2cDe4HzwMHgdPg+fBy+B18DYkC5WGKkJVSF3wcfBJcDLIB2eCQnAhuBRcCa4FN4JbwZ3gXvAgeBQ8CZ4FL4JXwZsQEioJlYfQEBZShQwhMkSF6FAkxIWyoYZQc6gt1BnqDvWFBkMjodHQWGgiNBWaDs2G5kOLoeXQamg9tBnaDu2G9kOHoePQaeg8dBm6Dt2GZeHScEW4KkyENWFT2B72hJkwi9SFlkIrobXQRmgrtBPaCx2EjkInobPQRegqdBNGwiXh8jAaxsKqsCFMhqkwHY6EuXA23BBuDreFO8Pd4b7wYHgkPBoeC0+Ep8LT4dnwfHgxvBxeDa+HN8Pb4d3wfvgwfBw+DZ+HL8PX4duILFIaqYhURYiIJmKK2COeCBNhI8lIbaQx0hJpj3RFepC68EH4KHwSPgtfhK/CNxEkUhIpj6ARLKKKGCJkhIrQkUiEi2QjDZHmSFukM9Id6YsMRkYio5GxyERkKjIdmY3MRxYjy5HVyHpkM7Id2Y3sRw4jx5HTyHnkMnIduY3KoqXRimhVlIhqoqaoPeqJMlE2mozWRhujLdH2aFe0J9ofHYo+iD6KjkefRp8hdVEkWhItj6JRLKqKGqJklIrS0UiUi2ajDdHmaFu0M9od7YsORkeio9Gx6ER0KjodnY3ORxejy9HV6Hp0M7od3Y3uRw+jx9HT6Hn0MnodvWVlbClbwVaxBKthTayd9bAMy7JJtpZtZFvYdraL7WH72SH2AfuIHWefss/Y5+wc+4J9yb5iX7NvkDqWZCmWZiMsx2bZBraZbWM72W62jx1kR9hRdoydYKfYaXaWnWcX2WV2lV1nN9ltdpfdZw/ZY/aUPWcv2Wv2NiaLlcYqYlUxIqaJmWL2mCfGxNhYMlYba4y1xNpjXbGeWH9sKPYg9ig2HnsaexZ7HpuLvYi9jL2KvY69ib2NvYu9j32IfYx9in1G6mLNsbZYZ6w71hcbjI3ERmNjsYnYVGw6Nhubjy3GlmOrsfXYZmw7thvbjx3GjmOnsfPYZew6dhuXxUvjFfGqOBHXxE1xe9wTZ+JsPBmvjTfGW+Lt8a54T7w/PhR/EH8UH48/jT+LP4/PxV/EX8ZfxV/H38Tfxt/F38c/xD/GP8U/x7/Ev8a/xe9qimvKaiqRuvhofCw+EZ+KT8dn4/PxxfhyfDW+Ht+Mb8d34/vxw/hx/DR+Hr+MX8dva2Q1pTUVNVU1RI2mxlRjr/HUMDVsTbKmtqaxpqWmvaarpqemv2ao5kHNo5rxmqc1z/4fe3cXa1d5Hnj84LPPR2hK6S4l22doSmkG0Q6laUpbhmYYzv44zRAmZWhKaUJpyqBijDHGGGOMMcYY2xhjjDHGGNvrXV/vWssYY4wxboSqCFURqiJURaiKUBWhNkJVhKoIVRFNKR2vn625nLtRudg3f7aOjg1az8PiJz9CZ37v/MH5Yv7Q/NH5E/Ovz78x/+b8W/Nvz78z/+78e/Pvz38w/+H8x/1O/+z+uf3z+xf0L+pf0r+sf3n/yokvz9fzR+aPz39z/lvz357/zvx35783//35H8z/cP5H8z+e/6i/qD/bP6d/Xn+uf2H/4v6l/S/0r+hf1R/2r+lf17+hf1P/lv6S/vL+qv7a/ob+5v72/q7+3v7BftE/1D/aP9F/vf9G/83+W/23++/03+2/13+//0H/w/7Hg87g7MG5g/MHFwwuGlwyuGxw+eDKwdWDhcG1g+sHNw5uHtw68eX+d/vf63+//4P+D/s/6v+4/9Fg0WB2cM7gvMHc4MLBxYNLB18YXDG4ajAcXDO4bnDD4KbBLYMlg+WDVYO1gw2DzYPtg12DvYODg2JwaHB0cGLw+uCNwZuDtwZvD94ZvDt4b/D+4IPBh4OPh53h2cNzh+cPLxheNLxkeNnw8uGVw6uHC8Nrh9cPbxzePLx1uHS4Yrh6uG64cbh1uGPiy4OPhouGs8NzhucN54YXDi8eXjr8wvCK4VXD4fCa4XXDG4Y3DW8ZLhkuH64arh1uGG4ebh/uGu4dHhwWw0PDo8MTw9eHbwzfHL41fHv4zvDd4XvD94cfDD8cfjzqjM4enTs6f3TB6KLRJaPLRpePrhxdPVoYXTu6fnTj6ObRraOloxWj1aN1o42jraMdo92jfaMwiqPDo2OjkxNfHl08unT0hdEVo6tGw9E1o+tGN4xuGt0yWjJaPlo1WjvaMNo82j7aNdo7OjgqRodGR0cnRq+P3hi9OXpr9PbondG7o/dG748+GH04+nihs3D2wrkL5y9csHDRwiULly1cvnDlwtULCwvXLly/cOPCzQu3LixdWLGwemHdwsaFrQs7FnYv7FsIC3Hh8MKxhZMLf7nwVwt/vfA3C3+78HcLf9+dbi893Zn20tOdbS893U+1l57u2e2lp/vp9tLT/en20tM9p730dH+mvfR0f7a99HS77aWne1576en+fHvp6X6mvfR0e+2lp7u4vfR059pLT/cX2ktP97Ptpaf7i+2lp3the+np/lJ76en+cnvp6X6uvfR0L24vPd1fay893cvaS0/319tLT/fz7aWn+xvtpaf7m+2lp3t5e+np/lZ76en+Tnvp6V7RXnq6v9teerpfbC893avaS0/3v7eXnu7vtZee7pfaS0/3y+2lp3tte+npfqW99HR/v730dK9vLz3dP2gvPd2vtpee7h+2l57uDe2lp/tH7aWne2N76en+cXvp6X6tvfR0v95eero3tZee7p+0l57uze2lp/un7aWn+4320tP9s/bS072lvfQs/rC99Cz+l/bSs/gn7aVn8b+2l57FH7WXnsUft5eexf/eXnrmJtpLz9xZ7aVnblF76ZmbbC89c5320jM31V56xhMcT3A8wfEExxMcT3A8wfEExxMcT3A8wfEExxMcT3A8wfEExxMcT3A8wfEExxMcT3A8wfEExxMcT3A8wfEExxMcT3A8wfEExxMcT3A8wfEExxMcT3A8wfEExxMcT3A8wfEExxMcT3A8wfEExxMcT3A8wfEExxMcT3A8wfEExxMcT3A8wfEExxMcT3A8wfEExxMcT3A8wfEET09w4qyJayYumvjqxNcmvjHx5xPLJlZOrJlYP7FpYtvEzok9E/snsol64sjE8YlvTnxr4tsT35n47sT3Jr4/8YOJH078aOLHEx+dteis2bPOOeu8s05NauKsxesWH5g49Xc99dfkVB9cHE51/eLsVB/SDfqwr29cnJ7qI4vzU93k86M+b9YtutX3P+bzNt/zuM/bfX5Cd+iTulOf0l1te//g826/zzN+7R59dvHBU93r83O6T5/39f2+/8CpnrXoylMP7//x8x4Wvb3onUXvLnpv0fuLPlj04aKPJzuTZ0+eO3n+5AWTF01eMnnZ5OWTV05ePbkwee3k9ZM3Tt48eevk0skVk6sn101unNw6uWNy9+S+yTAZJw9PHps8OfmXk381+deTfzP5t5N/N/n3k/84+U+T/zz5k85EZ7rz6U630+t8tvO5zq92Pt/57c4XO/3Olzpf6Xy187XONzp/3lnWWdlZ01nf2dTZ1tnZ2dPZ38k6dedI53jnm51vdb7d+U7nu53vdb7f+UHnh50fdX7c+Whq0dTs1DlT503NTV04dfHUpVNfmLpi6qqp4dQ1U9dN3TB109QtU0umlk+tmlo7tWFq89T2qV1Te6cOThVTh6aOTp2Yen3qjak3p96aenvqnal3p96ben/qg6kPpz6e7kyfPX3u9PnTF0xfNH3J9GXTl09fOX319ML0tdPXT984ffP0rdNLp1dMr55eN71xeuv0jund0/umw3ScPjx9bPrk9F9O/9X0X0//zfTfTv/d9N9P/+P0P03/8/RPZiZmpmc+PdOd6c18duZzM7868/mZ35754kx/5kszX5n56szXZr4x8+czy2ZWzqyZWT+zaWbbzM6ZPTP7Z7KZeubIzPGZb858a+bbM9+Z+e7M92a+P/ODmR/O/GjmxzMfzS6anZ09Z/a82bnZC2cvnr109guzV8xeNTucvWb2utkbZm+avWV2yezy2VWza2c3zG6e3T67a3bv7MHZYvbQ7NHZE7Ovz74x++bsW7Nvz74z++7se7Pvz34w++Hsx5/qfOrsT537qfNP/fvwU//354BcPDF16o109cSFp94ht05c3jurNz1xfW+2d9HEjb1f6X1x4p7eVb2vT2zp3db7i4nST2r4cPGHc5+Z+En7fm03sjujs/opPVs/rT+t5+jP6Ln6s9rVn9Pz9Of1fP2M9nSxzul/0gv0F/Sz+ot6of6SXqS/rJ/T/6wX66/pZfrr+nn9Df2C/qZerr+lv62/o1fof9Ur9Xf1i/rf9Cr973q1/p5+Sf+HXqNf1mv1f+pX9Pf1Ov1fer3+gX5V/1Bv0D/SG/WP9Wv6db1J/0Rv1j/Vb+if6S36v/VW752DvbPan2nafu5Naken1Cb07EDPDvTsQO+n1Cb0bELPJvRsQs8m9GxCzyb0bELPJvRsQs8m9GxCzyb0bELPJvRsQs8m9GxCzyb0bELPJvRsQs8m9H5Ff1X/i16qNqFnE3o2oWcTejahZxN6NqFnE3o2oWcTejahZxN6NqFnE3o2oWcTenagZwd6dqA3r30d6FBHuqD2pGdPevakZ0969qRnT3r2pGdPevakZ0969qRnT3r2pGdPevakZ0969qRnT3r2pGdPel8/M/HbdInerkv1Dl2md+pyvUtX6N26Uu/RVXqvrtb7dI3er2v1AV2nD+p6fUg36MO6UR/RTfqobtYtulUf0236uG7XJ3SHPqk79SndpU/rbn1G9+izulef0336vO7XA3r6eSYaNNVMcy201KiV1troIX1BD+uLekRf0qP6sh7TV/S4vqon9DU9qX/RdvEl+iscd5DjDnLcQY47yHFt/00/1n9vOzehZ6m3xJy3xJy3xJy3xJy3xJz/Xsx5V8x5V8x5V8x5V8x5V8x5V8x5V8x5V8x5V8x5V8x5V8z93OktnTtPf17P18+MbTS20X+4jRI2StgoYaOEjRI2StgoYaOEjRI2StgoYaOEjRI2StgoYaOEjRI2StgoYaOEjRI2StgoYaOEjRI2StgoYaOEjRI2StgoYaOEjRI2StgoYaOEjRI2StgoYaOEjRI2StgoYaOEjRI2StgoYaOEjRI2StgoYaOEjRI2StgoYaOEjRI2StgoYaOEjRI2StgoYaOEjRI2StgoYaOEjRI2StgoYaOEjRI2StgoYaOEjRI2StgoYaOEjRI2at/pyRkbJWyUsFHCRgkbJWyUsFHCRgkbJWyUsFHCRgkbJWyUsFHCRgkbJWyUsFHCRgkbJWyUsFHCRgkbJWyUsFHCRgkbJWyUsFHCRgkbJWyUsFHCRgkbJWyUsFHCRgkbJWyUsFHCRgkbJWyUsFHCRgkbJWyUsFHCRgkbJWyUsFHCRgkbJWyUsFHCRgkbJWyUsFHCRgkbJWyUsFHCRgkbJWyUsFHCRgkbJWyUsFHCRgkbJWyUsFHCRgkbJWx0euK36RK9XZfqHbpM79Tlepeu0Lt1pd6jq/ReXa336Rq9X9fqA7pOH9T1+pBu0Id1oz6im/RR3axbdKs+ptv0cd2uT+gOfVJ36lO6S5/W3fqM7tFnda8+p/v0ed2vB/Sgnn6qQVPNNNdCS41aaa2NHtIX9LC+qEf0JT2qL+sxfUWP66t6Ql/Tk9raKGGj5IyNEjZK2Chho4SNEjZK2Chho4SNEjZK2Chho4SNEjZK2Chho4SNEjZK2Chho4SNEjZK2Chho4SNEjZK2ChhI8+TjRI2StgoGdtobKNPgI0CGwU2CmwU2CiwUWCjwEaBjQIbBTYKbBTYKLBRYKPARoGNAhsFNgpsFNgosFFgo8BGgY0CGwU2CmwU2CiwUWCjwEaBjQIbBTYKbBTYKLBRYKPARoGNAhsFNgpsFNgosFFgo8BGgY0CGwU2CmwU2CiwUWCjwEaBjQIbBTYKbBTYKLBRYKPARoGNAhsFNgpsFNgosFFgo8BGgY0CGwU2CmwU2CiwUWCjwEaBjQIbtW/zcMZGgY0CGwU2CmwU2CiwUWCjwEaBjQIbBTYKbBTYKLBRYKPARoGNAhsFNgpsFNgosFFgo8BGgY0CGwU2CmwU2CiwUWCjwEaBjQIbBTYKbBTYKLBRYKPARoGNAhsFNgpsFNgosFFgo8BGgY0CGwU2CmwU2CiwUWCjwEaBjQIbBTYKbBTYKLBRYKPARoGNAhsFNgpsFNgosFFgo8BGgY0CGwU2CmwU2CiwUWCjwEaBjU5P/DZdorfrUr1Dl+mdulzv0hV6t67Ue3SV3qur9T5do/frWn1A1+mDul4f0g36sG7UR3STPqqbdYtu1cd0mz6u2/UJ3aFP6k59Snfp07pbn9E9+qzu1ed0nz6v+/WAHtRETz/bVDPNtdBSo1Zaa6OH9AU9rC/qEX1Jj+rLekxf0eP6qp7Q1/SktjYKbBTO2CiwUWCjwEaBjQIbBTYKbBTYKLBRYKPARoGNAhsFNgpsFNgosFFgo8BGgY0CGwU2CmwU2CiwUWCjwEaeJBsFNgpsFMY2GtvoE2CjlI1SNkrZKGWjlI1SNkrZKGWjlI1SNkrZKGWjlI1SNkrZKGWjlI1SNkrZKGWjlI1SNkrZKGWjlI1SNkrZKGWjlI1SNkrZKGWjlI1SNkrZKGWjlI1SNkrZKGWjlI1SNkrZKGWjlI1SNkrZKGWjlI1SNkrZKGWjlI1SNkrZKGWjlI1SNkrZKGWjlI1SNkrZKGWjlI1SNkrZKGWjlI1SNkrZKGWjlI1SNkrZKGWjlI1SNkrZKGWjlI3a93h6xkYpG6VslLJRykYpG6VslLJRykYpG6VslLJRykYpG6VslLJRykYpG6VslLJRykYpG6VslLJRykYpG6VslLJRykYpG6VslLJRykYpG6VslLJRykYpG6VslLJRykYpG6VslLJRykYpG6VslLJRykYpG6VslLJRykYpG6VslLJRykYpG6VslLJRykYpG6VslLJRykYpG6VslLJRykYpG6VslLJRykYpG6VslLJRykYpG6VslLJRykYpG52e+G26RG/XpXqHLtM7dbnepSv0bl2p9+gqvVdX6326Ru/XtfqArtMHdb0+pBv0Yd2oj+gmfVQ36xbdqo/pNn1ct+sTukOf1J36lO7Sp3W3PqN79Fndq8/pPn1e9+sBPaiJBj39hDPNtdBSo1Zaa6OH9AU9rC/qEX1Jj+rLekxf0eP6qp7Q1/SktjZK2Sg9Y6OUjVI2StkoZaOUjVI2StkoZaOUjVI2StkoZaOUjVI2StkoZaOUjVI2StkoZaOUjVI2StkoZaOUjVI2StnIM2SjlI1SNkrHNhrb6BNgo4yNMjbK2Chjo4yNMjbK2Chjo4yNMjbK2Chjo4yNMjbK2Chjo4yNMjbK2Chjo4yNMjbK2Chjo4yNMjbK2Chjo4yNMjbK2Chjo4yNMjbK2Chjo4yNMjbK2Chjo4yNMjbK2Chjo4yNMjbK2Chjo4yNMjbK2Chjo4yNMjbK2Chjo4yNMjbK2Chjo4yNMjbK2Chjo4yNMjbK2Chjo4yNMjbK2Chjo4yNMjbK2Chjo4yNMjbK2Chjo4yN2jd4dsZGGRtlbJSxUcZGGRtlbJSxUcZGGRtlbJSxUcZGGRtlbJSxUcZGGRtlbJSxUcZGGRtlbJSxUcZGGRtlbJSxUcZGGRtlbJSxUcZGGRtlbJSxUcZGGRtlbJSxUcZGGRtlbJSxUcZGGRtlbJSxUcZGGRtlbJSxUcZGGRtlbJSxUcZGGRtlbJSxUcZGGRtlbJSxUcZGGRtlbJSxUcZGGRtlbJSxUcZGGRtlbJSxUcZGGRtlbJSxUcZGGRudnvhtukRv16V6hy7TO3W53qUr9G5dqffoKr1XV+t9ukbv17X6gK7TB3W9PqQb9GHdqI/oJn1UN+sW3aqP6TZ9XLfrE7pDn9Sd+pTu0qd1tz6je/RZ3avP6T59XvfrAT2oiQZN9fRzzrXQUqNWWmujh/QFPawv6hF9SY/qy3pMX9Hj+qqe0Nf0pLY2ytgoO2OjjI0yNsrYKGOjjI0yNsrYKGOjjI0yNsrYKGOjjI0yNsrYKGOjjI0yNsrYKGOjjI0yNsrYKGOjjI0yNsrYyNNjo4yNMjbKxjYa2+gTYKOcjXI2ytkoZ6OcjXI2ytkoZ6OcjXI2ytkoZ6OcjXI2ytkoZ6OcjXI2ytkoZ6OcjXI2ytkoZ6OcjXI2ytkoZ6OcjXI2ytkoZ6OcjXI2ytkoZ6OcjXI2ytkoZ6OcjXI2ytkoZ6OcjXI2ytkoZ6OcjXI2ytkoZ6OcjXI2ytkoZ6OcjXI2ytkoZ6OcjXI2ytkoZ6OcjXI2ytkoZ6OcjXI2ytkoZ6OcjXI2ytkoZ6OcjXI2ytkoZ6Ocjdp3d37GRjkb5WyUs1HORjkb5WyUs1HORjkb5WyUs1HORjkb5WyUs1HORjkb5WyUs1HORjkb5WyUs1HORjkb5WyUs1HORjkb5WyUs1HORjkb5WyUs1HORjkb5WyUs1HORjkb5WyUs1HORjkb5WyUs1HORjkb5WyUs1HORjkb5WyUs1HORjkb5WyUs1HORjkb5WyUs1HORjkb5WyUs1HORjkb5WyUs1HORjkb5WyUs1HORjkb5WyUs1HORjkbnZ74bbpEb9eleocu0zt1ud6lK/RuXan36Cq9V1frfbpG79e1+oCu0wd1vT6kG/Rh3aiP6CZ9VDfrFt2qj+k2fVy36xO6Q5/UnfqU7tKndbc+o3v0Wd2rz+k+fV736wE9qIkGTTXT00+70FKjVlpro4f0BT2sL+oRfUmP6st6TF/R4/qqntDX9KS2NsrZKD9jo5yNcjbK2Shno5yNcjbK2Shno5yNcjbK2Shno5yNcjbK2Shno5yNcjbK2Shno5yNcjbK2Shno5yNcjbK2chzY6OcjXI2ylsb/X/6//ja6Ty4uJ3O+sXtXB7SDfqwr29c3E7tkcXtvDb5/KjPm3WLbvX9j/m8zfc87vN2n5/QHfqk7tSndFfb3j/4vNvv84xfu0efXdxu0V6fn9N9+ryv7/f9B051bMexHf+j7ViwY8GOBTsW7FiwY8GOBTsW7FiwY8GOBTsW7FiwY8GOBTsW7FiwY8GOBTsW7FiwY8GOBTsW7FiwY8GOBTsW7FiwY8GOBTsW7FiwY8GOBTsW7FiwY8GOBTsW7FiwY8GOBTsW7FiwY8GOBTsW7FiwY8GOBTsW7FiwY8GOBTsW7FiwY8GOBTsW7FiwY8GOBTsW7FiwY8GOBTsW7FiwY8GOBTsW7FiwY8GOBTsW7FiwY8GOBTsW7FiwY/veKc7YsWDHgh0LdizYsWDHgh0LdizYsWDHgh0LdizYsWDHgh0LdizYsWDHgh0LdizYsWDHgh0LdizYsWDHgh0LdizYsWDHgh0LdizYsWDHgh0LdizYsWDHgh0LdizYsWDHgh0LdizYsWDHgh0LdizYsWDHgh0LdizYsWDHgh0LdizYsWDHgh0LdizYsWDHgh0LdizYsWDHgh0LdizYsWDHgh0LdizYsWDHgh0LdizYsWDHgh0LdizYsWDH0xO/TZfo7bpU79Bleqcu17t0hd6tK/UeXaX36mq9T9fo/bpWH9B1+qCu14d0gz6sG/UR3aSP6mbdolv1Md2mj+t2fUJ36JO6U5/SXfq07tZndI8+q3v1Od2nz+t+PaAHNdGgqWaa6+lnXmrUSmtt9JC+oIf1RT2iL+lRfVmP6St6XF/VE/qantTWjgU7Fmfs2P7z/Iv+RP9VP9J/04/139uesmPBjgU7FuxYsGPBjgU7FuxYsGPBjgU7FuxYsGPBjgU7FuxYsGPBjgU7FuzoibFjwY4FOxbjP1cb2+gTYKOSjUo2KtmoZKOSjUo2KtmoZKOSjUo2KtmoZKOSjUo2KtmoZKOSjUo2KtmoZKOSjUo2KtmoZKOSjUo2KtmoZKOSjUo2KtmoZKOSjUo2KtmoZKOSjUo2KtmoZKOSjUo2KtmoZKOSjUo2KtmoZKOSjUo2KtmoZKOSjUo2KtmoZKOSjUo2KtmoZKOSjUo2KtmoZKOSjUo2KtmoZKOSjUo2KtmoZKOSjUo2KtmoZKOSjUo2KtmoZKOSjdr3dXnGRiUblWxUslHJRiUblWxUslHJRiUblWxUslHJRiUblWxUslHJRiUblWxUslHJRiUblWxUslHJRiUblWxUslHJRiUblWxUslHJRiUblWxUslHJRiUblWxUslHJRiUblWxUslHJRiUblWxUslHJRiUblWxUslHJRiUblWxUslHJRiUblWxUslHJRiUblWxUslHJRiUblWxUslHJRiUblWxUslHJRiUblWxUslHJRiUblWxUslHJRiUbnZ74bbpEb9eleocu0zt1ud6lK/RuXan36Cq9V1frfbpG79e1+oCu0wd1vT6kG/Rh3aiP6CZ9VDfrFt2qj+k2fVy36xO6Q5/UnfqU7tKndbc+o3v0Wd2rz+k+fV736wE9qIkGTTXTXAs9/eSjVlpro4f0BT2sL+oRfUmP6st6TF/R4/qqntDX9KS2NirZqDxjo5KNSjYq2ahko5KNSjYq2ahko5KNSjYq2ahko5KNSjYq2ahko5KNSjYq2ahko5KNSjYq2ahko5KNSjYq2cizYqOSjUo2Ksc2GtvoE2CjyEaRjSIbRTaKbBTZKLJRZKPIRpGNIhtFNopsFNkoslFko8hGkY0iG0U2imwU2SiyUWSjyEaRjSIbRTaKbBTZKLJRZKPIRpGNIhtFNopsFNkoslFko8hGkY0iG0U2imwU2SiyUWSjyEaRjSIbRTaKbBTZKLJRZKPIRpGNIhtFNopsFNkoslFko8hGkY0iG0U2imwU2SiyUWSjyEaRjSIbRTaKbBTZKLJRZKPIRu2bOp6xUWSjyEaRjSIbRTaKbBTZKLJRZKPIRpGNIhtFNopsFNkoslFko8hGkY0iG0U2imwU2SiyUWSjyEaRjSIbRTaKbBTZKLJRZKPIRpGNIhtFNopsFNkoslFko8hGkY0iG0U2imwU2SiyUWSjyEaRjSIbRTaKbBTZKLJRZKPIRpGNIhtFNopsFNkoslFko8hGkY0iG0U2imwU2SiyUWSjyEaRjSIbRTaKbBTZKLJRZKPTE79Nl+jtulTv0GV6py7Xu3SF3q0r9R5dpffqar1P1+j9ulYf0HX6oK7Xh3SDPqwb9RHdpI/qZt2iW/Ux3aaP63Z9Qnfok7pTn9Jd+rTu1md0jz6re/U53afP6349oAc10aCpZpproaWefv6V1troIX1BD+uLekRf0qP6sh7TV/S4vqon9DU9qa2NIhvFMzaKbBTZKLJRZKPIRpGNIhtFNopsFNkoslFko8hGkY0iG0U2imwU2SiyUWSjyEaRjSIbRTaKbBTZKLKRp8RGkY0iG8WxjcY2+gTYqGKjio0qNqrYqGKjio0qNqrYqGKjio0qNqrYqGKjio0qNqrYqGKjio0qNqrYqGKjio0qNqrYqGKjio0qNqrYqGKjio0qNqrYqGKjio0qNqrYqGKjio0qNqrYqGKjio0qNqrYqGKjio0qNqrYqGKjio0qNqrYqGKjio0qNqrYqGKjio0qNqrYqGKjio0qNqrYqGKjio0qNqrYqGKjio0qNqrYqGKjio0qNqrYqGKjio0qNqrYqGKj9h1dnbFRxUYVG1VsVLFRxUYVG1VsVLFRxUYVG1VsVLFRxUYVG1VsVLFRxUYVG1VsVLFRxUYVG1VsVLFRxUYVG1VsVLFRxUYVG1VsVLFRxUYVG1VsVLFRxUYVG1VsVLFRxUYVG1VsVLFRxUYVG1VsVLFRxUYVG1VsVLFRxUYVG1VsVLFRxUYVG1VsVLFRxUYVG1VsVLFRxUYVG1VsVLFRxUYVG1VsVLFRxUYVG1VsVLFRxUYVG1VsVLFRxUanJ36bLtHbdaneocv0Tl2ud+kKvVtX6j26Su/V1XqfrtH7da0+oOv0QV2vD+kGfVg36iO6SR/VzbpFt+pjuk0f1+36hO7QJ3WnPqW79Gndrc/oHn1W9+pzuk+f1/16QA9qokFTzTTXQkuNenoKtTZ6SF/Qw/qiHtGX9Ki+rMf0FT2ur+oJfU1Pamujio2qMzaq2Khio4qNKjaq2Khio4qNKjaq2Khio4qNKjaq2Khio4qNKjaq2Khio4qNKjaq2Khio4qNKjaq2Khio4qNPB82qtioYqNqbKOxjT4BNqrZqGajmo1qNqrZqGajmo1qNqrZqGajmo1qNqrZqGajmo1qNqrZqGajmo1qNqrZqGajmo1qNqrZqGajmo1qNqrZqGajmo1qNqrZqGajmo1qNqrZqGajmo1qNqrZqGajmo1qNqrZqGajmo1qNqrZqGajmo1qNqrZqGajmo1qNqrZqGajmo1qNqrZqGajmo1qNqrZqGajmo1qNqrZqGajmo1qNqrZqGajmo1qNqrZqGajmo1qNqrZqH0712dsVLNRzUY1G9VsVLNRzUY1G9VsVLNRzUY1G9VsVLNRzUY1G9VsVLNRzUY1G9VsVLNRzUY1G9VsVLNRzUY1G9VsVLNRzUY1G9VsVLNRzUY1G9VsVLNRzUY1G9VsVLNRzUY1G9VsVLNRzUY1G9VsVLNRzUY1G9VsVLNRzUY1G9VsVLNRzUY1G9VsVLNRzUY1G9VsVLNRzUY1G9VsVLNRzUY1G9VsVLNRzUY1G9VsVLNRzUY1G9VsVLPR6Ynfpkv0dl2qd+gyvVOX6126Qu/WlXqPrtJ7dbXep2v0fl2rD+g6fVDX60O6QR/WjfqIbtJHdbNu0a36mG7Tx3W7PqE79EndqU/pLn1ad+szukef1b36nO7T53W/HtCDmmjQVDPNtdBSo1Z6ehaNHtIX9LC+qEf0JT2qL+sxfUWP66t6Ql/Tk9raqGaj+oyNajaq2ahmo5qNajaq2ahmo5qNajaq2ahmo5qNajaq2ahmo5qNajaq2ahmo5qNajaq2ahmo5qNajaq2ahmI0+GjWo2qtmoHttobKNPgI0aNmrYqGGjho0aNmrYqGGjho0aNmrYqGGjho0aNmrYqGGjho0aNmrYqGGjho0aNmrYqGGjho0aNmrYqGGjho0aNmrYqGGjho0aNmrYqGGjho0aNmrYqGGjho0aNmrYqGGjho0aNmrYqGGjho0aNmrYqGGjho0aNmrYqGGjho0aNmrYqGGjho0aNmrYqGGjho0aNmrYqGGjho0aNmrYqGGjho0aNmrYqGGjho0aNmrYqGGjho0aNmrfy80ZGzVs1LBRw0YNGzVs1LBRw0YNGzVs1LBRw0YNGzVs1LBRw0YNGzVs1LBRw0YNGzVs1LBRw0YNGzVs1LBRw0YNGzVs1LBRw0YNGzVs1LDR/2HtW+CqqrL/9+Occx+ce7xe7oXLBRGRSFCREFHxRYhm5BMBlcwH4guRjAyRDFFRjBgyMzM1M7PHxYYxc9SYMsdx/DnmmKGRMUaOr8zMV6ZGxv2ts89W7z3Qv+Y/v1mf9f2udfY+++6zz9prr2s6181qIzerjdysNnKz2sjNaiM3q43crDZys9rIzWojN6uN3Kw2crPayM1qIzerjdysNnKz2sjNaiM3q43crDZys9rIzWojN6uN3Kw2crPayM1qIzerjdysNnKz2sjNaiM3q43crDZys9rIzWojN6uN3Kw2crPayM1qIzerjdysNnKz2sjNaiM3q43crDZys9rIzWojN6uN3Kw20t74dIYzGM5kmMtwFsM8hrMZ5jN8nOEchk8wLGD4JMO5DJ9iWMhwHsMihvMZFjN8muEChs8wLGG4kGEpw0UMFzNcwrCM4VKGyxiWM1zO8FmGFQyfY1jJ8A8Mqxg+z3AFwxcYrmT4IsNVDF9iuJrhywzXMHyF4VqG6xiuZ/gqww0MX2O4keHrDDcxfIPhZoZvMnyL4dsM32GovZFqhlsYvsvwjwxrGP6J4VaG7zHcxvB9htsZ/pnhDoY7Ge5i+IGKrDZy89rIzWojN6uN3Kw2crPayM1qIzerjdysNnKz2sjNaiM3q43crDZys9rIzWojN6uN3Kw2crPayM1qIzerjdysNnKz2sjNaiM3q43crDZys9rIzWojN6uN3Kw2YmvCaiM3q43crDZys3/HJ4GqGasc3jxGRlBFveLfHVBwTAb9zlZgf1TtSYnaYpvq3c/+NOs3AQm2a/aF/hHebbavWdskZLDPQdT2tWOcPdu+07tHwEdwxkooxpGN/P1n25cg6siCnjPs2f6DbCftC+2b7nkBXe1Lfle/GGj3fpJn2WdEOCYixXlKu9P/fftMGG8novb9/tn2mTCyvjXGu7WV8WKcE5B/a+PZprKnvHtvi34xrffz/gx4TsmR7ZjiyHFMdUwLuh8+0YyI4wnHU+q7ss9jvSVJXUvc9k0v+y2EgBGSEYKKF3Y0mgEXHAjjAByECHbhTmBH4RFgj8Qvgb0aw+7Ea/CrYG/AEPv4z/gy2FfwVUTxNXwd7B/xDbBv4p/AbsI/g30bN4PtIRhRQogANbZIJLANxAy2H5HBtpA2YFtJW7BtxA62gwSCDYcj2C4SDHYI6QB2OOkIdgS5H+xOJArsaBINdmfSGewupAvYXUlXsGPIWrDXkXVgryfrwX6VvAr2BvoQwnQIfRhRmir6Iww1MTwv1MWDwB4sPoSoOEScDHa2OBPsXPEJsAvEeWAXiWVgLxWXgr1M3AP2X8W/gr3XCCsKFeZ9iBgjTbMQNuWZ8hA1zba4EbZUW6oRtWyx/BXsvZa/g71faYewEqrAWik3FQ/CbVAbeFttiLUjwtYI62hErenWdLAzrBlgZ1ozwR5jHQv2OOs4sLOsj4E9wToB7InWiWBPsj4HdqW1Euw/2ETYUxJUn9Q21TEKXmsa7DvimAg7DDsmQ8wQx5TAnxEOvB3ogR2NnPDqoU7ti6izn7Mf2GqFSp3jndPAVutU6qwNioRMcD9EGGY1Kw2KDnqa/4tc9Vej4EmDqoPeg+vbgiDCgnYFqfmvNugm2Gp1S11OlxNhV5DLBZkmODhK3fE8Bgn6AKLoCoufH1nkNKkxgz0sWkQWJ34sQqwsNhwsKlwsHsJZJECs0ofhnapvLRswR8wBnCbC/OF7zQz2BgsA54pzAQvFQv4ujEqYEgbvIlyBcZQIBbKSEqlEAnZSYEwlWoHoUrooEFdKjBIDGKvEAnZXIOspPZQegD2VnoC9ld6AfZQ+gP0UWENlgDIA8EHlQcCBykDAhxSIPeUx5THAKcoUwKkK5EhlujIdME/JA8xX8gHnKHMA5yowW6VQgdkqRUoRYIlSAliqlAKWKRCNSrlSDvisAjlZqVQqAauUKsAXlBcAX1ReBHxJgf2rvKy8DPiK8grgOmUd4KsK7GXlNeU1wNeV1wHfUN4AfFOBTKG8rbwN6FbgzSpblC2Af1T+CLhV2Qq4TdkGuF3ZDrhD2QG4S9kFWKvUAn6kfAS4R4E9ouxV9gLuU/YB7lf2Ax5QDgAeVA4CHlIOAR5WDgMeUY4A1il1gMeUY4D1Sj3gceU4YIPSANioNAJeVC4CXlYg/yhXlauAPyg/AP6o/MgiX/2dX5n9qq/VZoXvZtqv+vrb/MHWftU3wBYAdiD7Jd9gWwjY7djv9obbwsHWfrf3Ptt9YEeyX+/tyn6lN84WB1e6s9/nTbAlgK39Pm9vWyLY2u/z9rP1A1v7fd4k+B7ox3+f92FbKtja7/MOsw0DW/t93pG2UWCnsV/RnQJ71g92IuRpJ3wHQIITvgYjM3x79ANbdsrI4LQ4FbDbONuAbXW2BdvmtIHt7wwAO9DpBDvI2Q7sUGco2O2dYWB3cHYAOxy+hQrOjs5OMGaUsyvYMc4YuN7N+QDYcc44sLs748Hu4UwAu6ezF9i9nb3BTnT2AbsvZAkD5IcBYCc5HwQ72TkQ7BRnCtiDnIPBfsg5BOyHnePAzoJMYoAc8gw8UQlUnSbnQqj+JOdqqPJE51qo70Sn+qt4olP9/6cSnerfBhedal1GnVug2hKd26HOEp07IQuJLPOIUEndZhXTL8gvqJn9XrDkMiPB5efyQwaX7PIH2w45R+L5xYyzDWnIMLlgcjbqMrlgdj5aPmV+QR5aPX3q4wXoyPSCqbPQiRlTswvQpbzJc/OxjEKQMPjBtDDUZdjQcWGo1+jhKWEoJSMNcCRCHg8S4QQOQp1QD5TAfIpMyIWiuG1GwSia234wVmduy6gd6sKynuoTIAuyIpI8YnQYCh2dlgyfx1oEaGuD2qMY7qlnfSjqyj0K94ShbnfHwajtXVsAsaEOKBbmgB8eA09g55/lj8K5ZUcdUQCiD48cOQRFpI0YFoZi09MeCUP9+QgicqAI9ACfcwC6D8XxFgkFokjUnXsGODbuR/Ho4SlznpyDdzHczXAfw4MMjzCsZ3iC4alZUwvy8XkVSQzD4QzzGVYxPMzwGMMGhicZnmN4keE1hrcYNqtIBYZmhtbZkwtm0QCGgxnmMFzMcCPDPQyPMTzP8LaKArtXSGO4iuE7DD9keGT2rNmzhDMMrzG8raIoMbQydDEMZxjNMI5hIsNkhqkM0558MranmAXYS8wvjk2IF8sAe4gVgAniCsCe4mrAXuJ6wN7iJsAHxXcAk8UawIHidsAUsRZwkLgHcLC4vzi2Z6x4CPABsQ4wTjwO2F1sBIwXzwD2EC/wvfGfYAeIzxiIvFiIjjiIg3gW/z1RL9QbJaI+qC+ahCajbDQF5aCpaBqaDjXlTJSLZqE8NBvlo8fRHBhF8RlFf89/3x7q0/6fzw+jJxjiFljgZcte2LKnigGwY/vBrhqAktCDKBkNRCloEBqMHkJDUCp6BA1Fw9BwNAIyyiiUxnKB1ru1Xv9dq/L/aB0B7UbICpTtfAl2tRFy2X93rT3MR4EMZoXMZIPMY4eMEgC5wwk50wW5MQTyYCj0CoOICodsFAE5JhJySSfIoNFqtvw/GOH/+plE9DAajx5DE9BE8Cj3fstSv435/RdsROkoA2WiMWgsGoey0KNwzYRGt3IVQ2SrmM1wCsMchlMZTmM4neEMhjMZ5jKcxTCP4WyG+QwfZ+i9KwpQE75BJPjelUhSSRbJJcWkgqwl1aSWHCRnyHUqUDvtBd+wCoU8cb9YL56TcqTl0m1DtKnEVGXaYKox7TYdNjWaLplt5nDzYHOJeYd5v7neT/Cz+0X4xful+KX75fjN9SvzW+V3XVbkULmXPEQeK8+QN8pb5T3yGfm6RbDYLRGW/pbhlgWW7ZZ9SrIyHurnC0pTG3OboW2q2mxos8uaYB1szbXuaSu3LWy7rO1GW5Ztpe2Y7ZKt2T/cP84/2T/NP9u/wH+x/0r/Hf4N/s32cPtge669yr7NXm9vcpgdLke0I9GR6shy5DqKHRWOtY5qR63joKPBccHRFGAOcAVEByQGpAZkBeQGFAdUBKwNqA6oDTgY0BBwIaAp0BzoCowOTAxMDcwKzA0sDqwIXBtYHVgbeDCwIfBCYJPTDF+HoqGmSoUKKddZ7KyAWqjaWes86GxwXnA2BZmDXPANKzEoNSgrKDeoOKgiaC18v6oNOhjUEHQhqMlldrlc0a5EV6ory5XrKnZVuNa6ql21roOuBtcFV1OwOdgVHB2cGJwanBWcG1wcXBG8Nrg6uDb4YHBD8IXgphBziCskOiQxJDUkKyQ3pDikImRtSHVIbcjBkIaQCyFN7cztXO2i2yW2S22X1S63XTHbA9qfO0BuC64E38gqGjvsRazWMsENGr8RqfGuNV73QA1jSvb10+J8/dEXff0x9b7+vAJfv/ikr79gLTIZvfyqaV7tEsJv1fn676k7ycR2mo3NGL9/TOPaGLiO7430t42+/r7+Xj7oJ3nMv7ca6rX1nA9pfIj4jnEolvkCZLkAyGSRWss/b2l8WOGczLmI9XbCadYfMvhw2PsTYEfno0JUgpahKrQabUBvoRq0A+1G+9FhVI8a0Tl0id9dzPkdzvs1/pRwDuM8nnMB590aH5E58/YjazjXa/yZnXM651WceXudjfNIzlWcD2t8lD/tUd5+tIxzLXvqcDit0iDLZUOuKkDFaDGqQCvRWrQJVaNtqBbtRQdRHWpAp9AFdA2yE8FmbMMuHI6jcRxOxMk4FafxEfkKHBus8ed8BT7fo3E9n2n9Ys7XNf4ihvMyzic1Ph7Omfc/fkbjL/n7/JL3//K8xg2bNf5XtsYn+P0nVmr8lcC5iPMRjRujOfPxGvl4Xw/lvE3jk3z+J+dyPq7xv3txXsu52TcaT8m+Ef19BPNlFpkxrUSd1ovP5vvbGl9aofFl/vSX+3Pms7n8Lud9nJs0vhLHOZVzacv9dIXfezWW8wzWR/12FQH1XjzUdilQ0aTDuZsD55jWh8fRVf451zZq/MMQzhc1vs5X/8dEzjs0vsHf0k0r58rW9uxNPvot/s5+4td/qme9+6AFqAxVolVoPdqM3kXb0YdoHzqEjqET6Ay6iK6j21jAMrbjEByBu+B43Ben4KE4HY/HOTgPz8ULcBmuxKvwerwZv4u34w/xPnwIH8Mn8Bl8EV/Ht4lAZGInISSCdCHxpC9JITwumvjO/Zk/we1QjX9J0riZP6FHe5MEdhRjrMUdIdqbJUInjcVMjSVtZYlhu8ZGbcWJSdsnxCxwbtDYT4tPIldobMnRWEnRuI32XwOIVeKsxTdpq2VPYtMiiPiHcNYyB7GXauzQ9jMJkDkf0zhQy8JE/XNMlYO6cL6msatW42Bt/5IQbd1IO/457bQIIaEfaty+ivMFjcP4/R34c4VrGZJ05OvQkc8zQosNcl8CZy2vkEi+fvfz5+vE2zs1axylZWoSre0s0jnLZ9+SLqE++5bEFuj8Mp2/3ucMJLHbvNrBf8Dp68elttiJpDuPge48Brrrxuh+vOU98TWctfxIehSzPiLU906o4TuhWH59I2ft5CAJ/H0mJHMuav2+hA2c+XvvaeacxLnQdx16bvCdc88Drexs0juMM4+e3vwpet/yfQuJfVkloflQQSRO8mpX/Rle7XB/Yq6XT8A/4ev3ifb1k4t9/ZT9yGTyepqhUK8QDD3urEkv+MY5BL5XjuXtWl4lw2ZoPJxH8QjtfCej+G5M004HMprvugw+fmatT6UEV8bw/TN2q+/MxiXqez6qnaxkfC/fNRi/Xucf8X2m8TeQSWrlTT9m55zImUfhY1s5N7HK9O6MJoT6vqvJ03TRCdemDtV4cZjGa3d73SMisi4MmcxeY/zxipcP7e9d9I2uP2vnhNcq7OCz3tHoO5udu1uLu49KOGvnJNnNs9vuDa1EP3z+x+Ea7+Xz2U80/p9bGh+Z4/s8DeG/43Qn/+YrekqryshpnjvP8Jx7lp8V53jO+8bKmefE83wvf8tz2XdxnC/5rA7svoubNP5+MDL5ea3j90XM/415fs9z7CW+1y/xnHqZR/EVfnZdWaPxVZ5TrvKcfPWcxtduafzDcM7vIpPBazbXbTq/kM1OgqdwQY0ajeIQj8nr/PT8ka/Ejbc0vsmz+K0FGv8U+msj/JTNuU7jn/mz3uZr+cskzsd8I685WR95zfxkbl7GcsRvrGUzrwOaD3Dm57BH4czX2FPAeTlnnn89exlTGFVjLaNQXOIzT4rfbXFGUHyAs/aZlBh5fgjQzVlrtXFO4byY83bOWoVOqZlzEue5yCRgZGCfe69y1NoqOGvvjwqIcyxn7a1QkT+FOITN0Oz19pLvflfRekziXMX5Q85XNJZCOQ/lzGcg7eGs1QnUEO2zg6khU/eeqYmPYMpnLbYW82ntu5N2Rw7nlZx3c+ZzNLs4D+Y8h/N6zvs58/5+Ts7JnPM4r+F8iLO236gcxjm11bOdynwtZb6G8i7OWi1BLVZ2X8tdRC1aNUUVPuM2lRpbtWinba2cK3UZibY9pXFQrE+dQIM3sV3kE7chWo1I2/F32e6AV40Ffqii87vo/KE6P0/nV+n8rTpf+3MNnzmF8jm159HRvlfLPu3TOBdz3tRKHx4L7bUcScOUln3Cojmncy5ppQ+PlTAeK2FXWvbpoHDuxTm7lT6lnN/lfLyVPjyuwiM4j2zZJ5xHRDifV/iBVvrwPNTRzjnJp7KgHXN8/cjNPmc7HRfm6094y9ef1ODrT77u60/Z6+vnxPr6082+/szxOv+Ir58XovMrfP3ZQ339x4t9/Se2+/pPXvLdG4U5Ov+Mrz8vx/f+eWd8/eIKnyqaPr3ZqyKE9V1oZnvvnj/N11+c4lOL0qXhvn55iK+/XNb5t339Z2O9Ph/m8+wEVpH+up+r872/c6j+Yp1fofNX6vy1XtUQ+BUunZ+s82fo/Cqdv13nN/j6zyGdH6nzh+r8Ap2/xqs+Uv09Ov+8b/9Kq85P0PkTdH6Zzq/W+Ud816/yhq//B8ErXlTfqPPNv9H+n/rSb38e+jVfaOlXJfr6z+f63r9irc7fpPOrdf52nb+bVUZ3x1+x19d/wabzh+v8VTr/jO/4Kzvp/Fidn6jzU3T+cN8aaOVYnb/bt/+LETq/i86P1/l9db7u81/0zo+Qz15M9/XXhPq+37X9W/pe/w2lpT9c54/X+Xk6v1jnL9f5a3R+tc6v1fkHdX6Dzj+v82/4+usEnW/X+RE6P17np+j8dJ2fo/Pn6vwynb9K52/W+dt1/j6dX6fzT+r8Szr/tq+/3qzznTo/Uufr1mN9ss5P0/lqXWyGyO+ERsJ5pcCeW4wQiSUj0UKymXyBNtJX6avomDBXeB19Lh6VlmNqHm2ejD8wl/thfEC2yoPIQPlReQOZb8mx5JKPLAstlWSfQhQjqVNuKjfJlwhbdqh/t0iqt7f+vxiQXvZkLxnCJaYVSbOX3pVlIGtANoEcYHKjhcQ4kMMWcJ1L8z0JNDKZ0KrMCKy5K+cDr90RZzqX4lakEmSl69Y9CSaasBadBFuDI+9Kl5D+IClMslsTZ2XInJBl7c57yTVVQsNalZjQsXelILTormzi8k6rUsNkO2dfaeQI/dpHMIm7I9rd7fu2H95+efu97W+HSaroRw+TWxNt9LCAsCQuafdE/ZSwsSqGNqrasTpqzV2pjtp6V/ZyOQDSGHUgegXIhs6VnTdFHQCs7BLWNTImnklazC6Qw93KQCpik2IzQZNixz8Q+cBtVWKT4lxxQ0Cy4/LiCro7QeLi14PUxO/q0aRJQkjPxt5liYMTr/RdCbK+X2G/Xf3qB1i5uAZEDIhLWg6yOulMcuLAHCaXUsKYZKWsGmTmYgcvC3g484YPmgRiHlQx+OJDrocqH9nxyI6hfYftH3hJ6w08XOs1Yr3ab0T1yNKRVSPXj5JGlTGpGXWASf2oM6OaAOvTOoH0Tzue1ji67+jDINfTd0OvmowuGV3SOgEmqhZIUkZqxtiMRlUyhcxoJn0zU0H7ZqZnZmemQ3tq5q4xiWOSxtSBXBlbAv0EaGMtY49npo9LHjf00ZrHIibsmDJnSvGUstnZs3flJ+SPvcP5FfkVj1vn5s8tLawvPDkvdF7SvNR56fOy562Yt2nevnmH5x2fd27e9SJzkb0ovCi26HDRlfnS/JHzJ8yfM/+t+XuKXcXxxSuL9xQ3Pb396XMLQhakLchZULFg8zPmZ1Ke2VQytqS4ZHPJ7pIjJU0L5YUJC0sX1kJqSCgdW5pbOrd0denG0r2LhEUJi5Yv2rTow0U3FhsXJy5OX7xh8fElriU5SzYsOVKmlEWUZZUVle1fKixNXbpmaf0yeVnNr+Qqe4t85JNtlh27J2oeWdZ8T7QM8it77x39jvPdJ1qkt5p17mQeL/HNHeUR90TNDuVx90TLC2oODTS2j2h3DfJwr0HD4Um0HKwy5NvAGsivNxwo4Lo95m7OhL7O9Ki9LP/a7Tfu5U6+SqXqPSBar1IHurt6cFXNxaxvL7WdXecrCOPa4VMPQNZG9l5stBj7Gvhku9qXnRNDWjkf0tjn3TsH7p4E6jgtsz/P/UafjD+DZ/vzd/K8Og576k1g37iTCeF9SNr7UnOTln+0/Ka9RzUnQgZU39reO9nx7huFHBf6TnmSese9dxy1tTypPAlynNorDdpqwpKitraMCciDcV4ZtZU8651XW+ZUnrkjWDRpWbT6Tv5U8zpcgU8tTw2T4MrW0Jq+KzO6hGRr5xhjOLNCx8JJlR0y5+7pw08VZ3FI9r0TSItK9WxjvbPVHnBvWMgctYVdgV7qdWexPeZOpIYWQVtKyBz1fmazq/fOUe+TVJ0LOzXvnJv3Ts45MDvdOelzUsbw87GAnY1s9tA+ln86fP6ompD+oZtgPj6rr66ausblSd479s4aaztRXU0tUqL2hqXB+4C3qa5EaI3rFnvfkvpuvHb1mjAZnpWfsOztgl2eGtpYnqqJ+gkqR21V34pqaZGmcnlq58roFZpqJ1z0CnYqeYl6wmmnGzsf/z+Fnale0rKHetJ6Cz9x70rLO9hJ+x8JO4t/t9w5sX9N9Culyt1z/FeEney/W1i18TtFvzqsRvGSluvHahcvUeNee9P/mbQc+bdn9/tEW2e1dnGggTkjS1Oy7L3UqkeVgZfUKwNz1EqHeZdGlqo1EG8DgQpqtVo1aVfZyTRJE/WeR3aolRWroYYPGs7qI7WGGp4SNvCSWp1ANXOnilFFgPomMaNRrWBUj1c6fbktQBWUpF5htQ7cl8GFVTx1rDaCvqxVUDFMht6CWk1BtijLSGR1Vz2XGnalTK26mFeTkajmJd4GApVb1agDaoXG7jvDajUQVqcdZvUc9FWrs3v12qiaQZPYimSpazGmTluJgTnseWDG2kzTOrGx1U86o46ljavbiy3eqHccxMRrHiK4DXxr6wrfFhPRABSNHgSJRY+g0egB9reGE9E4NA31RTNQJUpFVagaPY5q0W7w9oC8gA6ierQSHQd5DX2FzqKN6BsY0Y2DcTCqw6G4KzqKh+Jh6DQegdPRWZyFx6Pv8EQ8EV3Ck3EOuozzcD76AT+F16AbeC2IC68HCcYbQEKwG1fjdngP/hS3h++rcbgbiSc9cRxJJIk4gfQnA3BPMpCk4N5kMBmM+5Ah5BHclwwjw3ASGUVG4wdJJhmLU8ij5FH8EJlIJuIhJIdMxQ+T6WQ6foTMJPl4KCkghTiNFJFyPIY8S/6Ap5PnyWqcR9aQV/Bc+Ib8Hi4k75O/4zLyP6Qev0yOk9P4bfIt+Q6/Ty6TK3gHuUZu4l3kJ/Iz3k08FOG/UkIp/hs1UAv+O21DbfgQtVM7PkIDqAt/RjvQcFxPI+h9+Di9n0bhBtqFdsVf0W60G/6aPkDj8EkaTxPwKZpI++CztB/tj7+hSTQJf0uTaTK+QFNoCv6ODqMj8EWaTsfiyzSLTsHXaR6djZtpAZ1HEF1AFxCJltASYqCr6cvESGtoDTHT7XQ78aM76U4i0w/o34iFHqZfECc9Rb8j4fQG9ZAugigoJEGwC51IktBP6EcyhLlCOckUKoQ/k1xhl7CbrBb+KXxKXhXqhLNko3Be8JDtolk0k0OiLMrkn6JVtJHD4lHxS/KZeEI8SY6Lp8XT5CvxnHiONIrnxW/J1+J34hXyb/GaeI18I/4o3iTnxZ/En8h34s/iz+Si+Iskku8lg6SQG5JVspJmySY5iEdySqGUSh2k7tQs9ZB60HZST+khGiqNkDJoN+kxaTFNkMqkZXS89Kz0HJ0oPS89T7OlF6SVdIr0kvQSnSq9LK2n06SN0kaaJ70hvUFnS29Kb9J8aYv0Pn1c2iF9SIukj6W9dKG0X/ofukT6h/Q5XSp9IR2nK6UGqYGukhqlr+lL0jfSBfqydFW6TdcZkIHQtw0GQxitNkQa4uk+Q29DP3rUkGRIoscNAw0P0S8NqYbhtNEwyjCKnjakG9LpGUOmIZOeNWQZJtJzhimGHHrRMNMwk14yzDIU0cuGYkMJ/cVQalgkEMMyQ7kgGCoMzwmS4XnDGsFoWGtYK9gM6w3rBX/DBsNrgt2w2bBZCDBsMfxFCDT8zfAPoZPhM0O90M3wL8M1oYfhuqFJGGa4bfAI6cZIY6Qw1tjJGC2MM8YYuwnjjfHGeGGCsbcxUZho7GvsJ0w2JhmThCnGIcZUIcc41DhUmG4cbhwhzDCONmYIucZxxnHCbOMU43Qh3/i48QnhSWOxsVgoND5jfEaYZyw1LhaKjOXGZ4Wnjc8ZK4US4/PG54VS40rjSmGRcbVxnbDY+LbxHWG5cYtxi1BhrDHWCM8Zrxl/ECqNPxp/FKqMt4y3hOdNyISFFSbBJAgrTQaTWXjRJJsChZdNQaYg4Q1TsClU2GwKM4UJ75hHm7MEt3mSeZLwnjnHnCNsM88wzxTeN88yzxL+bJ5tzhd2mOeY5wi7zIXmQuEDc7G5WKg1LzAvFP5iLje/K3xs3mM+IJw1f24+IVwyN5rPCjfMP/m5hGa/jn4rxDC/lX6vi1V+O/x2ixv8PvW7Jr4tG2Sn+IncWR4kfqX+qwPxljxLniOZ5AJ5rtRGLpSLJJtcLBdLDnmBvFQKkJfLVVAarpBXSPfLK+VVUid5tbxR6ixvkjdJCfJm+V2pp/wnebuUJO+U/yINlj+SP5IekT+WP5aGyn+VD0jD5ENynZQhH5OPSePlevm49JjcIH8tTZL/LV+Rpsk/yLekQrlJvi0tkJstSFpoIRYiLbYIFklaYjFaLNIyi9USIFVanBan9KLFZQmRVllCLRHSy5ZIS6S0wbLQslB6zbLIslTaaFlu+YP0puUFy4vSFstLltVSjeUVyyvSVss6yzrpPcurltelbZY3LG9LOxWiKNKHik0JlP6hBCvtpE+Vm0qTVIckvMfTQId5PqQZqA0di2Ra4LlKd6OecO7s8RwB7yyzLtIMzxmEAW8iAvgPOtZzBPmhLZ7baJ/nNp6E/PFklIazURCegjrAudEWz0JtoWc89BxA8zwfIwzjnEYC9JWhb1voK0NfMxvvLPS6BIE0AYVAe0doz4D2dtDeEca6D8bqAHevg/k0Ij+wtsF829IFMI9nPDthvon0tOdlegbF0rMojn6DOtNvPZ/RC+rfGoPRj8Dop5AAFqFjm3+G2ayCkf6GilAbODOtoIkoCvUBzfF8hqaCTgN90vMNmuu5jp4CLQSdB1oEOh/JqNhTh54GXQD6DGgJ6BK4vwx0Kegy0HLQ5aDPglaAPgdaCfoBSoYTOhndArsZ1IOiMALFoCNRHzwKNA10NGg66Ew0Au9H7eGJZ9JM1Jc+iox0ImgeWk4XolC6CIXRJShUeM1TJ2wEfR20DkUJR0GPgX4OWg/6Behx0C9BG0D/BXoC9CsUJVo9n4knPXXid0gWL4L9PegVT50kolQpCrg7ipISgPM8n0mzQfNBHwd9yvONVAgKayPB2kiwNlIxKKyN9CfUR9oKuhP0JupjiEbtDZ1BJ6IowyTQbNAnQAtA54OWgi4ChTUyrAB9AfQ10NdRsmEL8Pegl0CvgF4FvQZ6ExTW0DgFNAd0KuhTqL0JoT4mO2rPYvccxLWZWd/CW7+JHBC170PUvg/RFgnR9iBE22KIttEQbdkQbQ9DtCVB780QLzE001NFx3iKIYJ6QNy8BCNMors9b9HTEGdnEaXnIAa/RY+yODsDvU6gtnd3xQTUzWv8ITB+IYw/CMbvCb2zYOxVMPZOuKs7jL0axl4H430I42UiBUa5DKNchlGsMMr9MEo+jNINRukGo3SGUe6HWTbCSJ1gpBwYJQ5GeIc96T/A+hNywhgfwxgfwxid8ERPLYzTDcaZCOPEwzijYZwBeKbnUxirG17j2QV3/gXGE2C8QpjZNBjTH2a2BEZ7jp7yXIfZHaTnYbd+i7rSC3zHtoVRo2HUmTBqTxh1EIwaASN2gtGOwp1HYecNg6fMQH48w/wCmUTNLK+gJZ6LqAx0Kegy0HLQ5aDPglaAPgdaCXrQcwt9AnoI9J+gh0E/BT0C+hloHehR0GOgn4MeB/3K40GNoF+DngT9N+gp0NOeT9AZ0LOg1zz/Qj/APr8O+iPoDdCboLcgu/0E7U2gP4PeBv0FtBnm4vFcxAgUs6x4mmZBhI33XKYTgCd5Lgt1novCUdBjoJ+D1oN+AXoc9EvQBtB/gZ4A/Qr0vOeW8C3oBdDvQC+Cfg96CfQy6BXQq6DXQH8AvQ4KcxGaQT2eT0Sb5xNDkueWYRBoKuj/8m7n8XHWZb/H78y0SZpMWEpZi5ZAQUEB2RVwwaUCSl1RxOfxiShqEBFBNn0KLUF4kKUqAkVEVIpstiixKCKhQKElEEjabM2UJm06JJlO0iTNPZkW8HfeMydy0HPO65x/zvnj42z3cl3f73Vdv98d6icwPwxUfN7rmTjb71/GV/AfIVdRh3Pwbb99z+tF+L73l+FyXOHzf3pd6HURrvX+OvChYrHXn3j9KW7x/ue4Fbfhdte/2/e/9X6p9w95/7D3j4NHFTyq4FEFjyrSIVRsAI8qeFTBo4o+52zCZvCoYiikK7LYKpcchkNrxQi2+W3UtccwjgmfeVeR9zrpM48qv4av41x+JTwVzSqtXMnoZrV7phourl7TfVrm0+k+nabKVyVfjt4Vlfk2H31UZaZVZlplplVmWmWmVWZaZaZVZlplplVm2tEDKq2g0goqraDSCiqtoNIKqiinYvIqJq9i8iom734r3S+d/PdoevKrOEcFfS30q5q0qkmrmrSqSauatKpJq5q0qkmrmrSqSauatKpJczLPyTwn81xMczHNuTzX0lxLcyvPqTyn0lxJcyNN9QLVC1QvUL1A9QJVc1TNUTRP0TxF81RMUzFPxTQV01RMlzq2J6qg5Sk6udLa+4S1d0Wy1VrbZhWy2pT0zcqwTYabSvr+p0/7+LQ/fa92ha7oLOtkrXWy1jpZa52stU7WWidrrZO11sla62StdbLWnY63Vs61Vs7Vs+16tl3PtuvZTXo21rOxno31bKxnY+vpTD2b0bMZPZvRsxk9y+/oE9bNY/XpJn3aq0836dPe5DnRIcmv4fzoGuvoHOvoHOvobGtnrbWz1tpZa+2stXbWWjtrrZ211s5aa2ettbPW2llr7azVixm9mNGLGb3YrvdiPdeu59r1XMYaV2uNq7W+1Vrfaq1rtXolY22rtbbN1SsZ61ut+m9X/+3qv139t6v/Tep/k/qP1X9s/Ztp/Zup/jNqvl3Nx2o+Yw2stf7VWv9qrX+1xXoP47Qetz+7OfyIA6ea55vM80s4cSon7vXrjar9Y8m1dlLt4e/JjuickntpR/c4qtuKeXO40qdznLvWuet8+yHn3uzc1c493bntzvtSVD7VR190ZIcj2x15eml/VayZ+0pXOtfvH/T7S37v9PtJrnS9X//gSh92pWZXek/p+PWlfeLG0v/mo6qyXaM5ZWfjfHwH38WF+B4uwvfxYyv97mUroxp3udrVL3ed50t7o19Heycfj45LPsX/zdFBVu3P2SXOtHLvZ5d4UHLQZBgSQdZ3W6PjrOcXhaecsZc95YHFNd3550enWcHOVvNfjk5LfqW0+zot2kVks0U2W2SzRTZbZLNFNltks0U2W2SzRTbbmbOceYEzZznzgtKZNc6scWaNM2ucWePMGmfWOLPGmTXOrHHmIc48ypmHOPOo0pkpZ6acmXJmypkpZ6acmXJmypkpZ6amzjx26sxjZfLl6DDvDitp3FjaI0xSK03hT+Mz+Cw+h89HVfZuVfZuVfZuVfZuVfZTVXbuK6M9nPPpqZ3GqpJHm6L2sneGzWWH4jC8C+/G4TgCR+I9OApH4xgci+NwPE7Ae/E+nIiTcDLejw/gg/gQTsGH8RF8FB/DPHwcp+I0nI5P4JM4A/PxKfwCd+KX+BXuxq/xG/wW92Ap7sXvcB/uxwN4EA/h91iG5XgYf8Af8Qga8SessFtb6fWp0FP2NJ7BKjyL53y/OnSUrcHzaMYLeDG8WtaCl/CyHcTZnla+ElqnPWsn8RxWYw2eRzNewItoCR3TXsLLoWP67mHz9FnYE3thb+yDfcPm8sW4AzQo/1V4tfx3YVv5fbgfD+BB/Mn3z3i12yx/1vvW0FG+zvHd3ufD5oq34e2YgwNQG7ZVHIiDMBcH45DQUfEOvDP0VBwKtVChFir4XnG0z8f47aTwasXJXj8btlUmwubKJKZhOspRgUrMQBWqkUINdsGu2A3yrZyJPSDvSnlXyrtS3pXyrpR35X6Yjf0h/krxV4q/UvyVtTgQB2EuDsYhYjo6vFp5DN4XOipPxEm++xDm4eP4D8ed4/Ubfvum476FepyHS/y2AFfiKizEYt/f4/j7HH9/6Kl8wOcHMe67OGyeUQa5ztgjdMyQx4w9w6szDlBDPyyjThl1yqhTRp0y6pRRp4w6Zc4oo04ZdcooU7ZbGCjbHTOxB2ZhT+yFvbEP9sV+9qxvxxwcgFociIMwFwfjELwD7/SUfSgOw7vwbhyOI3Ak3oOjcDSOwbE4DsfjBLwX78OJOAkn4/34AD6ID+EUfBgfwUfxMczDx3EqTsPp+AQ+iTMwH5/Cp8OWss/gs/gcPo8zxf0FfBFn4UtYEIbLrsRVWIhFuBoNuAY/wrW4Dv8FzxtlPwmTZT/Fz3ALfo5bcRtuxy/MyDvxS/wKd+PX+A1+i3uwFPfid7AClt2PB/AgHsLvsQzLYdaWmbVlf8QjaMSfsNIsfwpP4xmswrNYjTV4Hs14Af86Rc4MXzWlz7IO7Gryn2wd2NX0P9nUbptm4k0z8aaZeNNMvGkm3jQTb5qJN83Em2biTTPxppl400y8acs9ozyMP+CPeASN+BNW4C9heNpj+Csex9/wBJrwJFbiKTyNZ7AKLVFq2kt4OUpN3z2qmj4rqp6+J/bC3tgH+0bV5TeG4fKbQq58sfe3eb8kDJTfYU3iQWma/dpvcim/129iLhdzuZjLTenyh8OW8j/gEb81ojjlHnX8n333mN//isd9/hvEWS7O0vRb7XOz317w+qLvWvASXkZrlCpf596e7co925V3+q4rTJYmZY/YPM+VDzjXM0t5znu763K76/Jt8MxS7pml3DNL+XZMIEZebpNhS8UuYbhiV+yG3bFPmKzYF/thNvbH26KqirdjDg7AIVGq4h14Jw7FUb472usxsMpWWF3/+9SNUpWJqLoyiWmYjnJUoBIzUIVqpFCDXbArdsPumIk9MCuqqtwTe2Fv7IN9sR9mY3+Is1KcleKsFGdlLQ7EQZiLg/GOMFz5Ls9o78bhOMJnO4XKo7z/xyQ+1vvjcQLei/fJ40R80vsz4Dm38lPO+3RYVfkZfBZfCpOV/yHObzjuX6e0591Kz7uVl2GBGK7EVVjo+OvdW/+XpvZtXpe47h34Be7Efa53P/4xxR/yHQ8rY+e+FiZnRGHLjDJ7pcqQm0HPGVVed/f9HlGqNNmtUDP29t0+2Bfm8Yz9i3+XLHb61L5qgQ7tKO3Rnn7z+wt8f0Xp7yjF/dZIND1xavi35BnhGbvTquLftvw2HL078Z6QTRyLE/BBnBraEqeFFxKfwBl25WeGjXYXG+wuNlSdFV6oOhvXhWzVf+F6/Bg34EbcBM9yVYvxE/wUP8Mt+DluxW24HUtwB36BO/FL3IVf4W78Gr/Bb3EPloZs6l0hGyVFmk+c5Zn4Is/QJ4k/Fn+cODFkxB8nPuL1+rAp8WPPLl+ODje/DnfkC1WfC5mqz+ML+Dd8LWyqOg/n4wJciO/juhDLLZZbLLdYbrHcYrnFcovlFsstllsst1husdxiucVyi+UWyy2WWyy3WG6x3GK5xXKL5RbLLZZbLLdYbrHc4urTw6bqT+CTOAPz8Sl8Gp8Jm+Qe8/CE0MWhFxMlH8Oa0l8O58j9fnnfn/hyWJ74Or6D68NKGqwsPn/L/X653y/3++V+v9xXyn2l3FfKfaXcV8p9ZdXlYXnVFfghFuFHYbm4VoprpbhWimuluFaKa6W4VoprZXQKB+o5UC+2fg7Ui29SBU2ooAlx9oqkWyTdyTP/PpE86++x1aWGM0daXWq4c+TUM/4q1TWhuiZE1y26btF1i65bdN2i6+ZMPWfqOVPPmXrO1HOmnjP1nKnnTD1n6jlTz5l6ztRzpp4z9Zyp50w9Z+o5U8+Zes7Uc6aeM/WcqedMPWfqOVPPmXrO1HOmngLdFOimQDcFuinQTYFuCnRToJsz9dFHqFBHhTpePE+FOn48nzg1epvs58t+/tTfW2+Yep4+jAp7UeEYKuxFhWOm/kr8JV49z6vnefU8r56nxnxqzKfGfGrMp8Z8asynRh016qhRR406atRRo44addSoo0YdNeqoUUeNOmrUUaOOGnXUqKNGHTXqqFFHjTpq1FGjjhp11KijRh016qhRR406atRRo44a86kxnxrzqTGfGvOpMZ8a86kxnxp1UYVamJBxSsY/lfGlMp4pwytleFm0L41W0WcVbTpp00mHmTSY6ddb5L9K/qvkv0r+q+TfKf9O+XfKv1P+nfLvFEenODrF0SmOTnF0iqNTHJ3i6NQr9eG+f5l3E9Hhic+YcWeh3pw7z4z7Ns6Ha4u4781Zt8DMuCq8UP3DkK3+TyzAlbgKC7EIV6MB1+BHuBZmY7XZWG02VpuN1WZjtdlYbTZWm43VZmO12VhtLlabi9XmYrW5WG0uVpuL1eZitbm4ywxUodrMK072bCn2WI9n9HhGj2foVnxOP8Sva/VuRu9m9G5G72b0bkbssdhjscdij8Ueiz0Weyz2WOyx2GOxx2KPxR6LPRZ7LPZY7LHYY7HHYo/FHos9Fnss9ljssdhjscdij8Ueiz0Weyz2WOzFmXVWWE/tFyn81Jszq5hRb3S0jBr9vtnvk9x4nRuvc+N1x/Y6ttKx1TqlSqZH6JQq2R4x9Teg5zj0Oodel2WjLBtl2SjLRlk2yrJRlo2ybJRloywbZdkoy0ZZNsqyUZaNsmyUZaMsG2XZKMtGWTbKslGWjbJslGWjLBtl2SjLRlk2yrJRlo2ybJRlY3ScTBp4s4Y3axL10f78WSODr+mAHTogL5NrZLL31F9m9i7+ZUYmtxf/msW7Nbxbw7s1vFvDuzWyapBVg6waZNUgqwZZNciqQVYNsmqQVYOsGmTVIKsGWTXIqkFWDbJqkFWDrBpk1SCrBlk1yKpBVg2yapBVg6waZNUgqwZZNciqQVYNsmrQx2eV+vi9snh56r85zRP1LaJ+JKqWb4t8W+TaIq895bSnX26VT4t8WuTTIp8W+bRE5YlL+Hpp2JG4LLyauEZd3BRGErcW/9Lu252Ja0I+KvO/O6JDHZFPXK4irsA1oSNxbVSZuM7ZN4bBxG1RTWJJeC1xR3it2v622v62+m14O+bgANTiQHzdMefiG/gmvoV6nIdv43x8Bxfgu7gQ38NFuBjfxyW4FJfhclyBH4TXSvnsFGl/YkEYkMuWxM/DtoQnvejsxEWq/WJc4tvLZXkFrgqtiYVYhKtxTbRn4trwcGKx434S+hI/xc9wC5aEx+T3WHUivFidxDRMRzkqUIkZqEI1UqjBLtgVu2F3zMQemIU9sRf2xj7YF/thdhih4QgNR2g4QsMRGo7QcISGI9Unhtbqk3Ay3o8P4IP4EE7Bh/ERfBQfwzx8HKfiNHxdHufiG/gmvoV6nIdv43x8Bxfgu7gQ38NFuBjfxyW4FJfhclyBH4THomkqZyMV11FxU+K2MKaWrgnj6mQy+jQXClwocGAnB4oVtsmKk7fi5B2Rp3KBygUrTN4Kk7fC5K0weStM3gqTp36B+gXqF6hfoH6B+gXqF6hfoH6B+gXqF6hfoH6B+gXqF6hfoH6B+gXqF6hfoH6B+gXqF6hfoH6B+jupv5P6O6m/k/o7qb+T+jupv9Mql7fK5a1yeatc3iqXt8rlrXJ5q1yeugXqFqhboG6BugXqFqhboG6BugXqFqhboG6BugXqFqhboG6BugXqFqhboG6BugXqFqhb0HOXqu5iLy6g6ZWq+5poF2r3U3sztbdFF9K4icZNKn3QkWto3U/r/sQPfF4Qhpw1rvJzKj+n8nMqP8eHN/jQxIcmPowlbg6rdUCXDujSAV06oEsvvWg2PMejDh518KiJR008auJRE4+aeNTEoyYeNfGoiUdNPGriUROPmnjUxKMmHjXxqIlHTTxq4lETj5p41MSjJh418aiJR008auJRE4+aeNTEoyYe9fOon0f9POrnUT+P+nnUz6N+HZLTITkdktMhOR2S0yE5HZLTITkdktMhOR2S0yE5HZLTITkdktMhOR438biJx008buJxE4+beNzE4yYed/C4g8cdPO7gcQePO3jcweMOHnfwuIPHHTzu4HEHjzt43MHjDh538LiDxx087uBxB487eNwR1XMww8EMB7fz+2kubuNcD+e2cm6EcyOcG+HcCP9T/H+Eeznu5RI3+O4mTi8Oyzg4yMFBDg5ycJCDwxwcUydPcLGXi71czHExx8UcF3NczHExx8UMFzNczHAxw8UMFzNczHAxw8UMFzNczHAxw8UMFzNczHAxw8UMFzNczHAxw8UMFzNczHAxw8UMl0a4NMKlES6NcGmESyNcGuHSCJdGuDTCpREujXBphEsjXBrh0giXclzKcSnHpRyXclzKcSnHpRyXernUy6VeLvVyqZdLvVzq5VIvl3q51MulXi71cqmXS71c6uVSL5d6udTLpV4u9XKpl0u9XOqN3sOlPJfypW787y5McGGMC2McyHOg+Nw0Rt0x6o5Rd4y6Y9Qdo26eunnq5qmbp26eunnq5qmbp26eunnq5qmbp26eunnq5qmbp26eunnq5qmbp26eunnq5qmbp26eOmPUGaPOGHXGqDNGnTHqjFFnLDrMZHjdZHhd9+es51WJG2RxoyxK0Xt/G5ZY7++wbs+2q9sfb8PbMQcHoBYH4uuOORffwDfxLdhB0nqS1pO0nqT1JK0naT1J60laT9J6ktaTtJ6k9SStJ2k9SetJWk/SejL6Fq0HaT0o4pyIc7ogqwuyuiCrC7Il/f/RAXT/nyrfDj5R/MvG/77aB/kxyI9BfgzyY5Afg/wY5McgPwb5MciPQX4M8mOQH4P8GOTHID8G+THIj0F+DPJjkB+D/BjkxyA/BimYo2COgjkK5iiYo2COgjkK5nRDVjdkdUNWN2R1Q1Y3ZHVDVjdkdUNWN2R1Q1Y3ZHVDVjdkdUNWN2T/L7ohy6Esh7IcynIoy6Esh7IcynIoy6Esh7IcynIoy6Esh7IcynIoy6Esh7IcynIoy6Esh7KlNX609F8hj+dVjlc50yZn2mRon6N9UeMcjXM0ztE4R+McjXM0ztE4R+McjXM0ztE4R+McjXM0ztE4R+McjXM0ztE4R+McjXM0ztE4R+Nijjk55uSYk2NOjjk55uSYk2NOjjk55uSYk2NOjjk55uSYk2OuulgLl+BSXAb1JsecHHPRbmZx/M89o9JuKHV63kzN/596xN79UntUT6a6LaXbynXbJp22p06riua/OVEusRovwJWey69xr+vDqMoedXRBb45anSecdQSF8xSeeMuuaVR1j6ruUdU9qrpHVffo/6dpM6r6RlXfqOobVX2jqm9U9Y2qvtH/p7ui4tNKgVKr33xumYiSU98VuPRadCZtm2nbzL9h/g3Ttvhk08OJ6fQdoO9Aaf4t9vnnnhFutVNa4rs7wgBdB+g6QNcBug7QdYCuA3RtpmszXZvp2kzXZro207WZrs10baZrM12b6dpM12a6NtO1ma7NdG2mazNdm+naTNdmujbTtZmuzXRtVlPDampYTQ2rqWE1NaymhtXUsJoapvsA3QfoPkD3AboP0H2A7gN0H6D7AN0H6D5A9wG6D9B9gO4DdB+g+wDdB+g+QPcBug/QfYDuA3QfqC7meQkuxWW4HFfgB2GgpPGOqU4oRHskVkR7JZ6y43xaXT4TFiZWh/sT2+0z4rA4sSO0Jk3O5OGeXo8MDyePDZk3/7XyF6Ldkl+MUlP/pnAwlQ4vcWyp6y7H0zrgmdCeWKXSn8Vq91zj9YWQTrzkSbfd3Tq8dmIwmpEY0qmxPW7eTmgSO8NYMgp9yQpUYl9P/0eG/uRRYXvyaByD40I+eVLYnKoLudS5oSX1bZgRqe96vTCkU9+DmZD6odcFXq+EPXSqAVbM1E3QlanFfr/Fd2Zf6nafl+CXrrE07Eg94PoP4w9he+qPeMR3jT4/5lVOqVbftWEtunzuRtr7Dehz3HDoS23HZOirmRVGavbEXvB0WOPpsGau788LLTX29DXiqrkuTNTcFLbX3Io7cE8YiU6fUrWHTwWqdlF1mKrDVH2dqluo2k3VLqpup2oXVbuomafmODXHKTlOyXFKjlNxBxVjKsZUjCk4TMEeCnZRsIuCPRTsomA3Bbsp2EPB7n9RsIeCwxQcpuAwBbsp2EPBHgoOU3CYgl3UG6beMPVi6sWUG6ZYTLGYYjGlYkrFlBqm1Dilxik1TqlxSo1TapxS45Qap9Q4pbqmlOqh1DClYkrFlIopNR4dmHgw/DCxIvyBUk1q8DUK/Y4qWxMbwzfV2SWJoXC36v5CYsJOe0f4gDp7LpkMq5Ll4eZkKlyg2juSs0Jtck70jeTB4fsq/8DkEeHDVLtH9c9Tc3cmPxCuTJ4Svjz1r7N6k18Mv06eFc5L1ocniv9+SVZ/NZOesko8g9XhFXd8lR8b3THjDkOuOuqKm11xm146SS+93xPhgxx7KrQ5q9gvL5Z6ZDB6u7PXOvN5Z24RW0Zs1a7QXuqHY0O7M58KzzvrVWc96ow9nLHJ/XpL/euputTDc/Tp4T4fGTY6q0+Uq6K3qaztpTNXqaxnsUbFvODsl1RVu11kh9fOsEV1bFEdW1TGFpWxSWVsUhWbVMV2VbFdVWxXEQUVUVARBRWxSSUUVEJBJWzh3BbObedacfIPRruIp1zkS93vQff9i1wfw5qwk64b6JlJXR7yrj/u+uOuP566w+dfhbzrjEfTnDUh8oucsblY93bCD5olK+TyTGj1bTrRZo4UNdwYsnRrc90u1+2KznLXxY5eqKf6S9Xyl7DA3Rc4c4wSOymx0xX6KREoMTHVVxOUmEh0h+Wu2KiSWhM51VOFWeHc5F7c2Bv74KBwcXIuDg5bk+/k86E4nHt0T37Q76eU/u3yUaI5Su/1U3eCuhN6r5/CExQOFA56r58KCygdKLGYEospsVj/9VN7J7V3UnsntYP+69d//VTfSfWd1FpA+QmKLUgtM4mW4/FwcWqV1xfRgpewHj14xW+9Xje5xuZwcU0UnquZHpbXlKMCtT4fgvNMqEVhsR7s5+bOmtvC5prbsQS/wF1heVStIsdV42ZOH2P6vGH6vGH6vMH1E3T6Gzr9DZ3+hq5+I9qfH0Uv87Qfpf2os8rNqDEzasyMGpP7hNwn5D4h71F5j8p7VK6jch01X8bMlzGzZcxsGTNbxtT3mNkyJtYJcY6aFWNmxZhZMVZW5Y6LVMBt3F/J/Z9x/2eJJzjahKfC6sQqq+KzWB3uUQWvJdb6vl1tdYdLEuvD3xI9SGMDXsHGcF2i1+tm9LvmFq8ZDGAwWqRaGhNZ77cip/KGvY5gW7g4MYox78exPdSbTa0md7fJ3a2Dv2BGvZR4zW+v443wROLvXoNVuAwJFOfXNNU23ftyc6oqLExWe58K3ynNs1297obdMROzwkmq9VTVeqpqPdXaem1yv3BZcrbf9sec6EvJWq8H4iAzby4ODv+WPMTnd+CdPh+Kw7x/Nw4PHzEjv2qyLOPaIq4t4toi1X6GeXlT8njHnID3hquT7/N6Ik4KVyVP9vp+fCD8u644Nfkh708JF+mML0z9i9llOuSy5NnRPsmvoD68bL7+PlUfWlPn4cLwmi55TYf8TIe8pkoWqZJFqmRRapHfr8Z/4Xr8GDdGe6Vuws1Y7PhbfXcbbvd5Ce5wnTt9/pXXu8N3Ur/BPVgark3dGy6zml2VetDnh/B7LAvzdNU8K9xVKnCRClxkf3CtVe6q1J/C1akVeNRxj/nuccf9zfsn0OT7VT6v9v0a12323Qt40XcteAmtrtWGtVjn+C7HdmO933pgeqvuRbp2Xmpj+JvOnWcVvUr3nqp756X6facGU2ow9SrUYWoQQ2FlSh2m1GEqBzWY2oZRjJkA48h7XwhPpHZgp/dvQM2l1JypsLBG3dWou5pkeKJmmtfp4RJT4hJT4pKaSp9nmB5VUIM1qbCypga7eL8rdvP97piJPXw/K3Rb6but9N01e7vePo7ZF/thNvbH2xw7x+8HoNb9D/SdCWsaLay5KrTq8EU110V71fC6htc1vK65ATfiJr/dEi7T+YtMqnkm1TyTap4psMi0mldzp+vcJe67XfMe11/q8734He4LF0e1psRFpsQfSyvz06X1/FmTYEDHL9bZ/66zV+jah3Xt89bcWMc+qWP7dWWbbmzWhU/ownW67mM66ys66WEdc5OOeVbHDOiSW3XJOl3QpPrvVf2fUv0rVX/x/6lwvIp/OTrHvHpAJL+3Yq1NPGyVWmEm/MV3j+Fp69wzflsVOk3PTivXSjNr2Mq1who4LNohq9cKq9cK82upyJ81p4ZE/pJZtErU3ebNZvNms8gHzOt2kW8zs9vN7HbzZJXol5kFy8yCZaJ8TZSfLe55rF5rU181ac8NK6xgK6xga61gK/TmsN4ctoKt1Z8P6M9h/fmA/nxAfz5gBVubusZ5P8INuDF0muqdpnqn3hy2mq21mq014TtN+E69+YDVbIXefEAvLVP3y9T5MjU9ZD1pt560q9sha0q7Wh1Sp6vU5VJ1uVRdLlWLQ2pts1rbrNY2q60htTWkrjarq83qapW1qF1NrbLCrVBTD1jh1lo5OtXHUvUxpD4220E+oQ6a8JQd2urwF0pvsTq0qYUPm+YbTPMN6uEFqvZRtZWqrWrizyb3RsquMak3UHYNZdeoja1q41XTeJ1pvM40XqdG3q1GJk3ZHlO2R62sVycZk7XFZG0xWVvUTIdput4U7TY515mIbSZiG9W3UH0LtbeYgG0mYJsJ2GYCtpmAbZTdYuq1mXptJl2bidZtivWYYj2mWLcp1mKKtZhg3SbYehNsvWm13rTqMZ16TKce06nHdGoxnVpMpxbTab2p1GMq9UxNpRbTqMc06jaN1nFnjcmywWTZwKU1HFpjumw0XTaaIBtNiw2mxQaTYYPJsMFk2MCpVk61cqrVVNhoAmzgVCunWnX+Bk6t0fltOr5Nx7fp+DYd36bj23R8i25v0e09ur1Ht/fo9hbd3qPbN3CxVZdv0OUbdPkGXb7BM/Gg3XFxX31seD06TpcVn7O+raOW6KglOuppPi/UNTv4+ju+NvK1Ubdk+drP1+U8Xc7T5TqioAsKvFjIi4U6oMCPhSq+oMqXqPIlqnwJLxaq8oIqL6jyJap8iWreQa/ldFqumnfQajmt+mnVr6p30KtfJe+gTyN9GunTSJ9+1bxDNe+gUSONGumzXPUWVO8SlbtDzo1yfCbcpGInZfCET9vFHocH1ebGaD+ZbfcpI7MhmQ3JbFRWLeZAVmYtMmsR3XbRtYiuRXTbRdciqu0i2i6iIRENiWhINNtFs100Q6IZEk2LKIrPskPRHHeK3Wm9O2XcKeNOgzQsPqO2utuEu7W6W6u7xe7W6m6t7ha7Wystxmkx7q4xLcbdOXbnjDtn3DlDi3F3j909dveMu2fcvdXdi8+HGc8IG83L7eFlWb/szhPuuMEse8zE7TJxi88Hfy5N3HJHTUw9Q2Wn/j9MRybPio4uKdfnlw1+6St9Kj7bvVbScfrUWeM+5Vy/0/XH7Ia77WlzFN4pzypKRJhuT1qOCtT6fAjuCqOusbHkTJuj01aRYowT0SGu8axf/kK/cdf6qyNe/cfzfWm9icyXClSiKvxVVp+RzdfoOE7HjXTcSMfi8/VG+o2L4a9ieFYMz4rhWVr+83P3bOz/lufvWsfP1YuHeL3L8Xf7rvjMXSbnkWhv8Y2JaUxMW8W0deovONtEPySubeLaJo5t4tgmhm3uPebeY+495r5b3Xer+251v63ut9W9trnPmHtsjea6+uOyf07ma94yZdvpvMyd8qWpWlX6lyI/mvJyvezri/+i5x/TR8Zr3PVxd33cXR//X06e4qSpdVxxyhzitTgx7nLsv06MGaVVdLt9wA7P1uV8PTNcOPWvO1525y+V/sXo0eLe6Mg/c63Fc0Gn+J+k0sNvmSDFlaGbUnfxurjuvkqtu6h1l3yedNUbXG05F1vs3TopeBcF7+JkCxXv0hHdOqKboy3ye1JXdMtxoxw3ynEjV1vswTrtwTrttzr/ZXJ0c7mFyy1vTo5a15gb7pL7k/LeyOWW0vSYTfU01dOlv0bEpsiO8IyohymfFvGwiIt/wxmmdpraaVEOi3CYymkqp6mcpnKaymkqpymcdqdhCqepm6Zumrpp6qZ1VWzq7rT6qR4VFocno4RVcKed0o4oaTey2qcxnwaiWp9GPMMU7E9G7E9GrJSTVspJK+Xk1N8Is/Yso/bxBSte1kqXtdJNWukm7dcLVrusPXrBvmLEnrxgdZu0uk1a3Sbtuwv23QUr26SVbdK+Y8TKlrX3GLHSTFppJq0uk9EMa/kOkfzS2j1izS7u61511xEO3sPBe0pTZYbVfiI5yyQ5PORkMOSoXPK4aFcTxjNPdJT7dEfTXGeL6xT/5looZiDjVOkvCNni8ZSYpZ+OCwXfF/8q6wjnbY729KmY/YTsJ2Q/Ucr8bHuFr4SOt2Q+IfOJUtatXtuwFmlsgOxkNiGzCZlNRAe420v0jenbRd+utz6Zu3fOXTK0jd0h4w6ZN5/GHyn9xS9D25i2XbSN/+kJvcvn7tJfAUtP6rTtcvcMbbve+rQelck8juYma7ybFe62WxqxWxqxWxoR06NiepRasR3TkB1T8a9rw3Taamc0woHXOfAQBx7yHDnTc2TxX0cWdz1Ddj1D4nrU7mbI7mbI7mbI7mbIbmbIbmZIPI/ayQzZxYyI6VE7iiE7iiE7iiG7iaGoQjR/dOft7lhwx+3utsPdXnC3F6KD/LqJbgNiXC/G9Y7MT/0N+384dJyd3Unq+hQ6LA0DNNxJw51vuvSI7xp9fszr43Zaq72+1bUun7vxD/decUyf4zeH9f/k4l5U66NaH9X6KNVHqT5x9079TaqPIn0U6aNGHzX6qNFHjT5q9FGjjxJ9lOijQh8V+qjQR4W+aD95viLHV+T4ihy3ybFdjuvkuE6O6+xUi1W3Tj7r7CqzdpVZubxiZ1mswHVyWSeXdXaSWXmsk8c6ebwih1fksE4O6+Tw34g7E/ioqrP/P3eZOZM7d8IWQgj7LthaUV+tuKS1WGsVlCrqC4ooWF4oUZBFIQS0tm4oiyi7LIIYRYWCVtmsStG6sU5gGIiyE4ZwwxLWhDn/773Evlix2r79fP7J5zv3zrlnu+c+53l+Tz4wsyH4X5QtrLulhUyW3nqK3Ae/hUF6lgzX46UARkAhjISderLsgt1wmDon9Tg5BZVQBaf1OOM8vdZoC+3gfPgR/BgugJ/AhdAeLoKL4RL4L7gULoOfwuXQAa6AK+EquBry4Gfwc7gGfgEd4Vr4JVwHv4Lr4ddwA9wInaAz3AR9pZ7xvv6L8YF+x/gQVsJfYRV8rFcYf4NP4FP4TK+wZ+rx9iyYDV/wfjWsAe7VToPW40I19ZRQbT05hMoOobJDqOxQPciB+rBNjw+VUecAHNTjw23hUuivp4Tz4X54AIboWeGhwLqHx+q14bV6RZiMR7XWK1QbOE+/o9rCRXAx76+Ebnqy6g499Dg1CebCNt5vhx3AM1P79CyVgnKuVfD+mB4XMfXaiAU2hCAMKMUISjGSAQ5EwYUYZEINqAm1oDbUgcv1ikgHuJvz33J8hOMrHIv0O5Gjem0GfWXUQR/fJbX1aqkDeD+pC9lQD9rAedAW2sH5cAPcCJ2gM9wEN0MX+A3cArfBf0NvPR3LnY7lTsdyR8pg/aIMgaHwEDwMw3UR1lyENRdhzUVYc5H9tF5tj4Zn4FkYA2NhHIyH52ACPA8vwESYSbtZMFsX8dSnhzbp1aGtUAJfwTbK93DcC2VcPwAHKTutV4fDoCADHMiB+tAKWgPrEGYdsI6i8CUcL+V4Bcfr4C7oAXdDT+ivp2M507Gc6VjOdCxnJJYzMsz9hrlfLKgo8oC/NjJer5XnYAI8Dy/ARJgHr0ARvAqvwafwGXwOX8BqWANrYR2shw0Qh2JIwE69CJ+wCJ+wCJ/wiRyBCjgKx+A4nNQL8BML8BML8BML8BML7FK91t4HKdgPZUB2YntQDgfhEBwGMha7Avx2adB6AfttkcIXKPa+Yq8r9rpin6vO+hN1K8eu0I063aGHXqB+x/vBMAQegodhBDwOTwD7TbFGijVSrJFijdhPC9RLHOdyXMBxGbAOinVQrINiHdhri9hri9hri9hri9hrn7DXPlH7oQzKaVtBOevBvltgXCC21JIQhEFBBDLAgSi4EINM6CDZcgX01gXYeAE2XoCND8HG+2Hj/bDxfth4P2y8nwyjh+E6HzvPx87zsfN87DxfHpMa8gf4IzwOT8CT8BQ8DaPhGVgijWUp7NTDeaLDeaLDeaLP80SLeKJFPNEinmgRT7RI/G+ZPKkLeaqFPNVCnmohT7XQmKqLjWkwHWbATJgFs+ElmANz4WWYB69AEbwKr8F8eB3egDdhASyEP8EiWAxv6WLzQqlhtpds8xKOefArXWBerweZN0AX3vfVj5r9dH/zd9Bf90ez3WB114PRbTdYd3McrD+1huh11loJWesky9qA6i0mK98ojrVTF1m70CK75TxrD8e9/mcDcdwvte3BUsseAkPhIXgYhsFwKIARUAgjYRTM1Pn4i3z8Rb69XmrYGyAOxbARNkECNkMStsBWKAHWE2svxNoL8TUFoVq6GKsfjo/JD+0XB/9SgH8pwL/khyqlVtgCbCtcG+pAC2ir88PtOLaHiyUbn5Ifvozz/roA/1GA/yjAfxTgP4bgP4bgP/rhP/qFsaXwcMCWwlN0cXhq8D/oi1UjaAxNoCm0h866iJ02nJ02nJ1WqAZKDfUgPAKPwniYRPlMjrOlMbupUM3nfBv1t8MOwObYOc+zc55n5xSxc4rUAclQHpRTv4Lr2B87qFAdlxqRLF0cqQvZUA9yoD7kQgNoCMw1wlwjzDXCXCPNoDm0gJbQCnrRV2+4Dwp5PxJG6eIMQxc7d+hBTjco1P2dUcC+cdg3DvvGYd847BuHfeM8C2NgLIwD7td5DibA8/ACTIRJMBmmwFSYBtPhRZgBrI8zC2bDSzAH5kqNaAGMgEIYCaOAtY2yttHfA/s7yv6Osr+j7O8o84wyzyjzjDLPKPOMMs8o84wyzyjzjDLPKHOMMscoc4wyxyhzjDLHKHOMMkf3fKmRmQEORPEPprWGnbITb+Sf+Z89Us98CG/m4s1cvJmLN3PxZv53V7n4Ihdv5ga/MciE2jqJAkiiAJIogCQKIIkCSKIAkiiAJAogiQJIogCSeL46eL46KIEUSiCFEkihBFIogRRKIIUSSKEEUiiBFEoghRJI4SX74CX74CX7yP9oT/pCP/gd9Id8uB8egAEwEB6EQbovHnUAHnUAHnUAHnUAHnUA3rQj3rQj3rQj3rQj3rQj3tTBmzp4Uwdv6uBNHbypgzd18KYO3tTBmzrE3a3E3a3E3a3E3a3E3a3E3a3E3a3i/72jCF6F12CJ1Mfz1if+esRfj/jrEX894q9H/PWIvx7x1yP+esRfj/jrEX894q+Htx6Itx6Itx4oe8llS2EfpGA/lMEB8KAcDsIhOKwn4dnn4dnn4dnn4dnn4dnn4dWH4dWH4dWH4dWH4dWHoekTaPoEmj6Bpk+g6RNo+gSaPoGmT6DpE2j6BJo+gaZPoOkTaPoEmj6Bpk+g6RNo+gSaPoGmT6DpE2j6BJo+gaZPoOkTaPoEmj6Bpk+g6RNo+gSaPoGmT6DpE2j6BJo+gaZPoOkTaPoEmj6Bpk8YN0u20QV+A7fArTBVx4lEcSJRnEgUJxLFiURxIlGcSBQnEsWJRHEiUZxIFCcSxYlEcSJRnEgUJxLFiURxIlGcSBQnEsWJRHEiUZxIFCcSxYlEcXKJxeQSy8kllpNLLCeXWE4usZxcYjG5xGJyicXkEovJJRYbn4tjfAGrYY04RDGXKOYSxVyzg/9/VDn+guOv9CiiWWeiWecgmnXXZWZv6Et0Oyuqmfm6jMh2FZGtH5HtKiJbP3LxsdYg/Ya1TH9ovSeZ1gdEvzXk8+vI0zdIPaJciihnWZvI789EuhCRrmXwGZMpyvcTeQaLS5RziXIuUc4lyrlEOZco5xLlXKKcS5RziXIuUc5FSadQ0imUdAolnUJJp1DSKZR0CiWdQkmnUNIplHQKJZ1CSafsSdqzJ8MUmArTYDq8CDNgpu5I5OxI5OxI3rWYvGsxeddioqhDFHWIog5R1CGKOkRRhyjqEEUdoqhDFHWIog5R1EFneuhMD53poTM9dKaHzvTQmR4600NneuhMD53poTM9dKZnH9Vl9jE4DifgJJyCSqgC9gSReRiReRiRuQ+ROU5kHkj+lyD/S5D/Jcj/EuR/CfK/BFlCkiwhSZaQIktIEsE7hnZpj0whSaaQJJL3IZL3CTGnEHMionckortkDclQmvdae2EBA0ywxCXSu2QUSTKKJBlFkowiSeR3ifwumUWSzCIZbkjdRtCCsla8bw34WrKMJMqgI8rADV/IdWwQdVCHrCOJQuiIQnDJPJJkHkkyjySZR5LMI0nmkUQ59EE59EE59EE59AnjR8P40TB+NDwIBsMQ3Rc10Rc1MQA1MQAV0ZF8NoGSiKMk4uEZwScyZYcXwlvBpzJlh1dxXKsXozLiYZ4leW8ifFyyURxxFEccxRFHccTJhReTCy8mF15OLrwcBRInH15OPrxYXSEOOfFi8gKPvMAjL/DICzzygq2olHnkBR55gYdaGYhaGaju1GXqLuihh5EfeKo/5+wpdT88AANgIH0+CNwXucNWcgeP3MEjd/BQOA4KxyGH8MghPPU09UcHnyrooXoc8gmPfMIjn/DIJzxU0DBUkIMKqk9e4aGEhqGEHHILj9zCI7fwyC08cguP3MJDIQ1EIQ1EIQ1EIQ1Uu+h7N+wBfL3C16OaJqGaJqGa5qGa5qGWhqGWBqKW5qGWhqGWHHL9BLl+glw/Qa6fINdPkOsnyPUT5PoJcv0EuX6CXD9Brp8g10+Q6yfI9RPk+gly/QS5fgLVFUd1xVFdcVRXHNUVR3XFUV1xVFcc1RVHdcVRXXFUVxzVFUd1xVFdcVRXHNUVR3XFIxcxp4vhcr040gHupu9evO8N98FvKevD8X+gL/SDB3QKhRZHocVRaPHII7QZS/kr1C3SyyOvcv4aHNWJDJFsFFw8g3vLqKMXZ9QVx7lF73RuhdvgDt0ZZdfZuZPzh3WZMwwK4Gul9yjnf4QnxEXxuSg+F8XnovhcFJ+L4nNRfC6Kz0XxuSg+F8XnovhcFJ+L4nNRfC6Kz0XxuSg+F8XnovhcFJ+L4nNRfC6Kz0XxuSg+F8XnovhcFJ/7/1Hxud9QfHVljL7S6CGdjJ5yi3GPPGzcK9caveRKo7fcbv5K7jD7ym1WV32NdYf+ubVUz7Pe052sHfoTtGGWhYez9ujxVqn+2NonDawU+dZ+fUyayJj0Spmv18tf9Xp6v7r602Avpffz6f18ev+Z0VcfI7buZhSyObKyrroDo1zFKEOs5XqZtQLeS5dZ7+u3iXGbrA/1KmulHsPof2DkE9ZuvZfROzD6WEa3GH0Go6+UiLVaz7XWMicyeWu97mVt0EusOK026i1ExRJ06nz9EXP7iJr/TexcTe1J1C6w1qfT1J5N7euJo2/T4iFaTA0+2/EnzLaQaN6I6H292YlI3lf3Ne8Xy3wNnbxS32t+rCebX8p/mUeJyFlSw/qJftlaLi5R+ifcwZ8Y6WPyUctaT65ZrN8iSofoPc0dxYnUBdWR2qrOSS3ubK+1j7tKUb5fHzBuF1svkRCEQUEEMsCBKLgQg0yooZdJTeigt8gV8JheKH+AP8Lj8AQ8CU/B0zAanoExrOESvU6W6nWGqbcYFtgQgjAoiEAGOBCFGNSEWlAb6kAW1IVsqAc5UB8aQxNoCs2gObSAltAKWkMbuFmXGF3gN3AL3AqFMBJGwSPwKPweHoM/wB/hcXgCnoRxerMxHp6DCfA8vAATYZLebF6oF5qXQB500e+aT+mk+bROYuVdeSpl2FkVNraQJ1GGjd2EjVVZx9Kl1nF2xAmtrJPp49ap9BarUoetqvRe67TOs9KUa13fDqVL7bC+xlZa2ZH0cTsjvcV2dNiOpvfars6zY5RnUm+wXmIPgaHwEDwMw2A4FMAIKISRMApe0lvsOTAXXoZ58AoUwavwGsyH1+ENeBMWwEL4EyyCxfAWvA3v6hJ7CSyFZbAcVsB78Bd4Hz6AD2El/BXW64X2BohDMWyETZCAzZCELbAVSvTCUKVeErYA+w2H9LJwbY51oAW0g/Zwsd4SvozjM7okPBEm8577DL/MOfcT5n7C3E+Y+wkvoGwhLILF8A4soXwpLIPlwNzDzD38KeefweecfwGrYQ1shE16czjJtb2wHw7BYTgCFXAUjusSlQk1oCbUghy9WdWHXGgADeESvUVdBgP1QvUgPAKPwniYCbP1OjWf43G9MNJGl0TO11siF3C8kGNnuInz/9abI7243hvug6con0z5FJgK02A+VOrNGaJLMmpxZH9lsK8ycqGh3uL00kmnH/SH+2EADAb2u8N+d9jvDvvdYb877HfnWRgDY2EcMF/nOZgAz8MLMBEmwWSYAlNhGkyHF2EGcI/OLJgNL8EcmKsXRn+tk9Eb4EboBJ3hJrgZukCBfjc6AgphJIyCR+BR+D08Bn+AP8Lj8AQ8CU/B0zAanoFnYQyMhXHwHEyA5+EFmAiTYDJM0e+65+uFmRn63UwHovpdsYkVC/H8KatYLsAvV8kLMlxPkwIYAYUwEk7qJPlzkvw5Sf6cJH9Okj975M8e+bNH/uyRP3vkzx75s0f+7JE/e+TPHvmzR/7skT975M8e+bNH/uyRP3vkzx75s0f+7JE/e+TPHvmzR/7skT975M8e+bNH/uyRP3vkzx75s0f+7JE/e+TPHvmzR/7skT975M8e+bNH/uz5n8JlfMQ8P9Zl5Kxl5Kxl5Kxl5Kxl5KGTyUMnk3duIO/cQN65wZyrS4N/H3nmXx1tN4/r7USzBFFsmrVGmhAvtxHBniGHm0YON40cbho5XBk5XBk5nJ8/JcmfkuRPSXImj5zJI2fyyJk8ciaPnMkjR5pGHjSNPGUaOck0cohp5BAeOUIZuYFHHlBGHlCm2umkOj/4PM4ytL+v5ZPo7CTaOokWTqKBk+hfD/3roX899K+H/vXQvx7610P/euhfD/3roX899K+H/vXQvx7610P/euhfD/3roVfL0Ktl6FUPjVoWGULfj3D+iv+padpDb3rozbKMLPbTHXoyGnMymnIDmnKDW6hL3ZEwSpfGsvT2WF3IhibQFB6lfI7eLiZR5XXiOjrOWiqXW8vkLusvcon1vuSwvu9YH6KkVkoba7V0Zq07k9eHUAxXk9vXtuJyEev+FcqhMTpnB6U7pR16oTN6obVVKr+k3w+r/5Z9PiN9oOdTf0Iw5kKu9UNVLJNMyj7h3Rr/cym//Vm6Rl/JO/fn6TKf9uyOKxn1RuLh9czhTEl7ouVxSq8hWi4jWqaCzyjeLwYj75SGvLs6+JtiPeq2Yg7+dxHskR9T4wLerZE87jCLa425V/9T3+7QX1iDpQPz/9C+Cr1mUvI33n1GbWITmrCcdyW86y8x3p3i3d+kjdiSJyEIg4IIZIADUXAhBpmM2FXqWt3QeD2gP/e0DB34PjrzA73OHix59hAYCg/BwzAMhkMBjIBCGAmjJI9cPo+cPY+cPY8cPY8cPY+cPI/8O4/cO498Oy/4/osY6raCkUq4iz3WX3iS/reZfKD/jLrdz70PZk2WMq8V1OJuufeY1DbWSgtjnVzIyvRgHX5hdaNWd+lu9Qg+Y6671V9/4H8qkTVU77AmyqXWJLmMcTyedCuUzJv25XKR3UEuZLW6S2NaNGacS3iag6UpIx3wxw9GilV/r8nH1p20vov6PTnew3EwFrZWb0Yjl6GPTwb2s1EitLIk7H8TCrWzqZlNzQxqetQol2zZiRdFQ8ludNODjOQ/06F6A7q7jKdeA4+7LugvzhMsphV9+oo4VFtXkcNXkcNXkSNXkSNXkSNXkSNXkftWMWZXXer/jyd6bMdOUUFvxbpC6n1jzDvxWT0hn3sbjBJfow8xu3Luw8Pi6jL2UVqtYtwo45743nGjjLvD/24WeqvNuCF6PEqPZfRYQY8Z9Hao+i6q2GddKfU/L/BOlHxPeJArg6U+LTOYcZiWx2hZRcsYc0n7q0bLSnbFTrlOdsFuOIlln4JKqILTeIeuZC536AutO/EWd8ndVk+O93DMJ/d5kPkM1XOsEdjFRPkp9nAlK76WETsEz2a9fjEYLa43sueyyHJOVdvIRTZ922nQ0iZUW65T3aA79JA2ahLMhW283w47gHmqcsoqOB5jbv7nP5Yzs5Pc80lm1o77PsnM2nHfudy37zEi3K/Dve61NknNwOqW0+JDWuyiRS4tdtEilxY/pXZN5rwnsLz1upJ5n6DlrqBVPPhegm6M1x1L7sHxbo5D8Io7pDkerxwf4+AZ6+MZa+HvlgffqOM/vyS1LErKeQ5dObsj2Bv+p+FlW4OwqoeId3uYdykj7tNeYG/baLeLdg69R+jZ5EpS6ktvfUjug9/CIJ5+V55nN+bVA4ZgmX7tnVjJHlZ6L3PaR36Zopf9xMmrpF6opj4UKoMD+lC4P+TD/fAADIGh9JtZ/Z1ACXpO0nPSGsRdDcHn7+A57sSKdrGDgrvFD5eyRvv050EuXo/5VTK/SuZXWX33/t+Uv6SXL+nFpJd2zLEmvRynlzS9+J80H6GH7f73ETG/SuZXyfwqmV8l86tkfpXMr1J+LL3lRrkPfgvDpaMUwAgohJHSkRFrMOKP8FkhVrgLPivEKnfBZ73CSi9ipVdgpx9jp9djpzdar+nx3NNnRIjWZ2ZD3PJnU4qauFw6YKMd7Kt0wp4pHe1ZMFs6hmrKjaFtHMs4HoCD0jHcFi6F/nJjOB/uhwfAn1+EWR2rthuz2m7M4Fn5K7hP7w3+GvEm855XXSu7ulY28/aoeVHwF4h9egOW0T+9klzwALnfNnK9A+R22+zz0ruxtf5pj9JySsrt8/TV9No//aV1jHWupHUVvuG0Xm2H9HHywhN2VFdQczU1fxm0/YCr6yhZR4kTtPWsU4xXyaqc1sXkmGk7Q8K0TVOrmFwyTc08/FL/9B5GSZOlVjCzMuskx0pGrcIyz7SsYtQ02WkFMy6zIxwdZhGl/ExPVdzBUayuP3ntcTHopZxe0vSi6aE0GDssBq3LaZ2mtaZlafUc2vrrlB7HHHbQugWtt9D6mHWKHevPvgo7Po3FpdEJWp9mLjvorQW9baG3Y3aGjgd3FeU5u1KTTDlFz6eZ0xt+FNUmPZ5gHiVWWkxanWDsEjvG+Xm6mV8jvYYaexnPX6kkNfbSp79KSfo4yOr+w/Pi6Vc/J1p/z/MJ6gbPhbrf8zy4x//jc8Cf/ovrj5f5D6879/gd6x1cOec6S6adJRl2XeaXI46dS28NaNMQzdCI88Zca8K15lxryftWXGvNtTbEA9vOZoQGXG3KsRXPxLWzeEcOYddj/FxGaMBIfl+NKW9CeTPKW1LeinL64Sn4tf2RG1TX8Efy+6rNvEyu7razKakHOdKY+dWm5m76bMz8TOZn0mq33ZTrzaA55S2p04qy1py34d4z6aWEufp3aNr1mWuuhKp78VuXMH//Dk27Bddacu1Ma5P7zYK62F42c86h31zupQFPvyFjNfLvi+tNuN6U68253pKyVlxvzfU23B93wbOpS7/ZlNaDHL2ROaRZnR12Q55lI+65MXWaUKcp15tBc+q0oE5L6rSmThsim/+c3GBdcySLefgrdoJ5ZDGPKPNwg7VtzvuWwQqeYA5ZzCHqPxWxgnvPrV7nM7P3V88K7vtMi/LqWZtS49+1CXatx/r9g12w238isX/VNmh1oajvsg+utpI6/ykbobcfcdf/pp3Q+jyp9X+1FXq53L+j/4y98CQ+DZ7jv2UzQWyI/at2E3j186xj6X140p54nIZ4tU7WqXQ5Xu1aqyqdwvv0xqs1xat1sEPpfXjUnnijhni1TnZGuhyvdq0dTafwTL3xak3xah3srPQxVuTHrEhbVqStncP7+vpHrEgms2rPqrRmVVrZjSlvQr2m1GkGzXnfgnotqdeKeq2p1warySBzc8m58iz/e31WSh3UbhZKtyWq4qdohVWovRrBdwstNXrIFUZP+aVxj4w27uXYi8y9q55u3UYucrteivKYHnxTXdt/UmtVUMv/DqRNQenX7xb+/Z1JJv+e8b5eGJz53263Q0wHDyviXlPrZjlPmsp/6Ecv1Tv1HrlQl3K+5Zw10nqaXsBvuX6adzfr7rRZxVlp9fVSneJ1e/W7Y99q719N6Qp+//eaOsc4R+D5751vAaz4RsmXjJDtj/KdP8RG6m1G97KArPWd5Myid35zjl/fzTnG/Fxv057+gh52cLd7v2+OP+AnQq8Tq3vfpcv0Kr27+t3hb42+H0r0V5oMSv9aMli7dtLsrOvp7xtMH+XZVdDD/86c9cemzlx9Wb8sLvz9Gf5D6wOwWyfp40vehtgJreVqzpoEV/+qV+uN2A+2g7I69/iv6Zf0DI5PQp6+QA/Rgzk7ax2/vnvOyr7VOq0/0nuxoI/0Z8yD5+Cv3jdb/b3u59+zFIKSEMkMzsZUl3j0/cXXtnm2VVSXVHDnh1n7LfoIHrkGRZfwFP4+ut4fPKH9X9f+VvsyvY895n294n7uGhy3nl3n++ZdXS/5jXcDv/Hubz+sD37aB/WrLU1v4vlF9KbvGfn4WXu7vfz0e2q/rov8Ha0/+sFz+mb7Pb51+Db7rSvFP6A1d6YfD87+/I/7Wd/7A9pjI/qtwG996T+3f/VHvxp401dZ12//RH5QD+V6aeA1f6BdnKOHwz/cqs7RutrD6vX/VuuFwesm33P8x38u/gHj7zkTy3QldnTkXx7B/adX28BvglG+jnjbz/xWX29yjjZt+W3Cb9tvzHJe9XHNmd9/0r79OdtXry5WchTvdPS7Joz/PKAP4cG2BXvKt+oTQfmE4HJj/b5+T8f9iP4d7avOOh8t9fH/t8tN/g6pLishNiz7ti/+e5vKs87HEXlqyPXSk/M3q8t2snrrvjuqfj1+YNFTaJ+B93mw2pP75Yv0ArH0O9/Z/h+tMIR66kP5s9XX/6Y/Zv0/rX73bf996qzzp2ldXzqJr4TyqstW6CX08MZ3jr/r3OVpnpjvH3UX3Vn31jdV1575rfa/x4u9rN/Qa3X8rGJT7pLH5BnOxshY/181y+tY7pvyDupwmbwnF8n7/F4qK2WjXCabZbfcIHsNQ+4weqJNB5ldzN/IYLO72V2Gmr3N++Qhs5+ZL8PMhJmQQnOLuVNGmqVmqTxhpsz98qRZbh6Up81j5nF5xqw0K2WMqS2RsZZpWTLeUlZUJlhNrCYy2brTukumWD2te2Sa/Wf7z/Kivd7WMiNUO1RbPg+/HX5bvgivCL8nq8NbwltlbViHtaxXv1DXyQb1a9VZEupm1UVK1K3qVvlK3aZul22qm7pbdqheqreUqr6qr6TU79TDsl8NVyPlpHpEPSpp9bgabYgaq8YbYTVBTTYy1FQ11aihpqvpRk01Q800aqk5aq5RR81Xy4y6aqX6xGit1qnDxo9VhdLGTRErEjK6RyIRx+gRcSOZxj2RWpE6Ru9I3Ug9o08kN9LQ6BdpHGlq5EdaRFoZAyJXR/KMQZFekfuMIZEnIk8aD0dGR0YbwyNvRt40CpzhznBjhDPCGWUURgui44xHo2uih41Jbk03x1jmvu6+bvzV3ekeNFa5R9wTxgb3lFtlbHbTMTG2xsyYaXwVs2NhY1ssEosZO2M1Y9nGvlhOLMc4GMuNNTQOxRrHWhoVsdax1kZlbFpsmlEVezE22zgdmxN7xTQzMzKjpsqsm1nPdDJPZJ4y/b/6bAosxggsxsRiJpJRTJKp2PQ0mUvJy/wqmSevEaXmY0/hwJ7C2NNydt0KrMoJrMrBqj6h/FOJS1SK+TWxso2o6s2yFXVVIjvYYzuxuWayVw6x4w/z21yOyHFpISf4bSkn5bS0kjQWWSuwyEaBRVqBRbqBRbpYZH+paeZjl25gl7WxyxLJNr80v5Q65lfmdqln7jB3SI65E3ttGNhrg8BecwJ7rRvYa25gr3VMbWpyO+Q/2Z1pmbzyI3WxXcU5D1/qWxnYcVZgxw2w4zultXUX1twGa+7J+T3YdJvAphth0yVi2F/au8lz99h7JWyX2h6ZcrldIY3to/Yxsu3jdpU0sU9j/a0C628WWH+jwPobBdbfKLD+Rlj/LyRLdVQdJaquVdeKrX7JfgixH35NyQ3qBkpuVDeKUp1UJ4mozuyTFuyTm2nbhd2SEeyWKLvlNomp29kzmeyZ7tJM3anukhqqh+ohrdTd7KJawS6qFewig130O1r1VwOoM1A9SMkgNUhMNVgNYZShaig9P8ROi7LTCmg1Qo2gvFAVUn8key8W7D2DvfcEdZ5UTzHu02o0V8eqsZSMU+NoNV6Np84ENZGSSWoSM5msJlPC/hTH35/0M0PNoNVMNZPyOWoO/cxVc6k5X82n5HX1Jm0XqAWsw0L1FivztlrCPJeqpazJMrWMWa1Uq5jtR+oT+lynsExVrLBJtUkl6W2L+kqaqm1qJ2uyS5Uy1j6VkuZqvypjJQ8oT1qqclXOiAfVYeZcoSqoeVQd5eoxdYzy4+o4MzmhTtL/KXWKnitVJT1XqSqpo06r04yeVmnaaqX9b8CLhKSR7014xZvwijfhFW/CK96EV7wJr3gTXvEmvOJNxMCbPMHrk5EnxfR9iti+TxHD9yni4lNG8FrojJKavmcRC8+yUdzopmhCYtHN0cNS0/cyYvleRurjZXZKHXeXu0uy3N3ubom5e9w9ku3udfdytdQtlRx3n7tPGrop9wDnnutRv9wtp85B9yB1jrhHOK9wj0que8w9Rp3j7gnqnHJPcbXSrZKom3a15MT81LqO7794tWM2r6FYWGrjxSJSL5YRc6RuLBqLUtONxaQhfq0OJVmxbMn1vZtk491yeW0Qa0idxrEmkhVrGmtKP81izTlvEWtB/Zaxlpzj+yjH91HyYmwGo8yMzaLV7Nhsep4Tm0ufL8dekbq+NxTL94ZS0/eGUhOP9adqbziOXyvwhiG84WTOp+EHrcAPhvGCr3P+przL6xLB2vCG73P+IT7QklX4QQs/WIzH3Ih/tSTBbyTwg1bgB+sGfjA78INO4AfrBX4wJ/CD9QM/mBv4Qdeoceb7ms98Y/OZ72s+8y3NZ76n2f+mZrxkFzEDL5mBl+zNq+8lo4GXzAi8ZGbgE7PMMrNMagV+sHbgB+uYp83TUiPwgDUt27KlNr4vwrljOVLL6mZ1k4ZW9+DfGvi+r1Hg+5pYPawelN8d/PsD3w82CvxgE+teq5f/HebVfnCvWHjACong+6rECbxebuD1stXP1M/Ynz9XP2f3XqOuESvwcRF1HT7OxsfdwLnv3azAu4UD75ajblI3UeJ7N0vdom7h9VbVlZq+j7MD75YdeDcn8G65eLee4qp71b289lK9qH+fuo/XPqoPr76niwSezqn2dIPVYEqG4OnCgY+LqGFqGG2Hq+HU/9rTjeL8jI/7vXqMc9/TRQJPZwWezlHPqGdo9awaQ4nv9SKB13Orvd5z6jnKfd8XCXxfbuD1rMDr2epFvJ5V7fVmqVmcz1az8WgvqZeo7/tBK/CDuWf5QSvwgxH84FLOz/i+5eoDzleqtbz6vi+C70ty7nu9uoHXyw68nhN4vXqB18sJvF79wOvlBl7PVUfUEVr5vi878H05ge/7f9R9D5xMVf//uefOPXNn9szs2l1/dufPzszOzizWttZaWrtCS6LwSCqpPJ4eSZIkSQhJlITKvzaE/lHySJI8VF+VyiMhSf4nSpIkVHJ/7/OZ2W1F+fvU87v7Ou8587nn38zc+znv9z33fjY97vuOwsfp5OOkqZka02PeytnfeTdzOO9x3gMc5BzEEpz3wjclOIc6h8Jyv/N+5iA/xRPGJ0xmnDxOqvwGviZJficPsGTyL0nkWVLhWQ4jf0T+yBLhU47hPFc+pYpLd+ksEd7EztzkR5LJj6TCgyQjrzxIiqu6qzrKKN+R6vK5fLBnxH1HEC0o35FMviOJfEcV8h3J8B1Pos1prmmoNdM1E+VnwWskk9fgjOfvV1deG+y6uJC1Ylf/Hs///2OzvrS+Uin+btvJdJe6zkPX+s607Z3qChcp7zfo/WflfRKujqvPvUp/khbdaO2wdh9/RefU/ZZfobN6n/kIz+9mtYbyVK+/q71PqPEllPa7Z39dpqKdvb99Z31HGLdDKx7EN7vD2odUcWWvkhJNrVR7I0ptYOq6R3Xk4lcYy9X1n7Q5K0ZTuV/JriHb1ye7umDtOfHanHXA2m59ij0nrEKc7VZ+lfz4d+r8iR/Vla4XYOx6RX7v7/3K1tYTr2qer+3kKzinrDXLeopej9LV8BUqqetD1vPIvRcvU35kqTP4B+vDcvsZ9bOTjtEdv75XV8GszZVKPEzXg9S18q2U24nRVPZQ8e/3dH9fumq949TlznzDkVapXeuQdRTpJ3Wty/rluHJ/tC71P7b9yef8aWxW2TlUbneS9nawbByD/nNo9Y+3bEa+VflT8qkn3eAbTnsN8dznit+0d9yoKp97p1l/vrXUmhdfH0i1pllLyfq5mt0rz95nxR82wDduI/6wm7gJeTM1J1nb8DonXmofrbe9j/Q2/nYff+WaPFkaK782uxxzwXvWR0hlsLay1lofkH1djEXQivY1Zz7SE0b+1XHvaA61/lXJ0sOaad1qjVJX+a0+FdZGsC1S592Jq45MrbmeuBa6x3oDn2Xj+TtTy48HNY/Bg5XzwvdYfH228hjglyvWRtQayyla/s/5GuPZbviWXPQ6Tq03n7C3r7X8uLKx182Y3T5XR8hZ9PexOuqJb9H3pHKY37bFvzWgdbO1in7vw0w/yRzmYnkntLkP58E38dUlHZ6jfNXpcGzvuc9vv65DH79eWc5SFPeieXsn/vadwD23Evc8ydmOs/k8+66Tbb/xZ2tP2H/0t5a4/faT29mZrKOf8WZ1O8MKsXssRlr30+u35AFeVgm556yFsRztK+dntN6JX+q1sxjdfGsRPOYr8XfLrdlM3R/0qsojwXPCiy2Hlyhnwd/C+34Q9xOx9TP3CW2+a71iLYu3marexe3HeQfLOvPRUj2cpdanFe/Ktct2lSvXlTEmTh7tPXV8xO4RiZ8/B8gjX2e1o3fLmFrN6410F3JjrUmY6+6Kt1Lp3hZ8A69bA85itH+3BlkzrFuRewtn9QzrJvIPD2M2moHveZlVZnXH3PqtWgOkT7bYmmtNj/UcnzXSrbd+0+Zuaz1UZezMrV+Ri/NO68dYOn3GfFzbB+l8r7gr6PhZiubpCuVLzHcb3fdQ+Y6L3OPvWPmztuNXcekOpm9OPRL6RCfcf/VnbMcrWfWt4hj+/lT+k36d86Z0z2SrzD9wNiiV9Qlef2elu6LknnMfr/WkNdAabk2k/Ic43p9Sd8rE56EYX/zBWoC09Nz6oZbyYneynFMbn1u7MBPS/IjfdBeOwwrOHfvVrf3gHPtPxgDPuK+z4NyVan8Q+1UxFuUH/xN/tzV+/sRH/deczyfbrG7WP60l1kLG6d0gqx+8dZcYI7BetY7g3WjrdutCKxN+tMC6y7r5HPqK8cfAOY037pNimrbifsOnjt97Pjdr1nloQx2962NeHfz2hF+f9u+w1vw6C/+1G0bzGc45uuaJY1gpxQqlEmO62Psu0u/cq/pnbxjvmMpnLvjV4r9yPL+/4Wzrq7hT7E5X6w6wo3U4+2L7lhF+Zr1mXWuNQu4Ra1PMdpZ9vXvu4z3DHg9Wvs/rf3er4LgHzv3uypPd634+txg7BP/+ArPeebhicap7lP+w7mkeUdZLdG3/67PvqdKWdl5aOa0NXOicmas17nyM5BR9xD0d2O05X5c/T7/SqXr5HMz2v3ymnL8NrOfgeftmks9hHOfjfP8T1yPO5mgE79kRqxl/sqP8usgqWmdY9YeVe8XLzjvzfv/s7WyegTihjd9dDfmDOnS1Xl0piinh2BWdirVg5x/pY7q2m8ZuZeLM+6X6Z/GUl7Wb5o5fnyUrvyZ3utougV1y5r3+pVu1s6145itPTN3VoNalK5S99TrhN/DPp1yN+F/bwPt/+P1nJiqVO/LfH8vpbafnIc92Vj/ps1Kn7IvuIPj12UFasag4spwnrVReVl2r8rJrcc79Bdvx3D3mNaCeTuFnaSXmL7jeZ313HtvazuJXlE/6xFFNespJraB/eJK9p2pbPUe1vbxmeY6u8G+PW8r7bER9/WZcld498Gub5WNRz2udMCr1VFZdtUpzNqrdKrOesRZXPAcWzylGEL+m+WHFOOqeMN5nzry/4+qfxZ1C1hpalXi/4j3dAwS+KU57pe80nt77nb5P+mzyKersoqtWaiYnX0DvluPci3kG5x/xS5pRElnj03te8yT1z+b+h7XqeUtKh2LvCeNXzf/YO8Q/i/f4+41wfH1nfUSpjFUHJ/0qvpq0LXZO07HW48xHeorPEVthq6TWrS7WXdaz1lSKG1BxT4/V2pp/hi0v/3MYsxrj7/djHTvZqnJsRfE3tu9OvYpzthvdIxP3zNYB8IkD4EcbrI2/eiJrL2xqzbih1ZHev4wjYL11nfW2em8tsx6z3lFXzGnfo8e1vbncfkYjamvdag21WsXfUQ5H4E2Uf8aaafXBcVAGtrYYM68qsdB6xVoQn7XV1flqLI/WnPtbPckWux9xKnj1k+r3UFESKu4COu5akPVj+dP8ZzTeydbz0GpT4u9WUd9l5OdX0XegVl/nWQetN6lA7Kn9+B0G8aO4/pn3+ldt/5WnsU/sZXu5x4qtO/9V29msU+GX/oZVuupQESHhdOaeFKbu37mC8l5WAO0ZoLpfgHV8QbOJh9WzPsYZqv42W1usC3G+3MSkFZvX4zoVZ2dMU1WPv58fX6ngrOKJabK/8Aefg+6tsAZgnotfgbSaWjcgtba6sRQrNgeXx9AYhNTcamRdacWfbLBWWJvobgl1xu7BnLQ9rl9rs2yaOWtTqT++unHycT1lzQQ+X/F+sdJyx91Z0SGeuZa1Zw1ZPsWJyaI9lT+789gaK+HYYZopl1i3WC+rOcwabN2ncmj1weO6jd0DdstZjLendRs+/230xkSuJ/nN+2im/gi/5e5jsSfpX6WoIOUbfbPWHfE2TkPjnbTvr05d5oQ6e+mOAMUT6Giio3k53ttot/xDvqNqJbJijJ6ztahRB++L2EWsFmuKvzzWGsd2XdaRXQVrJ9YNJbuzYexSjWtV2Y2aX6vD+muXaZezkVpbrQN7UOukXcfGajdrN7PHtJ5aL/a4dqf2IJukjdYmsrnaFG0KW6yVaWXsdW2qNpUt0Z7XZrN/a29qH7JlPI/XZat4AS9kq3kRL2Jr+UX8IraOX8xL2cf8Ut6afcL78DvYRt6f38028bH8UbaFz+Kz2A7+LJ/LPucL+avsa/4af419w5fwpWwfX87fZt/x9/h77Hv+H76KHeSr+UfsEF/L17IjfD1fz37Upe5iP+lJejI7qqfqqczSq+npGtODekgz9LAe1ux6VK+pmXpdPV9L0Av1Qs2lF+mNNLdeojfWkvQmehMtWS/VS7UUvZN+rZaqX6/foFVTz8ppNWx9bQ9o6bYHba9oubZXbUu1Trb/2D7UuhpOw6n905CG1LoZSUYV7SYj1UjTbjbWGp9qtxmbjO1aP+Nz43NtoLHL2KUNMr40vtIGG18b+7UhxgHjgDbC+MH4WXvA+EUY2hhhF25tokgSSdo0kSyqatNFDeHXZomgqKfNEfVFfW2paCAu0ZaJtuJKbbW4TozQPhGjxENcE4+IR7hNjBPjuSEeF49zu5goyrgppouZ3C2eFk/zZDFHvMxTxEKxhHvFMvEWzxTviHd5VLwnNvCaYqPYyC8UW8RWXiR2i695sfhOHOVN7czO+eV2uz3A29kj9gLew36hvYTfrZ6P44NNbnJ+rylMOx9iJpgJfJiZaCbx+8xUM5Xfb9Yw0/gI02f6+EgzaIb4KDNiRvhDZrZZi482c80L+CNmXbMuH2cWmAV8vHmhWcQfNYvNEv642cRsyieaLc1WfLJ5mXkZLzPbmG35k+YV5pV8mnmNeQ2fYXYzb+IzzdvM2/nTZl+zL3/OHGAO4M+bg8xBfLY5xBzG55ijzFF8rjnaHM1fMh8xx/J55nhzPJ9vTjCf4C+bz5rP8dfMOeYc/rr5srmULzHfMNfyFeZ68xO+yfzU/IxvMTebu/l28yvze77X/MH8gR82j5hH+BHTcmj8R4fNYeNHHXaHk//ikI7quuZIc/h1lyPgCOgpjpAjW0911Hbk6h5HviNfz3DUd9TXA44GjkZ60FHiaKZHHKWOUj3H0cLRUq/jaOVorec5Lne01fMdVzmu1us7ejn66A2cAWdYL3Ze4eykN3V2cXbRL3U+4HxBb+V8w7lC7+382LlJv9u5xfmFPtT5Y0K6PiqhQ8I/9DnqqT399YSFCUv1/5N2maivlLVlc/1jea3sru+Xt8je+jHZR/a12WQ/2d9mlwPkAJtTDpT32xLkSDnGVlWOlWNtXjlePmbzyQlyui0gZ8gZttpylpxjy5EvyQW2AvmqfN1WJP8t/227SC6Ty2xN5Jtyha2pXCnX2C6V6+Q6Wzu5Xm6w/U1ulFttHeR2ucPWyXWv615bZ9dQ1/2261wjXQ/burrGuR61dXc97ppgu8U12TXZdqubu01bL7d0u213upPdqbb+bo/bZ7vHfdh92DY4kSVqtnsZ13bA67mh+BJZEtNYFfzpLBnzsI3VwNxtYFbPgj2CPzuLYhY0WQ68pAP+sBGT8IcqEndjilGuPKabPGYiPGZH1LoKf1XgN69Di9ezf7Am7Eb40KbwoX3AHO7AXzPWl/VnVdnd+KvGBrDB6PleeNga8LCSpWkuzc3S6Qlhj5YEn1sHPjcKS7aWzfK0mlot2GtrtZHPgS9OI19cF764LbAdPHJzeOTOsF8Hv5xPfjmf/HI9+OWBsA/SHmAF2khtJNocBU/tgad+hBVqY7XHWQNtArx2XfLadclr1yWvnQev/Tzys+G78+C738Z88I72Dmukvat9wIq1lfDmJeTNObx5AbA+fLogn55EPp2TT08in55KPv1i8ukXkE9vSD7dC5/+PMvgs/ls5uNz+IssyOfCy4fIy4fIywfg5ZcA/w1f7ydfHyZf74Ov/w9wFTx+AB5/NfAj+H0/+X0/+f1M+H3JsnQXvH+EvH82ef8ovH8NVktP09NYbT1dT2elaiZAHjMBq4mZIArM1muiFuYDlqPmA9Qq0ouAjfRG2FuilwAb641RBnMDEHMDLOpZ60voWeuW9Hz1JfR8dUt6proF5ol7WWPbENsDTMNsMZYl2sbZJrALbRNtk1iKbbJtKiuyTbM9xarbZtheZGm2ubZXWDpmlFdZvm2RbSkrUPMKK1bzCpNqXgEmGUmsqVHFqMLqqtmF5WN2Wcd042PjYxYw1hvrWaLxifEJsxkbjE+ZgVlnEyybjc2wbDG2MLux1djKTGObsY1VNbYb21mCmpOYS81JKPml8SWrYnxlfMWSMTN9zTRjr/ENetxnfMtSjP3GflZdzVXo8QfjB1bDOGQcYiXGYeMwxnbEOILx/Gj8iPxPxk/I/2z8zBobvxi/oOVjgrMUoQsbaywMYTANM5ydYbIQJnMJh3CyRJEgEpgupJCshnAJFysRbuFGGcyC6v/uihTUTRVVUbeGSEP5dOFhycIrfGjZL/yoGxRBYEiE0EKmyET5sAijfJbIRvmaoiarLmqJWrDXFrWZTeSIHOYWdUQu2r9AXIC6eSIPrdUVdVEmX+Sjbj1Rj0k146KvBqIB7A1FEUo2Eo3QQrFowgzRVDRHyRaiBbOLS8QlGHNb8Td8rvbiSrR/neiC3v8uuqKXf4huaOcmcQtrInqK21hT0Vv0RY93in6smbhLwHuIu8UAVk3cI+7BaAeKwfgs94ohaGeoGIoWholhaOE+cR9LEMPFcPRyv7gfZUaIEegFDIB5FANgeWAA41iBGC/Gs3qKB7A08ICJ2DtJTGLpYrKAHxBPiCdYsSgTZfi2p4vpwKfEDJYvZoqZKA+ugBbmiDnAFwSOUjFXzEXdl8Q81lz8S/wLLc8XL2PvQrEQdV8Vr8K+SCxGydfFEpRcJt7A3jfFW6wQDOMd2N8V77Jc8Iz3UP598T4sH4gPUHKl+BAlV4vVGM9HYg3KrBVrMcJ14mOMeb1Yz+qIT8QnrIHYIDagLjgKam0RW9DyVrEVtXaL3WjtS7EH5b8WX6P8d+IHlDkkDuHbOCwOY2xHxFGWpngMqwce40Leba/CCuzJ9hTmsafaq7NCew27lzWw++wBVhcsJ8qK7dn2muxSey17bdbInmPPgaWO/QJWYs+z56GFuva6KJlvz0eZevZ62Ftgh3YEN7qQ1bcX2YvQVyN7I5Qvthdjb4m9BH2pmAKa4kwsX3EmIDgTEJwJCM4EBGcCgjMBwZmA4EwsXXEm5lGcCQjOxOoozoQ8OBMrVpyJpYEzNWG5ZlOzKWqBOcEC5oQyYE5AMCdWqJgTawDmBCVg3mTexErAn25jiWZv83aUAYtCXbAo2MGiUHKIOQTtDDWHIj/MHAY7GBXGA0aF8o+Yj7ACc6w5FrXAq1g98KoJsEw0cdSZk8wnkH/WfBZ9PWc+xy5VTAsWMC3mVEwLCKYFBNMCgmkBvzK/YxeZB8wD6OV783u0A9bF8hTrQt4yLfXfURyMNXdoDo2lKQbGPGBgdqDpMFl9BzaW53A6nMhLhxuY6MD860hyJLFCRxVHMiwpjhRW7Eh1pLJ6jqqOqqzEUc1RHfY0RxorcKQ70lkdh8fhQd7r8KIXn8OHvX6HHxZwO+TB7TAScDsguB0Q3A4IbgcEtwOC2wHB7YDgdkBwOyC4HRDcjjkVt2MXgdtdwZKcHZwdmHBe6bwS+Y7Ojshf5bwK+audnViqYn6wPOCcxbjzaecLyIP/IQ/+hzLgfyjzY4LGeAJPSGcXKxbIGsZiNygWyLhigUCwQOC18lrmk51lZxaQ18nrWBV5vbyeZcgb5A0sU3aRXVhI/l3+nemyq/wn8t1kN5S/Sd6EMt1ld5S5Rd6CfE95KwvLXrIXytwme6NMH9kHe++QfZkfzPIu2PvL/rCDXwIHyoHAQXIw88p75RAWlEPlMJS8T96HksPl/ehxpHwIltFyDFoGB0Uv4+V44KPyMZSZICdizJPkJLQzWU5B/gn5BMqXyTLkn5RPos2pcir2TpPTWFROl9NZTcVcWTaY6yxWWz4tn2al8hn5PPKz5WyUmSPnYO9L8iXgPPkvliPny/nY+7JcgL2vykWslnxNLobldfk6LOC7QPBd4JvyLZYl/08uR5m35TssIt+V76LkCrkCvayUH8KyWq5Bm2DDaH+9XA/8RG5AmY3yM+zdJDehnc1yC/Jb5VZWAJa8Ha3tkDtYVHFl5gdXHsa8rvtcw1nIdb8L3xJ480iW4xrlwnflGu0azTJcD7sehmWcazyr7XrU9SgrVXwaFvBplqP4NEtVfJpxxaeB4NNA8GmWqvg0yweza0J8ugXxaU5MOsabyxmz4sdu4sdudg3+3MSMWxIzbkXMOJmY8WXEjKsRM65OzLgGMeO0SvF7DIrfY1L8HoPi9xgUv8dJ8XsMit9jUPweF8XvMSh+j0HxewyK35NI8XsMit+TSPF7DIrfcynF72lN8XtSKH7P5RS/pw3F72lL8XvaUfyedDD1BPBml+Yijp7G6mvpWjo4tGLqDcHU27Ii4uJXaFdq18CuuHgjrZvWDQz7Tu1OYD9tAHjzQDDyBmDkI1kJuPgo5B/SHkJ5xcgbgJFPZE3AxctYU7DwBcBXtFdYM22htgx7FQu/ilj4xcTCS4mFNwcLz2M6sXC9Ev/Wwb8vJv59Kfh3a2LhKsKQjSIMVaEIQ1UowlBVijBUhTj634ijX8hH8QdZYz6JT2Yd4kxd8fLa/CX+EqvJF4GXZxIjzyJGHuUf8A/AvxUXD/I1fA3sH4N/BylqkY9/yjeDkW/lW4EqglEORXWrxXfyL2DZzXcDVWw3P0U2CvNv+D7kVXyjCP+OH0BeRTnK5j/zo8irWEcZ/Bi3mJ8iHoV0TefIq7hHEd3QDeRV9KMQRT8K6wl6AiyJYP+5xPvzifcXEO9vr3t0L+yK/efqmWD/F+gRsP9cYv95ei29FvI5eg6wrl6P1YMSaIB8Q70hq6NfCD2QS3qgrl4MPZCrX6RfhPaVHsglJXAlKYGOpASuJCXQkTRAC7D/CcwN3j+VJRPjr0GM30OMv6FtIRh/IzD+5azE9rZtJWtGvL+0Ukwmg2IyJVJMphSKydSOlEArUgJNKT5Ta9IDRdADa5kgDWA3PoUGEKQB7KQB3MT+7cT+axg7jZ1g+buM3bAo3i+I8Vcnxt+KGH8yMf4axPjTjIPGQaDi9C2I09uJ0ycTp29BnJ4LAU5vJzZvJzafRqy9BfF1OzH1ZGLqacTOWxAvtxMvr0G8vAW4OHSvyAUjF8TFk4mLt4iz8AJRgPKFohDlFRdvQSw8xrntxLPtxK1bErduRdw6mbj1ZcStqxG3rk7cugZx6zRiz2litBgNTvmweBhsUrHnImLMxWKCmAC7Ysz1iTE3FVPFVPBIxZULxQxw5WLiyh7iyiXiGTEbPH4OWLKHWPIVxI9LxAKxALUUSy4klnwFWPIi1H0NXNlDXLkhceUS8X9iOVp4W7yN8oorFxJL9hBLbkgsuYRYcqlYA5ZcTCy5KbHkQmLJJcSSmxBLbk4sub7YLDZjr+LHMWZcX+wV+2FR/Lgh8eMi4sdXiGPiGBiqYsbFxIxLwIyrI684cRPixE3tQXsWa0bMuJSY8VXEjC8mHtyUePBVxINLiQd77A3sDYCKATcnBlxqv8h+EdpUEcUSKZaYQbHEEimKWCJFETMoipiTooi1oShiBkURM+zt7e3Ru4olZlAssUSKItaaooilUBSxdhRFLJ2iiKVTFDGDoogZFEXMoChiiRRFLKVSFLFEiiLmpChiiRRFLJ2iiBkURSyRoogZlaKIGRRFLJGiiBkURSyFooilUxQxg6KIJVIUsfRKUcQMiiKWSFHE2lEUMYPihxmV4ocZFD/MRfHDEil+mEHxw9pVih9mUPywRIofZlD8sESKH2ZQ/DCD4oclUvwwg+KHXUrxw1pT/LAUih92OcUPa0Pxw9pS/LB2FD8sneKHGRQ/rDXFD2tD8cPaVYofZlD8sHSKH2ZAw6SwIiiWLNaU9EkzM2pGoQ2yzWxw/dpmbdbQzDHrQG/kmrmw55l5cd1SaOab9VhzUi+FZqHZEKg0TKnZyGyEdpSGaWa2MC8BtjRbo7XLzMtRpo3ZhtU320LJlJjtzPZQCFeZV2Gv0jNNzBvMGzCermZX1IpFYlQKpxQKpwf6UgrHbd5u9kE7d5h3oNad5p3sYvMu8y5YBpn34lMonVNE2sZDkRsLSeEUm2PMMUClc5qTzik2HzfhJUjnFJLCKTGnmdNgmWnORO9K7ZSS2rnKfN6cjVpK85SYL5ovosxL5jzgy1A+CeYW83PgF9A8CaR5LiHN08w8aB5Ey0rzFJk/mz/j0ynNk0Ca5wrSPE1J8xST2ikktVNEaqfQ4YLCKYbCqcKakMIpJYVzMSmc5lA41aCCqjtqoGQaFE5D0jYe0jPNoGei6KUW9EwC9EwBsNBRBCyBhkkgDZMADdMWqNRLAqmXBFIvl0C9dIgrFqVVroYO6USKpbOzMyz/cP6DNXb2cPYA9nT2BPZy9gL2dvYG9nX2BapYdFUoFl0VikVXlWLRVaVYdFUoFl0VUj46aZu/JXgSQuzChFYJf2ONE25MGMA6UKQ6G6kdGxRObagIpWFqk4apKf8JDROUN8seYOpKtwRJsdSGYrkN+d7ydiiHfrIfLEqrZMp75D2wDJL3QqUofZJF+qQ26ZOa0CcPwvIQVEpNUilR+Yh8BOWVPqktH5cTsHci9EkU+mQyWlP6JIv0SUyZZJIyyZVPyaeAM+VMoFImBaRM2svnoUzqQpm8APuLci7LI2VSl5RJPVImBVAmL8OyQL7C6siFciFKviZfg13pkwvkEuiTXLlULsXe5VAmeaRJCkiTtJfvyw+wd6VcBbtSJvXkWrkWJZUmKZCfyo2wfwZNUg+aZDNa2wJl4idlkie3yW3oV+mTfNInF8jPJTgeRQfMoXikteQeuRcWFSkwJPfJ/cireIERihcYoniBORQvMETxAjMoHqlf/iJ/AarYgTnSkmCAFEEwDGIOBkhxBDMoNqmfogn6KDapn2IKRiimYA7FJq3lcrsSYVfxBSOuFFcKLCrKYDZFGcxw1XClY6+KNZhDsQYjFGswm2INhl0hVwh7VcTBCEUcDFHEwbCrh6sHC5ISy4ISG0pKDMeD6wHXA1BoI6G+skh91SPd1R6663HkJ7gmsTxSX/VcU1xTkFeRCyMUudBHkQtzKHJhNkUujFDkQhu0kWRTwPGHg21xVl3br33HmPaDdohx7SftZ2bTLK4xwQ0umANiX7IEnsSrMBevyquxRJ7OPWD8IZ7JUng2rwkN8CR/klXXW+qXgtu1MC5h6UYf4w7mNd403mR+N/5YhjvgvpwF3O3cnVkb9w3u+9m17nHuZWyYe4V7L/uXe5/7EJQWZ9AYFBfFDbXlYFVYB5YAJdgViupG9hDrzB5mY9hwKLu1bATU2XZotM81J/tEk1BXlpaoVdU0Ta1+mEpRadW1TtpNmle7WRuh1dJGao9pLbVJ2pPQWa9oH2rX6i/qL2r9wKnv1O6yDbEN0+62jbQ9pA20jbON04aAX0/WhoJfz9SGg1nP00aBWb+mjbYtsy3TxoJZv6uNo5Xax8Cs12oTway3aZNtu2xfaWW2b23fatPBrw9rTyl+rc0yUowU7Vmw6WPac+C2YW2diIqodhBcNVf7AdyzSPtZXfvVLHGxKOU20UJcDvrbVnTmbvF3cSP3im6iDw+Aew7mdcQoMYY3EGNFGS8R08QzvJW6psrbi7niA36FWCVW8dvB6TbwPmKT2MTvEdvENj4QfG0PH6SYGh8qvhcH+QgwtWN8JCi2i48DL6vKp9mr2zP5THCx+nyevam9J3/Dfod9PN9rf9z+uC7BMsp0F1jDXD1FRVzWq9tftS/SvfbF9jd1v2IKegQcYYNeYN9o36U3BC84rDfHHD5f72B+7wjq290/u3+2JbGtjHl2Ie1FOoB0BOkYY15bxavmdeI1CakakhcphJSNlItUgFSE1ASpBdJlSO2Rrka6HulGpB5IvRn39qPEvAMpce8wpJHIj0F6DGkK0nSkZ5BeQJqPtAhpKdLy+Bje/53X1fG2VH59vM4mpB20j3m/RNoXH+/78Vd8Ru9BpJ8Y87GYPf7KfYKS5pNIycjXqLDFkh8pHMujX+6rFbfnxVNhPBUjNUNqidQGqUO8bCcqz3xdkLrFvidfz4rvPFa2D5Vjvv5Ig5GGIz0YG7tvbLy/CbHP6itDmoH0XHz/3Pj+BfG0GLY3kN7B51mJtKbis9Bn9m1A2oK0E2kP0n6kQ0hHGcQ6khl/df/6Wl7en4qUHntV5VU99b5ifwApgpSDlI/UEKnxr6/qN/OXIrU67Vfub1fpt8Jn83dE6hz7vc/odelvXnF8+7vG+qFjKW6nfiun7ki9fn2l421p/HjbgfH1hX0A0pD48afaGfHrq3800nhbFU+6J+CJeHI8+YQNCRsDSz2tgO08HYGdPV2B3T29gH09A4Cq1hDPCM9oz3jPJM9UzyzPbM88z0LPEs9bhCsq8qs864Bq70bPNs8uz17PAc8RYCwfw2Nem9fpTfJWI/QCQ5QPUT7bmwss8BYBm3hbAC/ztvc6qdbVwOthudHbw9vb2887EDjMOxI4xvsYUNmneKd7n/G+4J3vXQRc6l3ufd+72rveu8m7w/sl4T7Cg8CffDhrfcIngcm+GkC/Lwys5cvDXtTyFfqKfc18LX1tfB18nXxdfN2APX19fP0JB/uG+x70jfVN8JUBZ/ieAyrL3Lg9hgt8i31v+N7xrfSt8W3wbalAHK1AZd8Tx/2+Q76jfu43Cd3AVMqn+wPAiD8HmO9vCGzsL63AVv52/o7+zv6u/u7+Xv6+/gH+If4R/gGqNf/ouGW8f1IFKstU/yz/bP88/0L/EsK3KvLKvsK/yr/Ov9G/zb8LqPJ7gQeQP+I/lmHLcGYkEVaryHszQsDsjFxgQUYRsElGC+BlGe0pf3WGjepen3FjRo+M3hn9MgZmDMsYmTGmAh8DTsmYnvEM8i9kzM9YlLE0Y7kaQ8b7hKvL8xnrMzYBd2R8mbEv42DGT+UYYAEBlIHkQI2APxAmrEWYBywMFAObBVoC2wQ6ADsFugC7BXoCVa0+gf6BwYHhgQcDYwMTAmWBGYHnAnMDC4CLA28Qqvw7gZVAtXdNYENgi69/YGdgD3B/YEvgUByPBnnQDLqDqYTpwADlA5SPBHOA+cGGwMbBUmCrYLugSbU6AjvD0jXYPdgr2Dc4ADgkOAI4OjgeqOyTglODs4Kzg/OCC4FLgm8FVwRXBdcFNwa3BXcR7iU8ADwSPBbcGLKFnMCkUDWgNxQCZodysRe1QgWholCTUIvQZaH2oatD14duBPYI9Q71IxwYGhYaGRoTeiw0BTg99AxQWV6I22M4P7QotDS0PPS+r2Vwb2h1OYbWhzYBYQ/tiOOXoX2hg6GfMhmhKM9nysxkYI1MPzCcWQuYl1kILM5sBmyZ2SazQ2anzC6e8ZndMntm9snsnzk4c7hqLfPBuGVs5gRgGaGyzMh8LnNu5oLMxZlvEL5TkVf2lZlrMjdkbsncmbkHqPL7Mw9lHg3zsBl2h1PD6cEBCsOBinwknAPMDzcENg6XAluF2wE7hjsDu4a7A1XdXuG+4QHhIeER4dHh8eFJ4am/wVnh2eHxofbheeGF4SXht8IrwqvC6wg3VuS3hXcB94YPhI+Ej2XZyjHLmZUErJblzQplZWflEhYAiyjfJKsF8LKs9sCrs64H3pjVA9g7qx9Q1RqYNSxrZNaYrMeypmRNz3om64Ws+VmLspYClxO+T7g6az1Q7d2UtSPry6x9wIOEKv9ThEVEREaSIzUi/kiYsNZv8nmRQmBxpBmwZaQNsEOkE1DV6hLpFukZ6RPpHxkcGR55MDIWOCFSBpwReQ44N7IAuDjyBnp5h3BlZE1kQ2RLZGdkT2R/5BDhUYVRDtwSNSN7ou5oKjA9GgBGojnKHtkZzY82jDaGpTTaKtou2jHaOdo12j3aC9g3OgA4JDoivFBhdHR0fHRSdGp0VnQ2ys+LLgTOii4hnI12YvYYvhVdEV0VXRfdGBHRbdFdwP/H3reHV1Veee+9zz4nKSJNTjIYY4ghhOTc7/dzcm6N3ORhkA8pRQYjxQxFpBlEipSJSJGmlFLCIKURI0MpxhgoUkxDTChSDJGmMVKMQJFmIoOZSCPFTKT5MMxav/dobTvPU///vgf3z+Xa613vetd7W2udw/Eq8HrJDULil4waVMOYu4pTdIZhvCHPUGgwAG2foccQIowbphDONMwhnG9YRLjEsIyw0rDasM6wwVBt2Fpy1rDDUFvcYthjqCV6v6HW0Gg4XDxgaDYcIzwJJE6Jy3Da0G3oMVw09P0VMr/fMGgYIs0jRsmoM4416o05xnxjESHTJkIH0T5jhMdlTAKnGWcJ2jjXuICw3FhBuNy4knCNsYpwo3Ez4TbjTkJqWzJq3G3ca6w3HjQeMbYYjxvb/wo7jWcIzxkvGS8bB4zXjMPGm5M9jCblUzSlm8YRZptyTQWmYpOF0AUMmKKEZaYZptkck5jmmRaaOFah2MC01LTCtCpvjGmtaT3hJtMWcYObtvM9aNplqjPtm3DT1GA6RDcm3USmJlOr6QTfSqYOuqHorjF1mc6aLuRfMPWa6Nbj/WK6arpuujG5kNetadSsmscU55gzzOMJ88yFYo2ZDTy/ZpvZY+bZzDDHDXnsB/MU80zzHPaJeT4hRmpeZF5CuMxcaRzmG8e82rzOvIFuHzr5zdXmreYdE9PNteY9hPvNjeJ8Nh/mU87cbD5mPkmnZb/5dOEQnzPmbnOP+SKfOeY+QjpJzP3mQfNQUYd5xCIVdfDKL3FZdJaxFr0lx5JvKbKYLA6LzxKxJC3TLLMsc+9qsiywlN911VJhWW5ZSTJrSKbKstGy2bLNstOy27LXUm85aDliabEct7RbOvMq715iOXN3peWc5ZLlsmXAcs0yfHej5ebdzVbFmm4dN6Hdmm3NnXDNSrGKtdhqmbzV6rIGrFFrmXWGdbaIN6zzrAuti61LrRRbckRhXWVda11v3WTdYt3Os2Dd9enNbq2z7gM2EB6yrLE2WVutJ6wd1i7rWesFa6/1ivWq9br1hnXUptrG2DJs4215tkIR0+b10fa6KOIoEaXYbDbPXdtF3GgL2eKEU2wzKYqjtWGbk++yzbfNsS2yLbEts1XaVtvW2TbYqm1bbTtYMm+PrTav0bbHtt/WKCK3u5baDt9VbGu2HaO+EKPaTtpO542ZkG/rzrto67FdpN6jtr4JN239tkHCIdtI/lq7ZNflr707bh97t2rX23MI8+1FloN5h+2mvEa7w+6zR+xJ+zRrE3vAPss+175ArO3CdfZye8WEm/bl9pX5F+xr7FX2jfbN9m32nSLCtO+277XX2w/aj9hbeF/Yj9vb7Z0UpVOsbj8j0H7OfklE4PbLn8MB4DXuxT4MvOlQHOl5YxzjHNl5lY5cRwFF0RRRO4odFocrRQeAUd5fjrKUJykedswAzmarHPMcCx2LHfMEDVzqWOFYNeG4Y61jPcXDFBU7Njm2OLaLGNix63NYl7+d4r21jn2OBsJDjBy1OpoEOlodJ0Sk6uhwdDnO5h9yXHD0EhKfOFccV0XUaur6Mzqu86533ACOCnSqzjEUi1JE6sxwjnfmUeRJcamz0Glw2u5udnqcobubHVeccVqTQ84pFGfSvDhnCnTOcc53Lpo84lxCNxSdzMU65zJnJd2bI87VRK9zbnBWF7c4t/KN4NzhrHXuce4vqXM2Og87m53HnCedp53dzh7nRWefs985KM52cXobxzqHnCMuyaWj03jANdalFyehK8eV7ypymVwOl88VKZnhSrqmuWa55ooYoPiaawHdArhlXOXGaZ/e0a4K13LXStcaV5Vrowu3rWuba2dRE59art2Gma69rt2u+uIi18GSVa4jJYtdLa7jLp+4l0t6Xe3FOlen6wzHEq5zkwtdl1yX+U53DZDmay66i1033XQLG5a40/n+co8z5Lmz3bnFA+4Cd3HxgHGb2/LpTeF2uQPuqLvMPaNYx7GErdE92z3P2sSjcy90L3YvFSdtcbl7hXsV6VnrXm8c5jvXvcm9peSCezvfU+5d7jr3PneD+5C7yd3qPuHucHex39xnoeeCu9d9xX3Vfd19I7+Oz3D3aCraITRPSeGnUU2/R2UUHM8YYAbb4BkPzPMUegzFKz02j6d4oyeEaIQiE/MUT9wzRdAlo4zUiu4Cz0w+dT0zPXM880Vc4VmUQhqF2eBZ4llmNgiakSQrPatLujzrPBsooqC4wlPt2erZIaII85Q/oyejpNdTa6j17PHQ7e9p9BwWNz7dPoSeZs8xz0lxy3tOe7o9PYYez0UP3fvMJ06/Z1Dc8p6hz+EI31NeidGTAVrnHevV091NN7g3x5vvLaKbmu5xr8nr8PqMl70Rb5JwmncW3c7F3rl0F5PPvQuA5cIz3grvcmOOd6V3jbHFW+XdaBz2bvZum1zo3end7d3rrfce9B7xtniPe9u9nd4zhOe8lwq3ei97Bwrqvde8wxPWeG/6FF+6t8U3ztvuy/bl+gp8xT5LQb3P5Qv4or4y3wzfbN8838KJKwqX+RYXrvYt9a3wrZrY5Vs78YJvvW+Tb4tvu2+Xr863z9fgO1TY72sqHPK1+k74OnxdvrO+C75e3xXf1VR2cMZ3fdIl3w3fqF/1j5l005/hH+/P8xf6DX5bwXBRq9/zaRzuD/nj/in+mf45RM/3L/Iv8S/zV/pX+9f5N/ir/Vv9O/y1/j3+/f5G/2F/s/+Y/6T/tL9bZKATe/09lHMh0xE5hf+iv8/fL7I8/2BRAeGQf4RyLrrrA9KkooAuIBWNBsYG9IGcQH6gKGAKOPzVE1ex5MS6gG9iQyASSAZSeVZBfmDWp/msyDEDc5FX9lLuQhlfYMGnvU9yBMoJkSsFKgKUN6VynBkTNxVlB1b64/aWiYcCa0h/VWBjYHNgW2DnpI3sgcDuwN5AvYhVJs4LHAwcKRwKtASOF3UE2gOdgTOBc4FLgcsiHwwMBK4FhgM3g0owneOc4LhgdjCXcmrKrIMFwOKgJeiirJkyaMdsxmAA2XQV6Cj3EiwTGJwRpOw4OK+obOKK4MLgYsp5Kf8NLg2uCK5K0WuB6zleCm5KeZKy1+CWFJJVwe3BXcG64HZBA/cFG4KHCo8Fm4KtlL1SDhs8EewIdomMNXj2c3hh0rZg76SVwSvBq4TXGTnHNNsEBm8ER0VeGVJDY0IZk46ExofyJh1hPnEKQwaRY4Zsn0MPR3GhEDAuMDQlNJMyR8ofQ3NC80OLKFukLDK0JLQsVFnUFFodWke4IVRd1BHaGtrhn8LzEqoF7plYF9ofXBpqDB2edCnUHDpWtD10MnSaJLtDPQU5oYuhvlA/5w7iPuKza3JtsS40GBoKjYSlsC48dnJfWG9rDOeE8/nuCBeFTWEHI9G+cCScDE8LzyKc+xkuCJeHK8LLwyvDa8JV1GqjyOnCG8Obw9vCO8O7w3vD9eGD4SPhlvDxcHs4h89PxpLRcGf4jLOZT8vwOeClkkCY8rvwQPhaeDh8M6JE0kv2RcaVuCLZkdxIQaQ4Yom4gAE+JyNRkVsxRsoiMyKzI/NEnhVZGFkcWRpZEVnl64isjayPbIpsiWyP7IrURfYRNkQORZr4zIy0Ak9EOiJdkbOEF4pXRnojV/xLIlcj1/1LxJ0SuREZLVVLx5RmlI4vzSstLDWU2ko9paHSeOkUewufos6R0pmlcwrqS+eXLipdUrqstLJ0dem60g2l1caDpVuNLaU7SmuN9aV7SvdPOiJuKMbSRlM23YZElx52XxCRm/1gaXPpsdKTpadLuyfvL+0pvVjaV9pfOlg6VDoS6g8viErhiqguOja8LaqP5kTzo0VRU9QR9UUj0WR0WnRW4dbo3HB+dMHntUXLoxXR5dGV0TXRqujG6ObotujO6O7o3mh99GD0SLQlejzaHu2Mnomei16KXo4ORK9Fh6M3Y0os3dseGxfLJsyNFUQXpLA4ZplcGHPFArForCw2I7I0Njs2L7Ywtji2NLYitiq2NrY+tim2JbY9titWF9sXa4gdijXx/MZaYyeMA7GOWFfsbOxCdFqst3Br7Ersauy6mLvYjdhoXI2PiWdYDsbHx/PihXFD3EboiYfi8fiU+Mz4nPj8+CJXkSEjvsSQF18WryRcHV8X3xCvjm+N74jXxvcQ7o9ciTfGD8ebnYvix+InJ6yJn453x3viF+N98f74YHxoYnp8JCEldImxCX0iJ5GfKEqYEg5Dt70l4UtEwkcSycS0xKz4YGLuxPTEgkR5okL0klieWJlYk6hKbLQ2JTYntiV2Tu6Llk8eTOxO7E3Ul5xIHCzpShxJtCSOJ9oTnYkziXOJS4nLiYFYWeKy4XTimqEnMZy4mVRM2cl0U0FyXDI7mZssSBYnLUlXMpCMJsuSM5Kzw8uT85zNjMmFIutPLk4uTa5IrkquTa7n6CW5iaOU5BauoiS3ix3HMcaEg6lKxV/sDtbw58pAcleyLrkvvIbv92QD5+DJQ7wak02iOsTnQ8losjWcT/oRiSVPJDuKy8PJZFdxeap6g7pK8uzkxuSF0pPJ3uQVkfUnryavJ2/wXJsNkjz6gPoVwgXaxwhvAz0GtBO0k2lpo+a3RLvVaYQe7Sq8XYy3PwK9hdClfRn0NNBCgxP0bLS1E9rA96groIfbutDLQtXNqH2AJW+9SD1K2rWEmltvgHOAMFtNMmofJzyMVs+zJZ+A/qQNVm0A/xHQbtBu0B70607hWuC/QIZ0fvIfqpmwV7xlmt4+ADvhAfQ+S3sboy7MNt96AXwjsJrQARknW064FzavBS0wB1gDvmh7EP4JwoffgJeW4i34mnPgpENGglUvgvMoem+EhfeC/2XQMej5Ft6+Cz3vwv4vY+z09pM32eefvKmtA0eLtj60rWD7QTtAu9QQ+MtA+6AZfKAbb11461fZG37tI7AzBEmm3ZrrkBGzsAXaWmEbxoUV4tY+D3lGu1oPyXp4BqNTA8A5kFyCvprQF82Rch9bonmWUbnv1jJG3QfE+S6jagZ9npH4TeA0gW4A3QC6GnQ16EHQg0yn5XBbRuW+0QTRHm25JGsHGDUe9GUFfZpRsYLztLaSNAQZlacFB5ZMB46FJU/rXmIZ3deYZs3KatagPgw9q9FqMeR/CPkYenkZb2N4G8O41gGPQub2FDaA0wC6GnQ16EHQPK47uHfNy+g9hnH9GzSf066kHusZlXPo5SRsWAPNh+CZV6DhHOx/BRrqYH8V+199HrNQhbZVaDsbbfcwX7sIb/fwW1lhWsasyYrgsKS8EPLfAt4LjoL5eoaRaB5XJSPRPK6VjESzVVMYiSbb5P1ABbZNh23F6H06+noG9ERGaQgceFJ5FYi1rd4NGRfG4oIeCSvtXvAl8CX4H3bS2x8TXc2oSPBqBXtV9wjmrgLyz2i/TppfY1SeERx46dUUYqToaz+vbfUUVvh+SO6HTD+jdjJ6bAHu51bEaQLdALoBdDXoatCDoAdBlxFtZFT2j3aQbce1JKP7Jew8jr4yQfdiVWSmOHQiaU5px8OeAHNgz22wIZNtlt9hazX382kgvwOvvgP/7AF+HbP5M0h+hNWewSh/BMmPIAN5+SOWUbPRew3m4ufweQ0sqUG/TwCb0HsN9nUTPFCDfd0ED9RgXzfBAzVYvU/AAzW8o9UngG3g/AY+vwd9/RR93cN9aX7IdNpdWtCCwz2mTdDxXO+CzbtS/Abw51PbbOgZDz3ZYnRYOTeBp2C5KkYKa1WsZ3hb0wif9KJVL/S/Bcle7NlG3nHyiPprossZ5RFIjvDfcVVqGTU1wBijPKL9iDmMRL8N+m3QbaDb0LYQrQpBz0DbGUzDJ93q67RaShiVbvhfYVpTBQ52rjJHPUucVxiVOYIDG47DKgfo74AOad9hSe3TRJug3wVtl6AtD5I3ITkFnCkY3YeQmcoofyg4kBwHvBcjfQt4CmO8F2M8hTHeizGewhjvxRh/Bxumsg3yh9inbvRVoRJfLWBUxG6tgP5B2FPBbeleKOTzhzWoZoyiAqOI8FyohYxKBG0jaPsO2s7C21p1DdP8VhrG3FUzSsOCA/sxFmU6EH9vWRrmuVM2MRJN41L+DyPRbaDb0JatCjISn2yTf8woDcO227FajqL32+G9Gej9Cno/LzjocSls+BPkfwmZP+Htn7Bn2zC68+C3gd+GVufRqg2n33hGuQ1e1WDl7MPcaeCT6fCDG2gVI+VxqVaMcTqsvR+zkItZuB+t7mdJtQz4FFrdj1ZPodX97A2i3wbdBroNrQohXwh6AugJkMkj+t8YlftHh/keh51vYXW9B2u/J2iMsQ/eWKYWMy3s4dNPfg/zuxtjHwK+By/Vw/I/MMr10FAPySAsx9qWt0HyAPpahr4OQPIAJKOQOQCZRpXuYs23GeVG9D4V3jNiLqYKDjxjhv6p8IwZnpkKz5jhmanwjBmemYq9MAjPTMV+H2Qkmr30VXhpNXq/hb5yMOO3cMqZmNaVwScmwcHfri/TnmGa+yL6O0S3iTWGcZ2AfCM4JwQHI30MeAjjPYGdewg79xV4Zho88wrkX4HkYki+gv07Dfv3A/WbfF4xyh9A8gNtJ3OA6xjlIeAH2ufAeQ50JehK0A+CfhD066BfB30Veq4yjfV8B/eiG4Me74DnZ2p/RfTznDsoM9H7DY6rNVMY5RuCA0v+CTb0AgdS+BRLau3Mx8rXaX9JnPcYFR231U7WniI6V3uC+B9qX2MaOkdhQzVGPSo46OXHwB7oH8UYezDGUYyxB2McxRh7MMZR2NADG0Yx44u1p6mXk4xyTmr9U5ahaWeU+0ZNjOilHb30QVs7tPVBWzu09WlbeB8xkv3spT3sJVmD+3qi9iRxfoY4cyJOvw+4rbyVUfogxWH9/8qo5ANLgd/iGZQwg0oBo4QZVIKMRL9FtIXtkTBr0gfqQ6wZ2AsLv4W+enks0n+D3ot+/1twUvLj8JZ7nAJLrmAU6zCKK/DVWyyp+TlLym+lbCYZ+WlG6YO0KLV9AniE51Hj4vnSDmLuRFSZC/oYI3mJvfouegyl8DlwnuO3WCGneF7UeyGfh7ZnBQ1tedBwiVG9CxryuC3Rz4GuBF0J+kHQD4J+HTTuX54vtQSzlqc2cgzMSPop99Ssxfp/Af2uxd5/W1jOftO8zZ7RnMeafBj8y4KGJZfhw23AGrztwltEdHINLL8Nb9dhpHnaX2PN8Dp8DGtyPaMk9tQd6i1eCYzyVwWHfxNEg18GkZ+Ehn+BTC7m6DxwN3o5D3uKhP/h4fPCw9gv5+GfXOyX8/BPLlb4efgnF2fCbkai2VcTGeU3ob8ZK+dNaL7ItPY1RuWi4HC/2te42kB0JWjem61oW4W2rRhLNzhHwenGjuuG5Ufhn27YeRRtn1EXkrZhRvmZVF7DktmQfD6FT7EM70rlNPtQc0HL0aZrdJbEWW0tYxrGnpYvcT7InNvBOQrO7RxXU+aI/Iv58hWgAsn9Apmj9kN+v/ZVGl0bZq0Gb2vwtonfaj/EnH7EfIp+mxD9suaPIKOyDJ23/PYDXSl2HE4McEbB6WEOnV3PgcZpwHz5TUYJbZU8gZC/xPJql7oea5X5ueCfx6/bSMwnrz4Hr/Lt0I23R9HLCPod0dUhKp5J9Clw2sC5F5yfI8b+RxGhMV++wEjRVy1iDCBzKIYheW2uymfUVPCngm8G/yvq7/gehP4T0HkIcfsJ9HWIZZTDyJtEtn4Z66oYnCg4xeAUIPu4TZvNNDhO5PUSzltnqiJhoB7v1N1H9JPQsBca3kd9Y6KgscffRT4yhNzkCUFDw3be75TJ8t23HWvvP5H9tTLK/wmZ29GqBq1yR5MS1w24383cr/oicv8x2n8m/APoudCThbzpNnCymKMGkDdtZNTVChr8V0UezZrpruTe78DOOo5dfBDjasdYDsIeC9o2Q79llO+st2Hhdlj4tqgdodWjaBWCzfXwiRmcepGBco1ObQKWw074TVMJbIVkmkCW1yGDS29j1CF/0X2f92a6xKj7Fu561Ba0P8LcHcXoynnnquKO/oTPAR0sT0P9Qfco9Fj4re7XjNrTLKNUI2fsR+4/gMy3HvnmK6KyAdor6gbIsiEpd6LVAZFp3noWfR0mC19ABaNZ2KweZJvVp5mGH85hRK3w5zLUK36BeoWO/aaKmsx9urNY4ZwbAukkYfrhVK2G6ccg05+qTgia+ZnI2W8DfzL4twGbRBafos9i7Qn//5w4P8DotsOeZtizHfOYlsrBj5L8x7gj7kNO/SyqWKgXqaeQX3+EuoEq6oHafqy0fqa5cqs8Dc5PwHmaOZTdM2cVo/wROOKkxc0lbxPr6pPrhFbdOeKf1m1iGifAavT7MGxYLTijCrCA8A5gDHg72tag7UlY+AosrIKG56GhChqqUFX4AWogVaI6xxroxGY9UyDjAkoCUSeshjaJZTQVmNmlqHJUsH7dI6xfUwn5Z9Dja+jxGcGB5kz4sxf8yUwrs3CavQP+/fDtO+DcSpvG97tumM/5tEam0xbA86w5Q8wCdNaM1gGZvgf3xU9R57mH9Wh+yPJpd8G2H8KSbGgYDxuy4Qc3KqI3IbMDK3wIkl6O09QxjIoXO07PkTbF8Hwm27W5uCOIo+Qg7lJwoyEq1l7F6adHDDPEq0t+KxUfcgRYAJ25iBVxAtONcBdnQNoOpsW5jTjqXcRCxVifzzOtvgfO85B5XkQ40P9V5AUNjGoQccUS8I/w7a+ZihjgCGw7w6dK2jTEG2egpxv2rObzQWvAWfE2zpazODHCiIjSETncwTGPboz2duLgpFKyEf/fYFSyEY10ivwiLYAIIYDbNoF79kHcXJ24xXhEZcIGPjfSpsHOPRz/UG7VgtxKoMhEWpC/CET0jih0BqOEvEwxIxK7BJlLaPUwZD5EDPYwZC6nojXmnECPC+GZE6NxnhHY/C5sTkO29TGjvB+eRA5CM8jxUh7os8gOuhENHsXoVmNcj2OOHker5xg101mPthcxMCrMmumIlhHza6bDbzdUGrvmMCPlhnxK1EAD7i95AuK9vcAJkE9ixnfBwg/49JBvYt3qcD7kYkekY1+PApt1HxPnV4yUfz2IXIwj2IBYjcynHfcxYqQCRHFRzGAUGmoRR3GtIMioceFuup3ni2heM4McQ2rEuZEL/xxjDu2aTvTyFLIAzv72wYeXQX8f+70GnC5wakSEoytBzM/5fo3uB0zzp2kUyf+jxFneJ0Q/BMmHMNJcnAM6WP4morVmRGtvwp6LsPA1RLln0KoV9lShx1bEzNWImbvBPwrJd7BWX4Q8zjF5rs5M/F8CL3KcTzpr0eoqWiEuxdm+Dme7T8ex3Hrdk+S9a9gvAa5aqBlcsVEC2Psfo5pxDjWcj1Mc1vCsOpkjSZW9vUjdQPJz4M81sC0MPeOg5ymV78Flgsbq+h60HYfmPEGnKrFcPYuqG4nzutrDJ7b6HaZFJQryVpaXRrGSK9AjZkqdwBVCCVVB+Q9My6La8EfQl1HDOS1o2HAnc7RdzNHcid6nicoeKo1tiAGeYkuUN3iMWhvG+AYk78To/gEjQlt5GLZNx1iGOTbThED3gL9P0JBsRF2oEfbPh55q6JkPzVNggxlWfQhrm6HBgFaIZOT3wXkCnE6Vz+1HVT6rOxHnFHKVKe0U6lqF4DQwnT4LnAbcFMvQyw1gBjhdHFdoH8G5+h2cw/Ck7lF4CZ8D6lZq6eZK0yFmy4e1D6GutZDrctoSVOfE7VApKrF4e1rUPBGtlaGm/bCog93aTXqwQtJO8Vh044S1HAulz+I4TTuKOqETqyKIVXFr9PukYWmqZs41wAAqpWWojb+H2uBu0Nvg22xRp4WGCGZzOmuQ+9R2knyJUW4HZwR1uXJUxe9HhTwXNboTsPmQ+KxByzXGiTgDRxBNzdEW09srYv3jVDygvYNjUcgcAGc3Pl/IYBl5kfi8A9GUgh6r0ONYnAMiJ80H/xL42aloh8+NtwTirRVvN8LnEVhbCE4E8hHUTrNRO42ICj+3pZwOkZjIAYEvYnTjMbo2xE4a9ph2LyqiGtas3ceaNRpono6+3OhruuCg1Quihgzbvge/fYxKfr0W9WRw6tFjO6K1oM7HHN0V0DvgN267DJIHIHkA1oZGl0ucb/LYb6E+fCfyyluIoEzcSlcGCwvQ6gr0tEHPFVRlu3FKnwC/EfxmrMzJsLkTrV5hVLOx4w6g1beBJq4tk/4bOPNnYCUwPaL7CqJZQnkAt2QToqkBzO9zqKPeo97FNDi/AeffwfnNrSz+pAb3Yy4iokO4zX8HDZ9A/hNEU6txU48B52X08lXIvIwT7B68nQDJfEFDsgC38BvAAtT6+vi7FspslWsUmYzKbEh2cfVPgxqO3IV7vJ+/CUMnz2KmU2fdYpz/i5mGTAHiio5UtbOe6Di0fRt6HsN9nYdI8jHwa8GxglMLzo/BqUMUmqPlqksd4hAna9Clo4KETF/jBF98fp2LKMiItx8jhjRCpoBPP+3PGDWiYvAGapXLVP6U5FnEyVuR6T8L+z9C2xWw9mHY83vYswIW/h5vt4i3LC/1iAgHOBXeq2eU8OmA4meazmGO1hYjWuuEx56HD2cg6l6C6t9JzMUKcL4Lzvuo8R7CXXwWiO8zyAO4o1Vw1FT8PIZa/QA4h22jO+Ih3LPUo/oAKmlh2GOCf67hrSk1y8wRs9OFs32jqPXxd1ooEliFu5Vlvgn+f91yEw2dmkdhbTr0bINVPlh1Gp7/J/FJAe6yzchY65Gxbob8gMoyR9U7uEKLuZiN3OR9zk2USegR9W1lUmqdcJSVwOrKEVkJPDkVnnwLnDa0smtasXcexargm/q3vIN0C+CN9RgjdpZuFTinIINoWbcWnI9vTSU9qzlDUfeoB5jGiMYjV4pi1HuRF7zNMtqvQOZt7Nwwv9Wu0a5hGjJTsMYewA7FZ77KIDhzMS+DImpCbQR1EqLLcUaVYxTco5a1yfCG5jHelUort9XK0IDKqsaDmDwDO/1LmJ2jePul1LyzzE8ZFTM4hZC5AJlCUUFSH8DufoBpWHUKMk6s21Pg/EJ9BD5/hGnxucCol/c42yaJz+s7YOdLWC0dsO3LmBFkc1pkcwqyOSWkLudP5dQ7mRZ1NthZx6tCmcvfWFPXaz5kGvJzNX8gzpMavll2qPcQPcDfv1J2oJcorzfdT3CWRqHtiLqE6IcYaY3h0wTlWaYZ5bMY3WaM7mwqdloIDzPn/RRH+JzH8jz4Inv1YpfdjvXpUlWMglB5j1F7VNCwysVRgfZrjHRS0VhknJ+a/wtMY9SNFzR6fAE2zEBfL4CzEh7rA2el2Gs45/tVrgqWM8oH0eofIIN6oOYYzmQD+EPQYIDlP4Ll/wXLfwTOLMgchszjyPT/iBPvcXFbYV8XYF+vQgxmgCeTuFmigoaeZeA8CM4yZHnvY80vh7VPQNtFcHzgfAOfYnShDvBiKupm+/t4VWg6GeU+PtXlDfy9OOW3jPKG1Cd3XyKZ7wp53AIF+OX0O1GtEp9X9mLWFsK2RzHqhzBqVBeVxeDMAGcxODPFJ5U4Y3OANcC52O/fgwfeBKcV+Ezqk82dRF/AuO7lc4xu3jzcyHz6vQyZAzjPb6HVq/B2Hix/FSf8WInuOGkFfic2Tb4m/7c8It9SMsYFx3HNv1jZx/8/AeWQ8rLSxr9RqrypvKX8VjmrnFN+r/wH//Ko8iH/qqiGojCNVqPTjOXfBuVfA9UY+Df/NRFNVBPXJHQvjf13/L+KlqeelalnzWd0sVQuVdC7lcSrkjZKm6Vt0k5pt7RXqpcOSkekFum41C51Smekc9Il6bI0IF2ThqWbsiKny+PkbDlXLpCLZYvskoblwGffS019u5a/HanMxgk3JGrt4ntM4ttPqInie2EUHTAnT/dz8tNY0KjxazbibQBt8S0hkSPKxxHJ4nN7pUx3m5T6ngXdbCzTBc5roK+r57DK+O0ttB0QUZVAVNaNInbgb3GKzyHFJ2B0HzKnAfTrWOOoZtGJ9c9S6tNOmkk9ccgTRMtfovUrrZNUKZO4OVIeebdEskh2KSRFpKhUJt0j3St9VfqatEBaJC2RlkqPSaukJ6S10pPSd8jvNdKP8BvB+6WXyPdHpVelNulX0knptNRD3j8vvSu9J70vXZc+km5If5JGaQ40skpXgk5Ok8fIt8tfljNoPvLlu2lOJsqTZIM8m/9/R/Ii+UG5XF4sV8jfkJfL35Qfl1fL/ypXyU/K6+Wn5A3yJrla/p78fXmLvE2ulV+Rm+RfyM1yi3xcfk1ul0/Jb8i/ljt1L6UXp5fw77Sn29Kd6a50T3ooPZqe4N8vTC9Pfyj96/y9ZvpnHTlCJ4+V9XIO2VIkm2SH7JMjhEl5mjxLnotnAVlUQe+WyyvlNWTLRnkz9b5T3i3vlevlg/IR9N8ud8pn5HPyJTyX5QHaK8PyTUVR0pVxSvZf/MlVCpRixaK4PvsTUKJKmTLjc39mK/OUhcpi4i79iz8r6Ikqq5S1ynr696d/NilblO2E/GeXUkca95FcA1GHlCalVTmhdJDOpUoX7cwLSi8NfoFC2Z8yn6MyjUn9Bq9g9SeEx5lWBtU/SvwNNELNdXW/xBU5kpQuMspL0Woao7aBUdUBbeo63HTfQJz5BufX0HCT3+rmotUcoAfR4A1gusox1QXNt/mc1PD3E+YwraxXMwiXM2oqNZegjSSlDka5ULQC5wyjepWRRsG4V/MDHgX0lOEWbhd68HY+o3YDNNwAXgJuBh7W8CdZBkaNiVFp1SzELcPn/A1w9NoFsJbr52OZI51hWrrISPJMd7C8NgI9BdB5DG0dGq6iF2t28Smj2Qs7G/lzKLQ9DAwBL6dsYHo+2tZp1vKNAH40hY0caac07GUvwaompuVeWDJWGi8piqTYJEWSx20at02S/v/vx/0/8/txdMNkrJKkjLX0rKdnEz1bUrzt9Oyip46efcxTMzPWZWzIqP47D8tszdiRUZuxJ2N/RmPG4b96mNeccSzjJD2nM7rx9GRczOj7Ow/L9GcMZgxljGRKf37w37rMsZl6enIy8zOLMk2Zjr/zsIwvM5KZzJyWOYueuZkL8JRnVmQup2dl5hrQVZkbMzdnbsvcmbk7c29mfebBzz3830cyWzKPZ7Zndv6d50zmucxLmZczBzKv4RnOvKlX9On6camHaB6bPvvPD/47V1+gL6YnN/VY9C594As8LBfVl+ln6Gfr5/3Vs1C/+DO9n3+W6lfoV33uWatf/4WeTfot+u36Xfo6/b7/9WnQH8LTpG/Fc0Lf8YWeLv1Z/QV97988V/RX8VzX39CPZqlf5Mkak5WRNT4rD09hlgGPLcuDJ5QVx7+nZM3MmpM1P2tR1pKsZVmVf/OszlqXtSGr+u8+W7N2QEdt1h48+7Masw5nNf/Fcyzr5N88p7O6/+Lpybr4hZ++rP6swayhv3lGsqVsXfbYv3n02TmffzDuL/Bk52cXZZuyHdm+zDX/68Pv/oe974GO+qry/873z2T+fvNtMjOZGSI/ZFlEymIaWIrIoYgRI1KkSDENLMU0xpSmNI1IMUWaYsoiRQyUIouB0ixSmlJKaaQUKI1IESmymK2IFBFZFpHGiJSyLA0ze+/nvhmGJFg8e/ac3zm7eefe7819993377773hfe/WZkaEyoODQB9ORQ6U3BjFBFqCpU0w1Yx1yC+aH60OJQw03BylBjqCm0MQ2bQy1p4PwdBK2hfaAPhtpCR0MnQqdD51BXVzgfuoRnZ1j/MAh7wnY4FI5nlg/3Cfe/DgaFC7sCyg4PjwoXhceFJ4an4DktXNZje24A4crwrPDscG03qAsvDC8JL+8Gq8Jrr4P14ea0b8/wxWlfqXxceEt4W8oHhXeF92T6kbSNZM5rak5SY7Q/fCjd5rfDxzLbxL4kfJL8Ca398BnxAeF2tX5pXYUv5C7ifYPtPXyZIBExU/Yc8dGT6uH8iBOJRPIjfSMDIoMjQ3Mu8/4SGREZzXzuW2RsZHxkUqSE/WtkeqSc/WRkZqQ6Micyj/eAyILIIvh26jPbe2RpZEXKP0dWR9ZFNkQ2cb8jWyPbeSwiuyN72XeyTsCByOHIkcjxyKnI2UhH5GLkSp6W584L5OXkRXl8MaY0ljyGeb1pn1T7WV4/2n/UOOcNjJTkFeQNYx3IG5k3Jq84bwLvO+l9NnOOlE7oTe0pai/gNvHemDc5r5TbljcjryI1z5CnucPc077Mex73La8qr4Z5eXNpD1+tgPfr7V3giOzLvF9hP+Y9OLUXuxWQ/aBvXffYGQJ5829pZMAem9pXFeTV33KeIbVHAlJ7Y8Zeed0emdonFeQtpn2Q90Le+2g/zGvIKWNAGd7nKgXSPosgb2VeI55NeRvzNue1gE/+I29HXmvevryDeW15R/NO5J2GHdMa5v0D65bWEa+nvHN55/Mu5XWyL4rqUQ/WRWodpPwi2RbrYT8Xtck3qTXC88V+C+WVD+y2trquK+VfUu2HDvKb0VA0znMe7RPtny7P8rTeooOihdHhUfidaFF0XHRidAr7cPgl6kN0WrQsWhmdhXIf5oNUu6KzlR9P8edmyKg2o69d/XGqP+yHU3AjX3cDfxqtVc86moeia9DNT2b6SvaPKR+Z4Q9ZFnpYhvJ4DKILw6OiS6LLo6uiaxn4bMPzzWea6PpoM3jks6Jbotuiu6J7UueX6P7ooejb0WPwY3TuiJ6MnsF5gnxatD16IXo5mkidCWJmzMf+DPs/nxvI18WcWIT36Fh+rG9sQGxwbGhsRGx0bGxsfGxSrCQ2PVYemxmrjs2JzYstwHlM+Usui7OZOjfhzKPOKNCldHBebFFsKftLblf6XJc6hyWu+WBA6gyjzh6si89jsRWx1Xzeia2LbUiVZ3nuD36n8cI5i/oW2xTbCh6fG1OQOidmQtezYOrslwlqXLud61LAZ7EUdD3Tpc5oPZzNYtsFPvRsxmevzPMXnbnS566MMxa3FWVJJjUm3dYWrb/Y7tjerusqdiB2OHXGih2JHY+dip1lX5SSi3XELrJdx67ENbantB9jGV5zZH/8jLvjgXhOPAq6d7xffGC8gCFzvcWHxUeyj4iPiRezfcYnxCd3O8cQxEvjMxhgjwQ4y5DfilfEq/Csic9NrUFeE/H58fr44nhDev3RuoqvjDfyeos3xTfGN8db4jvirbz3pID7y+9YPE7c5/i++MF4W/wo62b/ET8Rhw9OycfPxc/HL8U7e+m9PL3sXiH2RRnfaB7ea1SvIt7/GOAn6UzQaxy+0zyN/XGvsl6VbKe8F/aaha814zvNPF6pbzXzewJ/kZnHib/TzPK99vTaj281H+t1ks+A7P9Tvjn91WYG0sf7DNs2fx2Ox119uzmf7Sy/b/4AHkeex/zB+UORNyJ/NOvIH5s/nn15/qT8kvzpGd9s5i828/ea1ZeaeXz5a83wY9R//mYzngfyD7M9pL/d3JF/kb/YnLIfPoPz+YO/38xfb+ZvN4OvfC5/xZm/38z6eZ1kfsc5baup94DUHkX0Ryo+UoVvPdd8ZC7z+B9X+Y6MppnnGbtDoH8HOoivSvhB3w7+S+C8o7nMZ93rGSf4/zmfzarSXO5ezHH3AqcUuaWgi0AXCc2SZjs47eC0g5MEJ8kc4yzTxlmhOdd4EZwXmWMFmLYCQqNsJ8p2Qlsnc6zRkBnNHN1kWjeFhvxyyC8H57vI/a7QyB2A3AGo/R9Q7z8IjZaUCQanGrnVqHc6Sk1n2v0rjMOv0MKBaMlAodG2LHCywBkPerzQyP0iOF+Enj9Bz5+gvy/094VkGWTQBrME/BKhZayAz6BtZ9DOM9AMDZZo6IueLkbZxczJ6s10Vm+hkfsx5H4MGt6AtjeEhv6L4FyEtmnQPA1twGibGG3jLci8Bf5Xwf8q6EdAPwKZOsjUgZ4IeiJkFkBmAei5oOeCXgN6DdMuWJFLrAi2Z8L29FGY01HQ+TPo/Bn4J8E/CRrjo2N89POgz0P+l5D/JcbfjfF3Q/8y6F8GugJ0Behm0M2gd4DeAT1vQs+b4L8M/svg/xH8P4LGXBuYa+Me0PdAHjZpwiaNq+BfRXvQL7f06yD4B0F/G/S3Qd8P+n7IfwLyn4DOodA5FDKwH3OJYOTOBD0TuR9AwwcYmYcxMg+Dvxf8vaINFvIZlPoM5uII5uIIJFsh2Qr+OfDPgf/P4P+zyLMGPR/688FBvS6pF73Wpdfl6EU56m1CjU2gh4MeDnok6JGQx8i4MTL6Aeg5gNo/ito/irr+jLr+DJnNkNkMGn3U0Ud9F+hdKAurM2B11nZY+3bwYcmGWPIzoJ8B/XHQHwcN72TAO1krUHYF6H2g96H969D+daDbQLeh7EWstTrGLvGTzcDwVFYYGsJiA+DfibJ3Qg98oAkfaMqMi8dYg7LzUXY+WvK3oP8WejBiBkbMsiFpYzSwNnWsTb0/6P7wFV74DS80n0Ytp6HnBeh5Afw7wL8DOqHHkjU+BvwxoG3QqMvzAtfrQVkP+uhBH90GZtaAns9Bz+fQhlfRhldBh0CHIN9L/DnG8AB0Pg1tT0MSfj4Lft58G7W/Dc39oLkfegEPbMADG5g7A3NnlmK/+xX0K18qPhN1vQLJVyBZAM0FaA/WixvrRf80xvDT0NwC+RbIY0cwZUfAerdkvVdCphItx66UhV3JDb/t7i3rC234OTT8HBxoM6BN/w5q/A5qeRcy70LDU9DwFGjsjG7ZGWE/OuzHqIGeGvEJ6ONHsX43wzL/jHrhK0zxFR2Q70Bd/wr+v4JeD3o9ZLD7GNh9jPdAvwf9hai3EO0B7QZtoW0W2mYOgZ4hKDsVZaeChiUYsASjAXQDaPTRQB+NVaBXYSQPYSQPwdLuhm3cjbpwerFwerEwnhbG0/0vaM+/oCxmJAsz4kZZN8qaqMuUuuBjDfhY45OgPymeH2P4A3B+gFqwf1lydvp7aPh70J8C/SnQd4G+CxoOo+xhjNjvMWK/B/2foP8T8gshvxAtvA8tvA/8L4H/JdQLW7Vgq9Yw0MOgZyn0LAWNdapjneqYNR2zZs6BnjmgMQImRsBAOw1pJ2bfwOwb8KiGeNSdoHei7AMo+wBorGsT69qIQSaG9j+E9j8EGqvVjdWaBZksyJiwIhNWZNWiL7WQx4nRjROjCW9vwtub2CtN7JUG9i8D+5eVjbLZkMmBTA5o7NEm9mgDPs2ATzPQNgNt03Fq0uXUhDODgTODhbos1GXOhp7ZoJ8H/TzojaA3Qh7eyZJTKPgG+AYs0IAFWj+FzE/BPwH+CfQXvtQNX2rgDGDgDKBfQNsuoC74YRN+2IKMJecEzIsp8/I66Nehxwc9PuhvhP5GyMB3meK7doPeDflJkJ8EOg46Dhpja2BsDZwVDZwV3YugcxHaibHSZaywykysMvMd0O+Axk5tymkEPtCED3ThLOfCWc79GHQ+hroeRV2PQv8V6L8CPk4OBk4O5jzomQf6KOijkIe30cXbwOYN2Lzc0tEualf4lk6wmfBDH3JLZ7x2p/bF6+7q3K/N1Kpu+sbOW9pB7dB193bOan/Q3r3u9o6ZvrHTJ31X595ud3Qe73Y357X0zZyD5mLzSfP75ipzu/ma+aa5zzxr/sF837zE737aGerlGa2d6rxM9ZkuH9UWceW7+hIe4BrsGipJaweMcI12jVVpvGuSq8Q13VXumumqppbMcy1wLXItda2gNqxzbXBtcm11bXftVqkasNd1wHVYpSOu465TrrOuDtdF1xVd0916QM8hKqr31vvpA4kq0IfpI/UxenE6afoEfbJeqs/QK1Sq0mv0uSQ3H+2kdkGOclAr1UO9fEf/tcZRCHznZS1/+c/ow5Hixircr9GZo/8B/KXMlzs1fL0W94uZP42x1cbYHAzOBfMQbqyxnmrw++F+zVmm3TWQqQAuhv4OaLuIey4l6s5LP43vsJzgVoHzhLoXM1hTt2m093HjZty1+zLaFdygCeE2zSbgCr5l41rP2vTDcgdH+JBcCVqHhg7gOcAbjaWYfw1tWMq3fnB7ZTLfr9H34ebLUNBDjVdZA+STuPOSq27fENZ+xzJWITRcZmxMQtki3K8ZwRxXrtnI44BSEdyXGQCZtep+zab06qvV6nj16bcSLqTVl0Mr72O06gqx6njNpVbaTO0BWl3LaGVtoFX1MlYVr6nUSvqDdo5Wj0PrZiJWzAysmGqsmNQ6edW1HWNQRfqv3W7sfr+x5bo7jt1vOerX3XTsg9uOjAe5CgkPd41yFXHSXInlSb7dNTF5iN9FQJfwDOiHmXZ9FnQpcotAvw76KCTngfaAHoHcn6DUFfD/Cfx+4P8Q/GGgByLXDfproP9RNDDt+jUkzyF3rtDIzZG2gXMqwfeZBkEmBxoKgMuQe0QwcuNMq9uOnbqOmfy7/7vv5P7fct+J1pJnoHmLZ2C3VOAZ5hnpGZNOxfy3rJEmd0ulnhn8l6uRqjw1lOYSp2ua76n3LKbUQGklUiNwE//daZU2e1p6SDtQvsXTqtI+lQ562igdJTjRQzrtOec5n06XICupU5JX75Y8Xtsb8sbTqY+3v0qDuqVC7/BUXd5R3iJvkeeSd3i3NM470TvFOwX1TUMq81YSnsUlVJrdg/ZB3lqUH5QaWW+dSgu9SygtJ5jYQ1rlafOuTSUqtT6dmiV1HynvFu82atOudNrj3Y90KGMkUult7zGyhVTidp30numS2gkueC8jJbwJnyl8n8/nEI6kbaXC0+rL9/XtIQ3wDfYN9Y3wjUYa6xuv0iRfCf0+nVK5b3qGnnTyzfTW8V/oVqnENyeV1OhP845j+/bNg+XO8C3wLWIb8y3lkfCtYPvwrSZqHXp7xrfBtwkt2gTtooksxbcVczTct923mynfXh593wGMdLvvMK2dkd5DtG4m+I54On3HaZQrfadIw1lfB9lyg+8iWXuL74p3vV8jSz7hd/sD3gTV20GWss9b6c/xR/29vWv9/fwD/QXUYrb/E/5h6GUDzdgWzz7/SH9vT4V/jL+YdPGaRY8gKWuFZ3efp8Y/wdfXO9sz0D+Z+G0kN4ZWXZu/lKiRvnX+GZ4J/gp/lb/GP9c/31+PtVwjyb/Yz6u1wb/S30ipyb+RVmuTrFj/Zn8LaqOa/DuoNViX/n2kudF/0N/mP+o/4ac16D+n1h+vwE7/ef9BsrVK2Nt+yr3kG+xN+Du9+wN6wBOwfeMDIZpdmi1fRyAe6BPoTyN3xteX2nTOuy0wKFDoTQSGUxrlvRyIwwLZgjFXLEeJLIZHKVBEMI563sdzIjCR+HMCUwLTAqMCZQGqOzArMDtQG6gLLKR52RRYwvYeWB5YFVgbWB9oho1XyJwHtpCtlVOt2/wHA7so7Qns90U4Ud6hwJLA22Srg32jKecYtf4k2ynh6YEzgfbAhcBlf30g4a0Lmr7qoI//yjz3LegEI4El1M9q3xzuXzDfGwr2DQ6gUekfHOwZQ1Yapxaf8pwIDg2OID/TGRxNfmKQ/1JwbHB8cJI3HiwJNAenB8t5Xfs6eLSCM4PVwTkBT3BecAFZKHkOskgbNtBJvqpQJEjjouBS0sXeDhYMSXgZWHCHtyi4wnMuuNqrB9dRznqSi1N7lgQ3EBUKbAtu8vb3zQssCW4Nbg/uDu5lL5jyZMED3uXs6QLLfVt9W4OHg0fIz80SXxc8HjzFtXFNwbM0Ih3szQgvCXYELwav2JrttgOetsA28VzwXc2+A3ZO8LhvvB3llti9aZ7Iduj3fvZAth9Jvg5q9yC7gH2SPSwwyh7pG+GpsMeQXZ2hWs4Ex5K3aLSLfRF7gj2ZckrtGWQZs+wK2x0sCZbYVb7BnkbfaO8ST4td4y2z59rzg1vteppF9uyDaE9IeGvtxd4ldoO9MlBkN9LqaQsOsJt8JWSX02jGTtr1tIIryWdN97TZG+3Ndot3v73DbrX32Qc9rd5mu80+atNI2aftc/Z5b6V9ibRW2p3ZuncKaZ4WXGTP8FYGS7I92XZ2KDue3Se7P7VxOOluJl9fmT0ouzB7uKcte5R3UHYRraUK75nscVTmDM1PInuid39wbPYUmqMyspGxvg57pHdaoDB7WnZZ9hQah/XZldmzsmcHBmXXZtdlL8xekr08e1V2rW8wPdcGJmavz24m6S3U2oHZ27J3+eZk78nen30o+217n3e5j966EpOS9P5p9udzo9k/sYbeCe7AGXKrxlF/x0DXJXbyWwJzjGy8qXw68Ry/hYAeBZygt3B6G4Meh7HrNpbRzzNN7/Isswrafovc9Xyatdog70JuE9di6Ey7PwLOJsh7IP8657ougm5IIGYAMpMSL/NJmGlL3qKWAg8ErhcOt8ScD21z0K8VoEegX2XgbARnF/r1Lko9hR7Vosa+6Mta9GU/JKvAr0RLFqN2n7zDsU6rELl7gFej5etBj4P8MbRnJjjbpV6UjYC/FxzMiOsIxqRY1RiD/uc4hkn6jvacgWQULfxegt5itd2MjT6Q6ZXkf0dZwPVq76Ods6DtmOo7c6qh5zhkzjA2RoE+Dv46vHdsRi3zUctpmQXgYZCvZb7RCc5k9LEg0YmYuk4eN+DFjF3ngE+Ckw+ZM6BzwN8OzrvgTAAeAf4exsZnMAJDMV/70La5qL0C9Z6E5Zjo0QCxn+Td6Xe0rWhVDtOeCOOsErFVHit3FKXOMG2NhUwAnFKxXi5r5osGtjfXQugsSXBcTRXauRG0L/FltrEER6rkAk9AqX0Yw8+CLmNJ10WUKgB9CZL7oKEB9BLwj6DvB8HvD857yF0GzjFoWwbOHZD8E2N6x4c9YASK0fLx6MXv0IaTPO9uWKO+gvtrtjOm8dmJvuzEen8OLWT5BDQMVnO6Exqa8D+EvH5DmJHPI3cE8GlYTht0HlYjJuPAbS5CL05ilCLgB4FLIFmlauyENXbCqi/AQkSSR6w30+Q9LsAPsMx04AZwvgzJOOqKQ/IQSu2DzGplY5x7GVZUx9iVUL4uBj7WLGZ/pKxx8XJsS/KGrt6yO+gtmlcu4ax8WBR8iHEWZcuB4ffMLRj/81yvsTHxG6yFC1gLbEuTlS+6ADuXceaWH0ZfxOoWY2TOQeYl8KvQi2LQXwB/PXp3BPQm8Mcm3sYsN4Guxshf4H8jR40TlOcp5H9pw6y1YPZ/Dj56pL+Bsrsw17NkxlmGVg3irNA7+TeNtWIDPIbaSpYhL7QTOlkyIj5Z+e0YeroTPWWdLRirENPuvhjVOailEW1rhIZJau2znmmwwH7AM9CGduXDGZdA/0HxjYlVmNlC7AUr0ZJCyGvYNVhnPclyq8qxUsp5BpN3ET0Fc30OMtXi29HOJTJ6+ltYyzthpdyvVtkrIfkY+JPRxxXw4ZPA6YvdQcZ5I7AHuX3Q3zHo6QngpcCd0FyE2R8N3BczlYpny+F4tuCe4Jva/8Wz/e/59x3a45wSzeVMpyfZqzPTvMWZ7pTfFMwkqCaYcwOYp2CBgkU3CUsJVvQAqxWsI9hwk7CJYKuC7Qp2K9irngcIDhMcITjeA5wiOHsT0EFwkeCKwC00ore4rwf0rQvcEugCOX8FRAl69wD9etDLMLALFNwkDCMYSTDmBlCsYIKCyTcJpQQzeoAKBVUENTcJcwnmK6hXsFhBg3quJGgkaCLY2ANsJmi5CdihdLQq2EdwsAu09QBHu8CJvwJOE5zrAc4TXOoBOrtA481Bjk7gUeujB+C8HJsgpOj4TUIfgv49gEfBIILCm4ThBKMyoCgDUjLj1HMiwRSCaRl1ZUKZelbeBMwimN2lfG0XqOsBuOxCgiUEy9Vz1Q3acyNYS7C+B2gm2NIDbOsCuzJ8d6a/TflK5cdy9jhp/5Kz37nef6RsJHNeU+OdGqNDGW1++/o2pf1Jpg9IrV+1tnjPSNl8zrHrbZrr4fyckwRnCNrFR/D+knNB+NynnMsECfGvuaYDP5nrI3BkD8iNKN/O/SV7z8130v45ty/BAOlv7mAZh9yhDvwl62TIHUEwmmAswXiCSQQlBKnxVePJZbFPpvaw7RnjzHrKRQfn5ZJcbrVqV9d56jJH6T0lNU8J2Rtz56i2zcsof1b6gt/nyJ6Hvi1QvOoMmNcDdN2XV/cAGzL218w9NgVHMqDr/praL/87+2TUuX4v7Odc2wMz9ru0zyLIXaSePOcrFJ/8Ry6PI50xcqlPuZsUv072D6zbXbKeculMkbtdfFHubrUuUusg5Rd10QM/V5SxRhLit1Be+cBua6vrukr5l9TaSqj271VzfiCjfKWst1w61+QekXbn0ljnnlI+vE71gWwjt0OV+zD/09WP9ySTanNP/jgF0zLgRnV9mD9d0gW6+slMX9nsXPORmf7Qo8quV76Jx4B8dC6d4XKvCPDZhuebzzQhTfHIZ4XIRkNsW+r8EiIbDEWVH6NzR4htcKP4sxDZYWjgtTNBqED5s6Pq3EB+LjRM9ugQnbFCVGeomIDr5LqojhDXQeehUJXynyl/yX5ymHPt3FR/zY9Cl9KBNtYof7mxBz/cxQenzzDKD7MuPo+F5jo474TmZ5RvUf0pkPHCOYv6FqpXvJEZUNwDdD0LVvQAaly7netS0JQBG7tA6oz23zmbnXauP3+dd66duzLPWBWq7LmMMemytnj9hRZ3X1ehhmtnrBCdU0ON4otScqEmsevQRrGntB9bLeuK7Q9POsOGWhRN59RQq0DmegvtEx8ROqjss83pfo4hCB1VUCyAtUd+K3RCPU9fW4NYE9Tv0PmM9UfrKnRJ1luIxidM/jDskb0nBejzKRkn7nOYzpbhkNJN/iMcV/1U8mHyP2HyP2E6L4YLxReFyQeHqT1hlh8n+x8D+ktngjCdAcN8BuT6p4md8l4YprNfmMYhPEvGK0xnuzD1m98TwnUyTuGFIh+mPobp7BZe5eAMyP4/5ZvD1N/wegXMC4lth5tl3MM0DuFtYmfhXTKOPI/hPSpvv9JxSHx5mM5NYTr7hLntdM4J07oN0/kmTOeacELGN2IqP0b9j/jU0xF7iND5JkJnmgidZSIDMuynj5wHInSuidCZJjJC8ZXPjdCZJjJW9PM6idDZJkJnm0jJNVtNvweoPYrpyHSRiZQLD5Foewn7gDVzEWj+aw+IStM03PyUmCCJRJMYNIk7Q6yZijJDZJnElEkcmcSOSdSYRIpJjJjEhamIMMRTSPyXRH5JzJeK9pIIL4ntQoyPRHJJDJdEb0nclkRpSWSWRGNJHJbEXqmoK0RaSYyVRFdJXJWKqJIIFImikju9EjklMVOIW5E4KYmQktgoiYpS8VASCYV7sxL9JHFPKuJJYp0kygnxTRLZJDFNKppJ4pjkdjTGSqKWJF5JRSpJjBJu9kpckopIkigkxB9J5JHEHEm0kUQYSWyRRBVJPJFEEkn0kMQNScSQxAqpKCGJD8L9XokJkmggiQOSCCAV+yNRP3I7HSMmMT4qukfieiSiRyxEongQv6MidxCzI/E4KgZHom8kUk9ibRBlI/E1Fm5oq5gaRNNIHI1E0EjsjETNSLyMipRBKQ9yJS5GImIkFkZFwSD+ReJcJMJFYlskqkXFs0gkC27+S3yKRKZITIpEo0gcikSgSOyJRJ1IvInEmEh0icSVSESJiiWRVYMRkMgRiQ2RqBAVD4JIEBUDgnv7uor1QL0SoYl71yq+QyI7JKZDojkQxyERHBK7oaI20DaJ1JAYDYnOkLgMFZEhsRiIv5DICxVzIdEWEr+ACAsVW4GoComnkEgKiaFQ0ROIm1ARExIrIZGVEh+B2lVMhERDiKXJTXuJfcAMSryDinTArEl0g8Q1SESDxDKoKAaJ9cPqkJgFFa0gsYQSoQBtEpUg8QgSiaBiECT6APEFEnGgYg0wehJfIJEFElMg0QQSRyARBBI7oKIGEC8gkQISI6CiAxAXoCICJBZAogDgzeTmv9z5V7f95Z6/eADYm9zql/v8cpNf7vDL7X11bx839uWuvtzS1wLaBv7fCCOh6VrMdd71Z01zve+6pOmuK64PNNOV1Gmj0C3drXl0vx7QfLqj36IF9LAe0Ww9rvfSHL2v/jdajj5A/7gW0tfoa7SIUWx8XsuzaqyvazG7j32b1sseYhdpf2ffZ1dqd9hV9sPaZ+3Z9je1L9jz7ce0u+x6+wntS/Yye6d2t/26vVurs/fb72oL7A77ErXv/9+WvUT7am+CfgQDCQoIhhGMzHiOISgmmEAwmaCUYAZBBUEVQQ3BXIL5BPUEiwkaCFYSNBI0EWxUsJmghWAHQSvBPoKDBG0ERwlOEJxWdZ67wfO8el5S8p2aZunCtzwEtmrbOfWkPlghgjhBH+Gnn/0JBklb+ZZEqs/WcIJRBEUE40SPNVHqs6YQTCMoU/xKglkEs0WvVUtQR7CQYAnBcoJVBGsJ1hM0q+eWjGdKfhvBLvVcq8rtysjfQ7Cf4BDB2wTHCE5ee/K4WGcI2v+KZ2osLhBclrH8a54Yk8wn2YmVEP2YJ8VHfRnAdyPcvmtPzOUJpZeXhkMQUfNNfHf+tae7L8EA7SWj2phjzDMWGIuMpYAVxmpjnbHB2GRsNbYbu429xgHjsHHEOG6cMs4aHcZF44pxxdRMtxkwc8yo2dvsZw40C8xh5khzDKDYnIDfJ1MqNWcQVJhVZo0515xvbDfrjcPmYrPBXAloNJvMjeZms8XcYbaa+8yDZpt5lH4/YZ42z5nnzUtmp6VbHsu2Qlbc6mP1twZZhdZwa5RVZI2zJlpTrGlWmVVpzbJmI3+UVWvVWQutJdZya5W11lpvNQO2WNusXT3CHmu/dchYYb2t0jFKPdEnKZ2x2q0LRF9WKeE2Gdw+Sg6liDvf3dc9wD0YMNQ9QnMlpuJrzKX8LeWEH7QPtPpKM+gh5B1ciaH87X/il4H//dQ3nBOF1sugi0FL2dtAT0TZTxAeDP5Q/gY26eGyhdA/zRzC2JqK71HUEh3ir7wnQtY3CG+FzDNc71XQV19HGxaA/wBo+ab0ENBDpbUK1wI/DBnSefV35q2ET6oe3YrcqWiVfI/6k+jX/Wh5JdPGUdAe5Goo9Tw4D6LsF8DJBn0Hyj4CbdloyR3AFmSGQaaCcAHoAtCF5gjwZ4IeBg3gAw9BbiFybzc/xdh6AC0ZAUmmh3AEEMnIOCyBtl3QVgz6GUgy/gT5ZpYRLN/ingSZcujfBv08MlP570QlSvlvxyXwV2oTPtC3gb4N9BD+a1SJofy36YhfDX4z6Hu5dv6bLUS/CboDdDvTWVGU3cH2AP5Q/usNpOcF9OJ9WAK3fxp//VvT+O/mJUL8F0oTIf6LqYmt7iq2h6zH2R6Yvvo604kF7u+xPWSdZ/3u04yz/gT6HdafdRb0B6BF5i7gIZD8CnA5Wwi37epJabP7+5BvAi2lzqHNF8HvB77DOGs0ejcY+E/obz1yW4CzwL8dkmNQVzv4B6CzEByxBOFcQe5UyC9GjQcwSleAH0Ptn4YkbDiLJQtAF4AudO8H/zLoW6FH+P3RkimgPw76Huj5FWNPFmjYvMeD3KngfAfaXmMLgYbboeE20LeBHsJ/x4zkfwE6AhxGqc+izYVocxlmeQ16+j5y0Tb3BnDuBX4T+CJy89hus14CvQU6d4MWO38F+CnwW0C3gX4PlvwWWrsIp0daTVqrizyPdqs11vqc9WO7t11of9Yea3/eHmd/wR5v32lPtO+yJ9lfsifbd9tT7C/bJfY9dqk91Z5m32vPsL9il9n32zPtB+wa++t2rf2oPc/+lr3A/ra9y37Dbv8f1HwrXzFUECDIURBV0DuDZqBTnmugolmuQNHDFIxUQLu2i058LtrJ+T6Yq1TJzlDyzKvI+L1KPWsUzM2oc776vZ5ae5zSKe2s1qFdREQt44su7bqvviNpx9Nff89xjSQ+vgBPsvL9d/kCvNtVRc8antckeV7NSP4M9ItsN8CFyedAfxyY/U6Byn0euAnytaAFR4GXgS9lN4PeDG2bgH8Dzm9AH4UM84fgr2IZV5OgsQL570Albrv6B5a8ilXNf3+KOOyXh1x9ndsjnMRjwH2AUQoabru6F5IoexXr5+oa0Keh8yegj4DuQC5809Vfg/N76CGfoi3W+DLyaJft2k6pldJ+1xF9uXHCaDfd1mij3Wi3iuk8UmyV05tFLaUF7iKj3T2JUqm71BptjeZS/LRqRJZyS6n8CS4ribisg1M5vcemyk9Ka6GZ0kYbdxslxj3GVONeo8b4vjPZuc8pdyqdKudBZ5bzkFPtzHEeceY633RqnW85853HnQXOt5165wnnH51Fznecxc6TznedpU6Ds9x5ynnaWemscdY6zzjrnOedZucFZ5PzorPZecnZ4rzitDivOq85O5ydzi7ndWe384bT6uzR8p3y5KHkIWdm8nDysPMAcHVya3Kr80jyneQ7ztzkK8lXnG8lVydXO4+BXwe8ILklucX5NvBSyDRAz1PIfQb0OuDnoHMz+C8BbwF+Bfq3g94BPTuBdwG/DrwbeA/r11zSCn5qAyjpTiU0bGCs/T/j7uSM5AznvuTB5EHnq6i5Avh+4AeBZwE/DFwDPAf4m8C1wI8D1wM/AbwMeAXw08ArgdegrrXAz4LTBPw8cDPwC8BbgVuAXwN+A7iVsXa7U5b8VvJb1PbGZKNTzr2jHvw4+WPqAeNKrY/Wh/rB9MxkR7KD5onxg+DMAn5I9YzpGuCvgzNb9ZI5j6i+Ml0L/Cg481S/mVMP/ARwA1qyDPRyNQZMPw28EvgHaHkj8Bq0fy3wMyi7DvhZSDYBb0BfnkP7nwenGfgF4E2o5UXgl9XIMf8VNX5M/wj0NjWWzHkDuJWxpht30y4WML6fPEreyDTu5BaQbXwq+SmjJrkhucGZrA2mNJRyemu9KeenyZ8aJcD3MKb8/lp/mgWSolm4lLxEs8C4Epz7QT8IPAv4oeTF5EUaeaZrgL8OzmzgOeDM1Xyaj0ae6VrgR5E7D/hxcOqBnwBeCvkG1LgMnOWQXAH6aeCVwM9AZh3ws+A0AW8A53nQzcAvAG+CnheBXwbeCn4L8I/A2Qb8GjhvALcC7+FWaS4aM1qV/O+cyVeTr2oG/T4zOZN+eyb5DI3eCEo0C8mfJH9Cv+VTohLaRylxyTuTd2p96LkjuYNGnSyFRp1xTbI92U7yIS1Eo871VwDfD/wg8Cw10oxr1Ogy/iZwrRpLxvXATwAvUyPH+GnglcDPAjcBPw/cDPyCGhXGLWokGL8B3MqY+lejbKUfJe7XyeRJ8kzSX909nncY91qPTwtrudr/5I9BqctP8oPkB3+1Hj8lLvvvyX/XIlqkJxHk3cxPAPec5cfCXqvxeucZTusin538t+S/gf5F8hc3anfyyeSTqfYkX6REKzj5WvI17jev6XTeL5O/xPO3yd+mC/Mu0VM/TlEie76O9/nk52+qb/xDfgN+W+m/TlehVthVtltburaLbB562GNltulA8kCa/hmd5lRdydPJ06l+3KiJmWPdLe/nyZ/fKO+6H17tXcvyzx+Tf0z/Tm1JHkseu04mkUyk6f9I/geeTXS6vJ0Sjx3NN3uO5BtJeBf2Htq9lGhn4FUFebaX1LjGKfXUj7/UfzpzfFj3cKrgJ89l1zw6lVz3O9sreb2/pDf5PJ2jqQ+gf0hJzdOH6cZPyk5SMmwLd1Pq+tOTTXcpqxVpRdfpei/5nual1FNbfpT8UU/89E/mWk7p6sJL57EPvJkfk+/Ia2Jfyvb/0k/XtYqfnsrdoF096lTrA7oLKP0FmR7z3kq+dVP1qLXButh/4plaE7yLftiPrgXpDWEqOfrpxr2a6cxwvqa5nfud+zWb3hJqtGznG848LULvBk9qveldYKU2yFnlNGnDnPXOD7VP03vAFu0zdPpv1b7g7KEd/B7SOJLfOeiMVGqUkvappN0m7dOJvpfqsKmOr9BeVuaUaQa9j9ynZdE7STnV/VWnQvM4X6MW5KIFudSCKtqv6V2Fch9yHtK89MZSTSeXh6lludSybxCe48wh/iPOI9TWuXQS0vltRrOcR6ndfmr3fC3HecypI82PO4+THnrD0Rx+x9FucRY6C0kDvetQLfS2Qz1/kvoZon5+l/BSOifpzvec71FrG+i0ZDrLnGWkZ7mznGp8ynmKWrLCWUEannaeptyVNDq30OjwO8QPnEbqHb0tUe/ofYlyn6VR82DUcmnUXiAOvT2Rns00gj4awVeo/S1OC7X8R842avmrzqvU8u3Odir1mvMaye9wdlPL6b3qv9j7Gjgpimvf6q+Z3WV2pqdnprd7RUQkqIhcREREQhAJEiQrroiIiIQoKAIiEoIEkRCuQa5BAgS5SpAAQYI8g+jzGURERIKoyOVyCZcgF3leJD40iATRsDP3X//qGWaXBZYPNy6P6d85faa6vvrUqVOnu6pPoRTJax1He/K6iLyuR15HyOt65HXkCF6H8ngdxpPg3ShD8jpsD7LvRQ0kx+PkeJgcLyDHC8nxsP2APQIhkuNhcrw4j+NhcryAHLfJ8UJyPEyOR8nxMJ4qJyJ/yWuLvI6T1/Gj8DpMXheQ14Xg9QyEVOVvKI+/YXsBLFPHfsZ+Bvey0F6InCWvw+R1AXldaD9vPw96qb0U4ZLvxeR7mHwvIN9t8r2QfA+T71HyPRzwPespqRVsUQ21KQeOWYXg5P2QylF4lp6Me5mCe5DPzdPlkzN9HDURMUAzjOENRRvRHtBJdBXdRU/RR/QXd4uhWW9Q+l3ySzW9O2l+i6ZfIUPEBaTL5BsMjd9Pqy+qdX4zrb57U99Ga+oL6X+SGLVtBJ34iFiJuhv2tfb1Qthl9o24wzvsO0QxQm2r0IIGh7z0o7zchdYYaA8CdwfbQyCf99n3Q5oesB+gRngQHPqJ/RORwp0+DO3wU3u88NHCE8Q56FMT8dQvNcV59pP2fHEx2uR1cCoKZbNc6Hkg/2tVQIYbeSDDuusT9cn6dP1JfY6+QF+sL9Vf1lfoq/V1+gZ9s75N36nv1j/V9+tfwWiTO2w6hmc0MBobTY0WRmujndHR6GKUGT3QR/oZA4zBxvDc9VHGWGOCMcmYYswwZhlzjYXGc8aLxjJjpbHGeMfYaGwxthsfGh8be40DxiFTNwvMqJk0S82GZhOzmdnSbGO2N54zO5ldze5mT7OP2d+82xxqjjBHm+PMR8zHzKnGh+ZMc7Y5H/XDYS4yl+iLzZfM5eYqxFxrrjc3mVvNHbiyy9xj7jvaOVfOQTNtmVaRZVuuVd9qZF1kNbdaGS2stlYHq7PVTeZrlVu9rL7Wnfpka5A1zBppjdE3WOOtidZka7r1pDXHWmAtzvGvKh+r8DN7tpZaLxujrBVZ/lqrrXX6eGtDlo/WZmubtdPabX2K2u23vspdz/I3OIdEKBSKhJwcv6vwPeSFGoQaGw2y52y5Vfku+RJqGmoRah1qF+oY6pLj+1H4HSoL9Qj1DvXL8T04Z8Nz5wGhwch5eLZdjO0hWfNluV6petkTxDZ71q9I81t5jf1UvEfM73q1RcT0ByZ+TdyIIeeTfopY2hla5l+ZP7/b1qYy/FGG8xti7QDxMIb/hZjf8YvfEp/HmPSvkFE15Hfwgj4PMv9J3Jf5K28K43n178TjGPI+8S0M2UB8M/Ffie9iDvxiPv0DxryJ4fxWWPCLeVorwXfnQtU/xXDl1YweC7SJxPT3IPgNvaa+tx7OEPpdELzHDP0ipOkBouJpiQ/x62rBr6sF/RZk/kzcj/kbzOchXiWvxE8YwrSaz5AS0j8nXcG0e1nKlwx/lfhKXl1CfAUxv5POdGRMhlTQ44V2P6/yO+8MWyTw30Y+a1sYTo8LyoectoLx6elB+SHQ+CUx3VbIN8aS5hfG4p+J6U9C59fn2k7i2xi+g1pd+aVjntr/JqbHCF19ncxvsrWHiVXdfsi0yqODasFrSC9lfOUPoAHD+eW3wfoYlCKNchJ4yFDSS7nVGhKz1TRKiNhOzLI05Q1iJEP4xblWTJr8z/AetesZ8iYxc8tQnrUPGLKJ+FZiygn3QdYy9JyRfoAxv8/wPxJ3JaYHkUw9XmXOGj2aCEqU+Dbv4jqGv05M/xDiNYZTTrRpDPklsbTPKVuiOcChHnhAjqd2Y/tiu7l9hd3avtJuY19lt7W/bd9k31ZpfC0LxteiII8WuCqfK2QuI46ZC+4DuVxXKV2bE0gnbZKup5S6S87GGSnGMKRbrVgJspYLYRHl72m9JvD6KM/S7+MaSNqayjtcy2vc23lNcOzVSplKxV+JK8gPMrsMPWWl1kys0Voqn5DiHa0NYspjo9ZVbNG6a90Dz5Iy7565vKNaH0ISeW3JjgjiWWLVu39H/AoxPcSIT4gpaYJjQeZnedL4DPEYYnpBCHSvkn/Vd4YQzyFW2p6aSlzI3JQGvoP4DUqv0tuUf/ECMXVaRtFqTHktJ9WyfT3ey4+CNpa4XyXJaR1c12FjN7ahCSErN6HVbrNvFw3tx+zHYJMembYlzvLdWZuTSt0K1qrHo+1JpW+K+C2CnjYy6JPdgj5ZxD5Zr5pUScQshSZSqfKvSzw/787a4M7a53KvWc3y8zh2SfNOQ0nzjmjh/HKeDK52YSuV8cnieCXUlItdg7brHvTm05OrfONdyqM8kMjTk6+S0zan1JpKWtsCOpxyLjKfU8mldcCndoCOpyEfmdOp5NNGhDhnUR8cro+n3ZPP6VRaat5paal5p6Wl5p2mlqqaz8m21LzT1lLzqhk3aprDk9WOGyeauuq4caLp5yD+2GDc+DHoeGDvSEtHo6Vj0dIppKVTj5ZOlJZOjJZOkpZOipaOR0unlJbOOXzX1SBn78yjvfOsuNz+X7B6rkJ5MbuJfaF9kd3UvsT+J/syu5V9td3e/o7d0e5j3y73K2ddjcDaMPDcNgtcqu16HpubJ3IPK9FS43HMDkanunkXZZTWHoG0/rgGqWs6Lg2mJLfCM0/PHH9OpdY1LXdooE1a41mhV62W3Jpao12NOXlk7+3B1mgpep+Weh+Zf89Au7QSfb6mEtrwDtoH2vfEuFB5tOwZyI98r3x661q5nF45eZE7AnydJZ06b+bVEm/m1Rpv5uWNCLMwJtT9EWE2oC6PCKvQ5nL3ijmA0jp8H3L8aYWW+MeMP60BtT3+DAvs3zaAkadpDKlp2XLkaone+/WOXLI9v66R67CuK4W2+/rKUPnfeZpko6o+HRiU1JuyICWhnxhw2lulcll9RJgrbNoC5Bzw6W6hyqX1DPp17dgF2db6Okvqnddv+/H7kq+vrK+be/NqjXvzapF7siz1FpIzX4H1lo1zs5AzDe3RCxZqIdAl9rfy8m+GElqgjJb25SynHUu6BmXdnNOx2dG1r91XlolSdY60BkfaMEfaehxpiznS2hxp4xxpXY60JRxpSznS1udIey7H2Iacm2jKuYkr5Ayi3G+sGggFZzM4GwA973p+OusoedxojjTHmOMBE0FNNqebT5pzAAtALTaXmi+bKwCrQa0zN5ibzW2AnaB2m5+a+82vzP2WsEJWxHIsz2oAaAyqqdXCam21A3QE1cUqA+4B6A3oZw2wBlvDAaMQcyxCJliTAFMYc4Y1y5oLWAjquSrpHOtFaxlgJUtYY71jbQRsAbXd+tD62NprHTB3W4dCutUiVBCKApIyz1BpqGGoCaAZqJaV8wy1sUaF2gM6hbqGuod6hvqE+gPuBjU0NCI0OjQuNNoaDuqR0GOhqaGZgNmh+dbHoUWhJaGXAMtDq0JrQ+tDm0JbATtA7QrtCe0LHQSkQ3vCJkppHC4C2Lw/J+xaywC8h3D9cKPwRYDmoFqF21oTwh0AncNtw92sFuHycK9wufkk09X4X+Vah/uG7wwPAgwDNRKljwmPB0xUbRSeHJ4OULmsCc8JLwAsVvwMLw2/bB0Ir1D8DK8OrwNskDHDm8PbwjsBu2UuofnhT8P7AV/JWptLC0RBCBA5Ul4KnAKvoEGBZ+4saFzQtLL0BHtEtVa7Q1WWpWBXqN5W44IBstbcF2pwwShZl2AnqAlyHyhrS8Esq1/BXMBCgNz/aUbBMu7x9I41lrs7bQdwLydIV+uCA4BDUs4qp6siZ1X+FerhxXJ3pyNlMNjvKSl3eoK0VpJItccT93aSuzhV+hcqLRCFPQF9pHweUyIf445P/QuHKhk0FxeOAIyWMhjs5vRIaHnh1MKZR8pg4WzA/OplsHBRuFHoJcqg/Cf3cFou/xWukvJZuDbcvHB94SZe2yr3aMpeK1xUuCf0Eq+15S5N+yAjkAK5T1O4A6BzUREk+cMiu8i1DhTVl5wQlWYwdc7gm1yXYqj1CWoekysugn0q1LoXtYrjy+C5U4Yrv+zjSHNdhLaeVzkfqnEm3biHV7mjgvYHkZuLDPbH494a2vcYznLlN4wimEXVuNuDwboFayfUnClnV/VLeJXrZPQZvMrVHWIgaYaoVQfB3CjXsWjcI0LnOha1q552MUO6kw+FpNV8K2dv1Y4cJte06M8z/r8R0wu+zjUSal2QmudVK08M7iWo1jNoyyROs25qnZ7BtTo6V7lkuLOK+A1DuI7ILCX9EsMV/zswXPnmZ4jG3UjEjxiiylVrijizrHF1ippf1slb8zLSnDVW60/UvLPOtTEG19Vo3IFErQzRvmA4V0ToaiXhBmI11/wZr3Llj05uq5lrtZpIzV9rat0IW1D7P8Rc+aPmtdWuHQZLD9YmcQ2P8TlDHmdI3gy4Tr6ZXBliqNUdS3iVLWVylY7OVSjBqhi1g41aH8J5c30dY5LnBldkaWrHA7WbAdeTqD1tdLa7xXY3uJeLzvU/JiXc4GoWtbuISd7q/03MvQXULiIG1+0ItfKK1pbJWXud3NO5c4vaj8VUq324qsdQd8pek6E8oAdtRLiS+d9JWu1RmVHrWFrzqlqZwzU/6EEIUeup1OovbQ3jqDUGgyWtUxKC3RvmMlytjblEXjW5jkvn2jb0Mpkbe7SWZghXhakVU+hlcieKHkFMuV/H8wH9KbBaf3Ufc+MKt2CtF1cjqPVspuoF1AlqHZFGvZFRvexp1lytlVIr3xbJkMwLYi9CqAHUTji6kj2uesXVTymlwOYFvKpW+AjGp7ToXAFlKAlRay2MQKplidsDeZbcZm8yuAZJ7R1kMlWIek9n7zCnBlIqufHngJZ14Jqr0FWMyRV6JrVEsLcSV9yZ3Rmf67KgfyS32QvU6jiD+o07chiwdcdzdkppR4Fz7azJMWCTt7OvEflviEaK7IqoB2upFrqsRVD6dJQ5Kpipq53yj/1MlF+3GTiPxuF+I2sn26w0qFn2imzXntWsF3uwRvnmp87O37Y9yfRenlQhvLhFldq35sqZZKUYNb93OYcgn3bdk0xftXaXHbd2l51i7WqaXq6olSt+taD00bU6e324HbuxLrK3uqiBfKelapONU5M3oqeaPrvKMqslf1JL+kmzL+f3sqPZAzSxsFbL10UYcpLlzMV2OaSlqX2zfbNoZveGzFxKXl1GyWmZq60J+3AMZzUDy/UbXl/ZtqPwb0EdqKuShNF1TBLG1CFJGPsP6uXZEUu18HN1ooWzdc6285I60c7ZWmf7/djabm1aIJV1T+3X4bI8nTIuGF1GB7UYU8ty340ytISaIn/UqJ16nKwMyVpbYimss7E4pP27uM7UOyRehFU4jkd9hD5XZ2quayHK6oeUV1nnh2qpzt+8lZuGVqBF2WN2CY2j7P+/3JDWfDkkSEpIY8kTTX7LvusM5crpWZVjiF05Xp2p8nN6OGWK3WK31kRqec0MnorP8upoUnWYUzr4dpZXx5Krj8XH2kVyDMa4puPfuLPcOsZ410RrdlayTmg0NGVvzHHtrOaqCc8s1Su15kG/1M72yhpJWj7PzuqymsraHrFHekqW76W1AuS+R4w/y7fjW/l4gvVotepimZhdixw7PWu0DfGSWM63BmMRf7WYU4fuQLXB4bmRjbwPuaZ6rNiCu6pN6f2619LLe8ren37G3Z3JN0Cb+A5oFlJsFSvOqPsz8u5O0mfa/akvXjdzTnM2/o8X28TKM+oODbTf1rwW3HnGtGBlLWpSUrfmeuKZep9WILHbApnVxYdnjMRWbdH8+5R980y9U/V94haxXTQUcpWagX+7xKoz8l71wL+AtDvni0XfKKutum+M6lJ951HfzxELcnax9Nj1TaxxvkxkOV03az6PMrI8z4JfJdbWmZ5bncTLe1ies9jr+t0oC31Fzi5YLdbV6fsx8u5G0nX9fpQFvjJvlJd+BevyHZ052mDeGaUN5p1h2mDeGaYN5p1x2kC10Aq0yuEWeodfk9St+6nOWjMpeatzPensfX3T72s8ve8e7lnrxaYz4s50ejmRX3oYOPcKfJ08dBpKzLe6zvbiunRfVjCOrMm9JTtTpP1M7sezglXUmphbi3d0on6PDPB9fvBOSK5Z/ibW9DB/nyRnl7G+M0GNqUPvUKvyfUzuPrQ6excmV7tnn6i0OvSWt2pr5D8Xjq2z91H1iVA+Q9XNOzHQHqvyWqTuPQlW1lomJWxVrqfU9fuxAknLWltaHXyyrdpCla3HcXX+jo60G6V9VZfvSXpya4Z8p7D/RLnTzKVH7DXTIdgpp1b2nJO+ggBacD4W5MfprnXRyrQeWm+tnzZAG6wN10ZpY7UJ2iRtijZDm6XN1RZqz2kvasv4f6W2RntH26ht0bZrH2ofa3u1A9ohXdcL9Kie1Ev1hnoTvZneUm+jt9c76V317npPvY/eX79bH6pt10foo/Vx+iP6Y5WgoT5Vn6nP1ufri/Ql+kv6cn0V4q7V1+ub9K36Dn2Xvkffpx9k/bJ1zNYToKcNU5tgFBm24co6GvWNRsZFRnP8b8X6Aoy2RgfWO6i70dnoJgFpy/UCoxfr/ojR17jTGMS6s97GMFlvY6QxRtZdgqQJ442J8l6MycZ0EfiXUp6lDOUdhzuhGcoD0z7S3LVJU96hLiDuR6zi0xOPwV2wlLcnTXmQ6kacYZzujMOvgPVvkf4Zr9LDjcE9ppRXJJ3+bzSVv9opi56WDHqi0juQ/heJM8xN7cOmteBVeiHSmZvy0KN9RJolam+R/r+Mwx29DLWvFPc909XuXvRwo3zD6DcwDv0t6fyS3UhIbNJDjPKSZSj/N8pPDGtlqD2+ljDmBIbwLsw4w+kVyaR/GuXdx9hBrHxH0S+RSa9IxkbS3BdL30uaHpv0y3mVvnACX0T0LKV8dynvWZraj24a49DLkU6/WcYvGE4/Sdq1DLmdNH0IKV9KBvmp0+ORofZGoxclg/6TDHqQUj6fTPoD0+kRx6DnHuU9S5eeh5SvDDlOK08cY8Xhfat0ahYVo2EuxsPAlt3F/p7d1b7evqNKvAa5eOOATbuT/V27s12Wi6V2z5R7CvUS1e/ulY0pd12SPoHa5oH836EKtOVZD7wuCN6Z2nuMO8Cllfe0CEo0EU/62SnOadLq9Gh1O3oWC/lNugQj+D5dwYs866SX8cnG4LfrElZCXqeIGRhd5+K8EOfnjnJ+MTgvO855ZXBec5RzbmdFtd9dhq2cUX6z1L6I7K1pemNK08+ToOSk6ZfOYP8SlGFdI6Z8mlbAQQ932oX+e00pIZCBrqDdandAuzZo+etyklKGEfEO7iU9mKAF4ArpKXWwGE7oJ0ZBBieISeTdBHJP7l4mw+UOZjWBlUj34mFupKk9Kuj9Lk1tWUGNV9GcIdwBr4IeB9L0p1XBvpOmPqmgj7QK+slTu+RVDCBNX24V9AqWfoH9SPr6Uf5ilM+Yn4pj7w6X9e5yoqkWnVSqZ9mCFwF3Yh84VuyjX5M9SvKuPABJS472Df5LH3mDgvBhQu4YE+GOvN2B5a683UV/4K75e/Mq+Qz21VR7uI0nzVEgo/ZYo4ZMcwfFNH2zpZsS08taBfV2mjo8PUyIwLdAG3JJsJzxx7ljHdqgA/l0LZ/GxouZlbwCjK+ld0SqHkfTixrsylO5t+uqSf2zGqfuckqpv3dKqbueUurrTyn1HdWknlDj1J1OKfV3Tyl151NKXcbU9emFIJmXuiYyKgIrQFkC/yypKs8/lT1QH34KirAf9BELTiBNzeI5OZ10+DwmoKXGkZ5YJwf/hwX09IB+EjAHIK3LxchJ6q8R0A7jxCPiMTEV2mI2qJlcZbiEX7esyuk35ctGeTkZR6z21KWP0gz3tg3Ga3oJDfZopU9KNXKlab+laU+maZFW0PZO02NiBVNVtGMIbf70pcTdiVV4g8MasoKatuITocYsOX7Ifc66sL6PiBP3T6F2OL2fubkcX3Scu56W/KRFJ6VY2nbdTkuOpbxXM9jjreyU85QSm2S+jdk3brHlXgoaRgrpHjNK0NgzlDT8nq1bENiMIeNG4xajlzHEuN8YzXDNuhBnw/+9v8R/PuhJh/3k/VzmzX4Zjz8enyKEc5dzr9CdIc4oUZhIJTqKVKJTooe4NtEz0VP0SL6Z3CRuTm5O/re4K9U9VS5+lOqRulWMSg1MDRRjU/ek7hUPp36a+p0Y7y3z3hbP+i/4L4hX/bX+W2KFv9Xfyh3uLxLS/mtOb3yGqPLLtMExKzMrqJcCuW9wKFmcbC601FWpq4TuZkpQf2+bt01o/q3+rcBDfWkB6IbciVIYj5lJUcg9pb/WX2ZQZlB6S3C0x9EHxyYcO4LjSxzynA2biwPxKrZWbM0sxDEpM4nhL+GQcYalh2VGZEbk551pmWmZy1uWc5S8s3Vi3rfhuC5zXa7MTerI9KPFfrj+zTPNq2uB/P/59U5H0pFK11BvnlemV+bqPSvvsHE0xpH9vyA4JB20dCaUCTFvHJXqgfDsdUpEwJPMnOCwg2NO3vE4DnmeiEOeSzOlkqey/vwPfssz6yvzknXI5/cBHJLnsk4yXQ3akm1WXVtKfleXN8qscd7A1ea9O727Ut6r06szIiPSrXB0wYH/6fnB8SoOeZ6CQ56zMriwYmHmPhz9M/3TY3DIvGfikPcj5UQXRYnLoQEENYBNDXA+NUAjaoCW6OlTRMfU1NRcUe6tQn//IXv6EPb0+6TWRnqMvokrEleIUKJ14mrQ7RLfBt0+8R3QHRIdQF+TuAZ0R5QURkmdgL+L8nSWp7M8i+VZLM9AeVOBp6FUC6ViXPTe8NaIAu+PqIGJGqwVIf8t1ENnPaRuewxa8UY8j0IzAg8xhggt3ifeB/ie+CDgIXEZcl98GPBD8bHA4+LjgKVG1KAR7xKWM8AZBL042BksTGjHoaAfdH4hws7jzjTgGc4M4JnOTOA5zhzgd53totj5L2evqAc9WoK7OidxDvC5iYbAkq924pbEYNA/S0wGfioxF/jZxFIRTbyQWAb67cR2EUl8nvgCmvhg4pCIJMPJiAhTD8aStyR7gb4t+QNRmOyfvBv0j5NjgX+efBwhU5JTQE9NTgd+IolaJZ9NLhZFyeeSS4CXJpcCv5J8DVjyN578KIlSkl8mv0TMimQFcCaZEeHUJalLRCF1bjLVLtUOIe1T7YE7pDoAd0yhzVKdUmizVOdUZ+Cuqa7A3099H/jG1I1CT5WnbgbdO9VXOBwlQql7MUroqSGpIch5aGoort6fGgE8D+NGQWpR6llhpxanXhaR1B9SK0Qs9VrqDYSvTr0Fel3qP0QqtTl1QBS4V7vfEWG3o4s6uJ1c1MHt5nYDvsG9AfhG9ybgnu4twLe6twLf7t4OfId7B/AsdzlykKNIrOTCkrYiVXJDSX/gH5dMAH6qZJYwSp4u+b0oKPmg5ANRr+Szks8hYcu8V4UDaXsD+E3vTeC13lrgdd464A3eBlHP2+htBL3J2wS82dsMvMXbAizHqoT3vve+cL0PvQ9FobfL24Xwv3h/Af7E+0Q4vu07Iu6X+WUi7Hf3uwOX++XAPfweIuL39HuKQr+Xj3bnmBfzB/oDQd/j34Or9/r34uoQfwhC5FgY85f7K0C/7r8OLHuF7a/z30bM9f56xHzPfw/0Rn8j6H/3/x1xNvubQf/Z/zPCt/nbRYH/kb8b4X/1PxMFpX5pKWwGXfPk+Kp105aLEN+ondh4uQzHEhzQy/y/JDi24MjqM/yvLi7sts6wlVrKuKTvxCHPMm5PHND5Ui/m4srwIM9Kcdfj6JbpxjFB0nIckGU0EA1yddhCO1rFhS7kGJRNdyh9KD9vWU/omAJaToKWUxg9vqVIsN9cBjvpRuhKKfutaCFdQUlvgzQOdYsB3TIA+mSgcze0zT3UM/ciLy3QM/c59yHOMGcY6Pud4Qh/wBkB+kfOSNA/Rnk6yzNZnsXyNJanszyN5UkvL6UnpwdZywJqNJ0ayqAOslhemD3cZHmF7FEWe1QRe1QRe1QRe47JPhCi7Fr+Xf5dooiSavmj/dGwaHV9B2RL1w8YZZCt5InK1un9ydYGfj/zfg6vzqzOYdgwauRV9g4sIIzKwdWYkmBlWwVYpXow82CeTIrK9CmXG/QclUOQW35a9A8EXYRDZO2pGpfLeirL8KjlHvt+5Tu7E7/fmpSrctiT2ZMLfyLzRJVyj7jfalr8BPmsOCnaiXa5HFR9FJ9ZbhBH0XjaQV/B0zh6w+vQrvLZyEZoFKHl6Ks3pW5Cn+qB3qSleqZuQZ/qhdgGYi+DjfOK94rQveXectCvojfp3gpvBa6+5r2GnrXSWwn6deRrMl/Z258/hd7u0LopciY7k0U92DhToG9+6fwS9FRnKuhpsHpMZ7ozHSG/gu2jO084T4CWFpDu/KvzJOinnKdAz3Jmgf6182vQs53ZSPW08zRCpJVkOr9xfgN6rjMXtNQvIVpMUn9eIApoHxXRPiqifVRE7VNI+6iIOihCO6iItk8RrJ6pwkxOS06D3Tgdto+Z/FXyV6JeckZyBugnkk8gfCasITP5fPJ5hEvbJ5o8mDwI+svkVwj/e/IQ4lQk06JeSqQEsJbS0BJ6ygBtpizQoRRGvlQ4VQD68lSrQO/atI+KaB8V0T4qon1URPuoiPZREe2jItpHRam+sIli1JsJWkBFqTGpMchZ2UFfpFCr1JepLyEZX6UOga5IVYBOp2TdMqkMnoKFK4Tpaq4u6rmGi7q5IRd1c8NuGHSBWwC60C0EXeTWQ/yIW4yQqBtFSMy1QcddB3TCTYBOuiWgr3Lbgr7abScM99vut0G3d9uD/g6sLcvt4HZAyDWwuQz3Wvda0NLyMtzvup1BX+deB7qL2wX099zvge7qdkWq693rESKtM8v9vvt90GXujaDL3XLEuQmWmuX2cHsg/Gb3ZtA93Z4IvwW2m+X2cnsh/Fa3N+jb3D4Iv93ti5B+bj/gH7g/QHh/94eg73Rhp7sD3AGgB7qDQL/mvob4b7hvAL/pvgm8xl2D8Lfct4Hfdd8Ffs99D3iD+2+4usnFs4b7J3cL8Fb3fWA5nhVzPItzPItzPIvTBozRBozRBozRBozRBgzTBozRBozRBozRBoxx/IvQBozTBozRBozRBozRBozR+iui9VdE66+I42WEtp4aLyO07Ir81/yV6O3SvqtHC870/+T/CU89/+XvAP2B/wHo//Z3YXz9yP8IcXbDmrP8v/h/EYa/z/8c9H5/P2cnBN/qthZqFki+udRERNojsENgcUhLQ1oVsCYGSXsCGmgs8bvy7YwmdwKwhUcVqKGXN3GuxPkh6JEBzOMe6JLRzk+gS6BH0MvXO++hl+9wPkAv5xMi+nmvRP/ED9HTJyQeTUxCX5+VeDoxB719Mfr6i3gS+g88Bx3E8885eOLpj97+EzznTMEzze/lUwz68Zrk7uSe5Cfoxei76I/l0KbQpOhd96JvbU79v9QXkP62Uq7xfHCrlCE8AzzvvupuRBtfiLZ9Cvb+MyUrS9aWfABd+wba9l205ka04ma03la03fveDrTaLu8TtFF3tE0PWOS9/D5+X78fWuceWOBD/Pv9B/wfyfdwrNPm5J/wnDqdXColj7k7FODRs5wKOFWQaJz4VhVu6cLVGgM3EE0q8Svp3HqWb8fgmyEmC0+TKz6ni1k5zuki4YScIjybRJyYsJy444hC8DKFkbfEKRXFzrnO+SLuXOA0Fi5420R4zqXOZcJ3LneuEA2cK5024nznaqeduMBp73xHfMu5zukiLnSud7qJi50y5wZxiVPu9BeX+gf9Q6K9ny61xLVSPzjJs611TCn3tKbAjUUzoQU7qTya45vm+Ge5dwzuVdWok85yK+BWNHdv3010Rn1+mhrvrUKuq5Hvmmq166Sz2vUEeVidpp10VtPWgZarTutOOqt1T4KTambeFsNp+as3oAMg+3cHMyXD0AOGO3iudUY6o0Qx30vauJvBwkFNZ3P1X/i4M0xzRUfOLcl91i9KXZpqnros1bJkWsn0kl+VzPD+6n3mfe79zfvC+9L7u1fhpX3N133LD/sFfpFfzy/2Y77tx33HT/gpv8T3/HP8+v55/vl+I7+x/63g2cfhm2EpCf9yUvfxddRM52pTUxuk7RMh+Sqi5r8Ko+JgenR6WEVZRaf07syezIjMnoqy9OhM88zlmUHpBZmLMssybTJjj5Y+vf3ImBWdKhamG6bdtF6xHDmNzZRmxiJ3zmKClu/Iux0z5ibOtWZjDmLMwRUb0n3S5ekBqO9LnBGeVTE4PVO+Yc905JzARMSWawEupSyWJLxEaeLcxHmJ86VFkGiSuDBxcaJZonmiRa639EzdIt+bpealfpt6puSzkn0ln5fsL/lbyYGSQyUVJemSjLcMfWO596q3wnvNW+m9znlKOUOnIXfIJEqAZYFSzkXIeYnzgM9PnI+QxokmoC9MXAj64sTFwM0S0CEovTlwi0QLznZl3+EZfIdnqXd4qM08XP1t6rfAz6SeETpqdkBoqFOGb/he5xu7c6QUCU3KEa5NK5khIpCjv+JJ+zPvMxGGPMlZqL95fxNFkKsvRCFk60uhQ77+jjgVXoWwvLSXFiEpa0KDtFl47ofECRMyV4Tn/np+PVEE2SsWCchfTEjpS4hiSGAKISV+ibAhiZ6IS2lEyHn+eSIpZVLEIJWNRZT9viUtrx5Bn5ErpoqpKaWeHIQeM8QZmrpR6i3OpOnCOrKXo2dPFY3Ys+X6rGS239Sgx2bL7xKU/4vjlm9QpwjqFJszxw1PsEz1hqQ094Zkcm59SmEwQgxy7g1KHigtVrRbpX5fKY/GzOPxw2tcMB78MCnThb293lfeIS/jG77ph3IrqppLHcNUU2Tushw58wNJfhVS/HrunYzu/RVtawTrexoFHPqlfCMBDslU93HGSBNmUDOP1kzLYE/QrB6cKr8+8jQPtDfQewi5P+xNE15psrREXMpypni/ZC6Ha5Cfo7LMNb79VvkdP82RtZh23Fo85D18ArWYdtw0urZXrijXQ/oCEcPYVoNfZiqPtwLqXYkZvjq4viQ3o5k7V5/PEXhiNdf75dGoX+ZFOSeJYyo0Nc4I+TmvLas604Kw+45ef85tSCqYBeEc6OpsSThvqKb8NkzVj8fq3DzN00GcLYdjHuaHvCbTZNOrOZXg2o2KBp9Wq9mcw1zk9UcBi1izR3PcrTqPZRNfLWOpedq8a0s4T5S9v9WZnVI3xF+OrxQiviq+ThT6l/tt5Sy3KEXoy0KL/yH+B6HHl8WXId4r8VeEGV8eXy6s+KvxV0UoviK+QoTjr8VfEwXxlcilELmsQqo34m8g1er4aqR6M/4mUq2JrxFF8T/G/yjqxdfG14pI/K34W0i1Lij1cqH7rfxW0NBX+FdAW7f2W0MrX+lfCf3dxm8jwv5V/lUi6rdF/eRKwHNPsn6vx19HPY5Vy3qsZYS1LM6vZfzt+NsYO6qva5R1jeTVNabq6l/tX83VihHoMEO0MobK8QBPSR1gYV3n3Cmu9nSvnbjVa+/dJqb7B0sTYmmw3nG9EEbHAKDrjTKeNaNH8P8w6Ebv49L5YdWFV47fL0fL8o4E2IfG4Ly0w6ukH1VtXWpSz+PFO1rdhQGLypiQ939S3nlKFZB5zQDMCvha9g3lcX7aqjyeW4d4XB0fOh6ljIVHCT9euudytBasJJdj3lfEM4jpr+/LlaR/T3wnQ/rk7LiWKqZ2g5DryUFnPpMxgWfQEpEh7xN/FOSp9tfYRrxCaPpAKylxOiJxpjF7fmf0+bsNPE3BWsq+H2kCLXAptEBDaoFW0AIhUe4VeI3ELd7F0AjDqREeoUaYL3VGfGh8KPT0/fH75Ry1XAUsF3Hrf/KX+/+pbxHQ4dFtAewE7A7OlUGLfnpcOj+suvDK8ffn0V8djiMX4+fHi4WqLbMm9TlevKPVUcTwBBlz8v57h8+xBpVB5hVDa8WaBrzL8u8fwcf8e6jKxxZ1iI/V3e+2o5TRuvrw46Zrl6X1A5EOkc6RbpHySK9I38idkUGRYZGRgEGRMYDx/D8xMhnn6YAnAXMiCyKLAUsjLwMWRFYAVvP/OsRbENkA2AzYFtkZ2R35NLIfsA3wVeTTYiHp4lBkd3Gk2CHtFTdQZ0BjxN2Jc1Ncb1rcorg16HbFHXm9XXGXyM7isuIexb2L+xUPAJQBBgOGkx6F8LHFE0hPKp7C8wzALMTtgfNcXJ9bvLD4OdAvFi/j9ZXFa3DtneKNxVvwfzvgHcCHgI9J70X4geJDko7q0QKeo4Ak4m7EubR4S7Q02jDaBHSzaEtebxNtX7wx2inaNdo92jPaB9AJ0B9wN+mhCB8RHS3p4qbRcQx7BPAY4nbFeSquT43OjM4GPT+6iNfnR5fg2kvR5YRVgLWA9cF/CZvy6FXRrdEdef8l7ArOMnxPdB/gYDQdPRgzAUWg98RsgBurT7oR4KJoOtYo1pz/WwHaAjrEOvN/N4Tvi5XHesXKkb4v4E7AIEB5bBhgZGwM6fGAtrG+OE/k/8mA6YAnY3P4f0FsIvJYHFtKeBmwArA6+C9hXR79cmxDbHPefwnbgrMM3xnbHfsUsB+wM/ZVbKctYvttYYfkfztiO7HdtgdoAGgs49lNEd4C0NpuZ3e0uwDKAO3sHoDeoHvb/fh/gD0Y5+GAUYCxgAn2JIRPAcywZ9lz7YWA5wAvAmbZywArAWt4fgdhGwFbctfn2tsBHwI+5v+99gGcD8X1eAEgCkjGdfwvBTQENJHneDOEtwS0yV3X4+0BnQBd+b97vCfoPvH+NYa7MT6OAIyOjwP9CGgJ4+KPIWwqYCZgNmA+YFF8SfwlwHJcX4R4LxHG4blgCez+JfH1gE2ArYAd8V01hj7xPdXCvvjBeBqwzzGdIkk7NmhXhjv1g/BGkg7Cj5KPc5HT3GkFaBucO/wPdV8DXsVVrT3/E8k5Jydz5iRzKKVcxJRSiohIKVLKRYwxciOmMY1I0xQj5VKMEWma0pRSmiJSxIgxIlLE8GPEmCIijVykSHv5EClFPuRDjEgjxYgUKE1jpcnJfdc7kzREavs9/tzHJ8+79jtrr7323+w9M3vPmTjZzjQgPwgnO0UIi3BcxOP+9sVOqTMXKA/CCqAKWAJI3DKkWwnUMlzjrEe4GWgEljnbnGZnt/MscIDhYecYwhagFWh22pzzTrtz2WmPKUFoASHAwTHiYl5s8NvCsNiI2GhiHPi42ETyKbEchnlAAXTjJO/YDEGsxGmJlcRmk8+LzWdYCSyKzYa+Orb8baEmVhdbC9QDDUBNrCm2PSjLTmAPsB3l2RfkexA4AuxDHsdjJ2OngbPAReB4rCPW6WpuChBxNXBXOMKB7hA3CxgZhH0x5iq68cAk8qmxEW4uMB2Y6ha6MxnOCsJCxl9pM4fHZQEWSOguBBa7S8FXOEVuLjAdWOGucmcyXB2Eqxh/pc06HpcFWCChuxHY4i4F3+rucHcBe4Gt7n7yre4h96h7AjgVhH1x5iq6c8Al8tfcZNyID4hH4wPIM+KD+mFoLx8eHxUfC0wAJgPD49nUCaYB+UARUMzjUuoEc+Pl/VDRy6viS+LLAAlXArXxNfH1QG18c7wR4bZ4c3w3sC3+bPwAwsPxY/EWQMJWoC1+HmiPX46fz1CEZ1gZIYZOhgfd4Ph5XMdLgAKG88gX8bqP63vGsHBJxohwSWQIcURCuaYj7OB1HNfrjNGwGQdMzJgC5GTkISwgn5FRwnB2xjyE84HKjEUZ1cDyjJqMOoRrnd0Z9c7ucF5GQ0YT+PaMncSejH0ZBxEeyTiecTLjNMOzCC9mdGR0BgDP1ICUjOOZEcDNqMkcCL+wzRySmZU5EhgDjA+4YBIwFcgN+PQgvhCYCcwK7OZklmUuyFyYuRhYCqwIuGAVsBpYF/CNwBZgK7AD2BXY7c3cn3ko82jmicxTmWcCnAMOEZcyXwu46JOeAQzwopmnvAzRe4O8obA5k3kpnOcNx71VCe6zmnDf1YR7sCber+WFm7xRfsg4uW9Dv3ljoZ8gx95kpGvifdpBLxv3UiWRMbi/Og6clPss3mNledP8kHFyn4Z+9fKhL5JjrzgyCXHoZ6/Um+uVexVeFbAEWAaUEiu92oBXMZxLrAFfz+PNSLfSa/RWSn29bdA1e7u9Z4ED3mHvmNfitYIL2lD280A78rscyUooXgthJUIJJ+ElBodaE4Nxf4t74cSwcAGwPDEiMToxLnwkMS6iJSaCT4nkJqaERyRyIoWJvGh9oiBd45wuc/mMYC6WORZzPOdvzJkyPuT8l/Nbzt/EjMxLiZJwU2I2yjDPW3n15/i+T/B/n2d35VVN/iPfq9xxu1k7LbJ7vKKqudaXIIuVW6GptAeAx8hbzG9BdicfEG7JfsYWq01ik7+l5ieU/0k5l/Ipph1DP8Po4TnaVzP2R+LB1qg5S005JZ74tVPGbYqqP5b8NDmeFvW87m8KNx+g/BJlCW0cxqZRU0ZNhPxj5NR0vUaNSc19kJ9LTqVGp5RdgxZDvh7dksxmOTeK7P4SyxOmhiU0u2hjMTadsRo1KYx9kTxEKT3V0tVB/Y+oKaScRc1d5A+TbxWpN1PD1jNOUf91ygWUX2BsgvleS80Kaq4h/yz5dZS+5Tvo52Vy9lfyMWr+QL6KqSZI3fVX2Ca3s51fYEs+xjZhy5tTKD/ONuyQ2GQXNTMob6W+kx5mkp+hn0vUfIrtPJ6aX9AeraQZxhch39+VL5y9aUi7aYY1hjIV58PFIHYOJc4xLcuQ0tYmL4iUftGyzBzKZZQHGNtN+UlqNpDfSXk3NTeTf4SySmTXKeqfoqaGuWTT/wDqCym/Rnmc+oG0rKDmB+SV5B8kn035dXp+nfr/puZ7rPUPWevPs0ZLKS+xvrdReqh1exB7H+Wr0Iw1DkLWd28Rbr4i0sL5o/4qeY7yo9S3ik3yg4z9GuXjlI9AlkvrqfVdf6bNxyRVFzxraeb7wWXPR9Vusm4UjfUtahyR0nfaTWan6JOfp82TlJsov0k5nKl+SBtyOZ8h3wl5p4GxpjYnv8x2uJ1yL2WZ6LsuMLZCZpsuvwflTHN4JjjmTyh/Sfm0xFp30549a8lZdJv81gWaG9lryyn/TLmJ/g8yNkb/06iXMy1FRrrmyHyCHEPkHeSraf8+cvaI/n3I+cmx0oMGRpz2c551tWYBNVKXnycXUl5H/UjKqZSHKYfQcrNI/f/Sw4PUv496np9mmPJdlDyjTJWxX2AZZrAMLiVS6ZrxIcjy7tnkMiuWJ38iXFoM/PuU+Yy9RP1/KaqRMDDD6Ld2Vwk3F1JelvIYu6S+Qb3knKy1MLOpF0SjDvdHX5e083Arg7KZUqNsopQzM9f4pkjpKVw7rhEPyRXUNFGTThmm/j2Qj0hrqM3M5RGeh4+YX2X7P0g+gvKLlI9Rj5ZU64yRLM9c4eZNlPspsyh/QvlT2HzXWMd5TEZKTM4W9RHmFTOHC09uor6OPJd8CfmPKOUK+IjxBPOtFW4lyG8h98/qjZTXM6/rmZeMvudkHkZPPSncWE/NYso/Qn+si/marzPHEOW3WccyyofpP41p19GP/N/55/RfUEOfpsw/F7rk/Flt/E5kt8xFd5tyDt9t/Tvk88l0yg2cQ6awbHdxHk4X2dVNXkiZxhwHsyTPiLRvZL08an5H/hClRcsm2pRQ8yhlBjUHGTuQ/etRPkTJc4mWF8QSV4HnRXbPlHaTWUv7rjUKJcmUqyfkGpZ5Esv8CZYwhWXuIP8PSvjURhi4YzF2y/msxgz0hf4dv3+Nesi7DFtm2mQH59tlvEbbEhtczWdQ3i7Svpb3HrfxavgK9Z+kLGAsW0ZGk3qXXCXh82MiO6VlNhhyfXxY7lvUDab0zgae5yViqR5ieUrMjwhPPkX+EmP3MfZeaoYy9j7yPfCWrh+izz8IN2+k/Br7XebG93dHWKNOng8PUP8DliqH/ChjLwq3HqTmv1mX+azdZXKd/D56mM60bKuu0TzTPkX909TMJ28lH05vX6fmBTnTjJNoc6t7iZxpxvdk3OnfldjuXaI3f8jzWd7ZvmDIF3Q3Je8QLvM5NPdzlH1e5gSds4RcixHLeUbufNQ6aT39e8YYkWKpt0oLKC+bMmbLu+WdmJcteSPkZUM81FkxymKW8zaWcy99NvEsrWa+U6j5IuUhyjtFciRekOsO5BzKByiPU/6KvX9SzszkPdTw+pU06VOj5sO8ajxOPojyIOUm2lwkL6T07b9OuYbnqkbPBeLT4HmY/Azv017hqJFvKm8yvi/SRH8pZTyXco0a2lfQfhJb+H7aXEs5mJodkF8xeFYn/bv3r1CeoPw1707nMHYiNeMpedcq936IZY00OW+Lu5rpTWaMC11yv7pJ3025iiWULzGWiY2aq/2JmlsoJzDtU7TcQG8XeLZ8hvPbXcIN6YW7tDq2g2hu0H/OceHHPsLy/I7yNOU8SnhQH9A7ZITqcv+zqvv/MPfTIrt5z2lyLJt/YnvKFWe+PwPInAzN07T5EOcl3gdaEfYj7gDVAvMZjpd30r6R/YiREuxtLtSr/qa9zZT4PfG5ihL/nPxOP96YeVm51bvLu0tbkchLfEr7UuLTiUptQ2Jh4kHtqcSJxJ+0H3O3syTAbGBeEF4JNTL/LXlf3dX0V9pX9uGL+thU97NbftU830553sruzcqoRGqAuj7Ha/uE9f0gvhqApqDtetrvf6Md+6J/O27/F2rHq9W35E3y2Pkm+rdKt6eHa/8v9dnUA6mHU4+ltgCtQFvq+dR2oC31ckhJPR+yQqGQA1ghL6SEQqltocGhYaERodHAuNDE0JRQTigPKAjNCJUAs0PzQvOBSmARMDtUDSwHaoC60Fro6oGG3vh5oSZgO7CTx3tC+xAeDB0JHQdOAqcDLjgLXAQ6At4ZOhLWgBQgAri+XXhgeAiQFR4JjAmPRzgJx1OB3PD0cGGAmQH841nhOeEyYFZ4AbAQWBxeiuMVwKrwamBdEG4MbwlvBXaEd4X3hveHD4WPhk+ktoVPhcaFz4TPhS8BrwVhMmJEBgDRSEZ4NbAuCDdGBoW3AjsiQ8OXIkMjw/0Q9qMiY4EJ4aORyUB2ZFokH2ERUAyURuZSXw59eaQiUgW+RBBZFpmMYwHtg7iVkdpIFWyrkE6OCdGJb9qtwfF6Hm+GjypJF2kEtlHXDOxG+mcRHgAOA8fgS/Qt0LfAvhW8DTiP9M04FtA+iGtHfq2wbUU6Ob4MtIpOfItdmoLj9XKcZsFHq6RDGVpRhta0UJoDeGmD04YhHAGMBsalTaR+CvRT0nLS8sALgBlpJdDnEL69Hzc7bR7CwcBEHs8H8qgT32JXCb6Ix9Xwkcd0y4EaoC5tLVCf1pDWlLYdqAN2AnvI90F/MO0I+fG0kwxPA2dhW4/wIuIvpnWE14F3wh/io1o0BXEd4B1BuJP8IH3ANhpJa4q6tB0I26a0GqRvALbTD/SwGeKHjJNyIG00C/qRchwdE01BKL4CXXR8dFJ0alpTZBt8jwdygenCo4XRqdGZ0Vnkc6JlDBcACyPbkGZ8dDHiF0eXRleAr4quZvy66EbELQVfGoS55DPpQ2y34HgrbXdENyJcDd3U6Ar4XMH8xyOcFYSr6buQaXeB7+XxfuSxgr4CXVpdZDKQnVYTyUdYBBQDpWnbqS9PawA6IlXgS9AGh6Ip0HcQvr0ftxLpq2BbhXRy7KOGYbbYRTFOoiN5vBk+qiRdNKtX1wzshv2zCA8Ah4Fj8CX6FvhtgX0reBtwHumbcSzw7f24dqRvhW0r0snxZaCVOvENO+TXivxwnGbBR6uk69Gh/RzAQ38OQzgCGA2MQ9+Kfgr0U9AneeAFwAy0v4NjgW/vx81GX+bBNg/p5Hg+kEed+Ba7XeB7eVwNH3lMF+jC56InoqeAM8C56KXoa9ET0CWD8JLE97UJn0vbJ8fpRoAB0RMRIz0KZKQPwvFQYDgwSnj62PQJDCcH4VjGX2mTzeNpAeAvPT+9CChOH5ReGskI5aTPBcpDOZGM9Ir0KoZLgrBC4vvZLKNukI/0lRKm1wJr0tfjeHN6Y/o2oBnYnL47/VmGB4JwN+OvtDnM42MBWhi2Am3p59PbI1L2y9ETjoJ2GBq95FgMk0F4SeKvtEnbR90oH2y/UWi/UX77OSHAATzh6WOdwQwnB+FYxl9pky3H/fwVAcX0N8wZAYwOwr4YdxXdRGAKeY6TBxQEYV/MuIquBJhNPs+Z71QCiwJUO8udGqAOWAvUOw1Ak7Pd2QnsCR919gEHI9OcIwiPRyqcI8BJ8NMBTgY4KPFpinMyst7XRRqBbc7JtJBzFriYNtjpQNiZloMwJ6ZRF5KwhyOuEnxRoFsO1AB1DuZd52Bag3MEIeZuhB3wW+ecDnAywEGJj2Y5J6MjfV0Pj453zgIXo1OdDoSd0aUIl8Y06sZL2MMRtwt8b6ALeCwlFgngAgMDDAGyYiNjY4BIABcYGGAIIPHjwwNjk8IjY1OB3Nj0WGFsZmwWMCdWFlsQWxjD/VBscWxpbEVsVWx1bF1sY2xLbGtsR2xXbG9sP0PBodjR2InYqdiZ2LnYpdhrsaRruAPcqJvhDmI4FMdDwYe7o9yx7gR3MsJsd1qvXmwE+W6RW+yWunPdcrfCrXKXuMvclW6tu8Zd7252G91tbjPD3TjeDf6se8A97B5zW9xWt80936sXG0F7aJ7c20W3RiYDRe5lzOFbI83AAfDLcSXNAUbELcx9W9PqgePxUNyJVKQ1xT1cM8twbSuLzokPjsvc2RQfhutQ4CvuveEL/DKumw4wIj4sbb7yz9pxbLG+ofTuJnLN8RHuDvbsHQ5WVH2B/ktZ9+l+SLjxR64BHRVufoqx+0R2f5axvxfpxyaHcYVC5QrFCZH6Hq6SxGU3IlnCZ3hZefHXnS+Y67h6tYArWY/K+qPJXYRgX+F22i+n/DOlv6/wAmOHky8gH89YWTP6BVd/fi3r8vAfIu8g791dAJ8sPFhF+jhLqFHzYcY+Tj6IknsYXEVq5ipSM1eRmk3fnnXhKpK/S3Rv8kXKSqVnl+ha6q9NrhQ9d4DGcgfoXu7QcJVc+6WskmtF/lq5rI8rdcH6uOxolnbJfudHZP9M2Z98l9Kzbu6vYnPtWNnU9f2e3U011nVaCVaKlU2yBwnNqz0rsIrSJfs9/grpSFnJCvZcFfGsnZd+1MJ+LuYFrijJ2tZXur7NXN4r0pId05yuOuqn0PI3Ss/O8SaT+fr2lux63kzLTWKp3Mw92pu7Nig9+7tl3e9mqW6gHEr5caVnx1fp+qrSs3erdH2R5eQ+Mfdrb+5ap/Tu41o5vWtqSudX+q1YlXFHuYx7xmXdNnkKZYiylDXtIC+knEX5MOWtlDm9K3dl/podd4vLuFtc5u8Kc8+4rNv3fA3ldZTcD+ZeclmfXeEy7gqXcVe47I39YHCuBnKfuCx5b781wTJZE+y7BgfLx5Rghbd37/wbyht75/7+9GuUZ5T+e+dR5Y29c3+l8i/3zrcovbvmwX65P5Ow/a0pyhvrm+cp2yi5z+23FdciW5LM0Xw35U8pn6TNfpbHX+n7FTUHyHeRH2JapuIaaIuMX2j+jfImasaRj1J69+n9tx/8lccuf9XyB5TbqPkoz6XDtOSoYVttsp6TFrZdWso6aUx2U5Qyaz/5Q7TnWWG/hzmyhWVnBZoNHAsv0c/PqEnj2rpHzTPkD1Gy/a3F1C+m5kuUGVw59XuNtZaS+LtB0OxXrtgNQuws5Yp9IGiOiAfz90rPDmJMSqLGWJILwa7SM8qV+0MxGbnBrlKfvSJojvTsTaIFpK9vtl6klLNrE9dnN1nrGfsipb97ZL7VjhdsIm+1w3SVFWquRF+xTn0X16mf01+l9M9VeT+mruvLlFyd5/suI0UDKZpSyoe67mTffZWWd1L/GCX1flqfd8v/Lbgc6B9Tgjch9CeSaDf9FpktwUVW+7KLO+7yHoOeL3sDkLIr9ivJS/1Vl+z91Iu33jcApryx9y+xWhpjgx1uarhXrT7CtMHOKHm77Ear35Kxr39Adi8MV97R0T8gMzw4SttVIfvoXY7so4PPIMd5pe+Qq48xUK474NeDT5M9VL3aQH31NtlD1av1HeQDEavKfqehcr9zF/c1n2Avt8meot4meqS1xZv+a6aSu4Id2nnhchXT842BIrUixqKtjEwps3mtlNnIlDKDo8ymJmUzs6Vs4CibWSllM2+SspnZUjbzJikb+ECRUjbYV0gtpGzGz6RssH9eJPWtUjbTlbKZlVI205WymZVSNmOrQT+iN7ZKCU23q4H3A5xRg30I7lvIbsSV+xnWR6n5PWM7FdmlGKxoSpYyFdx2wk7Ewa2ek3De6+FeSNH4nXNbUfg7aR/yi/O+x/IfOAYpQxX/N+j+vZzscRZLrdViuaNTa3TZEa/h3Z2/L7JAr/ib9kXk28LFihK/O363Eua3EiLezkSW4iSqEk8oDyeaEz9Wvs0vU2+QHZEBrwVIKkqq4Yf9oKYOeEveV3c1/RX2qdE+POMNm9RB/eyGXjXPt1Oet7J7szIqqei71FF9jse+EaZOuBL0hStZarbfdj3t97/RjlfUoX87TvvXacer1bfn/PyLPPKvrn/LdEW9fJM6TS1US9S56gJ1kbpMXaWuVZvUXeohtUU9rynaAM3VBmvDtTHaRC1bm67N0Eq1Mq1SW6Kt0Oq09doWbbu2W9uvHdFatDPaRe2ybugR3dOH6iP1cfpkPVcv0Iv1Ofp8vUpfqtfoa/SNepPerO/VD+rH9FP6Wb1dTxophmMMMrKM0cYEY6qRZxQZs4x5RoWx2Fhu1BrrjAZjm7HL2GccNk4Yp43zxmumZobMDHOIOcIca04yc8x8c6Y52yw3F5rV5kpztVlvNpo7zD3mAfOoedJsMy+ZnZZlRa2B1jBrlDXemmJNswqtEmuutcBaZC2zVllrrc3WVmun9ax1yDputVrnrA5bsQfYrj3YHm6PsSfa2fZ0e4ZdapfZlfYSe4VdZ6+3t9jb7d32fvuIfVrR7KidYQ+yh4JZdgjpPLCB9hA7yx7ZG4t50Wqzh9kj7NFgJxE/0s4Cu4RcRtkGYwdLvGJIOuQ83p5kT7Vz7emK7vuCbqo9CfGSi2N7KJvvT7dHQzeCusGIF49j7Qn2ZJR9mp0PDUO7yC5GPeba5chtobXYWmqXgpWjBRrtGWCzrXnWfLsQbCZaZrU9DSzfKrKKcU+qWSP88qBG2dZUKxd3n5o9RfK3x0ksWhXp5XMY1iTJHbHj0NpIDzYGqYdIfXtKBjYRqXPsPDDUUXyDSSn9tBLHtvLbQEqFXpG2zAdDPe08uyBoZ2kVv50n2GP/wnOhPRMsqDvYbHse+rMEbA76dLq9AKzcrrCr7CVgi+xqpJfYxfZS9PYqsJV2LdoUrWHXoPcr7UVgq+zVOEcGgtXaa6RkYHX2WrveHga2zt5odVidYOvtzXYjYxvsGpxfbWAbkXoLYzfby+z11iV6rrfrrANMu9peYe0BW4O+yreO0nOJncNYyXcSY2tRrrHWjqBUI6xGPxbndbVfKpzjC3tL1cB8t0gvMd8qjIOZfr7SS8x3gb3QXsx819sDGIuU1mFrbOB5nzUiqC9qBQav4p2e12FMrKLnRoySZaxvU9BWW+ytaGlp50Z7W9ALktbvBZQq6N/N8JvNdvZjp/TGju+NHRXENrGdxfMY9kIj4ocH7dyEs8Ni7EbbDdq5ESP7EmPre3thOkb8SfZRNkb/Ub++dgPbWdpqJ9tZ0m5lO8OzjBU/X8wc9X6NZKyANWFOmGetDMo8i72w2SpDaumFBqsKqWXkVVrz0UfoBWuptcLvBavWWuP3glUHv1OsHKRYYm20l1lyZldbm+3l7IWl1lp7MXvBjx3C2EbkmyFnrFWPfEPwstHagjkPEznKu96K4hkaZ7vVYI/Ec65ml1rr7KGmzFwl1jTbM0+AzbSm2BHzsIwUxBab+8BmIN8SPMtqVr3VgJl1m+8Zs2wDPTdixl0H1mA1YfatBduClppjLkdajF3M3DITBnMZWDAjgeXI6JU5B+O+kHOcxvkJ8WCIkbkQDGPXnmXPkTLLvGXjHtGej7PKH/tyviIeTEYv0oPhjAvGPs5l66LVAYaRHcwqMrqXc35eijPSn5FwtlpJmYERt0hmVrAypD1rXWTaCuuUdYaec6xjVgvznWQdtI7484a1F8+3Uqp5VrO1m2lRLmuRXyprl7XXL5W1zWr2SyXzCtgye6U13cK9K0pUYmXjGVQ8L7UmWjUsFWYsK8UvszXcGuXPSNZga1hQZteaE3geYBVjjl/YM2OpEdVVB0KD+U05ay9UXaVT1dQU5Z+0UqvPtsZBHlC4GmTJSl5S3hVXnkRb4ElLYg2Lsc+Y8qZrkm+/Z4mNMaq7lalgo83qlnfthloX+IQn+iNiry0Xvb3XQiFT5HlFNS/Lsw5aQdaAn7c/B/tVKIuqzkEY/OdqcDzxGKlmApamiaexlGr9KUV9xw3i2SowHoXP27vxbGTcICu7xm+6o1I24dqN3T+SZyz5LYPVrrwAeb3xbWh2i43+koUnPKOwexTs7zdkVWapn7YrTJklT42s73Z+8SJFaqpXy+qUPptrVEf4+4J5Ui/o2YYijVRjPOSH+JZ1WL+D6yVPyJOfvFVuPkP9BH0I9fmil7ejoX+QNboBcq+8740aiZ9P0/7GwM8XKSfxfXjfA6Q5nE+TpVyDeU7/Gt/zlJWAWnln1aiXNwPVOfo11Iegiep4mjdTu2XlY6O876e9X34vYyyg/rOiN0fJqoN1s/QCUmnUTBeNtKq6UXKH/l3SqvK2pPVk99PkC8kfpOfD9IynXjtFVg7s93WvJr+OHHW0XpQ30q0a8QleSy49vsf4jXgL8tJYNpTTXNJ9A5/sX5e+Y2tEtN+CvySrFPphOQOVI9pP2SO/kWfr5Hdk5YB8mJzVxjBZ3TSOyxvaxjmJBRdNDtcDbkjKk/14/Xn2yL3QbzbOgf+RpXra/Cb4V7q/zlJVswVQBuuH8o6rNV/WRYxOeT/WelzeYjU65QwxvyFvvVoReevV+LS8vWxXsKdekPNcr5Df0SibVXmHtk64dkGes/3f12ivSEmUaRKr3yu9bKSK3viqXi9nO/lWKYmZEI4z4b2QH5eVLWOR7H4YN9BmEd9eLpL39vVqel4uZ51+DXmutKe2wVgE2cXylEiOWhH3Z4bIqrDaLm0IzUCuQt0r56Ss/GnLreu5lk+f0pLaL2VlF1L4Bv7a6Bb6nEufv+V+zr20/7m8b6znizf9P/ibhXz+qmiHvO2v7yC/RfZz9Oc75Rcc9xgy27Qy7Qel9ZQOtsz7pMWUVvpvkDoqq8j3SR2VReRLWcffSh2VLdTsktpp81iv834tpMz6NVJ+yFK2v6xSr2Uu75aSK4eEW4/LPoa1ke853y/9ohZLn3ZWyRpPZ7uMvuRRafPuQzL6Oj21nfp3iUZGmbJfRhn03xU9969GikZ5iO/QflfGnVIqI07l6FD38p3kIhllSPVregtRv5D6B6n/Cb2dl9rJiNP+ICMO/DpymbHzZMSp7eITvJZcVpUUGXHq/aJHCWVd+QUZa8l6abfutXKev75d8lU+ImOt+zoZa92Pij55lHsyioym5EvCu+fKWOuey52EhIw15SMSCw5N94/YqnUy1l4/Iy2g1Ml5jhaQ/YeEjDj1gyzVYBlxymUZcZ2erJOh1vJrModvlf+auxClfCO9XUacUiojTh3J98z38jdft0lPaR+mpcLfDqSL55Rq2e96xzBpZysSXInA9d/Z/v9olR05Q8XzoaJ5eHRRFO+dnqyOqcr89LL0z8maWp+vB3/WKed/0vh88B3hKqfZ+bGz0/kv/1vCMT1mxEx+41S+axp8c5ffFK6MPcBvCn8tVsdvCn8n1sBvCj8Tezb289jB2HOxP8TOxv4YeyXWHnvV1VzdNVzb/YB7hzvD/aRb7t7vPup+wa13v+c+xe8M7+n5jnrwteEL8Wvi18WHxIfGb+H/+LgnPsf/Px/xefHPxMvjn4vfF18Yf1C+/itfXo83Zn4z8wlPkfVCte1NcF6Zrx5TW9RWtU09r7arlzU+QmohwAngBeivGwwMA0YEvP/x6ADyNy7ARGBKgJwAeUBBn3DGW6CkH3rK11Ou2UE5esIezAPmB2FlHywKUB1geQDxVwPUAWuBeqABaAr0ktd2YGefcE8/7OsHR/vLdu0p+8EARwIcDyB+TgbtkxfU5XQQBr7Qh7J3FnwxjF8Ju7m7RAn+87Byc1LWlnkHgDlC9mvaeTdQK3qN/1dazaVlC+9EW5i2hfoC/q64gKkK5M5JzSXP8yVt7qM8R1lDfY3Pxb8a8/1QPuJL2jzC2MeZ135qYixnC/Xvkd82q+9Jyv77Xr9s3fydA/XX08/1TJVL+1zZp0Dss9yVE/3iIFY8FCQ7e+YCZZIy8y/mAk0x/RVs+fawEvZ2evuUNO+gd14ZxFXr22QUaZPfBNnKvyvVynKlBnfka5V6pUFpUrbjXnyfclg5rrQqbcp5pV25jCnHUkOqo3rqYHWYOkIdrY5TJ6pT1Bw1Ty1QZ6gl6mx1njpfrVQXqdXqcrVGrVPXqvVqg9qkbld3qnvUfepB9Yh6XD2pnlbPqhfVDrVT07QULaLJF1G3qFshN1JuVXf0alapeEJWV6hbIFer6wKNoa6DrVjoaqO6Td0MzQrEbIWFrq6BrhYaxMNKfBWrpZBFajFkvoqnPXWCiudFNVvFM6U6Sp1AzWTIoeooavDMrGbIzItUeHZUK9QqyHLyIrWcfuZCziUv72NTRV5FfQVtKph7OXMvZ+5z1XxKyb2UJSll7pNZEr+0pbQvFXtlHe2LxB53FdnMXeyn0X4aS5vNkmcrr1FeojzXW8dpyinKE5KLcpR5jSXfT7lXWkDZhVaboOQqc6Ax1NHKZKVYHXfl6JQvJoJX8vf7lbxaVQeaEmqGyxOWaMzLjH3ef4aSEWCZ1OwRaaRS3iAyhR4sf5wlOVZe4G4V/asRGQcmv6+rmtxh88e9IbuRRtQfYeQLmO8oeuM4s1PIX2RezFfPp/1+2r9EzWHG8ipsHKfkV5/N8eSbKZ8Ocjkqd9rUdFLDWQr3WFKLHX5NIf2vAo9G/PLAqlbGsJPuuE6m4zkJJ8sLe1Ev5rle3JN3QG682nW891rdcy1+hVdf/9or11255va74sZnxD8Znxm/M17M0a8qFmaLd3rDvHd5Wd71Qcmkp/YGJcOTmjLMcZy4M9AZLf8LwrnDKXI+4cxwPunMdO50ip27nBLnbmeWF/HSvQxvpDfJu83L8z7qTfc+5uV7t3sF3se9Qu8Or8iT/+3x7qvekcj9CO5F/iE18r/pLPfUp/rU6a+19r9yfeVaMFyxlEm4UsmXq+/xVuBa8GVvlZLl1Xo/Vkbwy9XT5avD8ssuRZFfdikZ8ssuZYR8T10v/YdBf1t2c4FyoALAjKkvIdR+doa+7K9g5VvE/z1Qq5gITfI1vfr+9RmJO5sC/s3APd3sXj4Pd2w+rwQWBbwaWB7wmn68LuBrgfqANwBNAd8O7Az4HmBfwA8CR3C/JfwkcDrQn6X+Yq9e/joC+x4uNp3+sa7pKXok4K4+UB9ClqVrkCPJx+jjISe9ka8+9Y289Fx9ek9e4IW9fGbgc5Y+Ry/r5Qv0hQFfDCwN+ApgVcBXA+sCvhHYEvCtwA59F/leYH+gP0T90R49wxO+PfmpwOZMcHxOv6S/FvCkYRgDhBlRIwNyEPlQYzjkqDfy7eXwY4w1JvTkBT65h3MGapQnT+VhSAt3WMIfgoxyLa9dL6TNasovcOV0TM9aqt7IdQReV/ST3T/jCuB+6m1yWXW9rE+S52Qljc+ZQ/jMLG9AtcubElqW6K3rZV3DmiyerU/Iioz1OK9qW2T1wVjE9bUt+leFc81IFXtD7T4uerNFVhZkHVB/XjR6mzwP623CoR8oUpcvPjyv38s3aq6jfFk02gbhsiYIeVKeq7XluBL/m/hXnsQdMcomz/CIvUNWrORtRutxkWalvGFlXa93SslFGmukNYyD0g7mTdIO0Niy/iLrxSma+Ey5RuoIjjqmjOVVf5/U0TwjdbSfkjqaZyQvM1vszWyphT1P6pgyW+povM5a38RVtpuEQ486pqyWOqY8LNK8S2oKn9dRviwaqSk8D6FkTaV27/gQc6kUS/RWnZRQ6mu6slaSMltqak+QmqZcI3VM0SDlupzN/8IwLriG1QX/06JQUfh/LIZ5e3FnPy6xP/Ez5f2JE4kTyq18Fqj1tmP+fwozv7wdqCUKEv/Ja+ISXBOny0pBH39/w5eR/4aSjFeKFHlXL+f/s2b3eCvhrwZXtuF/xb+hLMDdlaegj5Tqf1pd307Z/Kc2U8lSK2nT8z8mfsynNpX/kUWRK7LmAgP/YVDflt0QIAsYCYxRNG080ddGD+AfT1IMbepfQe5bxP89MB0oDPjMXn2K4qBXJqFl5yqLcS40orUv4S+pXFINYIAcqfJfsVuUFnRJizzbkuP5VpH9rn38Ow6cJDtND1v5dwJ3mRKekacrZQ3+WoFGoI1HzdBW4+840IT0wk8re6A9qpTxbzGwi2wFtP/D3vcA2FiljT/nnPeOMTHGe99773vPSP7OovGnSZKQGLaVhCREzUqSlWT9yueTpJK1dpIkaZKQlXySNCQkyUqyUslaS0myPslaP6sac7/ned733pm5c2fu0B3T/nmfOWeee/4+55znPOc55z3vOZuxdxBMhpX8fw3NFXC8mF3hcWRrGaMJRMaUBSyr8wkXp+hNktjkvDFi90d55WQ2r7Ee428ZZrBvH37PtFHRSVgmxcIxiNZq+BwcDNmDV8kpzFP8Lor00mqQJaa6eulM5PZZ9uuQab+BPN+D9dLezPl0Iw/AzchFc8o1Mo5/eUZVKNw8NIvQLEWzIm54IfPLNEY5fokwHjRJkd/rIu7RNKagrG2N0nA05CL3bIMjyN2NkKv7iUFohqA9XIwSY8V4MQmxKbRugr70a7zojnZ3BHbF/3NonYXXX4agyUQ7E2Emx8/kOFMicVPRTkXoLnphPqmYzxCcC0vObTicEKPgBNqZIku0xf8dRbboXpwq2OXQBbsiIDmNQbBKDIFVaKM/FOD/sfSLfbPRd7bIxr4ym3Pbj//70S/0JSp6wTj8PQ5tzJf/tyUbfSn/jjAQ4w5EG2nm/5rsuP0u3NeoZxUYLVB/uJy0LyOPcHdF4BGUNEJmqlt5LTGXVynpXK2dITpNrD/1bvFtiLSUfaoL2XR/Cc4AJnB4Ov0nk1ZS5PFQB3pHQu+nMXxnDt+YQ45BHWm4oveXcyl3xEcz/jfSrJiq3kzVWsZfZHq6Mz3LiR7PF5zvF26+3dm9GZaoBuWIvk4undi9NqZ8D+f1Aud1D+f1AuVFsxYO05olQAMcj5uIyTT7RAnwOkoA6vs3cN+nEVrY2wHHVjG60oyoUDice4oJaCajmVqB8LnIM7PKMXPj+P94oyL4/IhbqbLzDW/XQU8c+wZCDgyDkTCmAvwcPYIwbxsf8xv9X7OdQvsbPNcK+p7iO3q/6PC5KKT3oOIUr9mRtlMNMsU0V0N6E4Db/Sb+/aF9HCCYEcxAHrkFwLOx0oysULgtaLaj2YVmDyjPfjZhfyMqvIe+qqLTOMs0J+L4J8KchiT8n8R4QcQ9umwNkQOGodaxALWO/VAgtGiLsnAsr4/vEMdkimwiu8mhcrKcLzfIffJ7Zas2qq8ao2ao5Wq7OmokGxlGNkhjkDHEGG6MYhhrjDcmGVMYn26MQl/HpRfDFHSbacxhfJ7RC337cewshilufMInGahd8m8rAr04JcKGGBb6Yp7qdBicfBibok47cdWeMGAcbWQzlqH2ODSrtWFg6scyNl6tRV8sj8qLwB6130hm7KjKQ99eRj81MQxGJlLblrGOaiL6dsR8csJgdOfQhC9XOeyboTpH4ATHRQzjdEZfTEs1ikCOGoa+hI1RODYb9TBuUgROYEkzCUPaktAXSyiPhIHCGpmEqTbyiOu7LQxqHJa0HmPT5Db0TVb75TK5zEglG2NTaMK+l6gVG1JtlLky10gmG+OcVgWM7ZMo75ATTsjRcrQ6TbZcpgowLfo9Ro5G3y1ql+wj+6jtZMtctR/Tot99ZR/2HSZbo19rAjUSyzmN8cmyNfquUtdJv1or/QSqJ/LeSMaHSj/6LlALxBm1RJwhUK2ohgmT3cQZuu1IPSr2qjyxl0CZWMczCJNNxF70fVRNE+sicEYUoi9iMkWsQ99xaiJqNC5QWPQl/Bi9WVLjUIOJgByBVE9kfIeYhL7DUMOIAJdoHGMTUTsh3+wikC2ozIzPRA1Dqr4iowhkGpa5EeNjRQb6NhPJxeAklZmxfjgTkaouHC0CeQp7KxCGnHEU5er24iDyxTp0J0yjLXH+UQxIm5OTGS9AI2FGcSAtTg5lfD/QyvKYErAca3gZYxsrMKLwzCS0qsyZCWlO83hf2EP0nZhxknBXc/pGjsQRxaI1I7mId5kd5x0ftdi3Bq12eXJCvWlvFH/LlAMhDn8XhtxE36CqIxQGghTek4N6lPBMpK+yk66ltTMMQ5rNNEof3WmlqQmtk2AKC9n3FvZdxznSjr9f0y6npOlEc9JLCjWkpFXkjuF7cnjJ4ftTjqQbVatOu0iqXU11gvjzjNN63AbjIrJ51LQoPMatEf42LGmD+genQNrbl7QLCal6kFPOQJc5NO/yvML7ZfrTLh713xQGa+8pTu0+riv6hnkTlcsoMBph+M0c/jiloP7Ke81eozUyDEmnpc6gkOoxmrkZw4g2TA1b09jmhkGdz2hMJzgaN9AsEfGbCXfqnFbWjAKePdZjCv/EvgXka7zG1P6cz8NbR76eFlQPntO8h8iSg7nstbns7Gu8z3TSF2gt+CQ8/koNw9BJk8fd1vw11yHt/DrCsfL4u7g8XrWUHMZ5L5JFulGx+eebkBlsEmwKfVgX6cvzz2+DjbEd+gNUG15pRlYo3Cg0Y9GMRzMJVLUpbML+RlR4UW16OWZmHP9EmDngwf8exucVc1/Ev6PLdyXOQqfBItgAe+CkqIESr5MYiFIvVywRm8Q+cRplYTOZLW+T4+RMHJW2yM9RvlmqhbpODVETUNavUNvUIVVo2Die9kA+nWTMNVYZO4wjHump42nj6eUZ4XnUM8+zxrPLcww1vz2e/Z5DnqMIJzyn+T8D+hz0HPEc9+xEOOX5nv8zoM9hzzFPvgsnI1g++lBaeS4cjWCoKXh2e/Z5JrtwMILhvMezw/OJZ7gLWyPYcNJKPVs8PV1YHsF6os9izzJPaxdmRTAcKWmfvEe7sCiCafSZgeUGF2ZHMECfyZ6pxmEHPA3CmHEYfcYah4ztDniSw5iBI4UnxzPMWOmAZ2QYM1aiT3/PbajXMXj6hDFjDvp0N2YbE42Jnl5o+hHmAPp0NiYYQ42hnuvQtCfMAfTxG8dQc+ruqYOmAWEOoE+qRxutjFYeC00yYQ6gT5KRYvg9NQw/wlC2GVB/OYO6UoFRiJpJgdGdbAfQ56ixRB00TqiDaLci2wH02Wfkqq3GQbUVbT/ZDqDPDtQcl7twNILhSIlz6I1qlgNG3TCmUM4Yy9T4MBgri3D0mVdMV5xThKPPNNUtDMbEIhzH+kzjfpXpANZgBEcfswiwpBEcpDxTBEarIhzzac1vBffL/UY7eZT+O4A+GXIf6pCb5WYjC+Xu5jBganuxBy514XAEW4o+hzCNGS6ciGCoKaAuelze78LuCHa/m9ogFw5HsEFYnnxMr7MLEyNYZ9L+ZCecnzgwNII1QZ9cuUmmurA1gqWiz3i5VpxyQC4PYzhOkl52krXDZWhWOjojAfr0EXvERrFRLkIzhzAHkOox8jqxWCyW49BMJMwB9BkhW4jpYrocjWYoYQ5gailimBij0sQYhI1sM2CcAtFD9Fe0e6c/ptI/DOhzXBqiozwlOiJMZ5sBfT4XR0UjeVg0QhjDNgP67BIbRIoL3SJYCvpskHVohY1X2caHMQQpk2F3GLC2IjhI8T2sCwPWVgRHn8M4e3QBayuC4+g5VeyCqQ6IPWEMaM13VBFgbRX9+lHvQ9HQqvW7vHf89cIX0F5dpC3K34qrEV8hHkC94FJ6K6qSKYw6wPhIQWtT3VhjGknvAdVj5At3UnjUGlBTM9LZ5X3aAWxs47eZX5KLeFLWZB2H9E0fuXhy+E3iK4QbXVhjGsRxf+C4XViD+0HMIO3JoJOC2jG163n9fAzpa3I3h59IucvXSUeT33KYTnTvgmpHmhfSRidK7/OsorJQLpgOrTw/zafnr6dVO7mQtC35AevIuzluNXb/K9+ZUY3ekMpFpHOpZD7NYCTXSX36UgXragbVA+VlSNK8jItIF8Py1sdYP+N6/pZqVd1EdWjU5pqcRzUpC6lc8lsu0XLeK1+TSzGDaMBSrCJfolPVZ3rOMj0tWdOsw3T+ktzVVex+C9NZyHSOJDojGtyjcXa2CP42n9+deWpUmlEVCmeisdHURYM91NOMjYgKZ3halWPaxPFPhGkPHvzvYbxzxD26PA2gG+TAeJiFM8StcBAKhF+0Et3FUDER548rxXZxWILUOJPvKYfjbD5P5sud8qgyVF3VVvXBdpyi5qM8XKHyaY+G2oRj6w7G89Unai+vDNB6y3a1i1ZfGD+k1tLqi9qpJiPsVvtwpD7C+HF1ilP7XA1HWKcOq2OYGuGYlkKdCtPoybAfzSrGDqmNqien1pphN5r7GduH9NHqw1alGXag+YSxvZiD5hUPfmGNtIEaxhjRiDqV2objF4LaiWY+Y4vVMok6lVontxOoTWiyGFuklkrUqdRyuZJArUJjM7ZWzZCoU6nFcg6Bmot2IWPz1f30vkvNxNEQQc1B+xBj83C0RZ1KTcPREAFTGCq3MTZbdcYZu1STZXcCNRWNwViuSpPdeVxsRaAmoT2bsSkqVaJORasXvPYyEe2djD0q9/Hqy2h1vygQBWqCKJBDGBsh9wrUqVRHNVwcFAfVEHFQ5jE2Si4RqFOp9qqz2Cq2quvEVjmZsb4yV9DO0uViueqEpptYLofzrx5yrECdSrUVs1RHNJliluwpZiGWJQfS3E01E+NVKzT4X7YW49HeKTvhmCZVHZGjGqBJEzlSixy082WGQJ1KpaKUR1AW2ssY02IN7ZRVSfzOKlPV4DdXhJkyRaBOJQuFGYFxZCtDnBCkU52AM2GQp9kuUJJ21uK8dH8YRDbZOH6vw/84ZsPmMIhmZMt8sQBIp1oLS8Mg0siWG8VUIJ1qZdH6i8xle5acy6sv9xeDfWTLeXAE6KSTQcVgE9koXXfAoB83ygovzazdMXWWcSl/S8T3pcBJEAUzaD3E+aKoYDnN/Qu/4TE4i78uyqM1HLie1m2+y6XRpbAGrdiE3uCdSbfRXF40oBUb4aW1GgzTlb7aIV/nq6PQ1xzyag7zBKyifTN8jt4MWrE5O5i/znmV1mpwbOxFZ/rQ2Czr0MqMvIboxzQfoHxppHG+SZI9aa1G3kVrNejOX+2c3UIrEjTqY3muZfx5xumEpgwaazFdoO+NeH0mw1mToXEO88WaPPsOrTwA0PgnvLSacXYJ6RaFb1GY0O9oNeasSaWDoTQuikwKU9iRYoV68xdIQONuaAfVGJbrAf5WaSnVFeWO7k9xjpdTGck3lEdrLFjDlPJeTmcEjZ2hPH4HM5T2I0MWhYG65A5Z7J7F7+m30goMlp1onk4lFV2ZngXsMpvG/rN/J/phNq26YB2e4vALuQ7Hc50gV4TaUnjkkB5sH2Sq6hElaNPdHtT6tHMpjznoGTrHJ7L3phYOkLVNE6qblumDi8yAqaGmebFZH2qbDc1GGDLDzADbbG5eBkHzcvMKqGteabaF+ubVZntoaHY0r4HGtEsXfmZeb/aApmZP80a41OxjDoHmqCE8CB3th1BDuDl4JlgAdwcLtQdGsZ5wP79tnMj2DqaTdmj14lOG9kQoLXuX0MP2w9DHfsx+DG5i7aMvryKND57BHCb8VMsoqI+3Q2wT2KJXpJSeskrJpenzkymNhMAFooNatyO37jXcup24dYcxTcOZpntK1W0m4jZi80Ud4f+J8boE74Whg/PuyHl3cWvI2f/2JgDXYUakxiQsYllOdTXvJ1Zf5VOuYDFCPre3gPn/VLQLWMR1LlHD+GnWOtrBibxLckFwCfPJYfgcf5McsmHvv55sLllacZugt0XtEd8MWvT5j5ROjJSOquXWgnZjacQXiLq0b+Un1RN+YvK6RN2R9Fv3zyf9SpTBgCUIG2AN84Cjo/6zlcI5U1NBJnRHvJo9wh5rP4B94hHsEXTaqwfzuNe+z37cngp0wnPHiAE22Wi6Yx4dwYMzvbYIHdnOZrst+vVCu1/R3BHtfLa5tsQ34Rkh/r3G9ls0b+Pzfa4vJHyE6ESzNzoNAWk10abzO6lstMdd2U/bz9uLOJVULEcqzhJ0ZA4aDD3Mdh7bzsiV445c2eCPhPOZaabX9JvpZh2zgdnYzDLbmFeZ7cwOZifzF2Z38wazl9nbvMMcGqRTw2vwd3gjzJHmPeYoa4h1hzXUutO6yxpOK4rOvn7rPesw7+v/ALrxvv5ePAZ1htt4HuPsmn72HHPG1DHnEchXI81RoHx9fAMgiXf4p7o5Z3POn4LJOTfEnLdCc+5tVFqn5Bc6byw17QuNlHruOdf37eYT5gzzSXOm+ZQ525xjzucvHgPedO/F3rreS7z1vJ96d3v/5P2z94z3O+/33h+sdKuOdbF1iVXfamg1shpbGVYTq6nVzLrUalG8vaz/tiZYE60Z1kzrKesZa471lrXOWm9tsN62vrPOWiH/1f72/g7+jv5r/J392f4e/hv9vf19/P38t/gH+Af7b/eHAhAQARXwBKoFkgPVAymBGoGagdRArYAZfCf4x+DHwa+DR+LWz23QuVj9PHfuLVNm6thLfFdxHiNK5JF3znkkmXeZd2Hr32feB4Lzk5yfxfk15vzoLHGP9YA1zvova7z9ocvxOcXyff6c276m+bn5hXnQ/NI8bB41j3tf967yvuFd7V3jfTM+35XobfMSyvHK25X7+W7s52bwfezhDWP2swuRa3QPe+HfsIeVVTP9S/D9/HNujVjpFvWqkqm/mKDUy+9DCxLch2LXnKCvAaAbOKtuAAvpjZj5obkfcZQGxfud72HfAmjIva8r974b+Rs2Whny2TXsWrZpB2zbrmvXt1vYWfYVdhv7Kru93cm+1s62f25fZw+0b9UXcZ6Wm6ezY3xRhXNC2ryveFdyDZ1bnlS7PYrV7kvn3IbCvNccx7WSbuaaudhzZ5lPo+sz5jOgzGfNudij88wXUIK+aC6EFPNlcym2yDJzGdSiO5Qgzcw3V0PAetJ6EoLWLGs2aGuuNRcutp63XoC61hnrDNS3vrcKoIFVaBVCYx/4qkOG7yJfTWjlq+WrBZf7avuC0Np3ua8NdPD9w98Wrg2+HdwIjwQ3Bd+Fx4KfBffA48F9wUPwm4iM6llMRv3rl1nCkRI9dfE5l/ifoZzYLtbd1r0A3MpHsX2zi7Xyv36ZhdvGgnVMgN+fs6RshiWeaz5nzjMXmAvNV80V5uvmaizJbCzBC0jzD1aBVYj0Cp/h8/iq+ZKR6hq+mkh1bZ/p8/n8PtsXRLpb+67wtUGaNzGtOAPzKi/ynvdd7zacwRSntCdTuuScKTXMp82lWLvPl5v6EE795XNOPZXPGxkenuPwmSNjzLHm/eYD2O8FVLe/tb+zf7ALgyLoCVYLJgdTuJd1EuSLczSx2JHF55Tr3BJayHxzkfmSudj8vbnEfMV8wx3DDpvHzZPm381T5hkveId47/AO997tHeH9lfce7yjvr71jvf/Pe7/3Be9874vehd5F3pd4tHvLu87VYA54P/d+6WoxZ72F3hBqMmENpqnV0rrSamtdZbWzOrAWcxfy1ghrFGoxD7EOQxrMs9Zz1nzrRetVawXpML4UX2oJLcbRYcIazEj/Pf5R/nv9o/2/9j/on+Sf7H/cP9U/zZ+Lmk1Yo6kZ8AbSA3UCFwfqBuoHfhZoGWgVuCyQFbgicHWgSyA70DXQLfCLwI2BWwL9AwMCAwODA3cEfhUYGbgnMCpwH9Z6NRwjO2P7Z3v7Qpq3H47m9XG8/AT7127rK8jiUbMzj5pDefZ/cXEeEeOZR5b+p7UuSGtR3zlhf28X2KEgBFUwKVi9ZHu434aee3ukuDr7xaiv02lAdKcgrU4muX31LPXVyAqI5eZ4PjnV9DX3tfBd5suKIQVw/oJzlpsAfDf7bgHpG4DzFw/PX5JYQvhZJtHKS/YFz13waVlUcuf2l1fQTqZ1OTqZyU6za9PpS+gmzctsmjsb4XMqOS6tKqW6a1UGUnsr6pi0ri6t1dZGDAGO5GO92VnpKhHKvMq+gtcM6/D6FdV9FtJbB9pxeLppTtQm/khCigZgvDSkxomZYV7J+dzto7OgJPKilymyOUdndF9O8U1a3Uui0zDtXfbH9if2p+5ZXI2YrqKQysnDjUNfK+zCsFAq1VcjITyUKtbrJb56/J3lR2DYu+0/Izd/bn8NtWLk82qMfBTHBI7p4ZgXlcpzRaQkwjpSyve1Il9fuptrPW4dx38l1+OoSCjDaon99erAHawT0d0/tN43Myp0la2Ul6LRwNLaWIetmEsdKl+P8EZRfYa5IpmlKknT33ineZ/wzigjjVXlpDEItR5Hli90pfgBlt9/I9nN0plkc3HJ/BlL5i+iJHNLlMJ3u9L3WZS4r1tv8Cy/kKQu6ki7ff+L2lwNv+1v7m/nSuEbWe7e5v+VK3snsbR9wp/nf82/3/934nWUsVejPL0j8ELg94EVgdWBLwJ/DXwX+N6+vRR3vBGp09rmsOhTaH1X0dmvOA6+a2+237O3cGzi2DoQnuXmc634bZP/p9sBbp2zOGYM9ucW6+N8oyKs5t5aG9t6sF3T7mj35dzHlAq3JlY43/BS4d6Mmd5oprOZS2MjDrm2jJDoiq30KY6cZ2iVJkbMt8qgmVa1iQew/bn1vvOlcItge3AqLeKmokhj9N3FchNr3dpifcYxM+PGlBSTJVw4TkVodmK8Z+2OEWNdmaVMLl4/EUlaMvb6Mmu3GsY+4D2IOslZ5HiIjAtNIhy0IZKTB0OGw9F7CiclkliN3Np0ePbtcusyFbm4EXIw8q97ct9VURxcsmXKS805FWULgEtFs2JUbCyzjj3Yixp7W7s1TfEyi8V7J3Z7Mu3OOdAcN0a5N8WkFOcZPsq1I8okkkclZRHJumEs7e4LyzuUSySVSCbtZZl0CGVSIUshkkAkfUj2rPStipI/HVy5Myoib9b7d5HMYbkSXc5Y1EpzNNNaXs+JLvW75ZbaCEvbGC20uUyeNpCfv/T+YEEMumPFkm5uCrXZuoGBMfJ6r8y8qnH/2UP9B3vPjecU18Aegf2B+1w0nbFiSaqXcunccl7SLDqVP5TZ36OlRazylh27WnFZ4Za6LffTcNytMeKWzjM8WkhoEzd2dJ5O3PDZztn8RqRkHAlJMXTmD+3PceZw0D4I2j5kH4F0oAtN6sQ09VCbjT4PZBxMjHHm81qUM1tgO+yCPbAfDsFROAGnoQBpoBOwJPpujNhrEaRzCg9/T36hbOcLJHqzX3GbWmN25G4ZvkPGvZOEbyBx7xvhm0bc20Wcu0T4FhH3zhC+LcS9J4RvCHHuBnHuA3FvAil2+4dz70eJGz+cuz6c+z34Zg/nTg/nNg++uyNa43i/TOkdHXJbGeND6Z78QXkSx3wC++N3FY7lyFfp/dKKNWbFiuNwexL2mxTUHOui3jiwwrk5o5bw+iuaF4+PqsyxcXs5NSHMGTFG71gxikYHYcYaF2LFcWSgRCnyQ4XpCpe+cYXzGB4JH63lxc5huJvD5TF0rrJzCGuF0aX4sFyOKSp56zhxksLnKfuGB57nuPNjjr+x4oo441PsOMMjXBZdC7HDD2OqfDHrrZwc3HeUJSnaUYFSRLfmH8vjF84lmo9jxSjSaYW36znmUtbMYGeZpa8env1FTrx2auOkSEXfNF7HkThPvzD7tOg00I52sn0RdEE6U+HntNoEv7C9th+ut4P2xXCjfYldD/raDewG0M9uajeHW+yW9mUwyL7cbg2321fabeGXdjv7ariDzgqHO+3Odhe4y+5qd4O77V/YA+BXvLYwIVioU+BhXUN7IZfWwyIngj6I2v9D9lNg8+4wWt+yg32DNwf7BW8JDgjeGhwUHBwcErwjeGdwWPDu4Ijgr4Ijg6OCo4P3BccEHwiO47O9aQ3lFJwSaeDMuf9Th8lcd1RnVFdOHYHLYcShH/0b1BBxxRRwThN1uILepFVwTbeib+uDZ/VF5bZF6X2OBvM38jL3/OEwLtLzK4++8mgozhe7Ko0G0vVPgRC7jfZIT0aCee9aswvyHnFgM+bATObAFsyBrZgDr2UO7MYc2J05sAdzYE/mwD7MgbcwBw5gDhzIHHg7c+AQ5sChzIHDmAOHMweOYA4cyRw4ijnwIebAR5kDn/w36GPPogI8yzVz0cx3/yfKLHb/LyvmtrIYvibB+YXNBjSbi/3eVuz/zigTLvf8Ynhl1EFxU7wOdldhuStq9p0HLQcj+GwxWUxFyBWzxFyE+WKxWIZu89GsFGvEBrFZbENsvtiJ7rvZbx+6O/ejbQjfkCY2yBrSlLZYJgF918i6YcDwk2Uj2QztVrKNbC87i1x5Hd9u0YrvtsjBHCn2MDmSvtdGlzGYAmHj5ET5KPpNQ3wGYZj6QDkb8Ty5AH2XyOVin1wlx6H7WrkRXevK2Rg2T+YhncvQXoOpbRHfYw7fY5q5SGldpHe73IX4HjT7+fwZ/IX4LnGc7rUQK+VpjFVA91YgvUifbKNSxVRlyXEsx0vfWDuU7elQobtqodT9tHxeNNnr2OZTUMVusulsXMT5ZDw+Cw4k35rLX9eC5PeIYhGmv4d80XbSqcP4SsbvZ5v3nEh+/8rf2PKXtohLdt9JFDqp0ZfOGPca9n2UXUYyzjv46RwT5lhyX8g4f/dNZ3mgnUu2kcR2Gocx2eavmx166BQStPuyPYPyEkc5R6csndhezvYmto9y3ElEs1vqIUQt1Q/G4tqQ/G2X4r39qjXb/PUTfZscekPROmMWlSX0Nd84CnzuH8hPyZduWIUsuYR9q7H7fRzmAR5VR6C9iXe4NC9n5M42u5rdftT4XTl6QXMsR41KMKjxCbsS0qvLphmMgrFoxsMk1DHHI0yHmWjmwDx0X4S/6cyDmbAC8vl7ok3YC3fAJ3yC/udwGGMew3An0Z3OHDqDIQt5rzS/n466KZr7Mp1Kj3Zbtol7m/D377UcFz6FAOheL/SlXfRN2L2J685fs5xlDuQboSE0gu2xHLIfp7OZXSayzTswOH0I8XukUA+2+QuWwpNs12D7LXDWcBV04h0iSajFXGZehVpGc/sK0it5H4PfvWPqNvMO3s9guvdJ3WwPBCrLBCwlfbs4uRg+FXXSsW79TkebYCbWL+HzsIYdl6Vcww6+jmt5EtdzODzV9yS+r8BxOYl1HQ5fWExGvhqWlIVfOjslHHlGWjG6TA/Lv8J8PuPhH/RNXeGX/FU0S5rCfHmW3SegfRVp9IWDqD0xLoRlCeK9whKx8B9wIiwv0X1VWM4VFsi/cjrDKQV0L72TgG7UFaYF4TfKF0XeI0e/RVZIt7/EvoKPq3BHQUUojt6rQRxYcq+GgEDpN+hFaynhW1Sj3kWShLfdND+llGo/TLs+an9dO4Rzoq7BGyAYXB1cDQ0iu721awB2xwkvMZxVrH0+i5s+jQF1eI9NHY6xJ24Oddw4wo3xpzgxFKftxHGo2huXqiZQtF/hz2WEwzS0XapG93HagznOjtqHMU77YDbGyQ/mu2kXD/0XDp1TwdD7OfQvywldsrUOxKWlZPjP41JTMvwXceiJ5oaDceiJDv9lHHqiwx+KWz/R3PZV3BqKjnE4bh1Fx/g6bi1Fc/SRuPUUHeOvcWsqOsbROFSV7jX/G4eq0jGOxaGqdIxv4ragzRJRoanr7uI7HrcNS8f5Nm4rlo5zIm471nVjyUicv8VtydJxTsZty9Jx/h63NetGYoV3P56K256l4/z/uC1aOs7pOLQZbh07sRw++Ecc2mLFOROHtlhxviuXNil2YSyQTVQdCEJ1iPmEVoT+yHpm+PeOEr7sXtjh7BLUOR8o7k4+ocdLhiv+K7SjeCz2H1oi46Gl8irxqwyXto4p6VKSnlKxro5Ohb8oL/n0YjurhFtWKZr5KeyA+jKcPVM2lcVivVPC/aGo1Mt7SudOp5w11em6jr5E19cNdCPdWGfoTN1CZ+nL9ZW6rW6n2+sO+hrdRWfrbvo63V1fr3voG3RPfaPupXvrPvomPUDfqm/XOXqIvlPfrUdq2pnaBFNNR32gjkbJj6lfAgpzqI92A90ADMypEXgwt8aQhDlmQDXMNRPtFroFumfpLAxzub4ckpGKK6E6UtIWfdvpdpCCFLWHi5CqDhjyGn0N1EDqukBNpDAbUpHKblALKb0O80JqIQ3p7YH4DfoGqI109wQTab8RXXrpXuDFMvTGdProPuhyk74JLCzPAAx5q74VfFiu29E9R+eAH8s3BCm5U9+JvnfruyGAZR2JvqOwxDaWOVndrG7GMhM1kqlRuqvuiiUhmjx6kB6EpR2sB2NJxulxkAyy+SnqTy1Gt1oAA6BznPa7oE9oc+hYBF+N5is0B9zfH4Rept+I7QntiYSamsDsh8LQ0FehbTjvhNBahGMIH4UWOFSFtqHZj3l/hCH2h/a7+W/D3x+FVvHu4QTRgKm+59Kwy81ll1Pi0AfurwNIx4FwlNAGqhH0a5MYEkI7HFkQOp2Y9H4EJbtCh90yox3Kobbn8o6NhPgggm3GWjlA/ylewij4KvREaDH+fzO0nGlIQT5cz9x4qZMrmodDHzF+AOX3wtB6/L8C6ju8mgAKSsvlijzpicm96HH7HvVILG3oHtd1f2iBGyBRPaA8GnJCE3msX8H1HsBWWMtcEhmFsP4dfjkQ+i32n/VOCyUs/7z4YS7Eg739YJUSQDLqI+6Le6K9IvxQyc959otEUuBoayuYB2m8eJn0OBwRVuD/9aFhkXCbucccw1ZbgCbflRofJZCSSaFctBeTpELNLoRts5ZpaBYJke/KqK+QmrWJ7BNAGt3QSG2gzXyRh31zNXMJ9xniFqqXCD0LmZbV0CUxJGC9ty3Xv5zaLs3D50nDiNCIEr+/crQYxg9EKOhVRuwE8kOxVI/FD1M5D46K4X5B3J+N7b+W3QdEQhTN1v6IoXYnXr4irxNPrk9squeQf0XKE2NulkAKoniy6h7SpquOH8M6bQVD965ESu7h8WGFIw0L/45S8DOWha0iIYr6xVaUo7Su8VLCch9RWk6GIvN5p4fic2+i8iuDih1hfbKqnh/TLxLVGvHGrH+eJzSa7VGR38X6WkX6XSJ0udB8tvtFue4pjcV84q1jxc+fpNtsRlsWcz3IObdhudcFx36r3DQSUQ8b2b7hPKP/6Hrg3NfGD1PpNGxMRCqJeEKVLE3j5L6T7VFxglUuDW//KBoSww/RM+Zye2LlPG7frNK2gHpMQ4LWCs/vcVZPz1tGJYaGjWxXad90ntCV5xkxIf2i3OcC9RG3LSp1JhSXhtFs94/8LjZTSdQKQVwaJpXjF3/mlBg5ubMMj5QKRU8MT9ZLSCo/6nH1yedi+sV/M1L5fbNi7fHjH3pLX9XjxUa2e5xn9MT0i9FRv6vi7Vg9zvl8x4sEPlWsw7RiGj6O/D4n7kzMmwOXJ8+3LX7kWBcaG1rL6+ybca6VGtoROhZaGFqB88zNoYPEmTxatISW6J6wd6FlPPWYnv+q5FwqQsP4qiTBHS/Od6258seLCjyJe6cWah1BW5YTrJIety1Gx/S7QGN3mXrUBXxcGbWsSmlYwfa+qqTBeRyuqNrnvHWYxOQ+v+ppqOjjvi3cH/rSGeer4s2R856cdxVV2Y4ol4bd4Vnoha8H3kUzN/Sp++sPVbnzIrQK3B2BVcIPDk/uuHArAjFo4HKHlkSwqqgHJ+ddVfc+l/OvlB0T55B/+A1ms3KDVTYVvK4deq/kCndoRBXvVRv8E9h7MO5c3/tXzhPrnfsFfiRYeoJ+CEA/rB8BQz+mp0E1PV3/DmrqJ/RMqKVn6WfBq5/T8yCo5+sX4WK9SO+AS/RH+jPorvfqvdBbf6UPQx/9jf4G+uoT+iTcnK7SDeifXjO9JgxMD6QH4Nb0+un1YVB6w/SGMDi9SXoTuA3zHox5TwChH9QPgtQT9URQ+iGkxkBqHgaPnqwnQ5J+BCmrhpQ9Bsl6ip4C1fXj+nFI0VP1VLhI/0b/BmroaUh3TaR7OqTq3yH1tZD6JyBNz9AzoLZ+Uj8Jpp6J5fFieWZhyKf101jy2Xo2+PQz+hnw6zl6DgT0s1haG0v7HJY2T+eB1s/r5yFdz8Py18Hyz8fyv4i1UBdrYRHWwkv6JainF+vFUF//Xv8eGuglegk01C/rl6GRXqqXQmP9in4FMvQyvQx+pv9H/w800cv1cmiqX9WvQjO9Qq+AS/Vr+jXI1Cv1SmiuX9evQwu9Sq+ClvoN/Qa00vk6Hy7Tq/VqyNJr9BpM+U39Jlyu1+q10Fq/pd+CK/Q6vQ7a6PV6PVypN+gN0Fa/rd+Gq/RGvRHa6Xf0O3C13qQ3QXv9rn4XOujNejN01O/p9+AavUVvgU76D3orXKvf1+9DZ71Nb4Mu+gP9AWTr7Xo75vih/hC66h3Y9t2w7T+Cn+tdehdcpz/WH8Mv9Cf6E+SGT/WncL3erXdDD/0Z8scNzB89kT++ghv1YeSSXswlvZFLTiDH/E3/DW7SJ5Fj+jLHXMscczNzTD/mmFuYY/ozx9REjuntfNWg+qv+yDHEPYq5x2Du8TD3JOlJehJyDPFQMvNQdeahFP2ofhQ5hjipBnNSTeaeVOaeWvq3+rfIMcRDtZl7TOYeL3OPpZ/STyGvEPf4mW8CzDc2c0yQOUYzx4R55QX9AvIKcUxd5phL9EK9EHmF+KY+800D5piGzCWNmEsaM5dkMJf8jLmkCXNJQ+aSpswlGcwlzZhLGjJ/NGX+uJT5I5P5ozlzRhPmjBbMGRnMGU2RM95GnHiiJfNEK+aJy5gnspgbWjA3XIrc8AfksK3IE62ZJxoyT2QwTzRlnriCeSKDeaINc0NT5oYM5oYrue3b6r/ovyAXHtQHkQu/1l8jFx7RR5ALiQM6MAd01Kf0KeTCs/osdEpPSU+Ba4G+1G/AZ2LR2aUqrUva9QBpPdN6QvW029NuB7qnIM1T3VMdXXPSckCkDUm7E2TaXWkjICltZNo9kJJ2b9p9UCPt/9j7Drgqjq7vmd2lCAjXW2AvgiAgoAIuTbBhQ+yCiIi90EWKiIodURE7GlTs2Lui2GJFUUPUqEFFo7FjR1Q0duCdOXuBG0NsT0ye5/vC/vbP7JnZs1POOXPOLOwMkQxBBpKhkhFIIhklGYUUkjGScchQMl6SiJSSiZKJqLokSZKMTCQzJPOQmWShZBWqLVkjOYxckC4xkBLEqJ30Gn9wMqrfPvAFF9X3W8SvtzA16Jdayr7TovpKC/1GSwgziImF77HUZyYyU5kUFX0efIllHbOF2QFfYDlOv63CXFJ9V+Up81L8jgqrz8pZY9actWbtWCfWnfVgPdl2rA/rz/ZiB7BhbBQbx45kE9gkNolwqE/umM7OYdPYpewqdgObwe5i91eCIrcjbA57mj3PXia0G+xdtoAtYl+zJRzHtuN0OAlnyJlwFvg+u4uz5Rw4F64h14zzUrVXvdXqbQfkOnC+XIDYD1wfLogbKLaa1Mufi+GGcaO5RBVd7AdALpmbyaWq+kStZ7iFTAopKyJwVu8ZZi/hmM6t4TZx21U984c+4fZwB7mjqp4BFCkqPMGd5fJUPWbMPOTE78sgYn1gPyhmEkVcCukLgJ5AOQjplYDwX+p4OqTh/6DxFED4khlzGNIPAYOA8gSwD1AuAS4FrEoRTYb0dcAAoORAfTDcFQOYB9gKyhwCHAwlgynCW0zMdAD6PkBXoFSH9FTAZsBTC+jDgPIU0s8A+wHlMnDbQ7GEriLh4mVAvwnoA088AeXfA0YA/Q6k0wCBPx4P6SpQvhh4is/aBVgLygBn1AlyW8ATxToPhNxfALtAnaEH2F6ATaAM1I2xBooupEdC+ReQngbpt4BxUKY/0M8CtgPKY0gfhzSMOCPeGwV4C7AzcDgJZVpD+gaklwDqQZkkipwzUJYDSoAOfc7kA0Ir8E+Q/g0QpAJfg7QmpIdCb4CcYAOgw1gwbYGSDTgBygyHHoNeYsQRYSAtyqc9lFwLNYERZ7YC1gYKyC0Do4PfAfoBBz34j/54+PoJQ6xy67/FDtN6b4LTp9KvYJ+q+A42ZrA21sdybIzNsTW2w07YHXtgT9xOdcixD/bHvfAAdAmHkVQUGfkdwJHyzMIj0XGcgE7hJDyd/M5H+XgO4U244zRyjATuS/Eqwp3y3oAzCHcPghl4F3nK/jIbwcHYsKcBFwPKAEU5uw/9Ox8Q9JwFKWTPVGgsCzrMwshxwJN9WKF14qizICXs7AotYrdWaAsbSFFjAKRBb7n6gBxQJkK6B6AO4FigX4H0PMCFQLkKWAhPAXvHmgGeq5A2lW6AHWF3A4KV4RoAgu6xQSoZol/NGIZG0//ulnT4WySIjso6kJ7/7kMlPaWu/wU9VaFnx1XaRn9TjTtOdO7473WO5lG9g9L0eIqN4S6xfBbJIfywOdqLrcmVHdEylWYSXXOH79UT3rgd0UofMn+IX7anvP3LeesTraWnnPC6VNZTaCMg2DS0HhDmNTQIEKw3/Jc6RhugZ0XbCDqEwPrBV5wwaSvFs4AwiyGY+1AkYDrgasADgDbADWw16gso2t6ukAZ5R5mAblBSTMPsD3/1WDa6DtDndHQJRRJIRjOMjOVQyTDJEslSyUoyKusk8KU3ZE7uMEfWyI6c1siJpOlO8Z7kdCrvDdA5BHMragoI+i3OqvDX+xhNUj2d7uA+EiWTNCupJWksaf63yBfxfKh/QE7qJ/jgNrgT9sM9cD8cggfhWByPx+KJeCpOIWdZeh5eXH69Aq/DW/AOoO/FWUA/jk/hXHwJX8P5+CF+il/i9wzDaDP6jBzKkfsYY8acsWbs4Fr9JPcwTox7+bPU+dP76D1l9SurY1k9y+4hJ+PBeNK6MO0YH1pfuC4rU1ZvFW/Gn+lFT6h/Wd1V9Ya6f1jvD09SJ6gX4aWmB0WAhaANRYCFoBNFgIWgGUWAhaAfRYCFoCVFgDQdCunDKiwEvSkCLATtKQIsBB0qAiwETSoCLAR9KgIsBK0qAiwE3SoCLAQNKwIsBD0rAiwEbSsCLASdKwIsBM0rAiwE/SsCpOnTNE10rhC0rQiwELStCLDwDz4LkfT/Np+FWMBKvBZiCT1Uhz74Lyq/hXgt4LMQT2Uv8VCywFOZQ3wT4pUQq5oGPssG9BBnEBu8ixxxwH0/PoJzyj2isuM0Po8vl8kQAzEC4wJ2DHwKDP4CBu+XqVthUTHsiSZ6laJ3jcHrFn11LHqz/oDNgGIHafBRGSOgvAKEmAKvA7wBuWLEBFaXOQVp0b8Vowl4ihg3MWIU0BCwAFCMqu4CeqpakQutyIVWEGQcVW3JLbfVIP0YbCMOVrWCllRCSegZ/EZVW0rvpmo75fBaZUuphAmwD6EoYR+z5ZSlFZyftOcYZiVV3WC2wkcAXeDpFyH9uBJfwfkf8xX+f5Dv2/9j8p1bqXzzXyDf6p6K81/hqWDwhzBE0eJOx1hcDXGG58IqBi5QPZ3ujNEOPBUDibXERmIrqSOpK6kncZS4SBpJPCRNJS0kvSS9JdM/WjMakQV89fnpFm0GDANMBxRXWOyhRWchfVfNXpTNSF0kPf/bZqTPj6IJFfSVaKt6FJ1ANDWJ6D3V3CTQ2DRVFL2UHAnAvV15FO1O4mhqBzZAPO2Jd5VrLES8DPj1DKxnYDEKFVeSRI87FvBnoIjrcODpk1icps0hLZaHyJY5BmMAK2p4J1BgbBiIGBhY5xBXZZC4hucBKEbpYCPYakCBdTgGfH8WdJUDOtsd6LCCxUIkz4FGsbByw4jR+49qmi/q4RagQN3ElUIGvoTKytV0vun/c9Kjkh0iL+rSk0SkZzqRHmr1p4P0LFVJzypyJAF3Kill0rMLpIfOBfvJU46USY9qPbAe9B2sLjLi6gusSbDiihlYOEak9AQUUMWcAJaJGQd0WBtk21dID9MIKOI8UAQIK7fiyp5Keo4CBTwitiMgrPqwwRVyzIKd4IDCglSxjQEhtmVhJuFGQBrW4liQSNYbOPQDTACKOLOBpDLgOYhrwixIGCuu5QxS04F/JelzJQnGgBV1GtbNGHEkxLXmsxVSwmQBBdaFxXUwUZJYWG9lYf1aXP1jc9UkCbw61TrbCDVJml8hSaLkceBRsL6Qhu8ksgUV48oBfw7sBxcCdLCR7EugwPoeBxLDJQId5IAV3xncg7RWhUSKksQOV5Mk8H+4mpB+DthBJUn0m7zT4ev7ehIrSW2Jg8RVUl/iJnGXNJA0lDT526SLrraf/6Lzf0cKRZkwhfF4BAhru+I8yMI6k+hhiF6gaOFYkBIMtopJBVxfYT9EW1gK0qBa+wfPkrkBd8EKL1MCYyzOU9tBApqjcusorvyy8O6CgfKsyB/eerGwQsbWARTl5k6F9LMPAMF7Vr2xgZVrJh4oFlAHsJoMvAMR53EW3oSwyYCwvsVkqtmzsjjMXtLsE9L4+ziMendOxK+zBs/OjnicPuV+iOjTi3MFvP3D4hsYWAtkZkJafC8nRgjfuD6sJSBX0UuiPRL9CtHSqyQE5hAxhvl29eEEQPB/OJhvOe0Ky8KJb5mg91jwf9hTqvrQiCINvjwt/cCzd5I4g3ff+Hf+/d9hQWiEVvCXnH9hZExshcq+kMg4jkTGI6mXXREbEwszByzLKhIZbyCl6RupKOC+C2LjDyPjHHxa/K4/Kp9bWNHvFO09fPNZfH8q+rsqW6APFIibVW82Yc4R34az8NZI5b2AzInx7u98MJjlmIsVmiO+XWVE7RLf5IKVUc2lGYDizClKUvUKC8KIFiSmwsqQ+udC/XOh/gRZI1Urcst8NtKWIpKG+Jhpr6o/LQnvcFXe9nVVPXPLbBMLcfYHKy1/zxvQ/7H3VyX0PSZD5EMDHS4ZKR6l/uTY+4njc8rQ4/Q/dAz894Djc8bhwzH7p+tcdvzV47+4kuODssRGVKs2q1oKQtJgaQRipJHSeNhftQVSyDxlfqilzF/mj/zkx+TnUVd5nvwOClb4KHzRUIWfojuKV4QqQtFYRbgiAo1TjFesR4n8Xv4k2qjMVGaiA8oc5Y/ooPKy8jLs+m1OtA6hxiiI7qWI1H/ewv48etJQaZg0AnbsHSodRp7TmXAeSHgzSJPmIUxyIwgOprva0jII01IEaQ2I1ePpnrn070no3/JwKB1lkLQF+mt+7pK6v0XTydxnhy2wBdT6LnqLw8jvxiTGeCse2K4sVX7cBaR7iDFSa6kbbT/sC4OlbuSK1rcv6f9gxElDpOFIQzpCOoq0eKY0BWlJf5KeIT1zXXoTVaV7tiBtumMLMpR1kwUgpWyALBAZyybIJiIj2RTZVMTLFskWo+qyZbJ0ZCLbKNuEGFmmbAdiZSdlJ8nIXpBdQDqy57LnJP1a9hrpyLXkWkhfXl1eHRnIe8p7omryAfIBSCofLh+OZPJR8lFILp8sn4wU8hQ5qY98o3wjMpVvlW8luE++D+nKD8kPETwmP45qyO/L7yMzeYH8McE38jekfLG8BGkpGigakFHyVXRF5iAzGooIMmIaisGKwUiuyFPkkTKPFI8IvlK8QlqGeoZ6BBsaNibobehNsLthd4K9DfsQXGy4mOA2w20EDxgeIJhrmEuw1LAUGRjZGNkgiZG3kTfBRUaLkIbRMqNlSMtordFagllGWQRzjHII3jQivcrv4/chcz6bz0bG/DH+GOL5n4gc1eTP8mdJbi6fS+jn+fOEnsfnIRP+En8Jsfxl/jIp8yv/KzLgr/JXkYS/wd8glHw+H8n5u/xdZMo/5h+jmspOyk5IU+mj9EFKpa/SFxkp/ZR+qIrSX+lPMEAZgPSVvZS9UDVlH2UfpFD2U/ZDZspQZSi5K1wZTspEKCMIRiojScnBysGk5BDlEFJyqHIoMvs20o551JhIsijtfuSwIwdPTlHaD1I5/5ODlrIDjf5X2v+V9r9e2rNA2l/gAIKGXybVxWzx8RKPEtfidcXrSnaVZpR2KN1bzJa0KXlfytCvG5IZck6pFflN4qT3y4oHFF8u/rnEk5T1JSU1S/3fnyrOL0krWVpyHr5g71CSVSopnV7BtySG5P+BL31yOV8GaRPpDyEzbpiUzL/SQdIYogOx0jikIx1GZt+qMKNJiNwMQlIyokth1wQJaAxDNCYEseROOheGk/tZcv8gko6URpF0tDSalIkhHFnCkc6RQwhflvAlM6V0OOHOqubLUEUYSYeTZ2B4BtVKU4W9woHkOSqcCPU7o3lIj3/CPyGm4Bn/DGnxz/nnSJv/jf8N6fCv+FeoCv+Gf4MY/h3/jpQp5ouRBl/Cl5BxxEoGYaWGUgPpKrWU2ohT6ih1EKvUVeoiHWVVZVUkUxooDZBUKVFKycjKlDJUValQKgjdSGmEJEpeyZNxr640IRQzpRmSK2sqLZCB0kppRaSilrIWUpAa+4AkRJFYlkPafxxt8HiOkl6n/mCB+P3K0n4wcnF01MR8KEnzMapKR4b0LulZ0q+kT4kHEqqIID20mDxN53PGgNwh9m8oSVOtx3A37d+q0KcY2s9C+xlovxa0n4X2s9B+DtqvAe1nof2a0H4G2s9A+7U+o/0OIHUO5Iij7S9ZARJL2w9SK+ZDybj/yfaLHqU1cvjQo8RhdPc/crCqkz6fpW0j9RxI6inWEH+MB+nXqD/wYMh8EYiwPFQeChQi27ArLMM/UdL/A5KQa0ppTw5K5/gSqg1KvjzvItpKjouV5gWRmbXxB/fRZzCwu6Emr8Vb8lZ8Ld6atxHp0Mo/0nHpCCTuV74DIX43/z2qKdLxMkI3/Jv206b7uHvw4/g5qCvsZBgOOxlGwZ7udLdaYhFQe9hpU/G5u6Iqi8V2l3h8zV2w5+eX32X2VXfN+Iq78FfdxcCupF/ehyv+vrtKe37xXUQ6SmfAjq1ffB8aUrqT3ve5e+jCzrz0vnmwp+uX3Uf7JOarWrfzK1r3tZLFEHv0NaP95S37Oj0Tez+D3g+73XaX9oBdbn34ziqedJ9djvDrSUbGV9WDZmAHxChDrC/d7VTc45RyDIKalF/jPsXPf3e9vvhw+bU2/E+KWi7xDSaocaeUnh9SiL/nqcaBEecCaXXeCIl7+mK0GNG/GtEkdra1tDdflffg6Z7YHiTemS1dKV1DYp0b0pvSZ9Ii6XMa38hCZJGyKNlgGt/IZslSSDyzT7Zflie7KLssuyG7KcuXvZGVkEhlHIlKMmm8odBXGCi2K3aQuOKR4hWJJXhDexJLNKHRg2GEYZThTMNZJIbYRmKHXMNrhs/5voi+p0qr9PRAE//Bg67S0r2E47m9//bf1/cfttOQ/9t//4H85UD/UYtwtJK+o/TFldCphQiGvcEry+n3pzkYcthymjhu1qhZJeXBhyWeK+1Bi0pPFukjuWqn3Xn0L8Y0NtC/yqQaxeRreJXzt0CNK+GPiYdMedeo9KT1LePrqaFTzssKeVTCi0QKqpqaV3oyqjdW6vXM15j+yR6IkcYqwr6uB1g9tR74T/jTQ8WfywBrpQ3/i1jpCGO/0kt/kjMcdoWvLOcUeFqV5DABpZJKcv68TSQW54/w9F0mbZNnpacGjAVPxpjEV+S0Uu0SyxAajU+k5KDjpVfeqwEa8f/AU000bFUzbWXSS+nxf0Lf8Sf0yZXT6e70lWp+RqV9X0hGX4elbzZq/U3RFcNrkuhKm9dFLUk99FFr6i+htryMN0TtSfhsirx5M94c+fEWvAXy52vz9qgbX493RL14Z94F9eXdeHfUn2/IN0KBpB1NUTDfgm+JQvlWvBcK59vy3VEExG2jSdymg8Yb6xnL0EzSQo7HPBkPEt8lkzGexn+HLCGmsyMjhJj9qvMIOXNUv/+q87Tq93k12mW19I2/8Fl3yVmgdl2k9vv1B2dZW3PU0t+i3eqnertL/sF2f+ZJ/yboS+vC6pSnBeLF7CfHEZSDTqPz6DLBG+gu0ApQEXpNsAS9xhzWwRJsiE3IYYFtSYqeDtgFN8TNsBfuQA4HcvgCOuAA3AcH4YE4BizM23IPAMHbOgT+PEJ0TnIS6diboAFNlz5DWwEpXa66KxFQ/CLDQSifQsvg+xQZYjtK7+E0gqfFNOBpxgHoJyA9luBVZg5FVUmaPo3fA7c0yO0AlBNAuQ9lOgA3Opcgyo3gHECgsD2g5ETqt+AQ6t9oatH/lmPgv8JZOZSENFMIeBYwHywb7YE4TOf+Op8b0X1u/KwsJhG0uE71PUJKW2VtMpPQv5V5/9ec9J9IsPZfzw/rw2mLBpIjBv7iZiAZ+YEomdjHVLQQpaM1aBM516DtaA+Rg6PoBMGzKI9IRh66he6T+eIF+U2Pt+gWcbs0sR4WZzkqU1dBvu6pZIpKpUFpAEFlSQpNA1oCylXpI1BmKpQ5BWVOAR3SpalQkqblpQJQKCoB5SUvoDxFBE9BUB6V0sgWqejgp5WEAdpRbSiGv6kBnqh0AKCA/hgTw/X70WrXGm/mFy+EndPvVSslo95K2REplbuVu4lnBTNsyU9/mkvufnviq+/+JO93xR/hrYe03lkXX/5ICdq2/OKUP9kVHvJfJXwif/tH8mn9c75JLm27ycdr9nrPJ/Iffjz/vd8n8nX+s/ySnE/kj/wP83OYmI/Wr98n8ud8JP/bjez/Yu63lUb6g+Ggv5Ep/bto1a4xpvOFRNPvNKvUSWqT9Koq1mLSE00nElICg7GjrlBFU6OuPssYayChv6ZOXU3ibCS6MZhL7yJ0FuzUKCYraiSYwKucxsgbDUBDUDQahIJRHDk96CHUVGPGyVeyYzZe8Nvh/87s0LxGW9cGdva3GpOeyHcVErlsIZHdmM4ymGFk9Bs9x+MT6uOhxuGxUOHjQtXy2mINUq/hUE22K6cpY7p2cZQJ1eiFtkynW/8hYeFRoXHRUY4SQZ8StWRavsFBkdFRQY41BBNK0ZEpOoYHxkYPiQ6JM28ZHRsTHds/LpzcUVMwo/msjK/I9wuPDLbvEtc/Msbcp2VzoYZRVcf6QgPBzdHN1d3VuQe5dFe7FMZnfpOaVRV0ab6ujOvo7ePraCPUEi9rRLUMjwkLjjX37NLKvFWXTg29XJ3c7Z3d3Nzs3Zu71XesJViKLTKptEVdgmOHhQcGC4nYQr2HsQZiE7EBInQdJhFjtFnXsvq6E8m28vq3s8N6a060Hdp8snTd4vUuTL/lm7126VTdtPpcVa9W97cuNXk+pE9p9PtdafZzX1a3TH7ZOfPeom7+xR1PrnD9/k7/k6Fyxsjz9RRF63R7nVlo68nJWe2CfnQ/eHN63YfZSc676mYZZ7yxWagpxLhf3y87mnCmXb+0wbdvZkfvTmnY+pZEd2Nscq+xVi318zasremSfHnT8JQ7Nw1Gf2eUZDlDee6HwcdXv8zwsVvW41SPDPxDauJR/E7BBBdEHTRC9pM1Zk/tM8NtepVlB0NuREVeuJHe7sq11KUjx/xiGJKF69Tztnnb487rZ6aP9LmXEa1qyMdkBc27cvb7Uq/TAw8NMWNYokcrE3EV0iMaginpUlN9zpCTnz/00ikj2dHgrjL1mcchx7c9GYMqIEOmlhwvGCbILV1e/+LrFaPzuNm7Ye8y62Zku2YaCH60gBnXUWgvtE1vnd4qqWVYXFxMw3r1AmMHOUSWjZNDYHRkvZiIcEqtFxMbHTQ0MG5IvfJhpKMIg0ik0oEUEQI0tYliamhoYcx1ENoJbcquBSapseoBw4cPr+wBwbEf4RwnyGh9a3F6gk4ZS1b7A4VkqZSk9US/PlnZZlq+T4PQVKus6FkHm11vsMau4xS7dd09nHQGnnrfy4hLE7xzS/VWTLpW6wjXUPtVp3yceS2qZXCnG00cWsXUHprrHe5tGJ95epTHE+Wmjtu2DHXytdKYn3KpzeX7nu9S+ht27/PTtrpd5y7z7XU4S7DRKszrYDMiM/tVO9eqyo4rHY/9es7YYoZNFZdmbqeXtjGZOnRqyyWXavvtWOc2SL40J37QbuWGyfEr3YIO4jkFV5uN61tN4peq0ePyuEzb9tKlLonT6tn2c5M8CzU+nzjkynWnd9edV95u5lpzv1tPp7Dok5fq3sf9A2fPT7778GkGs/XNq17vr4/Pdhm7o/PV6mYFvgVvhURNTMzYAzUzdvTBlNcjx/s8KAUzdlS913SJGRv7TYyFrWAtKr2Zen5QsHmX8NAowpUaMnMnwdERrJmb4O7o6CSQw0W0ZhWXQtw3qZ8qn/2T/E9ao+Spe6yytWYtTBiheG/d731sst3bFyvnJ8/z2r3yZN8p9Ro6O9SYHf929HqzRLxz5Enj/ewJr0fHFrx6x5kWTdIptYhaXhTa5JgNf8fW7DcutXlgwe29iumPZQtdr7nH+EU3KtjcqorQ9vDBWcICvZPDfnw1ZK7h8J+n7Uv9QXuS+eMa61yfDT5yIw61n5r76+xHefElM95u7pfc5MD3ZlsGzD90bOK2lC15W+ue83vnevmnwXPu1igtGBxxcpz2sLgbks5tzj9DOW06rNRyvdO9avHoxTl3e9ye9FveQgOzmWvyJxodzjuxzBT/UNxmrWyO8/yabZxeH7FagbYf7HJiQlTtnuOfuEclPN9XINN9VGaNEkiPjBbNTS1qbspn5g7auFxTWTVzdTJvwMQz/Ro8LA090is3Z9/G3dmyNMGXZlfjiC1a1Vpo9eFM4yI40UsNWV0nZ0FwdKob6C64DHAN7m/v0mCAi72Lk7O7vbtzfSf7IHdXx5D+Tk6uLiGBvzOBbaKC7vhonEvcYOTmZrEzct2JoczcPzeBlVqo6JghYAWJuBA5JlJMBJjKb18K9oKbveAOJrC/mgnsKhBvRc0EtvrkA8qs4EceESfo0YrLMC7lGAF9oM5sIoORpqHZlW5HfHIsvVd0jr/4+HXxTwcuZD17U93/cZec8NYaF46eLLj1fkHPuX2rudtmabSS3Vg4Inl/yMYr+x4xXS13N7GMbx655fUz1CN1wVSTU1Xmnl1o4imsX234w97WPX+r6zJt2awAt+xOJlstTkh+upQoWe/6dItFziyrNeOnXbcxyQ8xneLhUNqN7Xg4akK606MdmfV8/HtrblNMzzEN3D1E73beSGuDOvNarXWa4DHPo1vb4ZZTSrZJfph6R1vR+VjdHo49Gwyct25VcsQ82+hnR7c8PNDK6NSATuN3+hm3npm2OjIryub4axuznMfm63W3PTutuzD11sAl4ROW178YaV4y6UJp9p759auUNJEfTpOvz0o69STx8MauVi35nW0mxSedfZO7pKnyF/mUezOWhVklhzVa/0NCJ+t72jU7BBYv/k7R0Xmnfz/vi+2+d59Z6nB1W99VLSN+jD+zbV/ErAmDJsdueLj63bKrxnkN3gf9GOmhfWf0hG2b96/cO+rMPP9VIwNOSlsPyK355H3jo466r+p5BK12i+7n03S3Z4p3uu60g2MDXv4QOrn/laVpR3Omn4xufTPLIfXxtpcZQmTBwLbrHswblnNA+2hJo9+2DHHT3O5/Rnl+32+pJyabFCUMxN67qo8fknmup0XThgH89eTC0KNt19b7tda0Jn3OFrh4zjbdP1tvWKLHk6OX7JdzzMw2b55cZc6wK8gkoEUmgSfiJKDT3zBM3HDH5EMXti+YU50qc6ynfFdkF4SVhiyRRkelYPQ7YpVyYSViWFe0m1YVdtM3OpoYTyK64SHhgf3jgs2bD40Li44NjxtBjbvgJrgIzo5Ors5CA2LcnRzh0lmgl/+cD/0p+75s+aBt16+0mVNndISD8uaBW7ePLehs6bP59FW+k5VB4c9rf+6wOU4wr/ZI64LfXEXb1Oot5mxJ6yVYX0YR90cdKJiiZfBKn0t7OuWU2Ulnq8lLil6Emti9H3Uv2fThvU4rlx+27HJixttWZ6qc7bP1bEYLbsWbNYO+C71o+6tXl4yks3dsvRxsNiV5d/XVy2ft3g1MSRGiJj/vLix5OzZvfub9mvPHvs6VPdfe3SXSd0erlGVtULvWIdVsaoesm59/TnN8uxVvJq6t1lpeJXHZxMdd40vwQlMf7UlIIng93n3N0mvfUXu/ZVtrxDd3HH5q0fVGE75b3p/ZaVp12/tXi7bj0xbt/UrfaGQfMdcts+8bSY+sFQzKLY6GwJJfava8Uu+Smm9TA44j8pckSDSrqOYEBaYUJIxPE23z+BRh/IwEuf6mxH7N/G3m36kle1/npk6Xud3zVy0PXNX/m4tnomTEZsPl7dJXb+4wJOCFlswhWPARJ4W2ApmH0lumN09q+vl+cXl2LHkiNeUwIfipTQhtBC/BU21CcP8Sn5i2o6XI9TP9YdLXkvlTs3uxnvWvPtixefiV0yM6d8TbHOIG94zUk208fXDUrD0O56UrpkcO2NONOdnJXOaz4OrIZre67dsasNDkpilO2rQvvmja2YJGuPDWwVk6Gjkz2tx62kVx1XvjnPx7MwZeSDh8N7VIs94k9sHsOlYWMe9evs+PX+BQ9ZXWrZj9fKclMyN0YufuWd5gcaj9sc76Dwf0amqYNs286S0tY6c3pxzbDXNsUjdWN+dhTJPSSTqy60d0+s98enGP0aNO08Ydc63bZ+WhR/vH6LYYdb5LbM1C4cS++OBePbGRjlw/97I87bfG34cEZNrXu/dmUtKpzv73l8SkDtrUoMP5lyMObeBHDqj9ZMWi2i6aw40H/NikRqRZ4lPdH+z2nWmZeedNwZidt1eti3Pd0+nYYEup9TDdxr7TB/fwainfn5mZ0TE0Z1mL0oQRNROWKoSQ+y2kfYxzllrUPNvyQd0H+160OWV3/pJTQgfrOm2s+vZ46P9kzbUFS040jD4w3iZOs1rhsJqHFiUetvHbtW1gkynLh/XfEbVctubQhtZPpdHFU50GbS+53jlnuuWPIQeWmE6WBjFN7Ld2n7Unv+adnRknAnfE+2mcb+7gsyk1Y3X8xsz0eUONf5kzWTbUop7TOu2o9J7Tax1KfzLxRM28RzW8f1xY2PbGKxwcPUV3TE54zt2oh2vnn3asXap/rGevSx2rL7/0tt7Spg5dDSN+lK0sFhK1RgqJGgPKpgL9lFyYCtgPw4Dxyd/EFDsJgqiQtT9HISsiAkcybbg7Ca4NxEmjPlw6CvTyH49YEpk/zh0MnTsYMncQndv49G2sxMRh86WoDYmSji57i3YF1FzWonqdiAc9fDbs0XQ35truHZetV+OqW8Rx6SXdp+5HFmhm5DS4gOWOLc5NqToiaPLY1H5Wg7Yubbv4QVif3OuLumzXscve+sv6ultGVtl6cV73E/2MNR6EDLvv5GstrXdvo7bPmUzP3b0vHXVgh24Me34y8nnDXssNX3jtveEetCkqyDV+TXqggf25Zt+9vn1Nq+qFXiNWt619r+rBdNnwg6lNnry7XbeHxKyjv+2KkbE3pA13t+1z6fHjlrMn/DJq+6ik6r94bJve+/4U74nGRcvrdc9PaWS/xTng2G6PEqdzmWyTbdu3znEfm7skwe63Tv6za7rWym4QFTSuy97FBpuVlhNPvtjLJs141ffpWd9D01Mn78+qGVerL2+765SNrXuttAbt6p8ZvW3OFhPLtetDCvqbDbxp23ZJ3+RbtXqfq9new/fozm5NrdinP4/sWe+C5e2Y3gadvYZnvkY3929iEvteyVJkHqh+vmv7ew2WGzywbLuf3+M5ulX+4ezYkTdi71ldP+S14NiTIybdrkyYUdCxrbB248zrBT2XbX1/NSPk1uH540c9znvc/l7b2mtltmvWjglNuDt1QHzf7fUmXuy2uNeh4ba2zx5HZtvOspvVzM378M1JnlOOVulw7PzqlvXi5r6Keh1vHmAn691v7kIPb+eJlzOSja4t7fRiXsZ+r/RBabk38pKnl8+dj8nc+aCS6a9i8qw0LlGW3yBnOL0aOqgLGooGoJao+e/n1T9MyuoRT6x9Q8YxpeX3co1ONx+u/cHxZ8spLkIPcXKjS6je6R3T2ye1/aJFH6K3RGuJspYHJX0F575OTjDN9VGb5nwFH6GT2jTX4vOmuY/wjxPGL6OVN+fGzxfGpwrjZ5d3kgMrjJ8gNC17HIMNnT8VZgVFBw4hLQuP7B87IjBmiENYXKTQrJwBI7jUcDI3RR1QMApF/dEg1BfFwKpyOApEI8jVEBRH6HSFOZKcUSTlYG5aWSAWWpS0Ou2G3whjh3OX4kItFunOq3YzcM6CFvPG5I7QSzkc3NfBzuN1duzPkRNKDja9r3Oi0aHW61c+D78SeMjCdfX83sETU8ZM8/Lpeklvzuhc4/Ymzxu3mOZ7NqM44raHlkPtRXebVF99fqfp8NQGtx4E/ejZJH6k5XPZmDUpcRNmvDhpzXjVOTJVsm/Veg29RY/D3oY5zE2v07ROREDbQLMq4VE90ublT3iRNeu5V91r7xudPeD6JKrWljtbbR6fvfpcf+sC2/lpHfWb6BZpT8kzy3bibz09Zn+659IdbRvoHNc5cnzzljvbf7miSO7cKsDdabCN8bhtL2xeX7NraB6etr37lLCo6LW747KbaWiuwXVsPRKbyjqG6Gb93zb7fn3YXy+TL1rrurzsqYNW6uLDsUFJbYdlk82mt92/9fnHJ7GFs9Qfnl06/cK72GTHx9Hsc9rt2MrZLrJtLJUX2ZeYuPXDnWPSLPvuOx7n03h3L1X/zfRvC2Om3WC4ttBtb+Tn6Us5vT0EZjbIX2DQPLpx9lJ713I502OXFi2aX1Wl9Mtjqvzq3+7KDV/n/difvd17+qPXpRVSb16Zz6yU8P5/bbNyRumz9b/+dL/mbniVab3+j8FbFp+++/dLc5Mn2l6cG+bnv78hXGlhhaCRYtV7R66N9r9XnFkSe3Bhx+zwwjA/D9cDTidnl0VzNXhk/62cf3Bvbm7WyaBiYd6qgLOGTSwbDJpY1jAxMho0Th3oigv7cCBicmRB4xFQ4QNNxJzMhjzIMy9AVyB43IZ8BsiyogbKCI0shsCi7e8Ul+V9nz5eaxS6r7k3d0LLttdS9wxSkLTwGIYZhCzQatBg8AVnrCJgFgNN3qQBs5MCQwgwo4EyXTpQPBHIymCoXKjWoIIzZ4dUFuSnFyUWZFQqoNXNLE2MDMHufcuat83Lj1Jnu20YF6S/e3Mgu70hn2zVunL3kJj95ib85gKXg9NUQtluBU0UfTFjllhmUbTOus1P9DQFVPncuH5ntk9yzzk2KcX79qEulvsZ7w3brt/bcmrtxLe9ywLr8ytWMrLs+btn+84TL9/+PdrOcOv57rkpiy9ZH885Hv/75e9dohemW+S81Wb79N69XbDiguz/cOuzjyLkwl4c7+AQOrQsZ+acp78PaKb+sLFhXuOxRcmxSnH5nmciZyY4/46WfutfJuG46u9KD/4u69AdWYf2LDO6myywzyyij1XPXmZC7KLe5y+kOl9MmXG28pvda5nsJr4sxlN7wtQylvDK31cLueGtE63YtbCJSQPYPFFBxBGbYROTKFBIEJw0+wasI459pg0pTcYaSCAnSW7EjCEj0HK4DKshP3jg2MzQ1MgQBKIwUqTzyxbreQEax1+r9YjmXTmQITt7WyValwmUVgz9hOuZOsOZZSK9ppe85mr20jSW0jwe+/nW40/valZPma38wihd6DXPo1tXe/1Us9QW35/VEDdT95JZXKrIypuP19eJ5b5yFL9Qcvd//nvOhU7zPnkV1msFRc2Tf8e0WddziovilXc/udkTX4dW1nFU1k0vEI5fkBqtwSqfdnzTibS5V94l3nMsc9/+996tp3+b/j1Njjy/6/Gm6byZRy4VTv34tcxl54MjlRf/nVuyg3u+IWvwU58du3fKh8Yu/NzyctK93j0buBtfC8+1M8vKnnMm1vHiyyVXby/e/OLWbZ5a4YgbTjpX8nZf17Ruee3Ee6CZPfCh1efVkT6busoY368/pPmpdGmXoeWdXhcGAAJpUvcNCmVuZHN0cmVhbQ0KZW5kb2JqDQoxOSAwIG9iag0KPDwvVHlwZS9YUmVmL1NpemUgMTkvV1sgMSA0IDJdIC9Sb290IDEgMCBSL0luZm8gOSAwIFIvSURbPEQ2RDBGMTZDQTJDNjFENEE4MzFDMEVFMzM5RTNDNDgyPjxENkQwRjE2Q0EyQzYxRDRBODMxQzBFRTMzOUUzQzQ4Mj5dIC9GaWx0ZXIvRmxhdGVEZWNvZGUvTGVuZ3RoIDc3Pj4NCnN0cmVhbQ0KeJxjYACC//8ZgaQgAwOIqoVQW8EU414wxbQYTDF7gykWKwiVD6GWAOWBGgQYmCAUM4RigVCMEAqqhBWogbUZrI+dGUKdY2AAALBuCDoNCmVuZHN0cmVhbQ0KZW5kb2JqDQp4cmVmDQowIDIwDQowMDAwMDAwMDEwIDY1NTM1IGYNCjAwMDAwMDAwMTcgMDAwMDAgbg0KMDAwMDAwMDEyNSAwMDAwMCBuDQowMDAwMDAwMTgxIDAwMDAwIG4NCjAwMDAwMDA0NDUgMDAwMDAgbg0KMDAwMDAwMDY3NSAwMDAwMCBuDQowMDAwMDAwODQzIDAwMDAwIG4NCjAwMDAwMDEwODIgMDAwMDAgbg0KMDAwMDAwMTEzNSAwMDAwMCBuDQowMDAwMDAxMTg4IDAwMDAwIG4NCjAwMDAwMDAwMTEgNjU1MzUgZg0KMDAwMDAwMDAxMiA2NTUzNSBmDQowMDAwMDAwMDEzIDY1NTM1IGYNCjAwMDAwMDAwMTQgNjU1MzUgZg0KMDAwMDAwMDAxNSA2NTUzNSBmDQowMDAwMDAwMDE2IDY1NTM1IGYNCjAwMDAwMDAwMDAgNjU1MzUgZg0KMDAwMDAwMTc5NSAwMDAwMCBuDQowMDAwMDAxOTk4IDAwMDAwIG4NCjAwMDAxODE0MDAgMDAwMDAgbg0KdHJhaWxlcg0KPDwvU2l6ZSAyMC9Sb290IDEgMCBSL0luZm8gOSAwIFIvSURbPEQ2RDBGMTZDQTJDNjFENEE4MzFDMEVFMzM5RTNDNDgyPjxENkQwRjE2Q0EyQzYxRDRBODMxQzBFRTMzOUUzQzQ4Mj5dID4+DQpzdGFydHhyZWYNCjE4MTY3Ng0KJSVFT0YNCnhyZWYNCjAgMA0KdHJhaWxlcg0KPDwvU2l6ZSAyMC9Sb290IDEgMCBSL0luZm8gOSAwIFIvSURbPEQ2RDBGMTZDQTJDNjFENEE4MzFDMEVFMzM5RTNDNDgyPjxENkQwRjE2Q0EyQzYxRDRBODMxQzBFRTMzOUUzQzQ4Mj5dIC9QcmV2IDE4MTY3Ni9YUmVmU3RtIDE4MTQwMD4+DQpzdGFydHhyZWYNCjE4MjIzMw0KJSVFT0Y=</my:vulnerabilityDescriptionAttachment>
	<my:supportingAssetRef></my:supportingAssetRef>
	<my:supportingAssetRef>2</my:supportingAssetRef>
	<my:supportingAssetRef>1</my:supportingAssetRef>
	<my:supportingAssetRef>3</my:supportingAssetRef>
	<my:supportingAssetRef>4</my:supportingAssetRef>
	<my:vulnerabilityCVSS>
		<my:vulnerabilityBaseScoreMetrics>
			<my:vulnerabilityExploitabilityMetrics>
				<my:accessVector>1</my:accessVector>
				<my:accessComplexity>0.61</my:accessComplexity>
				<my:authentication>0.704</my:authentication>
			</my:vulnerabilityExploitabilityMetrics>
			<my:vulnerabilityImpactMetrics>
				<my:confidentialityImpact>0.660</my:confidentialityImpact>
				<my:integrityImpact>0</my:integrityImpact>
				<my:availabilityImpact>0</my:availabilityImpact>
			</my:vulnerabilityImpactMetrics>
		</my:vulnerabilityBaseScoreMetrics>
		<my:vulnerabilityTemporalScoreMetrics>
			<my:exploitability>0.95</my:exploitability>
			<my:remediationLevel>1</my:remediationLevel>
			<my:reportConfidence>1.00</my:reportConfidence>
		</my:vulnerabilityTemporalScoreMetrics>
		<my:impactScore>6.8706000000000005</my:impactScore>
		<my:exploitabilityScore>8.588799999999999</my:exploitabilityScore>
		<my:baseScore>7.124066880000001</my:baseScore>
		<my:temporalScore>6.767863536</my:temporalScore>
	</my:vulnerabilityCVSS>
	<my:vulnerabilityCVEScoring>
		<my:cveScore>0</my:cveScore>
	</my:vulnerabilityCVEScoring>
	<my:overallScore>7</my:overallScore>
	<my:overallLevel>High</my:overallLevel>
</my:Vulnerability>


<my:Vulnerability><my:projectName>Enter your project name</my:projectName><my:projectVersion>1.0</my:projectVersion>
<my:vulnerabilityId>2</my:vulnerabilityId>
<my:vulnerabilityName>Dumping of the local storage from a rooted device</my:vulnerabilityName>
<my:vulnerabilityFamily></my:vulnerabilityFamily><my:vulnerabilityTrackingID></my:vulnerabilityTrackingID><my:vulnerabilityTrackingURI></my:vulnerabilityTrackingURI><my:vulnerabilityCVE>http:///</my:vulnerabilityCVE>
<my:vulnerabilityDescription><div xmlns="http://www.w3.org/1999/xhtml">When a device is rooted it is possible to completely dump data anywhere on the devices, bypassing the platform's sandbox mechanisms.</div>
<div xmlns="http://www.w3.org/1999/xhtml"> </div>
<div xmlns="http://www.w3.org/1999/xhtml"> </div>
<div xmlns="http://www.w3.org/1999/xhtml">CVSS:3.0/AV:P/AC:L/PR:N/UI:N/S:U/C:H/I:N/A:N</div>
<div xmlns="http://www.w3.org/1999/xhtml">CVSSV3 Score: 4.6</div>
<div xmlns="http://www.w3.org/1999/xhtml"> </div>
<div xmlns="http://www.w3.org/1999/xhtml">Assumptions:</div>
<ul style="MARGIN-BOTTOM: 0px; MARGIN-TOP: 0px" type="disc" xmlns="http://www.w3.org/1999/xhtml">
<li>Physical access to the device</li></ul>
<div xmlns="http://www.w3.org/1999/xhtml"> </div>
<div xmlns="http://www.w3.org/1999/xhtml"> </div></my:vulnerabilityDescription>
	<my:vulnerabilityDescriptionAttachment xsi:nil="true"></my:vulnerabilityDescriptionAttachment>
	<my:supportingAssetRef></my:supportingAssetRef>
	<my:supportingAssetRef>1</my:supportingAssetRef>
	<my:vulnerabilityCVSS>
		<my:vulnerabilityBaseScoreMetrics>
			<my:vulnerabilityExploitabilityMetrics>
				<my:accessVector>0.395</my:accessVector>
				<my:accessComplexity>0.61</my:accessComplexity>
				<my:authentication>0.704</my:authentication>
			</my:vulnerabilityExploitabilityMetrics>
			<my:vulnerabilityImpactMetrics>
				<my:confidentialityImpact>0.660</my:confidentialityImpact>
				<my:integrityImpact>0</my:integrityImpact>
				<my:availabilityImpact>0</my:availabilityImpact>
			</my:vulnerabilityImpactMetrics>
		</my:vulnerabilityBaseScoreMetrics>
		<my:vulnerabilityTemporalScoreMetrics>
			<my:exploitability>1.0</my:exploitability>
			<my:remediationLevel>1.0</my:remediationLevel>
			<my:reportConfidence>1.00</my:reportConfidence>
		</my:vulnerabilityTemporalScoreMetrics>
		<my:impactScore>6.8706000000000005</my:impactScore>
		<my:exploitabilityScore>3.3925759999999996</my:exploitabilityScore>
		<my:baseScore>4.679763110400001</my:baseScore>
		<my:temporalScore>4.679763110400001</my:temporalScore>
	</my:vulnerabilityCVSS>
	<my:vulnerabilityCVEScoring>
		<my:cveScore>4.6</my:cveScore>
	</my:vulnerabilityCVEScoring>
	<my:overallScore>5</my:overallScore>
	<my:overallLevel>Medium</my:overallLevel>
	</my:Vulnerability>
	
	<my:Vulnerability>
	<my:projectName>Enter your project name</my:projectName>
	<my:projectVersion>1.0</my:projectVersion>
	<my:vulnerabilityId>3</my:vulnerabilityId>
	<my:vulnerabilityName>Shoulder surfing attack</my:vulnerabilityName>
	<my:vulnerabilityFamily></my:vulnerabilityFamily>
	<my:vulnerabilityTrackingID></my:vulnerabilityTrackingID>
	<my:vulnerabilityTrackingURI></my:vulnerabilityTrackingURI>
	<my:vulnerabilityCVE>http:///</my:vulnerabilityCVE>
	<my:vulnerabilityDescription><div xmlns="http://www.w3.org/1999/xhtml">Attacker peeks at the user's screen to discover the assets.</div>
<div xmlns="http://www.w3.org/1999/xhtml"> </div>
<div xmlns="http://www.w3.org/1999/xhtml">CVSS:3.0/AV:A/AC:L/PR:N/UI:R/S:U/C:H/I:N/A:N</div>
<div xmlns="http://www.w3.org/1999/xhtml">CVSSV3: 5.7</div>
<div xmlns="http://www.w3.org/1999/xhtml"> </div>
<div xmlns="http://www.w3.org/1999/xhtml">Assumption:</div>
<ul style="MARGIN-BOTTOM: 0px; MARGIN-TOP: 0px" type="disc" xmlns="http://www.w3.org/1999/xhtml">
<li>User interaction required by using the application and accessing / showing confidential data</li></ul>
<div xmlns="http://www.w3.org/1999/xhtml"> </div>

<div xmlns="http://www.w3.org/1999/xhtml"> </div>
</my:vulnerabilityDescription>
	<my:vulnerabilityDescriptionAttachment xsi:nil="true"></my:vulnerabilityDescriptionAttachment>
	<my:supportingAssetRef></my:supportingAssetRef>
	<my:supportingAssetRef>3</my:supportingAssetRef>
	<my:vulnerabilityCVSS>
		<my:vulnerabilityBaseScoreMetrics>
			<my:vulnerabilityExploitabilityMetrics>
				<my:accessVector>0.646</my:accessVector>
				<my:accessComplexity>0.71</my:accessComplexity>
				<my:authentication>0.704</my:authentication>
			</my:vulnerabilityExploitabilityMetrics>
			<my:vulnerabilityImpactMetrics>
				<my:confidentialityImpact>0.660</my:confidentialityImpact>
				<my:integrityImpact>0</my:integrityImpact>
				<my:availabilityImpact>0</my:availabilityImpact>
			</my:vulnerabilityImpactMetrics>
			</my:vulnerabilityBaseScoreMetrics>
			<my:vulnerabilityTemporalScoreMetrics>
				<my:exploitability>1.0</my:exploitability>
				<my:remediationLevel>0.95</my:remediationLevel>
				<my:reportConfidence>1.00</my:reportConfidence>
			</my:vulnerabilityTemporalScoreMetrics>
			<my:impactScore>6.8706000000000005</my:impactScore>
			<my:exploitabilityScore>6.457932799999999</my:exploitabilityScore>
			<my:baseScore>6.12170694912</my:baseScore>
			<my:temporalScore>5.815621601664</my:temporalScore>
	</my:vulnerabilityCVSS>
	<my:vulnerabilityCVEScoring>
		<my:cveScore>5.7</my:cveScore>
	</my:vulnerabilityCVEScoring>
	<my:overallScore>6</my:overallScore>
	<my:overallLevel>Medium</my:overallLevel>
	</my:Vulnerability>
	
	<my:Vulnerability>
	<my:projectName>Enter your project name</my:projectName><my:projectVersion>1.0</my:projectVersion><my:vulnerabilityId>5</my:vulnerabilityId><my:vulnerabilityName>Keystroke logging attack by malware</my:vulnerabilityName><my:vulnerabilityFamily></my:vulnerabilityFamily><my:vulnerabilityTrackingID></my:vulnerabilityTrackingID><my:vulnerabilityTrackingURI></my:vulnerabilityTrackingURI><my:vulnerabilityCVE>http:///</my:vulnerabilityCVE><my:vulnerabilityDescription><div xmlns="http://www.w3.org/1999/xhtml">Attacker logs all the key inputs done by the user, for example a fake keyboard application.</div>
<div xmlns="http://www.w3.org/1999/xhtml"> </div>
<div xmlns="http://www.w3.org/1999/xhtml">CVSS:3.0/AV:L/AC:L/PR:N/UI:R/S:U/C:H/I:N/A:N</div>
<div xmlns="http://www.w3.org/1999/xhtml">CVSSV3: 5.5</div>
<div xmlns="http://www.w3.org/1999/xhtml"> </div>
<div xmlns="http://www.w3.org/1999/xhtml"> </div></my:vulnerabilityDescription><my:vulnerabilityDescriptionAttachment xsi:nil="true"></my:vulnerabilityDescriptionAttachment><my:supportingAssetRef></my:supportingAssetRef><my:supportingAssetRef>4</my:supportingAssetRef><my:vulnerabilityCVSS><my:vulnerabilityBaseScoreMetrics><my:vulnerabilityExploitabilityMetrics><my:accessVector>1</my:accessVector><my:accessComplexity>0.35</my:accessComplexity><my:authentication>0.56</my:authentication></my:vulnerabilityExploitabilityMetrics><my:vulnerabilityImpactMetrics><my:confidentialityImpact>0.660</my:confidentialityImpact><my:integrityImpact>0</my:integrityImpact><my:availabilityImpact>0</my:availabilityImpact></my:vulnerabilityImpactMetrics></my:vulnerabilityBaseScoreMetrics><my:vulnerabilityTemporalScoreMetrics><my:exploitability>0.9</my:exploitability><my:remediationLevel>0.95</my:remediationLevel><my:reportConfidence>1.00</my:reportConfidence></my:vulnerabilityTemporalScoreMetrics><my:impactScore>6.8706000000000005</my:impactScore><my:exploitabilityScore>3.9200000000000003</my:exploitabilityScore><my:baseScore>4.927863360000001</my:baseScore><my:temporalScore>4.213323172800001</my:temporalScore></my:vulnerabilityCVSS><my:vulnerabilityCVEScoring><my:cveScore>5.5</my:cveScore></my:vulnerabilityCVEScoring><my:overallScore>6</my:overallScore><my:overallLevel>Medium</my:overallLevel></my:Vulnerability><my:Vulnerability><my:projectName>Enter your project name</my:projectName><my:projectVersion>1.0</my:projectVersion><my:vulnerabilityId>16</my:vulnerabilityId><my:vulnerabilityName>Phone backup data analysis of a non-encrypted backup</my:vulnerabilityName><my:vulnerabilityFamily></my:vulnerabilityFamily><my:vulnerabilityTrackingID></my:vulnerabilityTrackingID><my:vulnerabilityTrackingURI></my:vulnerabilityTrackingURI><my:vulnerabilityCVE>https:///</my:vulnerabilityCVE><my:vulnerabilityDescription><div xmlns="http://www.w3.org/1999/xhtml">Attacker makes a backup of the data on the devices or has access to this data and attacks the data backup blob. </div>
<div xmlns="http://www.w3.org/1999/xhtml"> </div>

<div xmlns="http://www.w3.org/1999/xhtml"> </div>
<div xmlns="http://www.w3.org/1999/xhtml">CVSS:3.0/AV:L/AC:L/PR:N/UI:N/S:U/C:H/I:N/A:N</div>
<div xmlns="http://www.w3.org/1999/xhtml">CVSS3: 6.2</div>
<div xmlns="http://www.w3.org/1999/xhtml"> </div></my:vulnerabilityDescription><my:vulnerabilityDescriptionAttachment xsi:nil="true"></my:vulnerabilityDescriptionAttachment><my:supportingAssetRef></my:supportingAssetRef><my:supportingAssetRef>1</my:supportingAssetRef><my:vulnerabilityCVSS><my:vulnerabilityBaseScoreMetrics><my:vulnerabilityExploitabilityMetrics><my:accessVector>0.395</my:accessVector><my:accessComplexity>0.61</my:accessComplexity><my:authentication>0.704</my:authentication></my:vulnerabilityExploitabilityMetrics><my:vulnerabilityImpactMetrics><my:confidentialityImpact>0.275</my:confidentialityImpact><my:integrityImpact>0.275</my:integrityImpact><my:availabilityImpact>0.275</my:availabilityImpact></my:vulnerabilityImpactMetrics></my:vulnerabilityBaseScoreMetrics><my:vulnerabilityTemporalScoreMetrics><my:exploitability>1.0</my:exploitability><my:remediationLevel>0.95</my:remediationLevel><my:reportConfidence>1.00</my:reportConfidence></my:vulnerabilityTemporalScoreMetrics><my:impactScore>6.442976718750001</my:impactScore><my:exploitabilityScore>3.3925759999999996</my:exploitabilityScore><my:baseScore>4.37803212315</my:baseScore><my:temporalScore>4.1591305169925</my:temporalScore></my:vulnerabilityCVSS><my:vulnerabilityCVEScoring><my:cveScore xsi:nil="true"></my:cveScore></my:vulnerabilityCVEScoring><my:overallScore>NaN</my:overallScore><my:overallLevel>Low</my:overallLevel></my:Vulnerability>
<my:Filter>
	<my:riskFilter></my:riskFilter>
	<my:vulnerabilityFilter></my:vulnerabilityFilter>
</my:Filter>
<my:group>
	<pc:BDCAssociatedEntity pc:EntityNamespace="" pc:EntityName="" pc:SystemInstanceName="" pc:AssociationName="">
		<pc:BDCEntity>
			<pc:EntityDisplayName></pc:EntityDisplayName>
			<pc:EntityInstanceReference></pc:EntityInstanceReference>
			<pc:EntityId1></pc:EntityId1>
			<pc:EntityId2></pc:EntityId2>
			<pc:EntityId3></pc:EntityId3>
			<pc:EntityId4></pc:EntityId4>
			<pc:EntityId5></pc:EntityId5>
		</pc:BDCEntity>
	</pc:BDCAssociatedEntity>
</my:group>
<my:signatures3>
	<my:signatures4></my:signatures4>
</my:signatures3>

</my:ISRA>