<?xml version="1.0" encoding="UTF-8"?><?mso-infoPathSolution solutionVersion="1.0.0.2065" PIVersion="1.0.0.0" href="https://vaultshare.gemalto.com/sites/isra/ISRA/Forms/template.xsn" name="urn:schemas-microsoft-com:office:infopath:ISRA:-myXSD-2015-02-04T09-20-12" productVersion="15.0.0" ?><?mso-application progid="InfoPath.Document" versionProgid="InfoPath.Document.3"?><?mso-infoPath-file-attachment-present?><my:ISRA xmlns:xsi="http://www.w3.org/2001/XMLSchema-instance" xmlns:xhtml="http://www.w3.org/1999/xhtml" xmlns:pc="http://schemas.microsoft.com/office/infopath/2007/PartnerControls" xmlns:my="http://schemas.microsoft.com/office/infopath/2003/myXSD/2015-02-04T09:20:12" xmlns:xd="http://schemas.microsoft.com/office/infopath/2003" xml:lang="en-us">
	<my:ISRAmeta>
		<my:templateVersion>49</my:templateVersion>
		<my:projectName>name of proj</my:projectName>
		<my:projectOrganization></my:projectOrganization>
		<my:projectVersion></my:projectVersion>
		
		<my:ISRA_tracking>
										<my:trackingIteration>2</my:trackingIteration>
										<my:trackingSecurityOfficer>t0263774</my:trackingSecurityOfficer>
										<my:trackingDate>2022-03-29</my:trackingDate>
										<my:trackingComment>1</my:trackingComment>
									</my:ISRA_tracking><my:ISRA_tracking>
										<my:trackingIteration>2</my:trackingIteration>
										<my:trackingSecurityOfficer>t0263774</my:trackingSecurityOfficer>
										<my:trackingDate>2022-03-29</my:trackingDate>
										<my:trackingComment>2</my:trackingComment>
									</my:ISRA_tracking><my:ISRA_tracking>
										<my:trackingIteration>3</my:trackingIteration>
										<my:trackingSecurityOfficer>t0263774</my:trackingSecurityOfficer>
										<my:trackingDate>2022-03-29</my:trackingDate>
										<my:trackingComment>3</my:trackingComment>
									</my:ISRA_tracking><my:businessAssetsCount>2</my:businessAssetsCount>
		<my:supportingAssetsCount>2</my:supportingAssetsCount>
		<my:risksCount>3</my:risksCount>
		<my:vulnerabilitiesCount>3</my:vulnerabilitiesCount>
	</my:ISRAmeta>
	<my:ProjectContext>
		<my:projectDescription></my:projectDescription>
		<my:projectURL>mailto:username@organization.com</my:projectURL>
		<my:projectDescriptionAttachment xsi:nil="true"></my:projectDescriptionAttachment>
	<my:securityOfficerObjectives><img tabIndex="-1" style="HEIGHT: 339px; WIDTH: 894px" src="msoinline/d1242463496f415b" xd:inline="iVBORw0KGgoAAAANSUhEUgAAA7QAAAF2CAYAAABeeNQ4AAAAAXNSR0IArs4c6QAAAARnQU1BAACxjwv8YQUAAAAJcEhZcwAADsMAAA7DAcdvqGQAAAAhdEVYdENyZWF0aW9uIFRpbWUAMjAyMjowMzoyMSAxMDoyNDozNP2T4qQAAP94SURBVHhe7P0PXFTVvj9wf04q4AsOCj9IToGJQoSghkheOJFiUiCJxpWD4oUbJlhcza6ZVBY+klRwlPzDoUTTc/GKEh5LDaHwgEYHHiMi/yCRGCXUweCKEjwCgedZa+81MDPMAIPDn8Hv+/Xazuw1m+2evfbes797/fvd3Llz/9XQ0AA+DQrTcGw7uBTOuIJPEhPxP4XVaBYfEUIIIYQQQgghfXWPeB08s6dgohHQfP4TpFAwSwghhBBCCCGknwY/oFXoaBVvtDHFk68fxMmTJ3EybSOeNBXJhBBCCCGEEEIIM3QBba8cMGOKhfzW6o8I+a8Z8ntCCCGEEEIIIYQZxgHtOfwlvbizSrLN/RTQEkIIIYQQQgjpMvgB7TgjjBFve9OcW4hLjfL7hror8htCCCGEEEIIIYQZ1IDWYtZSbA50hhF7/2tDzwGqqd0fsXRTCGaY87lanMv9h5ROCCGEEEIIIYRwgxPQztuMzJMncTAuHB4TWDjbdgWFx6rFh93N3ZSJzN0bET7bhgW/bag9nYG/nBUfEkIIIYQQQgghzKBXOW6+Vo5PEl/B3h9FgjYdbWLZCKxI/JSG9yGEEEIIIYQQouJ3c+fO/VdDQwP4RAghhBBCCCGEGIph3MsxIYQQQgghhBCiHQW0hBBCCCGEEEIMEgW0hBBCCCGEEEIMEgW0hBBCCCGEEEIMEgW0hBBCCCGEEEIMEgW0hBBCCCGEEEIMEgW0hBBCCCGEEEIMEgW0hBBCCCGEEEIM0rAOaE1WncKGvB8Qm5EOWzORSO4aptOXYvPuTHx84iROnjyJXZHiA0IIIYQQQghhhnVA6+zuABP+xtoV0zylpDvjm44XeICcmiASyLBluhRxceHwsDOF0SiRRgghhBBCCCFKhnVAW15SiRb+pu4iLhRJSYPKJv48YnkArG0aUYHxavikn8drGemwESlDKuSPcDZirw3nkBa7HAsWLMCaPfJHhBBCCCGEEMIN64C2Zfd8JM6bhLiQUNQ0iUQyQOxga2OO0TyIHAb+eJ8l+7cN5Z+8isNfNciJhBBCCCGEEKKEOoXqQe3G6YjjATWfjlRKaTeK4rvSomKkNKJ/Y0bxyPo3NF2T5wkhhBBCCCFE3e/mzp37r4aGBvBpoPCqu1GeQPHb05HbsQPB0X5wtDSWPrtRcQzpL69FfWcJbCT8P9oIj3FilrtZiNSnQ1ErZrt5NA7+EYvhNtEco3l7y45W1Ffm4/iu51BzSV5EwtvQvuqF8ZUZKsGoWfQpRC9xgElbHQq2ByE/p1p8ooQtE8uW4QHtzo3qdV/FNtdlIKnIFStCXTB+VCsuH3kOh76PRPRLXrBi87W5W5H6tvy38j5pRcHLG1Dz1Eb4ejrAisdwHY2o+TIDH26Mh0qhtNki2EdHScvZjJP3HdoaUVvBvueWtaitk5NUPLwRPmtC4MH2i0nnfsnB0VjF8hr2tQaavzNg9WIBVgTaARUZSHk+RnV779DcTZnYMJsdM1uDsSlPJBJCCCGEEEKIkkEtoR079xTWvb6oM5jlxjstwop3Noq5fvDcj2jeeZC9CGa5UcawcvJD0PLeu8XtCmarkbtFSzDbV9bzEB7Cg1k+YwzHOXFY8SIPZuV5mzmL4czfdjLHtFffx7I5IpjlRpnD1jMS4a+HiASZzatvIszPpSuY5YzMYTNtEaKS3ke3TqD9WPCeFAlvtl+kYJaT9ssi/OlFfXQXHAmPOXZSp10mTvPgoY9OuwghhBBCCCFEB4MY0JrD1ZMFjjcrkZ0YKlXZfWt7IW6wT0wcvJQCvT3IflpU6Z0Xj+KbIlkLK393WLHX2rwYJAaKv3smBodyKtHQJi+jTWcwe6sSJ9Z5o+iLOwhmuXHWsGorw6EQsd3WdrAFW/fqCOT/xOaN2PwcaUnBGONZcN9UcQz7ng9g2x6AncfljrCsPENgLy8k67iJ+gs5OLQ5Am9J+8YbiYk5qOHf8X53eLjLi0nMNiKYBdLj2dumCvY3r/B1a9ovyvs6A1U8iZeGS/Ndk6bSWf63pV9WS9vaUpGHYj122mUxaymedDZl767j2hU5jRBCCCGEEELUDWoJbdOlNOwMm4/inEJpvv14DsqvszdGxvLwPP3QdF2OeMdPXQR7BzvpPa5m4HLifBzYrL1bXLOILETxYLapDEdfno9S5arJd6AqJx6X6/Z0VgGuyY1n685H0y15Xr3Tpfoz8Uh6fi1qKsrYXBlubI9FAQ9+xzrAQSn4rY31Rsra53D5TD7apRQWTOY8h9Kr/D3bf7wPJYVwH6mH4PaqY0h9nv3Nl3zdTB/2iy5q32ZBNQt4E/VV3ThylzTe7MG4cMwwbUD5oe1I+VF8RgghhBBCCCFqBjWgrbsUixsqkU8acpfwUkAWUIoUXbWwAPBERStMbLwQnFSA144XY1l8AmwniuBWExt/rAhzgRkvmX0lABf1FMwClbiYIgfrskqUbssX7zVpRFWhenBZiOqfGqV3KsGvWThc408hOkt16KCFDuJzJTb33yu9Vn25Vq/tWgeXEYwsLMHLaQkhhBBCCCFEkxHQy3E+Sp93wltb0lBQUo0bRtZw9AzBir8WIDpOS1vR2kIUsCCYl4J6r9zYvf3pEBtjpNROVhIJ37/GIYh3HDVWJPVB+/9PvDEUe9ZgwYJgrHr3U1R3mGKKXzj+8wHxGSGEEEIIIYSoGQEBraw9Lxb5L3sjxW8SC27ltqVWj0bBR7ltaaebLAh+DicqWzH+4UisiNdHJ0n6shquDjygvYkb8khBwBJ/uEnDslYjf5uiDa08nVAso+SGqIZt57ZeejUszajO3YFDpc3svSUmTJFTCSGEEEIIIUSdwQe0rsnnEcarGE/zEiksuK3MRzlvh6retlRFPkrXbUXxdWC850a8MCRBrTHGPrAIZtby3OhH1sPngzVwM+PfoRClUi9NzP8zl9sY36pDzYVKqQ3taKfVcIs/BW+VnqNkLYWVqGevZixYj/oz2zdOLvIH1j6wffEUwjZp+q6NaOGdRY1zx4INkTDpQ7E1H7ZnQ94P2PBewrAr5SaEEEIIIYSMfIM4Dq05qo5MwoEUkaiNGO9Vu0qcUGpz65aquR2p5HohUpcojV+raRzaqRuxMC5SKgGt/yIeKbFdbVoV261V53oU47l2bZu8XerzjdJYvNm5vay7jf3dOqWOquwTEPZeCOzVOpTq0rVemR1s445ixaMiUlajeVxZOzgnn0LwVPXqztqWVx7Dtg4FGz2Qr8eejmkcWkIIIYQQQkhvDL6EtjQlGfkX6tCkNERP+61GVJ3Zg53PKAWz2lyKx4nYDFRJVZTXI+r1Iax+3NaI2gvHkBqmFMxyVTE4lJKDquutIoF9x6Y6XMxJxoEzojtlFdWoiQ3Czr350t/IvSIzHfL6P9yuHpxy1Sh/JR7ZavtSu4EbtocQQgghhBBC+mJQSmhJd3IJLdRKVomCXEI7BuUHFuOlQyKREEIIIYQQQpSMmE6hyMhyupqXrRvB+am3sXSWhZxICCGEEEIIIUoooCXDU8Y/UM6rPlvMQHjcQZw8eRK7hlNn1IQQQgghhJAhRwEtGZ6aDyM2Ng3F1c1o6xBphBBCCCGEEKKE2tASQgghhBBCCDFIVEJLCCGEEEIIIcQgUUBLCCGEEEIIIcQgSQGtiYmJNKNvkydPhoUF9VBLCCGEEEIIIUT/pIC2paVFmiGEEEIIIYQQQgwFVTkmhBBCCCGEEGKQKKAlhBBCCCGEEGKQKKAlhBBCCCGEEGKQKKAlhBBCCCGEEGKQKKAlg2vCg9gdHYqPo70QYSrSCCGEEEIIIaQfKKAd4R6b9xQ+fokFkFEzMF+k3ZHp3tL6kqaLeR095vIgJoxlb8ZOwmNuZnLiMKf3fUgIIYQQQgjRixES0K6GT/p5vJaRDhuRQtT8qx1t4u1Q+rzsO1y7xd7c+gGflzbJiYNouuts7F8d0r+AfJjsQ0IIIYQQQohshAS0drC1McdoIzFLOpX83035zW3gN/nd0Lr2HValpGNxSiH2N4u0QTT+XmtYGI8Sc30z7PYhIYQQQgghREJVjke45n+JNzcbUSTeEt3QPiSEEEIIIWR4+t3cuXP/1dDQAD7p2+TJk6X1DsS6gUj4f7QRHuPErBY3iuKxc+MewHM/ouN9YNX0NQ4EBqFKfN4pIguvhbkAl9Lw1upYKckm/jyiPFtR8PIG1Dy1Eb6eDrDipcAdjaj5MgMfboyHeqXZ0fN2IHClDx7iJcY8oa0Rl3O2InN7GtqlJdTZwfGdLCx7xBz1X8QjJZZtqz7xNq++dsCPBVh8pFokdmdx7yS88uR0OFmZyY852lvQ8OPX2J/1Az5XLpYU6/s+Nx1/veWCqMddYWs6Crjdhoaqr5B6/AcU3RbLwhxvRD4Fd3Mxq6IRJf/7Cd68JmY7jcJjbm5YPnsKJvD1ogNt13/AqSy27l865EXUTHd0RtSjzrAdbyJv+28N+L6gAG+WNkE68hT7oEfVOLatAPvFnIo+7kNCCCGEEELI4Lp7SmiL9qD0Kns1c4HrEjmpix3cPF1YANqKC5/JwWwXc0x79X0smyOCWW6UOWw9IxH+eohIkJmEZeGF1xfBVRHMckbmcAyMw7r3EsDCLQ1W499YMMtZeYbAVXqnR+dZELYtvcdAzIkFbLvDvOB0rwhmudEmsJjihXWrvDX2RjzB3R9xgTPkYJa7x0ha/r8DJqD/nRePQnBAANbNe1AEs3KakeUULAh7GklTu1cVnj+Pb4cbbC1FMMuNscDkeXOxeoKYv1N92IeEEEIIIYSQwWfAJbTKEhCWFwL7m4VIfToUtSK1Gw2lsBL7HVjxwSLY1uYjJTQC9SJZLqGVg82mimP4cHsqaiqA8S/uQFSgA0xufY0DAaK012wjgo9EwtmoEeUZu3Di4B60NNnBxG81Fq4MgbNlK0q3O+HEcWl1SrzgnPQ+gh8eoBLa3hjbIYkFrZPHtKHmi78j6esGfP8bWIA4AVFPP47p44G2bz/Dn7LEXlEq7Wy7dg6ZJ7/FyesdsHhgBt4McoHFPT/jVPJpJLdKi2gUsSQUix7oXkJr+uBs7F84BUY3vsOxk6X48J8daL5nFOZPdcNy3wdhcascqe+X4qT68reb8H1hIQ5+XY8SadutsPgxZ5gWFSBBrQSY91i8zs1cKmFed14kEkIIIYQQQgzS3VNCy+3PxoUmYLSDO1yVRowxCZoJW/ZanhvbGcwqqz8Tj6Tn17JgtozNleHG9lgU/MTejnWAwxxpEeBpLzgayctm7ubBLE+sRktODDIPf40WGMN+Vri0qKpClK+bjrh5kwY/mGVsp09hwSzQfPE0Ys7KwSxXc/0aYg+fxbXbgNEDdlgkJ3dqvnwab/xvGTJZMMv7dqr58Rw+vtTC3t2HyVOkRXS2wMkORmhA0UdfYT8PZnni7Q6cuviVvG5TG0yzkhaV/IltuxFYIJ6Xg3Vn5WCWq7lej+SPuwezhBBCCCGEkJHl7gpokYyikjoWobngkZVeIi0Eno/YAU1f46v9mqqUNqKqUD3QLET1T43SO0XPylaOdlI1Y6s5CYjN+0F1ip4pVTceb+0iLTucTP49j+xZUFhVLweQyprrUMMD87FmsJRTOl374WdUiPcKp2rZvuU661vrwgyT7+U70wKeEaHyuK9KU4Qr34MWmHCvtDBjDlsL9nL7Z5Sco8F0CCGEEEIIuRvdZQEtUJ9WiBr2avtwiNym1dMPztYsvSSje0dRPRhjZCzeyUZ3b95pQG6jtYcqwn1lYXQnO+EeGPXnaOzo6NYxFyGEEEIIIeTucNcFtKjaii8vsdeJXvB0B+yDvGCFapSmZcif98lquDrwgPYmblTKKbU//SK91mSFStWHNU7Px0jLDCc3WnnppgmmPMiLO9WYWsOWF+A2XscVOaUHo7Bgyn3stQVNYthW3TSiRmpqzdvgpsudMGmY1vG8kzSjgRcpj5mAaQ/IKYQQQgghhJC7ywgJaBvRwuOyce5YsCESJkrtY7urxsXPvkYTrDEtaAdcnYzR9M0xFGktnjXG2AcWwcxanhv9yHr4fLAGbuz/aK8sRKni77LL5JJfvx0IWrUaZhN7GyZGgQ/bc16qmhwdFynSBs/58mppaBtTVx8kz7aQ2tNytn+YhKTlszGBHSEN5VfwuZzcyfT3ZmC7Tn5vbIZg3yew4H4201iBUz/K6brKrfqZ/Xsf5ofOQsT9RrDt8ejsQNGPvMWzGaYvfBxxrl3bbmFqgajF3ojR0MuxHMADkz3cEDxe/8Xqpr4bcfDESZw8cRAbffvf3zMhhBBCCCGkdyOkl2M7OCefQvBU1WrAXOc4tCpC4JORAG8pSG1E8dvTkZ0rfaBCuZfjbtoqcWLdfJR2lhiy5TcVI2qOiHy70fb/iB6a+duOShz1nY+LUvrg4UPfrHbTUELLXT+H5P8pwynF2LI9jel6uwElh7Px5j/FvBbaejnm7WJjIvzhaakl0Gw8h6Q9ZV3B9T1s+f/UtryWcW4tH8Tu/5wlBeqqehiHVgczNuzD23Nt5Jlrp/FqRCLOyXOEEEIIIYQQPRshJbTVKH8lHtkX6tDUp/6BMlBUJDqAqitBsYZgVqu2RtReOIbUMNVglqvdHISde/NRdb0V7SKtd8fw1TdyB1P1RRmDHsxyp/KykXDqO1z7VWnn/daAmrN/R6xyMMtdLcfn539Gwy2lZdtb0PBjKQ5+0Hsw27NGJPzPMRw8W42G1g6R1oPbWpZvrkdF3mkka+rl+Pp3SDpeiprrLbzpsN6d+0sGiuXsBKzsMEO8JYQQQgghhOjfCCmh1ZUdbN/JwopHzFF1JBQHUgpFuiq5hBZaS3BJ/0T9KRQL7Hofr9ZQPRmXibWzTIGGfyB+eTz+IdIJIYQQQggh+jVCSmh1MDEEzn8+KgWzuF6IXC3BLNGDCc5IXjwFiyxHQWpNes8oeD7oBk/e1vb6NRSNtGDW1A5/XLYZIdPltrO15z6jYJYQQgghhJABdPeU0EafQuwSBzHDaGgDq45KaO/QBBcc/I8ZcjCr7HYLKrKOIuY7MT8SzNuMzPUend+17dppvLc6EZ92G9yXEEIIIYQQoi93XwltRyvqq/KR+UpEj8Es0YNrl3Hwiyto+E20b73dgeZfvsPJg8dGVjCrpK2xFuVZiYiIoGCWEEIIIYSQgXaXtqElhBBCCCGEEGLo7r4SWkIIIYQQQgghIwIFtIQQQgghhBBCDBIFtIQQQgghhBBCDBIFtIQQQgghhBBCDBIFtIQQQgghhBBCDBIFtIQQQgghhBBCDBIFtIQQQgghhBBCDBIFtIQQQgghhBBCDBIFtIQQQgghhBBCDBIFtERJJHwyfkBsXgWWRfuItJHJdPpSbN6diY9PnMTJkyexK1J8QAghhBBCCDEYFNCSLr4+mGbN3xjD8WE/KWlEMl2KuLhweNiZwmiUSCOEEEIIIYQYHApoRzD7TcVYl1MMf1+R0JvcfFyo429acfmbHClpRAr5I5yN2GvDOaTFLseCBQuwZo/8ESGEEEIIIcRwUEA7go2/3xpmRsZiri/2ID9kEuLmOeFQSr5IG3n+eJ8l+7cN5Z+8isNfNciJhBBCCCGEEINDAS2564wZxYtnf0PTNXmeEEIIIYQQYph+N3fu3H81NDSAT/o2efJkab0DsW5ZJPw/2giPW/nYuaUSbi+FwHOiOUaPAtqbqlF6MBbZGcoljQkIywuBfWUG4tYVwvnV9fB/xA5mvB0lW7642/KMdTg8Xl8D76nW8nJMy/VK5KesRXFemZwgkddtd2kP3jp8L4KiffCQDdsW9kk7Wz53ewSKv6iWF1UwWwTnl9bAx9MBVjzGYpquFiJ7ewzKv1Fd1i31Byx0qMSJeRGoCk1A0FIv2JqxDzpaUfNlGj7cGI8mNmsTfx5RnubS32h1sxCpT4eiVswi+hRilziIGVnVkUk4kCJmunGBzYuJCJzHXvk2MNJ37LZPhEfj4B+xGG4ib/g211fm4/iu51BzSV5EndWLBVgRaAdUZCDl+Rjpu+nL3E2Z2DAbKN4ajE15IpEQQgghhBBicEZGCe04d4QnRcLbXgRMzGgzO3isSmTBojyvYpQdfD/YgWBPEcxympafyoLUAywYm9YVzHImlg7wf/0owjT0BDz6/hC8ELcIriKYldKk5d+Hswj+ZGx7UxMRPKcrmOXMJnohOCkLvhrbvRrDJu4oXlgpgllulDFsPSMR/nqISBhoXnDecQhRgV3BLCd/x6NYtspLpAie+xHNO2BSyhu+zVZOfgharq1r4Uh4zLGDCXtn4jQPHprykBBCCCGEEHLXGxkB7VhzjDdqxOXjW5HE24CGxCC7spV9YA2P4PXyMsrsveBp3YraojTs5MsHru1c3vnxRfIyLHBzezEE9izYbLmag33PByBuHlv2mRhkftPIPjeGfeB6OMoLdxnHtqWtDsX7Y5AYyJdPRvF1lm7kAk+lYM/q9Sj42Bizdefj0Cti3Wy7D+VVowXm8Fy+QwroVLGg+1FrtPxUiEzpb7yx86NKtjxb31Q/jGevtRuny+ti04lK/jeNKH5bnu+clEtnuZT5XZ8dkf5Iu7CNWDjNHLhehhOJofLfBIZiX0YZbvDekQPWw14syln5u8OKvdbmif3Bl2f78FBOJRra5GW624PSL/l+YPu+Ig/FRXKqPljMWoonnU3Zu+u4dkVOI4QQQgghhBimkRHQsgCyIDEAh7Yno4n30luXwYK4fNSwtyYTZ0oBlQq2fNH2IKRujMUNvnzTMRSXyFV8R4+9V3qFfTjceC3cpq+Rufo51FSIqrRXM1C+bi1yf2LvjRzw0BI5uVNTGY6u80D2gQy08HqyV7ci+/DXUnBm66AIlhdh2lRrth1lOLk6Ape/FOtm2315SwwK+LonukC1ErCs/gsWtIeFolz6m2rc2FXC/mXGGmsIgPXPebYL+3/Y/t4WgNKcQjmxqRA1uwNw4ptWwMwBDnPkZK7p+k3pdfzURbB3sJPe8314OXE+DmzW3rVw7dveSGTBb6K+qhtH7pLGmz0YF44Zpg0oP7QdKT+KzwghhBBCCCEGaWQEtLcuozxHrX1qVQn+yWOpUSxIlVO6sOUvHFdr67lbLqXcuVEEWQ7m4DVq26+WoKpbRJWPqqtyKe14Ef92qr2Ii+rtQtm2/ZO/dlZb9oKNDXsxckHQ8R8Qm6c8pcP3fr7MvfiDUmAoa0RVQTLaxZwsBod4qad6qeuACIct325Ywztefbt/QNjDvEdlc1g9xJeRtWyPxYmKVpjY8KrUBXjteDGWxSfAdqIIboeEEYwsLMHLaQkhhBBCCCGGawT3cjwOo5XapvZXexuvinyHrI0xRrxV6BZkGwTjrnawfZaP0ued8NaWNBSUVOOGkTUcPUOw4q8FiI7T1oZ2AOxZgwULgrHq3U9R3WGKKX7h+M8HxGeEEEIIIYQQgzRyA9pALziOZa9Njbghp+jmeqtUEmri4KXSJlTmA/uJvCfhRtRfllN6YrLIBbbstUWqD81Vop6XHt/6Ggd46arGaTpyz8hLDx97UCt9hWrkPqtpm+Xp0G5pYRXtebHIf9kbKX6TWHCbg5o2wOrRKPi4iwUGRTOqc3fgUGkze2+JCVPkVEIIIYQQQohhGhkBrdE4WLn7iFJPF4xfsh9hq2ZKVYaritKk9qs6K8lBOQ/ezGYi+IP3YevkIqdPjITHezvkasF1JSjOlZM7jb0XNtNE509mXrBdlYUVAbx6bSMuZG+V01lg+C3vhGosX/d+OM5RbLt+tUidLplj2nK2/Xqq4lt+iVfttoPvO1lwC/CDiUrPzd25Jp9HGK9irNgnTHtlPsp5O2EYw8RSSuqGD9uzIe8HbHgvQcpHQgghhBBCCFE3MsahHSdm1bRUZiAlSrlTITEOrfo4rNr4peOFDV5S78HddNShaFsQcjvb7op1izl1N4riu9rncvYJWJYcIpcia8LHymXbriCPQ8t7LJ6ObPUgWpuwLGyI4J04qVH5/j3vQ0512yPhk7ER3tZiVp3avpW3W8you86WXaIpH5S3qQ4FGz2Qr8eejmkcWkIIIYQQQkaGEVnluP1mHS4ej0WSSjDbDzmh2Bl7DBdrG9HeIdI6WlFflY/Ml5WDWe1arleiYO9a1WCWq4rBoWdikX2hDk1ah6+5Qweew76PylB7Uw/tgDvtQf6za5F5phL1t0RSD0pTkpGv9h3bbzWi6swe7HxG20OFgRu2hxBCCCGEEDJyjIwSWvSxxHVAiRJatZJVMvzIJbRjUH5gMV46JBIJIYQQQgghBmcE93JMiGanq/mjDyM4P/U2ls6ykBMJIYQQQgghBocCWnL3yfgHynkVaIsZCI87iJMnT2LXII4gRAghhBBCCNEPCmjJ3af5MGJj01Bc3Yw2RdtoQgghhBBCiMEx8Da0hBBCCCGEEELuVlRCSwghhBBCCCHEIFFASwghhBBCCCHEIBl0QBsUFARnZ2cxRwghhBBCCCHkbkIltIQQQgghhBBCDBIFtIQQQgghhBBCDBIFtIQQQgghhBBCDBIFtIQQQgghhBBCDBIFtIQQQgghhBBCDNLv5s6d+6+GhgbwSd8mT54srXcg1s3xXo7Ly8ulaVixT8Cy5BA4GtWhaFsQcnOqxQfkrmA6A0vXR+Pf3exgasTmvz+KBav3yp8RPZqLzYc3wMNczEqaUbw1GJvyxOwdeuxRf6ybbYG2KwV44+NqVIh0Qgzd3E2Z2DDbVMwJ+rhWzduMzPUe4GtuvlaO/D2xSClslj8jhBBCBgCV0A4Ef3c4jmWvo6zh7O0np92RSPh/9ANi807BTaSQ4coUS9/cjPDZIpglw4wdkl4KxcdsSp4hkrQyxxxnC+md0ZRJ8JLeEd2Y441IeX8fnK/y5GEI6JL3A6Hr/++cltiJz7p7bN5Tqsu+9BTemCA+7Ml0b7G8N6KG+BfedIIzntrwDlY+IBIIIYSQAUAB7UDILsHlW+y1ow7lBTly2iCyiT/Pgl8eAGuZUhPEkiPBavikn8drGemwESlDaxn++BCPZBtw7sAmLF+wQD+ls+4JCD5SgdfeG0l5pyeNxUjk+1ma+l462/Yv8UarRpwpl2uXtF35AYXSO/1Y8OgTOPiCf98ClJHitngdBnrP+5Hhtx72+enNweKcYdPWYuitDDVvE4LZOpfHpuEcP32MpsBrkfbAnRBCCLlTFNAOhKoYHAqYhDhfD6puPODsYGtjjtHDpTTUewIs2Uvbtyfw6qFiFtbqiaUd/mBpjNGjxDzpp5to+FW8bRevPfj8i2ws3paOP+m5uvEEGyuYjrkbMrMR127K79rahzqi1S3v9a8a69ixxI+nxdsK8L1I1ebzvE/EsulIKm0UqX1Q1ygHp7c7pNmh0vDVYbx65Bza2PvfW0yREwkhhJABQAHtCFS7cTri5rGAmk9HKqW0G0XxXWlRMVIaGQBjjMBj699u1srzZPiRSuca0fB/0hwZYIpSwoYbTfKboXQ35P1tEa033cQV+d3QudmG38RbQgghZKBQp1A98U3HC696ASwY3Lm9FR5x6+HrYC6VkrVfr0Tu9ggUf9FVAsur+kZ5KrcTa0Tx29ORnStm1ZmFw/XVcDzm7gArUcLYwtZblBaPguP5coKEt6HdCI9xlTgxbz5KRSqmJiAsKQT2Rq2ozduK1C17xAdKok8hdomDFNDu3Nj9c7fUH7DQuhD7drdiwRof2IwF6r+IR8phByx7JwSOZiwY/mYPUtfFo4X/gVhf+X5v5I9/H0G+LrBhy6CjFfWVOfjw5bWoV7lvZZ+v2ghfX3fY8RJGnsSXvVqI/F2xKP9GQwm2dTg8Xl8DbydrmIn90sSWz94eI5ZX7A/5M220fWd47kDY64tgD7Y/X2b785JI1wfRIQrOJiJ482mR2F8sf/NY/oo5baqOTMKBFPYmIguvhblg9NVjSHxmrZxfSqw2FSN6jjXqz8QgZXMGSxH78VY+dm6phNtLIfCcKI7vpmqUHoxFdobyccix/HwxEYHzRL4z0rmQshbFeWVygjqz9fA/sBoeZvruJE10CoViJC7dhL7tbd6m8ym4mzei5H8/wZvXRLIK3tbRG5PFnOTHAiw+omm75WUnlH6C1Rct8UbALEy25AdtB9quX8Gxv32Fg6JwjbeJXOfWSzvSxnNI2lOGz8UsZ3HvJLzy5HQ4WbEdzh9B/taA7wsK8GZpU/caAGPMEBXgjfkPWMBIOtnUqH0PU/MJWP3ETLjbseX5utubUHPhLFJPX8N5lQJVsU/43x+tQ/Dcf8PiaffBlP8fzT+jJLcQb17hZXHdRSwJxaIHgO9z07HuvEgcEr3nvZxHN3Hs3WI0KX9Hvl9KCvDGF+z3TF6UUdonaseGvB70foxpPa5U9b4+JRNccPA/ZsBUw7GklaIjJ313YKfX6yEhhBCiGZXQ9sVYHyz7axz8neSbfW60pQP8X38fzuKmXnch8EmNQ5BnVzDLmbD1+kRE9t4eVCmYrcmK1xzM9tVYRwSukoNZzuqRcKx4XQ5mufEPL4anu/xe4Q+LshD9dFdQg1HGsHJahBXvbBQJQvQORIV4wV4RzHJ8WXsfBMftgL36/uPf6wDb19O6glnObKIXgqNXi7k7Y/OUD+z5dx3rAM/gEDlxJNifjQv8YcLEmXDrFgVHwuNha/bKAtU0HswqGeeO8KRIeNsrHd9mdvBYlQgfT3le5gXnHYcQFaiU74x8LhzFslVauk0K95MfPoyyhueiSDltyDTizT28GmcfAgMdmD44F8nLvUQwy42CkeWDCA5xwWMipT9sH5wlrdfpXrbDFVfrMRaYPC8QuxffB1uRJLmHBWzhgVgwRUswq27Cg0gKfxyePPhVrHu0GWzdHkdchJbtvscSMf+5CMvdRKDHmd4H98C5WMfr2muw/4hcbXZog1mur3k/AfNXPqX6Hfl+mf043phuANXEr5VhOa+q3NdgdjCwaz4hhBAyUCig7YPxD3vB0agRl4/HIzFwEuJCtqL4OvvAyAWuT8vLcMpVfVOLemnzNGcRpvGo9ad8pDzjLf9dYChSUnJw+XqrvIw2LOhb9mc5mL185Dns25YmPugnI2tYjatG/roAZFfxed4utRHFiQE49A3fFmvYzJKW7DTe0hwttYXIjA1l2+6NxF2FuMHSTab6wVMtmLpRVYgT256T9x37nm+9koZSvv/MZmKW0v6TgnwWSNuzmKCl9mucSOTr5vs7AvsyvkZtZ8nvHmQ/La8rbl4G+CbjZiFSpfmuSWPpLFN7uhC1vNOuW5UoylQL7u6ElQeWPjFVGq7ier0+KvvF4IDi+7wt719UZqh8Rz5JpbOSZBSV1LFXO7iFqwXqgf5wZkFly6UcFEk7TMlYc4yXju+tSAph6wyJQXalnO8ewevlZbiwjVg4zZx9ubKuvGHH7L6MMrZtxnAMWK+5NDk7Hxd5O8qOOhQdu4MHL4NGt7aOElMzlu8NOH/iKCLY30V8cBY1vK6l+UR4WsmLKLeJPPYjT+ElhYr/R0zKQcg9E7DmiQel9VZ8+glWvysvszq9ABXsYDCaMgtRSn3t2LrNhPt4oO3aORz8IENaNuL9bJz6iZectuH7bJbWWRpognV+szDBuA01Zz/DmzvldUd88Bk+58uPn4E/uWsI3uxc4Dn+N1wr/bv8N+8exckf2fL3WMHJ2UQsZOiMYPp7I7RVn0VyMv+OGUg9z6/nRpg8+W7qxUsP8spxlR0eptODsNbXTro2EkIIIfpGAW1fNJXh6MssuNu+By08qKpLRvElOWA1+b30orurdZDiM2tXeDw6U0pCUyHqWYB66NkIaG2BOTUOwbwq8NhGlB9gy6aoVwntnxtFaSj4pgzVtfL3avomDdk5Zfj1lhxcq3dG1HQpDSmhoSj/gvf9Wo2Wj0JxQgp+7TDpCWkRWcp87Hw2FKVZOfK+Y9q/jEVxhYb95yuCfBacpkcFoTRH9Ctbl4+a3UFIXaentr+5zyGVd9oVoK/qxiux6+RJnEzbjPDpLPwoO4ztf+m9GuFAqE8rRA17tZrqBxFHSeznusAMdSg+GC9SlLTVoYA/vNiejCYeD9dloPhtts/ZW5OJMzvX4zzbhYVBbNltAV15w47Zmt0Bct6bOcBhjpysoioeR/kDiJHcSVrrNXx+OBux37VIVVIbblzBmSoeSI6CUX8L9Rwmwd6Yras4HzEXG1EjqgDX/LMaMafKWYhqBjulKg6Tx/H3Haj6sgyZN+QOgRqaG5D8j8toZsHYBBulcIIF2k4sY9suFyLmi3qUiIaODTfqkfRRKXgBpq2dhuDtt3oUHTmGVXnX5L+53YLUSz9LH5kZK1WpMHDN353GGx9ewSl+SbvdgZNnv5P2SbcLIenFYez9WzkaRtnhyf/ejUx2ndw11JU0CCGEjDgU0PZF7UVcVGvrWR8rl8Z2lY7pqGotPjxSiRYja3is3IHY3POIei8dbn49jXZ5L7zjw+Fs1orLGWuRuV8/wSwvKbp8WrnkjAXL2VvFe83qLsXKAbmSqqpfpFfVez4f2G7IQtRHFSpDB6m2NRYc78V49nLjQg5q1FduQIzGWsByqIoiqrbiSx6kW3vBM1BOglkcZk1lkdHVQhQViTRlty6jXD3QrCrBP3mpKstLudZlOGylevDW7BhUGgJKTGEP8yqF5rB6iC9zF6r9Dkn/FO+Fa83qrZh142ljKXUwZjE7SGksUjEtcZY/s+w6j260ygG0/SPOWGQqn4QWplaImeMolYw1/ao0MIutFXi4auQ4FwfV1716tvQZ/p8FVGqcc7d+QlG1Wu+5lwql0t3leb3USjEYjfj2y59Ve7VuvKW/YW0IIYQQolcU0A6hppT5SAyJRWbe16i5aQwbJy8s3JCO2Ix02Kq3LZX8gtJcFgTz6p2+a+A4VSQPEybdCmi84Pre+1jh5wKbcX1vQ9XeJsb5MBh7sWbBAgSv2oFPq9tgOvlJhD8zVOMuVuPiZ1+jiR8j3qLNcbA7HFnelJ/Z2q2jKO3GqQ2FREMGDbYxOu7w80XFOP8rC1InuCHiuRApON3/3BPwnMAy8sY5ZJYoBaKUmWQwmIZj5b87w6LjCj7Zskoan3aNIbQ6IIQQYlAooB1qdWko3xKEfUucEMeC2/yrrVLpWuCLi8QCqngQnMJLdi1nYlmctsB3KHjBbRoP4lpxQy6oBezD8YgTD2QbUbo/prMNLZ80tjH+pVEKuKyc/DFsvpYOmqs/xY6Mc1JJjqXVEI67eDwDpXWA2TR/OLN88ZzjgtFNX+Or/TpU9w30giPvOKupUW67iz2o5dWRWcCc+2xXPqpPh3ZLCxM9+LxefrBz7XO5PazG6WO5ui9n+5AzHvo9Ow5vNKBNMc5qewsarhQiKa0Mp5R7Lb52XTpO2y5+pnm9fPqgDJoK9ImaceaqJdmmVphv30tv1neL2VMw0Ygdk+c/QUphNZVyE0IIGRAU0A6VVVl44YN0uAX4wUQRvd2qRPmFX6Qx/0ePvVdO06ApJQLpPCC09MKKvw5NUDvWMhxmE0Up5MRIuO3YAd+J7P3NEhQfkZMx0VwOTNtuor7iotyGdmIIHDdkIehhDTd8OSWQmh3e74eo996H46Oi+rWZF6zC0hGVlCDPq2BBMP+bce5YsCGya1/2hA/bk/UDYrNOwW2YlXJrdb1VOi7g4I+FYSFdPUZrlIGiIha8Grlg1kuRcGb5UnNml9x5liZG42Dl7iPW6YLxS/YjbNVMKe+qitI6S3XLL/GA2A6+72SpHre94cP2fMT2d24xfP2GquR6eGmSqgebY5rPFMzXVnmholpqNzvh0SeQ4GoB6dlQD3ynToJR+88oOpGPLfuPSJ1TLd5xFBEf/4DP1QcDvfYzrrDowmjqY0h+1Aqeoory0DLFk68fxEmpPfpGPDnsexBqw298v463h7+jiVSt2/YPk5C0/AlM520nSJcOuS8G7Qwt7wkhhAwnNA5tT8Q4tON5z7JRvXVI1PuYoZ3jhXJiPFfNGlH09nTkdo5fq2kcWh84Ju3AMh4Y1hVi37Ohne1Ou4+Hq0bp+0jj0Dp0jZcr/y3U5s27tr2X7eY9I2d3tsfsfbxYlX3CmLH1R7P1a+wvVWM+2ME5+RSCeRtRNdrGoVXeP11jsurJgI27GAKf9AR4axjPSX0fSsziEHwkHM5StWF23ASy46Zbu+Se86eF7e8Utr+7/iwSPhkb4c1H/9GE9zT9dGj3Ds2Uj5mKNMQ9Hyu/v2P9GYe2d72OF6syvmf/xiI1fXA29i+cIrWDVaE2duhjj/pj3WwLMadOdTzV4IAlWP5QtzXKmutRUVSIuHNNnaVktlNnI+lJtg1aHmuqjhsrvqcuY5vqbAY27H8bc0VfVLWnX8WKxHPyzCDRnmea8zl4IdvnD6rv8w40XG+GhaXqevp1XEnvNdPruL7iujV049AOfd4TQggxXFRCO1TSduFAThlqbyo9ue5oRX1VPjLXBSgFs9rk4/K6tTjBh1ex9kJo6v6hq36stN1dwSy3B9mb01Ba2yiXLnJtjagqykBqellXmhJepTppyzFc5H+jaPKnWH9KskhQVo3yV+KRfaEOTbzQqw8GbNieAZWB/C17UFDViBa1Pnk0aorFVxfkY6v9UqGGYFa79pt1uHg8FkkqwSy3B/nPrkXmmUrU8/3XVwY3bM/Aa/7uLN499R2u/drzQfv5F9mIPV6KmustgHKVYQ0yC9hy/KS63YG2W2rrNbWC0/xAJCgNxVNz6SxWHSxExS+NaOtl3YPjHP6SXtwZcNvcP0O8G74ysz7DqR8bu/Km+WeUHD+G1SWG1g/AUDO8vCeEEDJ8UAkt0Y0obdNYKkg6SyTGfJuGxesOi8Sh4AOPD/bD376r9L07UUILLSWrw97AlNAaJnPEPPsUPE2rcfKvBUhVbqJ+zygseNwfUdPNAQ0lycPLkyxP18KDbWpDYTyWb/mHSCcDaqBKaJ9+Gx9HzsBvfaqxQnlPCCGkf6iElhB9yquWAkOjhxbi7WUe0FZZdCCNdloN7w/eZ8Es0FKRjfxeS/uJwZtgJ9ptjoLZ741g23llH4XJVlZwv0+uxN98ffiWHJra/RFLN4VghlQrtxbncimgMWQWs5Zic6A8vNSvDVfkRC0o7wkhhNwJCmgJ0atD+Me3vLqnBWaEbcZB3slJ8kr5owHG2wbzMWFfe289fOyNgeuFSH85Bnc2GqoBMPfABr6fpSkTm+eJ9LtJXT1qeA3zMffhsaVLkPzfinFlQ5AU9jjcrVhY8et3+Pgfw3Os2LmbMpG5eyPCZ9uwAKgNtacz8Jez4kMyIPg+l88ZNvHSWZF+x3hpL1vnwbhwePAho9quoPCY9loBlPeEEELuFAW0hOhVMw6/sQlpZ6vR3Mc2vXrX0YjaC8eQ+nxXR2FkhLt9DXFp2Tj1bT2aW5UbWXeg7dd6fH/274jd+xUye+tsdih1tKH5Wjk+SYzAisRPaYiXEUDOz1ew90eRoA3lPSGEkDtAbWgJIYQQQgghhBgkKqElhBBCCCGEEGKQKKAlhBBCCCGEEGKQKKAlhBBCCCGEEGKQKKAlhBBCCCGEEGKQKKAlhBBCCCGEEGKQKKAlhBBCCCGEEGKQKKAlhBBCCCGEEGKQKKAlhBBCCCGEEGKQKKAlhBBCCCGEEGKQfjd37tx/NTQ0gE/6NnnyZGm9A7FuLigoCOXl5dJ017BPwLLkEDga1aFoWxByc6rFB4TcjSLhk7ER3tatuHzkORxKyRfpZCCZTl+KDf/175hxnymMRgFXPlqANXvEh0SPVmLXySBMEXOyKzi6YA32irk7Y46YCH94jv8N3//9E6w73ybSCTF8K5NPImiymBGazyYiePNpMddPkbtw8ml2Vna0oaGmGH/bEY+j34rPCCFDgkpoe2ATfx6xeefh7ysShgN/dziOZa+jrOHs7SenEXK38vXBNGv+xhiOD4/w82HqRvh8cB4bcn9g1yXFNATXJ9OliIsLh4edHMySYWa6Nz5+KZRN3ojq7Rd+gh2mW7JMvMcEkx+cIBKJbuyQJO3vUCTPEElDRZe8Hwid/3/XlDRdfNaNOd6IVF3240gXPCY+1a7r7w7ONxdpQ2SUESwe+CNWvrERc0USIWRoUEBraLJLcPkWe+2oQ3lBjpw24tjBNVlxw16BhYEiebhzT0DwkQq89l6CSNBMflCiHJSwKbcCG46cgk/oIrHU3Wn8qixEZ/2AZdEioTe5+bhQx9+04vI3Q3E+JCBMPS/Z9NpHxQh6MRyjxVJ3zGw9FsZHwtveHCZDHUSG/BHORuy14RzSYpdjwQL9lM7qnPd3k++PSvtZnvpeOvvbbfFGm2vVOH+9A7jdgu+/uyYS9cECMWFP4cOIvgQoI0fbv8SbYaDXvB8JevmOe1crzhk2fXRFpOrBnjVsncFY9e6nqOaVGiw88OTT8keEkKFBAa2hqYrBoYBJiPP1GLnVjc0i4ewAtFRWoh7GcJ67XnwwzFna4Q+Wxhjdn4BjlDFMLB3gvXIHXmCBy93KZKIdrMZCh0BwD/JD2Pkwz2lYVTcePc4aroFxiNZXXob7wW0c0F5biEPPB7Dvy78zn6YjO1csM0j+eJ8l+7cN5Z+8isNf6a85ie55TzSqa0Qzf73NAtVeNSJhfwYWv3tUz9WNzTDhXnMY3RWZeRMNv4q37eJ1qOiU9wPgfAEWb0uXp9ze7k8a8eYesey2T1DSKJJ71YhrN+V3be1DGbU3ozp3B7bk1bL3RjCzklMJIUODAloy/IR7wdmoFeWf7UF5HbvRdfKCvfho5GhE8duKoGQS3no+FplFdWhhn4z3XDO8qrmT3t0sRKoiyAyJUcrLELiZyYvcCZv775VeL2eH4nJFmfR+qIwZxYtnf0OTPgv0iP7cFlFV003osUyK9EQqmW1Ew/9Jc0PnLsl7Relzw40m+c0Qqr4lPUIghAwx6hSqB7xqaJQnWOCxDKUuOxDk5wArfi/X0YiaLzPw4cZ4dF1OedXDENhXZiAuKkakybrWo1aaYhYO11fD8Zi7WC/Tcr0SRWnxKDiuWtokr0O5vQgPiDSXzsjL/oITgbvQ8up6+D9iBzNeasi3+4tUpG1O7v4g+eGN8FkTAs+J5nIJo/iOR9+OR/ffDB/YbliPBY+6wEbcrLffrMaFrD04sTdNTlD2aBz8IxbDrXPdraivzMfxXc+h5pK8SBc7uKUWYOHEMmT6BaBB+i7GKE1xwokjYhFlOq1bx+02WwTnl9bAx7Mrf5quFiJ7ewzKv1E8fRb5Lua0qToyCQdS5Pdajwf23T0+KIA/W5ny8m6pP2ChQyVOzItAVWgCgpZ6wZZvP/uuNV+mqR2HjHU4PF5fA++p1nK+M/y4yk9Zi+I85WAoEv4fbYTHrXzs3FIJt5e68r+9qRqlB2ORnaFe6sn23YuJCJyntA/ZunO7rVv1e+Z27EBwtB8cLY2lz25UHEP6y2tRzzc8+hRilzhI6drx7z8fpWJO098o77Pu+r7dkj6fmyL/eUD7dCj4s3qZ2LfjNJynfTquVGk/ZjSxg+M7WVj2iDnqv4hHSqx+e2uauykTG2azbdkajE15IrG/dMp73hShAEFTgZrjodi3vVB8rhACn4wEeFvXoWCjB/KLeJqcP3aX9uCtw/ciKNoHD9mwY5x9IuX/9ggUf6G2z/uRP/DcgbDXF7HrANvWl9m2drv29JfoFIpXOV7dx4rGE1xw8D9mwLTxHJL2lOFzkayCt3X0tRMzsu9z07HuvJhRJi07DiX/m40z981ChPckWIxhF4nbbWj4rhDvZv+M81KAwds2PgX3Xpo1Npd+guV5ysVxo/CYmxuWz56CCabSRRxt13/AqayvkPpL95JGi3sn4Y2AmZg83kTjI3n178GXf+XJ6XCyYic+X/63BnxfUIA3S5ugcmci9hv49hXcRlSAN+bbW8CI/82NKzh57CxS6+VFVSm+dyPbR5/gzaF80NNr3ottbSjA8s/asG7BbLj/QeyX5p9RlFWAhGqlfS6Ok+7HhlgPej/GtB5XKvqwPiURS0Kx6IEejllNREdOeukUSplYL3WMR8jQohLaXhnDceVRRAV23dxglDlsPSMR/nqISOgPdvOVGocgpZsmjlc79YmIhI2Y7z+2nnR24fYUwSzHt3vOeiyL9hIJgu/7iHpHbp/XWV1WfMcX/pquti12cE5+Hyv8ugIDbvQ4FoiGhsNNzHfy3I9o3oGMyrqNYeXkh6DlGqpjmq2GK7u/ba8sAX9MUXv6Im7wasdeGqod67RuHbebBSTeqWz/zVHNH7OJXghOyoLvgJSg2mG0+L/au93HGcMm7iheWCmCWY59127H4VR2A3+ABfnTuoJZjh9X/q8fRRi7oe9mnDvCk1Tzf7QZC65XJbKbenle5gXnHYfYuaC2D8W6l61SO66EsXNPYR272VcEs9x4p0VY8c5GMTfQdN1ufZyb47ryUqUmZ1+PKx4Qd7XJlR9mmcPjVdW2urGpmtprr8a/sWCWs/IMgav0biSoxsXPvpYe3ti6h4OFM6p8F8kdhLHgs0gKZruMvj8EL8QtgqsIZqU0Kf/fh7PSMdHf897mKR/Y8876xjrAM/hOfhf04FoZlvNqnH0IDPrOHA8tCsC6eVPkYJa7xwgWD81FzNw76ZhnFIID+HofFMGsnGZkOQULwp5G0lSlixhj+gcXJC33wmRLzcGsOtsHZyGZLe90L8tkxfJjLDB5XiB2L74PtiJJxVg7JEUGYsEUEcxy49n2LJ2NYI3/p6Lq7BAHs1xf8/4+N6SGPw73+5X2i+l98HzaCxFdl+lha/8Ruapyn4PZQWA0ylS8I4QMhT78JNztjDHe2hhNFcewT2q7FoCdxyul6oT8ZrHfVWHnsJsvfmf8Uz5SnvGWqyoGhiIlJQeXr7fKyyip3Ti9s3pqalHfGpuYmRmjpSoH+/j62boPiEYq9tOUOx5iN+8RfrAxakVNXjJ2Su0RJ+GtV5JRcJVth6UXFryofMO/Gg9PZb94t8pwtLMtXwCStmWg9KdG/CaWUrDydwdvWlKbF4PEQHndcc/E4FBOJRo0NdkKd5f2afUl8agztxBV7A7WZKoPnOWUTrqtW8ftfj0KPjZs/13Nx6FXxPIhbN151SzvzeG5fIe4oY7BAWldbHq7kAXfDC+lV6SJSXvJoWy002q4/XkHvO9nM21luHBQTu/CAsxHrdHyUyEype3xxs6PxHE41Q/jpWW84PYiOybZjXjLVZbviu/J9knmNzzvjWEfuB6O0rJKxppjvFEjLh/fiiSe/+x7ZlfyY9AaHsFKDxLCNmLhNHbzer0MJxJD5XWz42pfRpn00MExYL2G88EcriwwNLlZiWzxN29tl/eTiQMLNPkiKfPldbFJcWzz0lZFmjwplc5ySn8Td6RSJGqh63breG6q43np8V443HiAU1uC0jNyOtf34+pOHMNXUn4D9UUZuCi90w+LWUvxpDO/cbuOa/qo06hr3h9n5yvvBOx+d3iqPGxh17Un3Nl50Iryv2+VzgsV49gx3laH4v3iWvFMMoqvs3QjF3gqPdDob/7Uni5ELe+s71YlijIz5MThTKe2jjLT37Pg53o5Dn6Qwf4uA2+erga/zJra20HOCuU2kQX4Xko6x66xijR5Ui6dNWUBZ/BDbL03vsOx9Aw5GHs3A8mffoeG20aY/Nh0LBDL8kB3+ZwZsLinDddK/443d/L1ZWDd4bOo4adl6w84lqwU5NwzAWueeBCmaEDFp59g9bvy/786vQAV7AJkNGUWolQLqSWmD83AZONGfJ8n/mZnNkr4BcvYDrN6q0xgKMaYwXRMC2q+kL/j8uRsnOfZMsYO01THiCK9+apaqplj5/06ls6ykNMIIYOOAto+qD8Tj6Tn16JGarvGboK3x6LgJ/Z2rAMc5kiL6O5qnVxN1NqVBSozpSQ0FaKej6X5bIRS1cX+a7qUhpRnn0PNVXbDwtZddbgEUo0p5Yfe7n5wZjfv7ZcysG/LVtyQeoxl819uRf7mfNSw97ZOygFwNZr4ho9lP3wsoJRLO8rQlBWDE2FB3W6em67LvTeMn7oI9g7i7uFqBi4nzseBzer1c7zg+Qi/Y6jExTTFTVYyLvLgit14uoaJJEG3deuy3SygmWotBZYnV0fg8peiSmodW/eWGDnvJ7rgzu5tVEvbXntvPRa6W7Ob5UaUZ2zFRengUFX/BQs4w0JRLm1PNW7sKmH/MmON5ZtsexZE8Y1q+hqZq1m+K9pasn1Svm4tcvl2GzngoSVycid2o1+QGIBD25PRxPOffc/it+W8N5k4U3powDnPdmH/D1t2WwBKc0R1T3Zc1ewOwIlvWB6ZaT4f+HG4M2w+isXftB/PQbkUTIjtHmA6b3d/zs1xXohSykt/JxZAs+DmxJYI+ZyT6HJc7UH2011BnRzsqba7lia15g2yQpbf8gMwvVU35tXqTp7EwbhwzDBtQPmh7Uj5UXw2qDJQVMSPems4P6FcEroervyBVV0h8g9oCNCaynB0nQeyD2SghWfu1a3IPvy1FPjaOiiub3dw3uc+h1TeWV+APqsbDy9t175C8v+UIvMGrz7SgZKS71DFnwSyu4gx0hK6W+BkByMWcBZ99BX2/7Ojs0OjUxe/wseXWO6Y2mBaZ2c7ppjwe/bSXo3P866hRHoK2YHvf7qCkxUsU40tYSs/2ZM5TII9OyQaivMRc7ERNaLdZc0/qxFzqpwF42aws1cpnpc1X0HmB59gXan4m98acOoyr5xshDGDccEaDLebUJHNgtmz8ndsbm3AkUviSnVXdOSlR6V/QcbpajSbz0B43EF2nczE5nniM0LIoKGAtleNqCpUvyksRPVP8lNmRbVCnVWtxYdHKtFiZA2PlTsQm3seUe+lw81Pc7VN3bHA6FisatvKkl+g6Iyx0yw7KWAZPTW8qxqjYvrAT66SZS0vI0vGiRR2c99hDsfAOLyWW4Hovx6F95IQjb+DLSz4P1HRChMbXmWvAK8dL8ay+ATYTtTwaNw+BM4T2evVMpQrbXhVYZl04+k4W7WKqk7r1mm7vWDDS+hYEB10XG2f5KXDl5ei4l78ob8PMzRpa0TthRwcWBeAzP2aeutlx2GBetvnGBziQY2i7aaDObtFY/d7V0ukUm1V+ai6yo9ZY4yX+xfqcusyytV7zK4qwT/584JRivubcNhKdW2t4R2vvk9+QNjDvJ6aOawe4suoqrsUq9YOOw25S3hAplbqOiD6sd16ODfbf8pH6jPqwc0QHFcDwghGFpYsvBgaLXvzUd4GWLkr1ZCJ8MG0sSxYKdqj9ABBSe1FXFQPNNkx/0/+2vmAb6Tkz8CoOf8dTomgUHYLTbxUut/MMPle/gNqAc8ItfFI2RThyqNHC0zovF61oZkXCY+2w2OPWmGyFEWPwmR7Zyxy4le+JjRIVWRknjaW7Ehla5gd1G3dHy9xlj+z1FBduv5nHOwqRJYUfZ4tle4Opyqud6TpCrK+Va3GdP7XO8pMQggZUhTQ9tMYI34jfGeaUuYjMSQWmXlfo+amMWycvLBwQzpiM9K72kkONNUmSn2TE4qUp9fiwPFCXK5rxfiJM+ETnYDXsk7BbapYplM+Sp93wltb0lBQUo0bLEhw9AzBir8WIDpOtZ2ryaKZcgA9cRE2KN9MRs+USvJGK6qodur7uiU6bPfAP6RWK23zm47Utc+hSlunMzpob+u9WmzvutqAyvo5HNGQ699263xuKno55j0cf9OI0ff7IDw+QXrAoMxgCz+Ux13sMMUUv3D85wPis8HWFIuvLvCSdRe4SmNU28HV3QWj28rw5V71jqJ6YG3crWTRYPPHIN3T1Ua1T1qwO68MzSwUnTD7CSS9wIPTECQFuWECL4kt/Rr7lS59YwzzgkUMzewXET7XDqaNxdi7lo/LrYfO8gghOqOAtl94x0U8oL2JG+rN9yyVSzOZqRvhwasfalOXhvItQdi3xIndDMcin7dbtfZC4IvK1XwH0OVfpPaMLd8kdwVX6tOS0O6lHk3HULU9FIdCp+OtwLVyG82xDvCP1tzRT3se+24veyPFbxILQHNQw0tYHo2Cj7tYgLf/fFhTyaoSDdWOud7XraRP212Jel46eevrrvax3abpyFVqGzksXG+VSnB529TubVl9YD+RH4eNqL8sp/Qo0AuOvA1oU6PcLhh7UCtVR69G7rOa9oc8HdotLTyM3MF29+fcrOPVu3ehmB0/Jg4heFqlAzYDPa46yeMuHirlFUMtMWEI29pVHS2Uxqie9gQ7b+3X45Gp7FC9kK2xqr42JotcpAdoLVI9e87Q88fQNKJG6mb4Z5xKltu3aprWdZasj8Kf3B1hersJDddbAEVpcWsDvs87jnV5YgxW4XMpM4Frn/M2v5rXvfjjn6VlSM8sxqs+mnOaMgWTB+uh+3A33Qa85Wx1QSKOSlXTCSFDgQLaXhlj7AOLYMZ7z2R4hy/eH6yRxpZsryxEaZWczn+cW3gNHktXPBbKb3jtYOK3A8veiYSbpbSAqlVZeOGDdLgF+MFE8cNwqxLlF36RgpLRY9XrhQ4QRadLD0ci7PX1sHFyER9o4bsfK9Kz4L0kvHOfoKkS1YWVUuAz2kg1eHdNPo8wXg14WteNfXtlPsp5ezS2b00U+0ZR3bg2Hzs13UgeKJP2i+PsOGlxrs/r5nTa7j34lrfbHTsTwR/sh+Mcn76V3IiAEg7+WBimuQr2gCrJkcbthRnf7vdhq8jLiZHweG+HXGWyrgTF6sO+GI2DlbviO7pg/JL9CFs1UypdrCpK6+xgp/wSLz22g+87WarHrR613JKLWOznHYXzI70ci32k83bf8bm5B9lH5Wry9n7KHU7187jSGR+257xUu0FjTYVhSqe8L9qD0qssLxx84LmU1+yoRtH+ZPGhBizPbBTXCTMv2LI8XhHAH6A14kL2Vjn9TvKHD9uT9QNiNdZSuRu14TfextXcGX+abQ5bLXcauVU8oLwP80NnIeJ+I63Lye7DtClGwD/LkPq3k4hNFYFqcjbWqQ/Bw1VUS+1DJzz6BBJcLeB055Wq9MAZK3d8LLVHz9yxsltHh8MOu6nhtzUWTg8hmP9E3jMK8928EBvoDAu6e1TR1tHbeLQGlveEGBgah7YH3cd+VdJWiRPrlNvI8WFhTiGYd0yipr6uEVYsiFIZQ7LH8RcbUcTH7uwMPHof67Rv45yK9aiNlWuy6hReCHHQ2kGPyvievul44VUv0auuulZczojAod1d1f7kMVTFjLrrhUhdIrf/NHmpABvYDWZ93lqkbDkmf67MjG37cbbtbWU4uiRAKonp67olOm437BOwLDlELqXURMN4w1KP0ekJ8JbabKrqW/5oJn9P7eMOq/Bj33ODlu/ZUYeibUHI7WwvqxgrVcyqaWHfMYV9x65Cr0j4ZGyEt+KBgDq1sVgV54/K8dMbPhRTvI9qLQeJ8ji0PW83d6MoHjs3Ktq+67bd/To3u41DywKtA/ulhwg1WRHYt020i+7XcaXrMaN0veioxFHf+Xrt6Viv49Aq61PeK4nIwmthLnLQqWW/9XbtVD1OmDvKH/m3ov5MDFI266un436MQ9ur3seLVRkrtp9jkQYvXILlD6q0W5CojkNrjpgIf3haaqkerDKeqhUSVj+hOTC93YHm+is4k/2Vylixjz3qj3WztfU8qzZurGIM1x8LsPjInTf90Gwptn0cDmdpt7Sh/MBivHRI+mCQ9JBnmvL5nglIiH68+z6/ze7rmixgobKe/h1X2lXj2LYC7Bdzd2zIx6Ed6rwnZGSjZ2w9uFGQjeKKOtWOL6TOe44hNUy9w5dqlL+yFblVjXIpHdPeVI3ivSxAO/OLSFGStgsHcspQe1MulZB0tKK+Kh+Z6wKUbpgHXsvu+UhiQeTFWrbt3cexV5Ubjw8zClGlKI3k2HY31ZYhe0uQalDIlKYkI/8C24dK/U+032pE1Zk92PmMIgBQVDeuQ/nfNQSzXBPv7Zi9GrnAOVj+EezbugUdtxtVMTj0TCyy1dbfswzkb9mDAnYMtPS2HwdKTih2xqrlpeK4elk5mNWu/WYdLh6PRZJKMMvtQf6za5F5phL1A9V/SFEE0nbnq+bTHdNxu/VybuajKE0ensjWd33XWKf9Oq50NXDD9gwoXfN+fzYuiAO0vKiH0lkNWq5XooBdm1WCWa6f+WNww/YMgsysHJz8th7Nv/V0MWxEwv8cw8Gz1Who7e2iWY+DRaKKcHsL2pTXe88omN77IBaEzUWUUvD1+RfZiD1eihrlKspD6jD2smuwfGgZwWaSh/Ru2Lp9DXF/O4saqWdrPt+B5p/O4eAH2ficatfqyMDynhADQyW0hNy1REkn1EsXCdFOLqEdM/QlDFN3ICxpEexv9XT8aq6VYjgGooTWQE1wwf7QGTD9qRBbjvyA80oBqqmxBWLC/THdHBpKkocZ02jsznwK/LHslSMLsGafnEwG2ACV0Nq9sA+7/Wz6UELLUN4TMmCohJYQQkifna7moaMRnJ96G0tnaavOOZBcYBbwPsL+zIJZo1ZczkmmhzF3gcdc7OV2m6ONcK/pqK5ho8YYYfoDEzFBqibeiAZFFeJhyMLxSUS/5SMFNGgrxz+oMN+AmcLONxobpDZGbWjSOF5YF8p7QgYWBbSEEEL6LuMf0jiwsJiB8LiDUicnuwal7yleo4AP5ZWFdS/5wZ4FMDeKtnZvLjASTQ6S9rM87cJKkXw3Kampk6prGv1hFlZHheCgYkzZF5YgZqELJowBmr8txv5hGtCuTD6JgzvW4ilHHoo3o/xve3G4t36EyB3h+7zzvHlaj92y89Lek5nY/d9PYQrPzoZifPqR/JEmlPeEDDwKaAkhhPRd82HExqahuLoZbb01exwg7U1yO+8U9TawZMRq/u4stnx4FhW/NKJNuZH17TY0//IDio4fRVTWNdSI5GGpow0NP/4Daa88g5cOUFMpgyfyc++b8ei1EjPlPSEDitrQEkIIIYQQQggxSFRCSwghhBBCCCHEIFFASwghhBBCCCHEIFFASwghhBBCCCHEIFFASwghhBBCCCHEIFFASwghhBBCCCHEIFFASwghhBBCCCHEIFFASwghhBBCCCHEIFFASwghhBBCCCHEIFFAa2jsE7As6wfE5hbD189OJBIyuExWncKGPHYcZqTD1kwkjkA2m4oRy77nhvcSMKRfk8774c90BpZu2o3Mj0/i5Ek2Ja8UHxD9movNh8U+7pwysXme+FgPHnvUHx+/FIoPF9vBSaQRMhLM3ZSpdu6wSR/XqnmbkSnWl7l/G6K9TMUHhAwOCmh7YBN/nt3Mnoe/r0gYDvzd4TiWvY6yhrO3n5xGiD6YhcNjRzHW5bDAiQerYgqLFp8rcXZ3gAl/Y+2KaZ5SUp/J55Xm9Q4vkXB72Fp6Z+LEzjvp3Z1KQJjSvpWm1ATxWQ8M7byPPqX6Hdk0/PP7Tphi6ZubET7bDqZGIokMI3ZIYgEqD1KTZ4gkrcwxx9lCemc0ZRK8pHdEN+Z4I1Le3wfnm4u0oaJL3g+Erv+/c1qi/aHkY/OeUl32pafwxgTxYU+me4vlvRE1xHf2phOc8dSGd7DyAZFAyCCggNbQZJfg8i322lGH8oIcOW3EsYNrsuJGuAILA0XycOeegOAjFXjtvT4EKNzDG+HzwXlsyO266d9w5BR8QheJBQaTDzyT4+A/zRpmfbghLy+pRAt/U3cRF4qkpGFv/KosRGf9gGV9Dqz2oPSbOuldSwU776R3Q0SH895+E38oUaznB3GR8P+o6zjtNvUlKB/RluGPD/ETpwHnDmzC8gULsGD1XvmjO6HrNeVu0liMRL6fpSkYm/JEei/a/iXeaNWIM+UN0ru2Kz+gUHqnHwsefQIHX/DvW4AyUtwWr8NA73k/MvzWwz4/vTlYnDNs2lqMZpF+x/I2IZitc3lsGs7x08doCrwWUW0iMngooDU0VTE4FDAJcb4eyM2pFokjjFkknB1YEFFZiXoYw3nuevHBMGdphz9YGmP0KDHfA7PoU9iQFAlve3OYKC1vYukA75Vr4CbmB41vJDwmstemMpyIDUXcPHaMielAiryIspbd85HIPw8JRU2TSBzmTCbawWosMFrM90XtZg9pHyQ+HwP9fM0YHOjctxmoEqm90uG8H38/fyhhLOaGSMr8zuMn7kilSBzBvCfAkr20fXsCrx4qZmGtnuhwTSE9uYmGX8XbdvHag8+/yMbiben408fVqBBp+jDBxgqmY+6GzGzEtZvyu7b2oY5odct7/avGOnYs8eNp8bYCfC9Stfk87xOxbDqSShtFah/UNcrB6e0OaXaoNHx1GK8eOYc29v73FlPkREIGAQW0ZPgJ94KzUSvKP9uD8jpe3dML9uKjEcE3HSuWyFV2mypycKgzgAxA0rYMlP7UiN/kJQeP470Yz17qv0xF6Rf6LJMgI8rNQqR2BuRKU1SMWOAuNcYIvHz2t5u18jwZfqTSuUY0/J80RwaYopSw4cYweOJ5N+T9bRGtN93EFfnd0LnZNvj3MOSu97u5c+f+q6GhAXzSt8mTJ0vrHYh1c0FBQSgvL5emgcDb+kV5AsVvL0Opyw4E+TnAit+1dDSi5ssMfLgxXqnUhreNC4F9ZUa3m7uu9UxHdq5I5MzC4fpqOB5zF+tlWq5XoigtHgXH8+UEQV6HcluUxu7rE+Rlf8GJwF1oeXU9/B+xgxl/KMy3+4tUpG1O7v6gkld/XRMCz4nmcmmA+I5H345H998jH9huWI8Fj7rARvSU036zGhey9uDE3jQ5QdmjcfCPWAy3znW3or4yH8d3PYeaS/IiXezgllqAhRPLkOkXgAbpuxijNMUJJ46IRZTptG4dt9tsEZxfWgMfz678abpaiOztMSj/RlFKJvJdzGlTdURR0smrUxcgaCrL60tpSFod24eHxnYYHxqHhUEssLcUJW9tLH9KuudPv/Ke420eWZDdtZ2a8GqnG+ExTsxyPMB5OhRab+PFceXB8kdREt3eASmvuv9fLF9eTETgPKX8YedDbspaFOeVyQkSsR117FxLaYT/iyFy/rNP2puqUbT3OeQfF8uL79WzSpyYNx+lYk5jnmo4rzux48Q+Ogq+7DixGdeVP7UV7Djcsha1cq1lDbRfMxT6et53X06DzrzqOgZrjodi33b1Bxgh8MlIgLd1HQo2eiBfqlIu9jl6yW9N+nJsPbwe3hHsOHHqqvLefrMO357ZhePb07ods6Pn7UBwtJ90Pmgqcdf4f3nuQNjrLK94fr/M8rvb9eEO8A5R1nsAZxMRvPm0SOwvHa8pEVl4LcwFo68eQ+Iza+WmAEqsNhUjeo416s/EIGVzBksReXkrHzu3VMLtpa7rPj9/Sg/GIjtD9fen7+emEjN2/TmwGh5mdSjaFqTHGkW8U6gN7FgsRuLSTejb3uZtOp+Cu3kjSv73E7x5TSSr4G0dvTFZzEl+LMDiI5q2W152QuknWH3REm8EzMJkS+nmAG3Xr+DY377CQVG4xttErnPr5dxsPIekPWX4XMxyFvdOwitPToeTFdvhvOjhtwZ8X1CAN0ubutcAGGOGqABvzH/AAkaaTgi172FqPgGrn5gJdzu2PF93exNqLpxF6ulrOK9SoCr2Cf/7o3UInvtvWDztPpjy/6P5Z5TkFuLNK7wsrruIJaFY9ADwfW461p0XiUOi97yX8+gmjr1bjCbl78j3S0kB3viC3cfKizJK+0Tt2JDXg96PMa3Hlare16dkggsO/scMmGo4lrQS1y3T74/qp4mEgl6vh4T0DZXQ9soYjiuPIiqwK6jBKHPYekYi/PUQkdAf7KYxNQ5BSsESx6uc+kREwkbM9x9bTzq7mHiKgIbj2z1nPZZFq3Vz4fs+ot6Rq79KQSEnvuMLf01X2xY7OCe/jxV+XTc23OhxLBANDe9eVdZzP6LjwuGhsm5jWDn5IWh5pEhQYrYariz+aK8sAX9MUXv6Im7wasdeGqod67RuHbeb3fR5p7L9N0c1f8wmeiE4KQu+/W6fuBrTWCDBqyEVbOtbMGsbn4UXVvp0BbOcUVf+dO9luG9575aq1AZSBH32S5TS+PSRev7rwC8d0X/uXq26M69UeMF5xyF2nqnlDzsf/F8/imWrNHTNMtEf69hxy4NlxT3caDM7eEfvgNsgFunbvPomwvhxpQhmOZY/NtMWISrp/aHtHVmjalz87GvpYZyte7jcuZcy30WYxvvCulqIokFpH80CrE2r4aPWfnv0OGu4BsYh/CUfkSLw44oFpo5aglltbJ5i5xDvWGusAzyD7+TaPczsz8YFnpkTZ2o47tn5IXVsxgLVNB7MKhnnjnDR7EFxTvLzx2NVInxUOnrrx7nJhfvJD79GWcNzkYZr/aBqxJt7eDXOPgQGOjB9cC6Sl3uJYJYbBSPLBxEc4oLHREp/2D44S1qv071shyvu0sZYYPK8QOxefB9sRZLkHhawhQdiwRQtway6CQ8iKfxxePLgV7Hu0WawdXsccRFatvseS8T85yIsdxOBHmd6H9wD52Idr2uvwf4jcrXZoQ1mub7m/QTMX/mU6nfk+2X243hjusYfreHlWhmW86rKfQ1mBwO7HyNksFBA2ytjjLc2RlPFMex7PkCqFrrzuNwhjpVn70/RtZrDbhp5pPBTPlKe8Zar7QWGIiUlB5evt8rLKKndOL2zel9qUd/aVZiZGaOlKgf7+PrZug+UyH9nz260u7DAOsIPNkatqMlLxs4Q+f9465VkFFxl22HphQUvKt+wrMbDU9lF6lYZjkr7gy+vvaqslb87rNhrbV4MEgPldcc9E4NDOZVo0PRgN9xd2qfVl/bI87mFqGI3ayZTfeAsp3TSbd06bvfrUfCxYfvvaj4OvSKWD2HrzqtmeW8Oz+U7RCCg1Cby7UIWfDO8xE2RJqbO0iJfO0j95t6sRlVfGlD6JiBIKnlrROl+xffk252DGv4def6s6d6JVN/yXld7kP204jvFo1i0kdKMH1desGL3AfUlaV3HeEgEMsW2qAjbiIXT2Pe8XoYTiaIKNtvufRll0gMNx4D13c81FjSaseO2Kide3i/PJKOUb5ORAx56Ql5EuS2n4rzhJVuKNHlSLp3ldGzn2nET9RdycGhzBN6S/sYbiYkif+53h4e7vFh/9PW8V17uhNRklZfkKr6DmJRLVo+z456XHLPt81Trpdr+CXeMRyvK/761W2kfxnkhSvmBh5jutAfj9qY6XMxJRqri3OR5n8PPNTno5tXhZV7wXOolbV9tUZq4XimdD22VOPqs5pLg2tOFqOUda92qRFGmWnB3J6w8sPSJqeCDVFyv10dlPx2vKUhGUQnPTDu4hasF6oH+cGZBZculHBSpH8hjzTHeqBGXj29FEt+P7PqWXcl/e6zhEaz0ALE/5yaXnY+L/HzsqEPRMXE9H9Z0a+soMTVj+d6A8yeOIoL9XcQHZ1HDf0zMJ8KT/zgxym0ij/3IU3hJoeL/EZNyEHLPBKx54kFpvRWffoLV78rLrE4vQAU7GIymzEKUUl87tm4z4c5OkLZr53Dwgwxp2Yj3s3HqJ+mEwPfZLK2zNNAE6/xmYYJxG2rOfoY3d8rrjvjgM3zOlx8/A39y1xC82bnAc/xvuFb6d/lv3j2Kkz+y5e+xgpNzt0diBsoIpr83Qlv1WSQn8++YgdTz/JprhMmT76ZevPQgrxxX2eFhOj0Ia9k9Dw3gQwYDBbR9UH8mHknPr0VNBa9axX7Et8ei4Cf2dqwDHOZIi+juap1cXdnaFR6PzpSS0FSI+iPP4dCzEbpV6dOi6RILJJ59DjVX2Y8ZW3fV4RLU8w+Uf6/c/eDMAuv2SxnYt2Urbojqke1fbkX+5nzUsPe2TspBUDWa+IaPtcM0FlDKDzLL0JQVgxNhQbgozXdpui5HPeOnLoK9g/gVvpqBy4nzcWCz+k0Ou1l9hJcUVuJimuIHOBkX+U2WkQtcw0SSoNu6ddnuRZg2lYWdbWU4uToCl78UVerq2Lq3xMh5P9EFvVVk1Qd7tq38Zr4may1OHMhAi3TQ8O1+Dvv2yqVsNlP9u5Wy9SXvS6OUbpBFxz3dgj1dq5cqdJbyHcO+l2NRz7eDq8vX+CDDebYL+w51KNgWgNIcUQWWbXfN7gCc+Iblv5mmc60R5Qeew4HEPfJ+uboVBdKNPbSUAg+M2lhvpKx9DpfP5IsSdxaI5TyH0qv8vTFMtJRgDK0MFBXxPLGG8xPKQdB6uPIHP3WFyD+gOAcH2h7khnngaOJW1ErXWIbnfWIh/snfj2X7UErkXDCel/p1VKJgY6y4XsnnQ/4Ffp24F3baTszc55DKO9YK0Fd145XYxcddTNuM8Oks/Cg7jO1/Gax9pqo+je0v9mo11U96yKdgP9cFZuy8Kj4YL1KUtLHzLTEAh7Yno4nvR3Z9K35bvuabTJzZuZ7+nZtMVTyO8gdgI7kDw9Zr+PxwNmK/a5GqpDbcuIIzVfwCNwpG/b0GOUyCPTsFG4rzEXOxETWiCnDNP6sRc6qchahmsLPvKiqfPI6/70AV+53KvCF3CNTQ3IDkf1xGMwvGJtgohRMs0HZiGdt2uRAxX9SjRDzJbbhRj6SPSsELMG3tNARvv9Wj6MgxrMq7Jv/N7RakXvpZ+sjMWKlahYFr/u403vjwCk7x5zq3O3Dy7HfSPhnUH5QR4TD2/q0cDaPs8OR/75bGp9011JU0yIhHAW2vGlFVqB4cFaL6J7m0ZHR/r+VVa/EhCyJajKzhsXIHYnPPI+q9dLj5aam+pTN2s38sVrVn1pJfoOjsr9MsO+nGZfTU8G6lLrEf+MlVm6zlZWTJOJHCAu8OczgGxuG13ApE//UovJeEaKz+18KC/xMVrTCx4VV1C/Da8WIsi0+A7UQN3bnbh8CZ97R7tQzlShteVVgmldQ4zt4oJwg6rVun7faCDS89Z0F00HG1fZKXDt/7+TL34g/9fZihg/FmvMpOHapOq7dpY45cZp8wZuZKJVhcH/N+IIlOpm5cLeleytdNOGyles3W8I5X398/IOxhvg/MYfUQX0bJzYso2K+6X26IhxyDireFjz8lDQmkvN0LB+OJxx1o2ZuPcnbvbeWuVNMkwgfTxrKb56I98gMQdVo6hdJUIqoT3hZebQirWI3tSH9BCy9lHeUA703rYSZVd2BB25L98J3Gj5ObuDFEnSobjbWA5VAVRVRtxZc8SLf2gqdimDOzOMziDye0VR2/dRnl6oFmVQn+yU8hdv8uXxf7eW7eLWq/Q5L01KXLteber3g98bSxlDoYs5gdpDQWqZiWOMufWXa1yb3RKgfQ9o84Y5GpHHhZmFohZo6jVDLW9KvSwCy2VuDhqpHjXBxUX/fq2dJn+H8W6Da0+K2fUFSt1nvupUKpdHd5nvaaI4alEd9++bNqr9aNt/Q3rA0hZEBRQNtPY/QwLEZTynwkhsQiM+9r1Nw0ho2TFxZuSEdshqZ2kQOkPw8ec0KR8vRaHDheiMt1rRg/cSZ8ohPwWtYpuEntQ5Xlo/R5J7y1JQ0FJdW4wQJ4R88QrPhrAaLjVB/ZmSyaKQfQExdhg/KNU/RMqYRmtIOXWrXjvq9bosN2awrO9aKyUQ40x9nBXmM9PU1a0HJdvDUw7W19CTANeViSSPj+VbSF5+0zDUlTLL7ipZpmLnCVgiA7uLq7YHRbGb7cO4g9Xfum4wXRFl65rbVmx5B/mNdMYNfLOauxLoNfI7KwLtoHNuxO/0ZRWveqtQNmL9YsWIDgVTvwaXUbTCc/ifBnND1MGwyKdtHGcPReLScFu8OR7ZPyMxqqjms1Tu0hLQ0ZNNjG6LjDzxcV4/yvLEid4IaI50Kk4HT/c0/AcwI/Ic4hs0QpEKXMJIPBNBwr/90ZFh1X8MmWVdL4tGsModUBMWgU0PYL77hIS2mApXJpJjN1IzyceujhsC4N5VuCsG+JE+JYcJvP261aeyHwxTtp66iDy79IbbRavknuVurSOS0J7V5a03QMVdtDcSh0Ot4KXIvMbxqlKtj+0aqlqArteey7veyNFL9JLACV27tZPRoFn872hV5we7iXm0EN1Y653tetpE/bXYl6Hofd+lqpLaX6NB25Z+SldVKVjyqpWJV3vtJ7HZwW/vCdd2i1SEPJ/RJHuT1uXbVeqqjr1a+tUvVbM0tHeV7BLBJu3c6HPaIn4GrkPqtpX8vTod3SwsPLEn+4SQOQViN/m6INrTzJbVmHt6qjhdJYz9OeYMe//Xo8MpWdIheycVGleH9gKarVt1zNEf0UKPahpvbLXnD159VoG3HjunyMce23eFvQWKRsHPy7pubqT7Ej45xUkmNpNYTjLop20WbT/OHMm2/MccHopq/x1X4dqvsGesGRP5hpYvtXSjDgc9NAfS79+ADXPpfbw2qcPpar+3K2Dznjod+z4/BGA9o6T4gWNFwpRFJaGU4p91p87bp0nLZd/Ezzevn0QRkGpS84QzfOXLUk29QK8+17uNe7m8yegolG7Jg8/wlSCquplJsMCgpoe2WMsQ8sElXbgNFOq+H9wRq4mbHfjMpClHbecTXKwYelKx4L5cGoHUz8dmDZO+wGXlMbulVZeOGDdLgF+MFEURp7qxLlF36RbtJGj71XThtoik6XHo5E2OvrYePkIj7Qwnc/VqRnwXtJeOc+QVMlqgsrpRug0UaqF3TX5PMI49WAp3UFZO2V+Sjn7VDZvu1sX6ioblybj50abpjiDpRJ+8Vxdpy0ONfndXM6bfcefMvb7Y6dieAP9sNxjk/fSmwVN9gO/lgYprkKttR28UyltNz4Rzbihfd2dG2/mRfMAhKw8MBRuMopKC+Rv7dtwA5pnfKx4oLxYemIWjlT6kG3vCiZJw4vX1RKQbbJw+FYqHw+pG+Eh4bzofwSv+m2g+87WarnhB613OINo9ihNu8onB/p5Tjvq/9nLrfvvFWHmgtyvvJrhFv8KXj3uQRev+SHIOaYtvx9LdXvlRTtkdr6jnbwgedSXkOiGkX7B/d4Mh0r13ZpqatE/U+8DS0LWNl54P+Bv4Yqx4vg5mSM9quF+PDtDUgRAfBbAdNxSMPwPir4sD28WrjGmiTDVJ+uKQqiXbSRC2a9FCldT2vO7NLeqZnROFi5K65t7JqyZD/CVsnXlKqitM5S3X6fm3zYno/Y/s4thq/fUJVcDy9NUvVgdm76TMF8bZW8KqqldrMTHn0CCa4WYId7j3ynToJR+88oOpGPLfuPSJ1TLd5xFBEf/4DP1Xs7vPYzrrDowmjqY0h+1Aqeoory0DLFk68fxEmpPfpGPDnsexBqw298v463h7+jiVSt2/YPk5C0/AlMV237Qzrk31ztDC3vyXBG49D2oMexHdsqcWKdcucifFiYUwjmbZbU1Nc1wooFUSrjR/Y4PmYjitiyuZ1jTfY+LqHyuIvydmsY91bLuJcmq07hhRAHpY5XVKmM6cirB77KexnVpBWXMyJwaHdXdUU+NIzWtoTXC5G6RO50yOSlAmwIsEN93lqkbDkmf67MjG37cbbtbWU4uiRAKkHq67olOm437BOwLDlELq3QRG0fykLgk54Ab6nNmSqVfQgfFozvQNBUbU9zlcdF9WHf8332PTXf1bRUZLCb+pjO9rK65n2nvowV2uuYrsrbre18YPu6shGODtZq/1ckfDI2wlvxsEGdyni3PYyJ2tP34MM8xfuo1qCQqI5D2+uYrsrbwo6TsPfYflWppqlMddxYndat43nfKSwLGyJ4Rz5qVNatRDGOKX+v7fjoaZ93I5ZVHq9YzY2ieOwUpakmLM/WsTzTGqypbPdGBOVEwlXL/m6qLUNBynMo/qJ7qaTyvu8ak1VP5g3UuIt9vaYIZnEIPhIOZ2n/sOM6kB3X3Urbe86fFnYMpLBjoOvPdDk3lShfLyrSEPd8rPz+jvVnHNre9TperMr4nv0bi9T0wdnYv3CK1A5WhdrYoY896o91sy3EnDrV8VSDA5Zg+UNaTojmelQUFSLuXFNnKZnt1NlIepJtg5biDNVxY8X31GVsU53NwIb9b2Ou6Iuq9vSrWJF4Tp4ZJNrzTHM+By9k+/xB9X3egYbrzbCwVF1Pv44r6b1meh3XV1y3hm4c2qHPezJyUAltD24UZKO4og5NvBMShbZG1F44htQw5WCWq0b5K1uRW9XYWUrAB6kv3ssCtDO/iBQlabtwIKcMtTeVnmB1tKK+Kh+Z6wKUgtmB17J7PpJYEHmxlm27Wr8P3eTG48OMQlQpVffj281vJLO3BKkGhUxpSjLyL7B9KJUayXj1wKoze7DzGcVNkKK6cR3K/64hmOWaeG/H7NXIBc7B8tP+vq1b0HG7URWDQ8/EIltt/T3LQP6WPShgx0BLj/sxHxdXB2Dn3nxcVt7nYnvyd+1SGkYmH6VRz+HQmUrUKx2H0jAnx2ORpBTMDi/8fNiAoxe6vl/79Up5X3+jqV3tHuQ/uxaZat9Tr4oikLY7X/UYuFP8OEnJkdapoBiC5sAZqa7m4DvwHPZ9pHZt6YliHFNmKEr7W1LWSkNt1SudZ/J5sBUF3aKkeOTlVsv5x84XuTS6i5mNC/zj0uGp4SnAgA3bM6D6ek0RFO2imfZLhRqCWe3ab4prikowy/Xz3DS4YXsGXvN3Z/Huqe9w7deef1Q+/yIbscdLUXO9BVCuMqxBZgFbjp8QtzvQdkttvaZWcJofiASloXhqLp3FqoOFqPilEW29rHtwnMNf0os7A26b+2eId8NXZtZnOPVjY1feNP+MkuPHsLqkL31GkC6Gl/dk+KISWkIIuZtN3YGwpEWwv9WX0tchJmpamFUdQ8ratbihHHlNXI+FO1bDbZyW0suBJEokxnybhsXrDovEoeADjw/2w99etWaAKl1K24ejgSmhNUzmiHn2KXiaVuPkXwuQqtzh8D2jsOBxf0RNNwc0lCQPL0+yPF0LD7apDYXxWL7lHyKdDKiBKqF9+m18HDkDv/WpxgrlPdEPKqElhJC7Em+r+j7C/syCWaNWXM5JHvbBjc1cV7nZgJExzOyVOkqz9oHNnJmwk5oINKL+spQ6ePLkjtmMHlqIt5d5QFtl0YEk9+/wPgtmeVOEbOQPYi0fMkQm2Il2m6Ng9nsj2Hbe0Y3CZCsruN8nNzxovj58Sw5N7f6IpZtCMEOqlVuLc7kU0Bgyi1lLsTlQHl7q14YrcqIWlPdEn6iElhBC7ird21Aqt2kd1rS1D1bSdGEPUtbG485GA9WVKZYmHUS4cltGfZd6aNGtXfb1Qux7JhQ1Wqsbj5ASWqWvzEI2FG8NxqY8MXu3uGcCEqIf77njqF+/w8H/+QqZfWyBMJjmbsrEhtmKnoDaUHv6PaxJ/JR6xR1Aqvtc0Me1SlHaK2bRdgVH167B3h/FvBrKe6JvVEJLCCF3KUVb7KEY7qZfDjyH1F05Unt/lTalUvvzShTsXYukQQ9muWYcfmMT0s5Wo7nPbe71rEP07/B8T8EsGVFuX0NcWjZOfVuP5laVEwJtv9bj+7N/R+ze4RnMdupoQ/O1cnySGIEVFNCMCHJ+vqI1mO1EeU/0iEpoCSGEEEIIIYQYJCqhJYQQQgghhBBikCigJYQQQgghhBBikCigJYQQQgghhBBikCigJYQQQgghhBBikCigJYQQQgghhBBikCigJYQQQgghhBBikCigJYQQQgghhBBikCigJYQQQgghhBBikCigJYQQQgghhBBikH43d+7cfzU0NIBP+jZ58mRpvQOxbi4oKAjl5eXSdNewT8Cy5BA4GtWhaFsQcnOqxQeEjAwmq07hhRAHmNQVYt+zoahpEh+QYcN0+lJs+K9/x4z7TGE0Crjy0QKs2SM+JHq0ErtOBmGKmJNdwdEFa7BXzN0Zc8RE+MNz/G/4/u+fYN35NpFOiOFbmXwSQZPFjNB8NhHBm0+LOUIG0lxsPrwBHubsbXMtyv/+AWLf/wea5Q+JnlEJbQ9s4s8jNu88/H1FwnDg7w7Hsex1lDWcvf3kNEJGEGd3FszyN9aumOYpJQ1r8nXiB6VpmF0z9M10KeLiwuFhJwezZJiZ7o2PXwplkzeievuFn2CH6ZYsE+8xweQHJ4hEohs7JEn7OxTJM0TSUNEl7wdC5//fNSVNF591Y443IlWX/TjSBY+JT7Xr+ruD83mkYKB80/EC/71ITRAJd84sZD/CjlTgNeXfo4/SYSM+H1DRp5R+A+UpLFp8Rtjvpg2cA1/GOyvsRALRNwpoDU12CS7fYq8ddSgvyJHTRhw7uCYrLooVWBgokoc79wQE8x+T93r+geoeAKlNeviBs99UjHU5xQYZWJWXVKKFv6m7iAtFUpIWq+GTfh6vZej7BzsBYZryRUwvxEeK5e5SIX+EsxF7bTiHtNjlWLBAP6Wz41dlITrrByyjm6Duvj8q7Wd56nvp7G+3xRttrlXj/PUO4HYLvv/umkjUBwvEhD2FDyP6EqCMHG3/Em+GgV7zfiTo5TvuXa04Z9j00RWROkItOYqoVT6wtzTGaJE03A2na/4Y24cw//+zFkl/S8R7H/8X/EX6nTmNTUvZsRe+CWnneU1VI0zxCmJ3uGQgUEBraKpicChgEuJ8PUZudWOzSDg7AC2VlaiHMZznrhcfDHOWdvgD/zEZBqVW4++3hpmRsZgzLC275yNxHjvGQ3qrbmwHWxtzjObB1RCq3TgdcXx72ZRa1ChSR64/3mfJ/m1D+Sev4vBX+mtOYjLRDlZjYTA3Y8NWXaNcpe02C1R71YiE/RlY/O5RPVc3NsOEe81hdFdk5k00/CretovXoaJT3g+A8wVYvC1dnnJ7uz9pxJt7xLLbPkFJny+djbh2U37X1n43RO19YQe3J2aysw6o/yIZSSHy75E0PR2KWnmhgZUyv+v/PFIpEns2HK75Y6a54t+3voFtySvw7w/fj7EDcf9WX4zDr/wN53hhlJmlWhMSoi8U0JLhJ9wLzkatKP9sD8rr2EXPyQv24qORQDkAUlz4bxTFd6VFxUhpZIhVZnTlidK0c+Pd3Vh0zCj+BOE3NOmzQI/oz20RVTXdxAgvkxo+pJLZRjT8nzQ3dO6SvFeUPjfcoA4WZH6wsWYvbWXIj92KJnbfRPpiNLz+IxTzHX6PMR2/oiLnSwxcMdF1tP0m3pIBQZ1C9YBXDY3yBIrfXoZSlx0I8nOAFb+X62hEzZcZ+HBjPLoup7yaYgjs+U2wWkDStZ7pyM4ViZxZOFxfDcdj7mK9TMv1ShSlxaPgeL6cIMjrUG4v0th9fYK87C84EbgLLa+uh/8jdjDjT534dn+RirTNyd0fJD+8ET5rQuA50VwuYRTf8ejb8ej+m+ED2w3rseBRF9jwR4JM+81qXMjagxN70+QEZY/GwT9iMdw6192K+sp8HN/1HGouyYt0sYNbagEWTixDpl8AGqTvYozSFCecOCIWUabTunXcbrNFcH5pDXw8u/Kn6WohsrfHoPwbxWVP5LuY06bqyCQcSBEzyni7kyUOUkCrOVCS12/BPk/5uyuCo/3gaCmXvLZfL8PxLc/hotiW7seIBjcLkar+xFaXvOf7hB9T7uyY0lQyqrR+5eM+t2OHyrbfqDiG9JfXor5z/ZHw/2gjPMaJWU7TtmpaToPO/em5H9HxPrBq+hoHAoNQJT7vFJGF18JcgEtpeGt1rEjUfi73Ruu5rmT0vAT4LvfHNLa/Tfj+Zvh5X3x0F/LTj8kJnewwPjQBQcHusB2nqcRd03XADo7vZGHZI+ao/4IdN7H6DcDnbsrEhtnsO24NxqY8kdhf4vjvWSVOzJuPUva9XJMLEDQVqDkein3bC8XnCiHwyUiAt3UdCjZ6IF+qri7npd2lPXjr8L0IivbBQ7xUn33SzvZ57vYIFH+hdgvTp/NejecOhL2+iF0H2La+zLa127Wnv0SnULzK8eo+VjSe4IKD/zEDpo3nkLSnDJ+LZBW8raOvasW373PTse68mFEmLTsOJf+bjTP3zUKE9yRYjGEH7u02NHxXiHezf8Z5KcDgbRufgnsvl6Dm0k+wPE+5OG4UHnNzw/LZUzDBVLoAoe36DziV9RVSf+le0mhx7yS8ETATk8ebaHwkr/49+PKvPDkdTlbsos+X/60B3xcU4M3SJqjcmYj9Br59BbcRFeCN+fYWMOJ/c+MKTh47i9R6eVFViu/dyPbRJ3hzKB/09Jr3YlsbCrD8szasWzAb7n8Q+6X5ZxRlFSChWmmfi+Ok+7Eh1oPejzGtx5WKPqxPScSSUCx6oIdjVpPIXTj59JSh6RRKcU15hF1TeB8oHN/N/HDX8Dszet4OBK7sulahrRGXc7Yic3ualkoA4ncRmn4zlbF7n1Ub4evrDjtF1WR+z8Sub/m7YlWvb+La3P3epQ//l9a/ZXS65qvT/2/bmNAViJ35E/737U9R8X+P4+WPn8Rk/Ijji/+CbLGMfogOolCMxKWbQN2S6R+V0PbKGI4rjyIqsOvmBqPMYesZifDXQ0RCf7Cbr9Q4BCndNHEmlg7wiYjUQ5tAtp50duH2FMEsx7d7znosi/YSCYLv+4h6JxLe9iKg4cR3fOGv6u0T7eCc/D5W+HUFhdzocSwQDQ2Hm5jvxAMK3oGMyrqNYeXkh6DlGtoimq2GK7vWtVeWgD+mqD19ETd4tWMvDdWOdVq3jtvNLtreqWz/zVHNH7OJXghOymI/CCJhkIyftgYvsBtmRUDIjbZ0QdCmhDs7VnTKex+4JYljSlMwq8XYuaewTm3bxzstwop3Noq5AVS0B6VX2auZC1yXyEldWN57urAf9VZc+EwRzA60BCxj1w1+zCqCWY6f994rE7FwiWqQYRa9H1ErvbQEs9qsxr+xH3zOyjMErtK7kaAaFz/7WnqIaOseLnccpsx3EabxUgp2c1ak1vZ69P0heCFuEVwVN4g8je1z/9ffh7PS9aC/573NUz6w5zeqYx3gGXwnvwt6cK0My3k1zj4EBn1njocWBWDdvClyMMvdYwSLh+YiZu6ddMwzCsEBfL0PimBWTjOynIIFYU8jaarSScKY/sEFScu9MNlSczCrzvbBWUhmyzvdK4I2bowFJs8LxO7F98FWJKkYa4ekyEAsmCKCWW48256lsxGs8f9UVJ0d4mCW62ve3+eG1PDH4X6/0n4xvQ+eT3shQpdLzRDZf0SuqtznYHYomUXC94Md8jVFEcxyqod2J5OwLOm3XvlaBSNzOAbGYd17CV3XPUWnUtIkHvKO80KUUn8PfFLpmCl6B6JCvFTb2fJ7JnsfBMftgL3KtXA40v9v22/p+/DGeh7MioRBYACnmEHqw0/C3c4Y462N0VRxDPueD0DcvADsPC53WsNPqH5XhZ3Dbr54tPBTPlKe8ZarMwaGIiUlB5evt8rLKOlPOz0zM2O0VOVgH18/W/cB0UjFftoi6VXGAusIP9gYtaImLxk7RduLt15JRsFVth2WXljwonIAvBoPT2Wn460yHJX2B18+AEnbMlD6UyPUa1RY+bvDir3W5sUgMVBed9wzMTiUU4kGTU22wt2lfVp9STx5yy1EFbuDNZnqA2c5pZNu69Zxu1+Pgo8N239X83HoFbF8CFt3XjXLe3N4Lt8hflhicEBaF5veLmTBN6OhqqrG0lldmJnDrKMOpftj8BZb31uvHEMV/47jXDFtjryI8jFyQqrJzEvvVLdDtT2NjnkfuAY+DmwfNlUiOzFUXh/b35nfyMfVjS/iNbTXMYerpwNMbnb9zVvb5f1k4uCllKd7kP20YjvjUSzaSHWnvFyGXOLKS3Kl+a6pq7SbBTdnytDOzuNpc+NEmmC/Hm78QXEtW+a4nKTCIUTlxkCe7rwH43a2L4oztiJJcd6z40reh3wbw+WFJKvh48d7fG7E5ePx8jHOrxH7v5aPs+v8e2sqCT6Gr0Se1Bdl4KL0Tj8sZi3Fk86m7N11XNNHnUaldleK6xp/qq9IkyelJ/XH2fnKq9Pd7w5PtR6w7Z9wx3i0ovzvW+VOxZSNM8f4tjoUs/NH2o/PJKP4Oks3coHnqq5jvO/nvara04Wo5e2jblWiKDNDThzOdGrrKDP9PbvbvV6Ogx9ksL/LwJunq8EvQab2dpCzQrlNZAG+l5LOsWusIk2elEtnTVnAGfwQW++N73AsPUMOxt7NQPKn36HhthEmPzYdC8SyPAJYPmcGLO5pw7XSv+PNnXx9GVh3+Cxq+E9m6w84lqwU5NwzAWueeBCmaEDFp59g9bvy/786vQAV7AQymjILURp6ZzF9aAYmGzfi+zzxNzuzUcJPOGM7zOqtYMlQjDGD6ZgW1Hwhf8flydk4z7NljB2mUQM/vbJ6KQqe/EFb3dfIjBW/m/zeY6/8cE6F2UYsXO4CM3YulWeIa/48byQmZqCcXa9MnBbD9w47ybxRVYgT257rvGd665U0lPJrodlMzHpaXmZA6XrNVzFwv20D7zTKf2ZXTPMZCPrvJ2HHf0aJXlFA2wf1Z+KR9Pxa1FSUsbky3Ngei4Kf2NuxDnAQwYTOrtbJFzNrV3g8OlNKQlMh6o88h0PPRvRQZaTvmi6lIeXZ51Bzld2wsHVXHS6BVGNK+cmgux+cWWDdfikD+7ZsxQ3R9qL9y63I35yPGvbe1kk5AK5GE9/wseyHjwWU8lO+MjRlxeBEWFC3C0zTdTkyGT91EewdxN3D1QxcTpyPA5vVq4t4wfMRfsdQiYtpipusZFysZHcr7MbTNUwkCbqtW5ftXoRpU9kvUFsZTq6OwOUveb4zdWzdW2LkvJ/ogkG9t2E34wXbgnDiQIZU5aj9y7X4SvS70O9OkXTNe1sWVLOX+i/3oDhHVPdk+7v8bXnZ8Taa9wg/DneGze/8m/bjOdKPM4yMNQYHerc/GxdY3o92cIer0hNok6CZUglNeW6sfF4MChYcPT0f2buT0cTPS44dV+XZvCYCz0vl0i47jOfbW1eC7O170MKPX36NOPAGinips+W9+ANfrJtClK+TH27orboxr6538iQOxoVjhmkDyg9tR8qP4rNBlYGiIr7frOH8hHJJ6Hq48gdWdYXIP6AhQGsqw9F1Hshm54+0H69uRfbhr6XA19ZBcYzfwXmf+xxSeWd9Afqsbjy8tF37Csn/U4rMG7yuZAdKSr5DFX8SyO4ixkhL6G6Bkx2MWMBZ9NFX2P/Pjs4OjU5d/AofX2K5Y2qDafyppcQUE37PXtqr8XneNZRITyE78P1PV3CygmWqsSVsx/M0wWES7Nkh0VCcj5iLjagR7S5r/lmNmFPlLBg3g52mIqnmK8j84BOsKxV/81sDTl2WeygdMygXrEFwuwkV2SyYPSt/x+bWBhy5JK6CnUV35M5FwuNhHs1WI/eVIJR/oWgmwe496lq6Vx9+2guO7Pec33Nm7hbXfPa3LTkxyJSuV8awnyUeeuaGYmdnACgeAmt4uKvyMJ0FkzufDUVpVo5YN/+9j0VxhRwkmvDza1gbgN+2QXQ49SjKG4xg57sWuzNP4mTySvEJ0QcKaHvViKpC9ROnENU/yReAfgcTVWvx4ZFKtBhZw2PlDsTmnkfUe+lw81OrDtxvjSg/Fqv6BLDkFyg6Y+w0y04q5Rw9Nbx7adQHfnKVLGt5GVkyTqSwm+oOuQrMa7kViP7rUXgvCdH4O9jCgv8TFa0wseFV9grw2vFiLItPgO1EDY/G7UPgPJG9Xi1DudKGVxWWSTeejrNVq6jqtG6dttsLNrz0nAXRQcfV9kleOnzv58uwYKK/DzP642oe8tV6tW64KR+D/aZr3v/aKv0AWz0SDrdHxXE6MQRum3ykZVu09ERRdylWrS1uGnKX8B9bbU9h9S0ZRSVs21h+PrJScX6FwPMRdpw0fY2v9msIgDiNnUJpbxvbV2aB7yOIDzeUq7S/X/WC8r24rBEtvAjM2h2+q0Jgwu+9zbxgtSoR3vw8udUol9QOOiMYWViy8GJotOzNRznbL1buSjVkInwwbSwLVor2aH44UXsRF9UDTXY+/ZO/dj7gG4bn/TBSc/47nBJBoewWmnipdL+ZYfK9/AfUAp4RauORsinClUePFphwr7Qw04Zmfj6MtsNjj1phshRFj8Jke2cscuInRxMalE4ITxtLdqSyNcwO6rbuj5c4y59ZaqguXf8zDqpdWos+z5ZKdw2iimtfNF1B1rd8Z3Y5/+sdZSbRyAFWvCrw9Wpc7taBQ3dWjnbS/YjVnAS16w+bomdKD4DHW7tIy/YP70ckC1EfVaisu9e+NwgxABTQ9tMYPQyJ0pQyH4khscjM+xo1N41h4+SFhRvSEZuRDlsND44HhJZ2HD3KCUXK02tx4HghLte1YvzEmfCJTsBrWafgNlUs0ykfpc874a0taSgoqcYNFsA7eoZgxV8LEB2n2s7VZJFcYoaJi7BB6WKruJCPVqmiyvV93RIdtvuueEita94f2Ipc0R51YRw7Tnne/DUBC6eyH8O2SuTu3SovNwzVpxXKJc4Ps8CQJ3j6wdmapZeIasuDxGTVKUS/6Ce3j+p1/8cjmwVd7TCHc0gCNvAg63g6okN4lbRWVGXtGrxt37MGCxYEY9W7n6K6wxRT/MLxnw+IzwZbUyy+utAqHYeuUvU7O7i6u2B0Wxm+3KveUVQPrI27lSxS4dRguqerjWqftGB3XhmaWSg6YfYTSHqBB6chSApywwReElv6NfbzqsfCmN5PMEIGR5v8MLg3A3vIesH1PdGPiE59MhD9MEV4VBCcLdpwJSseq4IX9L2jP9InFND2C++4iF8QbuKG+nBblsqlmczUjfBw6uHpV10ayrcEYd8SJ8Sx4Daft1209kLgi8rVfAfQ5V+kUp6Wb5I1lEaJaUlo91KPpmOo2h6KQ6HT8VbgWrkN4FgH+Edr7uinPY99t5e9keI3iQWgOajhJSyPRsHHXSzALrZuD2sqWVWiodox1/u6lfRpuytRz6vv3Pq6q31st2k6cs/ISxssXfPeNxKeE9nyNxvRpHi439Eq9QCb+UrE8K5qWbUVX/Ltm+gFT3Zc2Ad5sfO0GqVpg9nekR3jj/I2scCNb9K62s7zSdH+WgXb34/asUCtkR2PXXfqvGfu4r0bcCBFtSf0gdeM6twdOFTKK4ZaYsIQtrWrOlrIjktjTHuCnbf26/HIVHZqX8jGRZWaAD0zWeSiVrPgLjnvh41G1EjdDP+MU8ly+1ZN07rO68oo/MndEaa3m9BwvQVQlBa3NuD7vONYlyfGYBU+lzITuPY5b/Ored2LP/5ZWob0zEJq+9DFacoUTB6sh+4GTdSyGTcOFnKCYAfbua7dauXU/vSL9FqTpWhrq2F6vp/D+tmH4xEnft/aKPXF0dnvCJt66pfFwka5XwfALMQfjr2MMkA08cCU+4zY7j+HT/7yD1QrX6yIXlBA2ytjjH1gEcx4MwhmtNNqeH+wBm7sYt5eWYjSziISceGydMVjoTwYtYOJ3w4seycSbpbSAqpWZeGFD9LhFuAnVyXkblWi/MIv0pO80WM761kNLEWnSw9HIuz19bBx6qU6i+9+rEjPgveS8M59wjsJqi6s1NAGEHBNPo8wXg14WldV6vbKfJTz9mhs35oo9o2iunFtvlK7EKXpAO/Yh1c77urYp8/r5nTa7j34lrfbHTsTwR/sh+Mcn76V3FwXT2Ed/LEwTHMV7MEiHYswx7Tl72upgs3omPc20g9wI8oz38C+jaJTCV8nJD0Tqn04kwGluFlwx4INkV3nkUaKHnKtMS1oB1zZD3vTN8dQNJjFs3CAmejlsuGnMtzgbWh5FeIl7yNoJe/QSI2vD5zZMdx0IQPpWzZ0diL11tPeyO42vI8yPrTBeakEXWNNhWGq5ZYctNvPOwrnR3q5Doneq0c7+MBzKa/ZUY2i/cniQw3Y9dRGcZ1g+9yWXX9XBPDzohEXshU1C/p53nN82J6sHxCrsZbK3agNv/E2rubO+NNsc9hqudPIreIB5X2YHzoLEfcbaV1Odh+mTWE3hP8sQ+rfTiI2VQSqydlYpz4ED1dRLbUPnfDoE0hwtYB0Lz/knLFyx8dSe/TMHSu7dXQ47LALLL/EWjg9hGD+E3nPKMx380JsoDMsRuTdo77zJx81vEMUdk1ZmLRR7hNhYiQ83mPXH03VfLPL5JpE7N4xaNVqmGn77e6PiXIfGGi7ifqKi3Ib2okhcNyQhaCHNWyLaGI0fhq7N+OFDfy6+eIpRK2aqaF5TP/odM2XGOZvm7qux9OamfpuxMETJ3HyxEFs9KXeo/qKxqHtQY/jerZV4sQ65Q5A+LAwpxDMOyZRU1/XCCsWRKmMF9njWFyNKOJjd3a21et9rFPl8b60j4WpeXxNXg3yhRC55EgTlbHEeFfxGtv7ca24nBGBQ7u7qv25pf6Ahdq+Ju+ldYncK67JSwXYwG4w6/PWImWLhpt1M7btx9m2t5Xh6JIAqSSmr+uW6LjdsE/AsmR2sVfuZl+ZhrHjpF6D0xPgzdvhqemeP1qOK05l3drHRO1xzNOwLGyIcOmep2pju+qS9+NfLcYLvoqnAWraGlFVlIGPNneNzaz4nirHjza9jk2naVw67eec5nF9FeOU8vfax3HuaZ93159zs4957/4+ov7sp3lYJjF2YO62CFzuVjKutE0dlTjqO1+vvUHqdRxaZYoxg8VsFy1jEooxhKWgU2te9Zw/3Y6Tfp33qvlafyYGKZv1VfLfj3Foe9X7eLEqY8X2cyzS4IVLsPxB3lJVleo4tOaIifCHp6WWupYq46laIWH1E5oD09sdaK6/gjPZX6mMFfvYo/5YN1u1bKyL2rixijFcfyzA4iMD9YBuKbZ9HA5nabe0ofzAYrx0SPpgkPSQZ5ry+Z4JSIh+vPs+v83u65osYKGynv4dV9pV49i2AuwXc3esT+PQDkD+aPktbqmoxA0nB9ioXVNsNhUjao6W31mtv1t9GYe29zHcVX6rzTYi+Eik2BdKOupQ32TNzkbl/6v3dWv8Tdb1mj8Qv20r/gvvBfbUfuZXFG9/E/vueODYvo9DO2PDPrw9V/zyXzuNVyMS2ZlGekMltD24UZCN4oo61Y4v2I177YVjSA1TDma5apS/shW5VY2dbSXam3jVQBagnZGrkahI24UDOWWoVapKKN2kVuUjc12AUjA78Fp2z0cSCyIv1rJt7z6OvarceHyYUYgqRWkkx6ud1pYhe0uQalDIlKYkI/8C24dSiaGs/RYLfs7swc5nFBdDRXXjOpT/XUvJUxPv7Zi9GrnAOVj+EezbugUdtxtVMTj0TCyy1dbfswzkb9mDAnYMtPS2Hwfageew7yO140sDXfL+xq4MlIpotf2WWpsgI3PYz4lkAdhqkTAY+DkXr0MeKXrIZepKUDyI55hC7dtv4GgJ217FvpbO+UKc2JImdXSkoiQeuWKoLd4GS+WYEmMHLnvnqIZgzUCHNiiKQNrufNVztCei92quvKiH0lkNWq5XooBdm7vdYPXrvDfAYXsGQWZWDk5+W4/m33q6sDQi4X+O4eDZajS09nbRrMfBIlFFuL0FbcrrvWcUTO99EAvC5iJKKfj6/ItsxB4vRY1yFeUhdRh7c+ThjnjnajaTPKR3w9bta4j721nUSD1b8/kONP90Dgc/yMbnA1NOMcQGIH/Yb3FqehnqFdcTdg95+Xgskp4vgaZuuGo3B2HnXh2ug322B9mb01DKf+tFiuJBNN++bv9XUzwyt+ew7RDzjNS86OUgFGnu/1F3ul7zDXrYnr4795cMFCue+VnZYYZ4S3pGJbSEkD7gHUrsR5BTK0q3L8OJ42JIE4kLxr/0PqID7DBarQR4eLGD7TtZWPEILzUOxYEUHToQGgKK0vOWkq1IeTlZ5Qd/9CM7sCxuEeyNeippHhhyCe2YIShdUjN1B8KS2D641dMxp0tp+3A0ECW0BmqCC/aHzoDpT4XYcuQHnFcKUE2NLRAT7o/p5tBQkjzMmEZjd+ZT7GoEXDmyAGv2yclkgPWphJah/CEDIghv/20lZvzWewkt92RcJtbOMgUa/oH45fH4h0gn2lEJLSGkDxbBTdQ7GzPOvasdMvvZN5nmA0ene+Wqn3XVwzOYnRgC5z8flYJZXh09d5gHs5yzu6gKPupeWCm3b57oBxsvF1hLVcF+QW2RlDpoTlfzHDaC81NvY+ksbdU5B5ILzALeR9ifeUDfiss5ycP0AQrRp8dc7OV2m6ONcK/pqK5ho8YYYfoDEzFBqibeiAZFFeJhyMLxSUS/5SMFS2grxz+oMH9YofwhA8LKA0vjnoIzv0Y1XccVOVUzUzv8cdlmhEyXr3C15z6jYLaPqISWENIH2tsHd2qrQ/42DxQMQVVerdTb5nZr+z58Wb1ejOh52tpSca2ozd2K1LfV2woPMNOl2HZQ0c5MduWjBVgz4JvRvZ2W5rbSykZICa2Yk13B0QVrcLeV15o+OBv7F06BepM+Zc3f/h0xWdekjnWGm5XJJxE0WcygGeWHYvHSAbp3GUiq+1ymrYSW8ofon2g329muvA1XjqzBmn1a2ujP24zM9R6dD+varp3Ge6sT8Sn1iNwnVEJLCOmDDOSvjcWJokrUi54JFXi75ZoS3q58mAWzyhTt04f78EJK6rc8g1RFu2/l5oX8u1z9Wmr7PejBLNd8GLGxaSiubkZbb80eB0h7Ux0uHo9FSo/BLBlJmr87iy0fnkXFL41oU65/f7sNzb/8gKLjRxE1TIPZTh1taPjxH0h75RkKloYjyh8yUJprUX78z3hFWzCrpK2RLZuViIgICmZ1QSW0hBBCCCGEEEIMEpXQEkIIIYQQQggxSBTQEkIIIYQQQggxSBTQEkIIIYQQQggxSBTQEkIIIYQQQggxSBTQEkIIIYQQQggxSBTQEkIIIYQQQggxSBTQEkIIIYQQQggxSBTQEkIIIYQQQggxSBTQGhr7BCzL+gGxucXw9bMTiYTcqUj4ZLDjKq8Cy6J9RJohGNjtttlUzNb9Aza8lwAzkUaGEwvM/a9dOPi3kzh5kk2HN2Ou+IToWeQueR8rT8krxYd3znbqbHz436H4OMIF8+nOhIwk8zYjU/3cObkL+jt7COmF0jGYuX8bor1MxQcjB/1s9MAm/jy7mT0Pf1+RMBz4u8NxLHsdZQ1nbz85jZA75euDadb8jTEcH9Z2XEXC/yMePCpNH6XDRnx6R6JPSesLixbzfTWg2x0Jt4ellcPEiZ130rvhLAFhyt+RT6kJ4rORyWPDNmwImAILfk0kw4w53ohkAepLoTg431ykaec7dQqM+B2JpT085dOO6Gq6t7S/P37JG1FDenenW94PhMfmPSX2hWJ6Cm9MEB92Y4cklWXZtKQvBQZdf5c8QyQZIPletx+/v9qYhcNjRzHW5aj+Hult/b1QfJ+uaZjdxw8x0wnOeGrDO1j5gEgYISigNTTZJbh8i7121KG8IEdOG3Hs4JqsuBBVYGGgSB7u3BMQfKQCr73X1yAiRJQu8qkAnvYieSjk5uNCHX/TisvfGNBxNaDbvQel30grR0sFO++kd1ronPd90/2HWXk6BTex3N3pj3hiBn8s0Ybq3B1YFbwAC5Zuwmn5wztiv4nfjBXTTZAGVz5i+3mBmFbvFam9uC1ee5B76Qra+HLXq1Akn3b6YX4fEiKC8PHiu6tG02992OeDYrhsxwBr+5d4o0neJgQrzpkFiShuFOkjkg88k+PgP80aZkYiyQAMn2v+aJg//hiikjfjvY8T8d67j4v0OySOweWxaTjXwOaNpsBr0ci6JlJAa2iqYnAoYBLifD2Qm1MtEkcYs0g4O7AgorIS9TCG89z14oNhztIOf7A0xuhRYr43nn5wtgZq2PdsZ0G8c5CX+GAo7EF+CDuu5jnhUEq+SFO3B9lP82X4FI/imyJ5SA3sdtdu9pD+LvH5GDSJNI10zfsBEYMD0nfkUwaqROrI5QwbC/ZyrRAp736K6mY5VR/G389vxozFHOmfRlwT51pbe+9RTc2ls/jTu+lYvL8Mp/QZBI21gK2lCb9PHPnqGiGdBrc7pNmho1veD4TP8z7B4m3seGJTUmlvEWQ11ollF28rwPcitXc30fCreNsuXu92vpHwmMhem8pwIjZU/B7J04EUeZGBVrtxeuf/mVrUt6cHQ3/NHw2bgKfw4v44JKx5Cm62A1PtqOGrw3j1yDm0sfe/t5giJ44QFNCS4SfcC85GrSj/bA/K63h1Ty8MZeHlQLF5yh1W7Ie0fHshLrOri+3D4WC3XYSoaUTx2103BV3TfJSKJe5qzddxTrwlw4uilLDhRo+Pg4i+3BZRVdNNXJHfDZm7Ju+lktlGNPyfNEcc78V49lL/ZSpKvyiU00jvTB/B0v98DE4Wo9nhVIns/+9P4oMBcLMNv4m3I8nv5s6d+6+GhgbwSd8mT54srXcg1s0FBQWhvLxcmgYCr+4X5Ql2M7kMpS47EOTnACtehaKjETVfZuDDjfFKpTa8/VoI7CszEBcVI9JkXeuZjuxckciZhcP11XA85i7Wy7Rcr0RRWjwKjquWNsnrUG6Lwm9y1dYnyMv+ghOBu9Dy6nr4P2IHM15yxLf7i1SkbU7u/jDx4Y3wWRMCz4nmcimT+I5H345H998jH9huWI8Fj7rARvSU036zGhey9uDE3jQ5QdmjcfCPWAy3znW3or4yH8d3PYeaS/IiXezgllqAhRPLkOkXgAbpuxijNMUJJ46IRZTptG4dt9tsEZxfWgMfz678abpaiOztMSj/RlE6LvJdzGlTdUT96SRv17kRHrfysTM0Fvb8OztUI/dZbxR1Fq3xKskJ8LZuRel29v2Pi2QFszgEHwmHM8pwdEkALop8Gj0vAb7L/TGN7RMTUWLIj6vio7uQn35MTlDgbVeXOIgZWfdt1URsPwqR+nQoakWqKrafV22Er6877HjpJU/i+cP2Yf6uWKV9yIjtqDrijRM3EhC01Au2PI+k/MzBhy+vRb3ycTig260hTzWc1zrnfUQWXgtzweirx5D4zFq0yB93stpUjOg51qg/E4OUzRlSmtZrR6+0X4+66JA/HD8f+PXEnV1PNFUlu6lhn5qx5Q+shodZHYq2Bem5VslK7DoZhCnfH+171dcedL/GatD5HXU/N+X1t6Lg5Q2oeYrtd8V1RePviWz0vB0IXOmDh2zY9Y0ntDXics5WZG5P01ogZPViAVYE2gEVGUjprWaBLninUE9Pkaocr9kj0noRsSQUix4Avs9Nx7rzIlEFb2v5FNxVftrOIWlPGT4Xs13Esg0FWP5ZG9YtmA33P7CLBH8s3/wzirIKkFCtKJnkbRu9MVnMadNtu+4xQbCXBxbMvA8WY9jF83YHmv95ER+fZL9HGgp6pju6IMrHGba/13RCNKLkfz/Bm9fErA7rlvdbNY5tK0AJ/z8ed4WtKf+bFtSc+xy78upRIZZVMcEFB/9jBky17sPB02ve8/a+vuPYPsrGmftmIcJ7ktgvbWj4rhDvZv+M852FuyLvoeF7Seux6+EYk9vTrnODan5oJY6dHwuw+Ehv1yvF8auW1z2ai82HN8DD/AqOLliDO79y6Ujc63ko3R+0s9OG3z91/w1lvxEvJiJwntI9E7uXyE1Zi+K8MjlBXedveS+/xw+vh3cE2w6nrqrJ7Tfr8O2ZXTiudn3T/jvY++9cT7+hul3z1XjuQNjri9jvfyVOvDwfpd3uN3U1GnPeXg+3H49g9/uVuLXiv/BeIDuBqj7F8//9d7GMnvAOotZ7AGcTEbxZH410hgcqoe2VMRxXHkVUYFdQg1HmsPWMRPjrISKhP9gNUWocgpSCJc7E0gE+EZF66GiHrSedHayeIpjl+HbPWY9l0WpVW33fR9Q7kfC2F0EhJ77jC39V7zzHDs7J72OFX9cFjhs9jgWioeHd2/R57kd0XDg8VNZtDCsnPwQtjxQJSsxWw5XFKe2VJeCPKWpPX8QNXu3YS0O1Y53WreN2s8DHO5Xtvzmq+WM20QvBSVksCBAJ/eXrA8dxQH1FDvt+1Sj9ppIlqlc7zkBREf9BZceg92o5SVmwOxzZtjVdyO4MZvkFfhk7Lvk+UfxYcfy48l6ZiIV96uhCT6J3ICrEC/aKYInj+WPvg+C4HbBXygcFizlH8cJKEcxyUn4uwop3NooEA7Y/Gxd4Pk2cCbduUXAkPKQOqNixkCYHswNOp/zxgVuSuJ4onQ+9CveDBzvOeSd2nos0nO8Gq+vc1NgkQqplon5ucuaY9ur7WKZ8XdHye2ISloUX2A2TqyKY5YzM4RgYh3XvJWipzcGOozl20mcmTvPgwW7khtL+I3I1Tm2BRr/c54bU8Mfhfj87QBV3MKb3wfNpL0TcUY1Bc6wLfQrLZ9vJgRV3zyiY3j8Dy5/1R4xah0JOLJB6PXCGlmBWnW7rVrB9zB9x/P/gwSzHgmJbtyew7o9a6vJcK8NyXm12iINZrm95b46HFgVg3bwpSvvFCBYPzUXM3KHpTEo3jXhzD/+efQ1mh5hfOqL/LN/rKd8fdN4/qWDXsB2H2L2v2j0Tu5fwf/0olq3quldxS1Xq20E8aLZfopTGJ5WOGCPhv2k1fNTa2Y4eZw1Xdn0Lf2n4j7Rg85QP7Hmt4LEO8Ay+k1hAoR1nXn0H23kwK1IGHPu9H0kooO2VMcZbG6Op4hj2PR+AuHkB2Hm8UipdsfLsvXRGqzmLMI2f3T/lI+UZb7kKYWAoUlJycPl6q7yMkv60CTAzM0ZLVQ728fWzdR8okf/Oftoi6VXGAusIP9gYtaImLxk7pfaIk/DWK8kouMq2w9ILC15UDrJW4+Gp7CS4VYaj0v7gywcgaVsGSn9q7FaNwcqfV6tl258Xg8RAed1xz8TgUE4lGnglfnXh7tI+rb4kigByC1HFbghNpvrAWU7ppNu6ddzu16PgY8P239V8HHpFLB/C1p1XzfLeHJ7Ld4gbSqV2i28XsuCU4U8LFWliUn9SaTPXFePZj2FVoQhesstQw15s3SOl6joKLXvzUc6+i9nUeWrHGgvEPV3YjW4dSo8mizRZ+81KFGdsRZLiuGLbnfkNz3tjTJsbLi+kkDK/azuP8KBav25UFeLEtuc68+etV9JQep19YDYTs56Wl1E23toaLbWFyJTa3ngjcZe8T02m+ql2mjWg293Xtqi65n0yikp4bzcs78LVfgAD/eHMAr+WSzlKJfQK5vB4Ve3mgE966MG4z/kTuAY+Duz8aapEdqJoF8XONfm4Yuv5Ih5xmp5iZ+fjIm9L11GHomN9LNbrC1M7PLnei+1JoPmm5nJ2XSlfY09Ih5SGqt5K31FxbvJrk6tK8O8Fz0f4TV33c1P6PbHsw++J2UYsXO4CM7YN5RnxIn/Y+ZCYgXKWPyZOi+GrsbO8PSj9kl+j2PZV5KG4SE4dvhQBgRwUiJ+ono0xg+mYFtR88QlWv5uO5cnZOM//bowdpnU2CVNqE/m/5+R2pbzETZEmJuVgy/2P/4bHJhih7adS7P8gQ15m51HsP/sz2u6xgKfPJNiKZflwUcu97GB0uwnf58nbsfjdDCScKEcDL1W8cY79tnQFObqtW8EO7h4WaLt2DgfF38Seqpbavk1wmIjp8kIGz/T37OS5Xi6+YwbePC1/R1N7Owzx85gRht/recGKBa/1JWld950hEcjUdOKFsWvQNHOWN2U4objms/vIfRllUiGDY8D6/t//Mu1NdbiYk4xUxf0YX3eOfO2ydQ9XuQ8aKLpe85XVni5ELY88b1WiKHOQHkLrS145rrKTzHR6ENb62mGkDOBDAW0f1J+JR9Lza1FTwatYsJN5eywKePX2sQ5wmCMtorurdXJVMGtXeDw6U0pCUyHqjzyHQ89GaDyBdNV0iV20nn0ONVerpXVXHS5BPf9A+Wmcux+cWWDdfikD+7ZsxQ3Ru2T7l1uRvzlfDrKclAPgajTxDR/Lbh5YQCmXHJShKSsGJ8KCcFGa79J0Xe4ZYvzURbB3EKWDVzNwOXE+DmxWv8FV3AhW4mKaoqpPMi5WssDayAWuYSJJ0G3dumz3Ikybag20leHk6ghc/v+39zZwVVVp3//vSUX8cAbFG5JKnEiIUHxBIgeKFEdG0ERjdEh85BZTNG7NUgczC/+SVHCbaTKkotKDtyjhUL4BhSM6FDxFRL4gkRgl1GDwiBJ+BMTmv9be6xz2OZwD58Dh1ev7+WzPPutslmuv1+ta67rW+lKY1lSzuLesl8t+1FhoG7yawkp48oHi5kUUqU1gypmgyuO1d4O7hxwkUZ+IEt7RDmEKhvL9xUo2fipEvpbQypTuZ6cjc3c86nm5c1i6SzL5Sjcw0KIbZ72Z0vne8yEoOpmFBrFK1fxlFApK5cHT8nfShxZSnQ0JQYnke8MGt49CcPwbPsHjgIf/JD3Sp6lJzpPalC1T0PlkjBrHqVx5qUbBwRgR0g2YUj4jraVzeGu+TERBlvCLYm2t5C25jxhmb6A1lMcg/VkmFJhtEzturpeBjLTdWD3NHncqzmDvmyfEb91MfRS+uiD3Ta7zFZYPjqFwHcXy8lImcvQolEaNJ896S9YX/Nm03YmifFh7yFqPtMNfM6FvMBwf15mcElS9xRRfJoi1u5FZX4UpkaWZTIn8og6VTHm81ViLI5ekkY11cPKH6VhiihNrkXeu4OiHJTh6Q5gu32nA0c9y8c9/sfsHHkSLYY4KKi4FXr+Mg0VyOrgJcf5355HPnx02HC3brZgat5omXCvIxPL/KUaa+Jvz567I/5fFoG4R+LuDpmtfIf7/FIl3vIvCwu9QzmeYmXQ6SHqCMAt+TK7hRkBXj2L/X6NQo5EPcvQuLrhOHstqbjVy35mFInWfz+TIyt2z5DFZ1dJfFYUrFEAxwcxNjg0rhonIXuSJ9LitqJL6QQaPOy4PvDlgyGCxYNCLyV6BPXyD1lnmMDfubg5j799LUDvAATNe3i2dT7uzHxhQkULbLnwVTVc5ykPFT7LQN9AYayN9lK/Gh6zhN1jYwXPpDkRln0f4+ylw9zfXTrd1KDkapS3QFP4C9YZ8Gh53kATrgWNCW68A7fOXZ43t5Gdk4nE8gSned2XTt1ezSxHxQTp85gXrlSUamLB2vLQRlvbcVDcXrx4rwIKYWIwcpcf01TFYEgRxtRglioSX5xVLs3bOk7XNTk2K26R0e8Oer54zQTXomE6enE6B30P8mfvxQEcnMwKnwZlpB/VleYoOPg9Fks+iHVwDtCcQLn76tVSOyve3XCpvlFVZmCzljRJV4C4EpZxn76hI9wbvHhCAuM/ySYR/VKrIvx/a9FmpvqRTZxnl5b9In/rNovoY5VvxJR/87LzhpV5hU0XjcW49cDVPZ3JCjYFNoQz6xhqLCeXza6Pk02T7RCjcnxJ91KhguG9icbDbhnpznrNiPFZDbPhibY9Rns76FPbpOmWdRgCzDfVgedKIC59GiRAlxo0nts4OUr9kOyVWq2ykK2KS9H8NsxsrPXvPUX8FJ7/VlsDP/9pZI73hGDmcfQwajfkv65xHujYY0x9gv903FPdrBsIm3OFK13Bn/MVNhZFckrpvALzcHscU/uztenBDBxlT41bTgMrSWmjvQPIz1vDV4F5gUmwuKs9/p7Or9W3Ud5vN5T2E2KzpxtXCVjJDa0IxUrIPtoNPjE7/w65FE7mpqjVsH+PPdBC+/8m+84hUyilG7ElBEIYghbaDDDLD9t71CdMRFxyFtNNfo/LmYNi7eGN2ZAqiUlNafAi7mo4oCVkhSHh2NQ4cy8Pl6kYMGzUJvhGxePXkKbiPEc9oyEHRCy54c0sycgsrcIMp8M5ewVjyQS4iorWnhCznTJIV6FFzEKnoPNUC3EAnbx2zY+PjljAh3R2e6DcCRx++Gsf0GI91io78B0TOkiVz2zFztZXPY6koYvoCf3/ZtNEb7hPZs03F+HKv9i6ClstPIeIlf9nvrkcVQJbW94XP8tDOtRXLjk4a9UrUExQKv2jhC11ydqsRgoa5MLF8DmxF9lX2qRqL2dGsj+J19oNYzB7DlN+mMmTv3So/1+WcwabnZmJm6CYkn2eivu0ELFj0jPitB8hPRBHPF41fdLBs3VGdh3zdjaLaQHc86ReTN30KluEmSUPXsD/3Z/Y3KrjMCEQ8V1RfDsb6GaNhdV8Tvv+sGC3b75kaN0F0Hc1N4jylNuniI+j8UvCi2P9E6ctLdBNWoVj6Z1fY3L2CE1uWS+fTGrvRX2+GutkOwc09uQByEzdk64oWhitXMxljNsLTpQ0zz+pklGwJwv55Lohmym0O91u180bgS8pVui7k8i+SKWrDN/GtV4DU17wQ2VRZSf1RlG8PwaGQ8XgzcLXsSzfECQER+jfvaT7N3u2vPkjwf5gpoFmobGKy6FPh8NWY1wolrS30mB1z2o9bgVHpLkMN7/Nvf63wpdS9xiP7rPy0abC649KOAqFrdqzegEZt2ihMGltvOMPy8CknSfm/8Y3CR4Zfah/P7oKl8QnpPetQlKTwcWaXsT7gMuydxvF60Ygb8kJt30dMUKjGBcCVvZ/XlLEYWP81vkoyh0mukZhaPn7L4MXqXMPNOtSrF8fuNkq7fqe9Etb9Jlc1BTj8So50NInV0JatRrofprieLQY/R9p9IeuzA4Phzs+WZopuqz7TIK3Hk6qf5MpeeVL7HEet64XOrtATLdxELa/2t0uQJPxrW1+ZiNUUqjXmTnqQdUt1qP1V0yDQ9OvPKDx2Aq+fV64gmxo3YRDVUIUpN+M+FVaOMbCjFqGNsLJRDXeWv6tRLYN7Kxk1EVWS0Q0/eUFP3yOuQ7ulh03GMcBDmrRvuJol9hJQx9nWnhXWGKa1bTmTtdd6gxs4ECYyeTRGWQC3zp9AQl6FvMdAP4AU2nYZjCG/nwMV9z1gDHRZCZ99q+CuYopUWR6KNK2vDg18DBvuhqdDuDLqAEv/HVjwNussuLmRLstP4sV9KXCf5Q9L9Wrs7TKUXPhF6nQGDrlfDutq1JsuTVyGRa+tg71LO2ZsfklYknISPvNCNXnCN4qpyCvT66PpFn8ei7gZ8LgWU+rmshzZX5TlraU6b9TmxlU5eE/RYWquA1xo5Ga30dLjHKPj5piU7kR8y/12h0zC/H1JcJ7ia9yK7XV5wIBTAGYv0m+CrTY3br6U2Pod2ZVwlo8idnB9RnvTIPUGNK5eK6EKGouRejeccYJKnMVd+1MxbnAfGZU3bOftQtBSeQDpNkbJPpdouoma0ouyD+CoYDhHnkTQRMMTPEOGs/JRm4yz513/ewf8eL24WYgCfcc29RaMKXsNLRMUj69dJtX7yrM72xjIuwATy0e9iVlJ2uvYv1FsIuXngm2LQ1of76OEH9vz0Q+Iyi6An387E1a9CKkvZwLUuIW7DLgwKBC7V9t6BMOLW1/Uf40cHcuJFnTGkyfWwVffeKLeJI6NIUHLWZtvLw0K+LE93MIl8v1YuYzvdW7fkd0YHNwQ/aglbKRAXepQ+AN7aogrFv7FFXPutzDwnGCEA8azDvXW5QK8e/gE1sdzpTQVf9lzBm9cbtAREE2Mu7t4bCl2/j0DGcfTsHOZ7paLvY0m3OJt8r4H8Yc/qKT8sxk2Aq+H+GP6Q/3KhEeDld9GHDzOy+cgNvqZYduez8okFyfLiaGYrZRRUzbCU4+MWnKJ9+sO8Hv7pLacagashsiT+g3VZahhsgo/Hkg1KxYB+wL0mhw33Ob7aDAx8aldsOd9px2TDWLSsWSWvKO7OTCpz+fwY3tOsrFNr2ViH+GunK+GscKM1w4iI4PVw+SNmNHLd4+ic2jboM0zqprKcHyN0hmcHwtzCvO5L5wONdV1sGWNUOscLD3naLZQh3z2bLbmzKz2z7tUnvll6pld3Ez1xWB5ZU8fWueJcVMRg/6YjbicGoZDu1uEOb6d+2xDr3k9D3vmyRsFWK5lQhjrnGpOr0bCFp2zUjkqlvZjLO1NLec6Ghu3hInphmMsFsQzAV8oiK3Qe+5ZMHxTYuGjZ8FInYeO20ol/5OSpIeRdkD8qESdzuocJASHaa3yOP43+9txv6C82gGOd/WfZdruuWpa6RZnsvJjVQxwIz8G720Utiht1lkOaxPTWJuQ7tuPW6tetdMeCuJmIVOzqVBXptuIPNR7Ll37Za+F+pxSSRZj/38g+/8lqVsbw225Naal27TyGbahAC/6qWeCdGiqQ3l+Kj7a3PocVa28L01G9Av6/Eo7innPodVi0UlEhvFNUXQwcCah+gxhjlbdU9Bm+bQaT9jzLM5wEWdrDJ1DrizXauRu9NS7MVWH6MA5tO0izhA1jHwWa5J039GzSC2x5j+D8HQrH1WdM1IHP4htz0/FI4b6fOW5pNaPYvfzj2OEviUBfo5qRTE+zizBUbVma0rcDPkMV1PONu0AC97Bx4tcIXVBTSVInrsWh6UfugmDZaa/nD2e/BNe/0PrQmy6zuTL4Tao1Iqn/XOIlf+vfE5tG32nWc/1Ne4c2gmR+/HWVDGgXDuDDWFxLEc6gyEZlck/ZXVwdrLTGauWwTd1I3wMdUGGzmcVfb7ecU9gyZ5Zw54xOPGrGzc/ojHGV9v6kXO7Gjdgh2E/KeUa0+RlDSb2+cr+XHl2fGcIeDcOgW0lvK4I20MP6T+D2hSmGXsO7QREJr2FqcIIourMBiyJ61wt7EpohbYNbuRmoqC0WnuDAia8VV04ij2LtIUPPvCWvLIV2eV18koNo7m+AgV7mYJ2Vo+tZPJOHMgqRtVNxQzJ3UbUlOcgbc0shTLb9TTsno5tTIm8WMXSLjZgNEh2DD5MzUO5ekWKw00Pq4qRuSVIWylkFCXEI+cCy0Np9kum+TYTgM8m4r3F6k5CbW5cjZJ/6FFmOfV8t2P2qdhR1Li4BSamG+XrcWhxFDJ14m+bVORsSUQuqwMNevNxnWxuzJTyko9EkC7ZObjMzZ3t3DBO58wCaQMaC6bMPmTY37LqrdeRXsjSrP7/pTqVh+NbkqUV3u4jEZmbk1HE65QIUSs+e1Lk1XYtvsqS/KBrxEyshKI9tCizvZX2yl4H9Q65jOZLeXqV2a7FtPK5sTNVk8ZmVkZav1tYw3HKMoT/t56zkrvq2J6u5sAK7P9Ip39uA/Xu1bwPu3DChPc0OJ6wtrw5CO/tzdHus9qlrx3b0x00YNuRT5H/Yy2a2srIxp+xJvEYMr6twa077TTiuu9w9JJoEHcatOPl56j+3h1hi9wxUwSZFHd3cWgvPv1RDAoW9hg9Wb7trRR+fgZp51n+qTeQulOL708fw/KMq62O3esPnPtbKgrU3h+2Dky16CxcRo1E+oUWOa/5epks/3yjz682ETnPr0ba2TI2LosgM9GQsFo6XrFGIZNwWSxn51bkttKQGflhSD7wNarU4ySXDUpZv7l4Dy6bS64xsc/v08f2GM05/C2lQGNxYv9Q52thV0IrtARBEN2OLzz3JSHA0dBKW2+CbyCVhCCXRhRtX4Djx8QxCxJjMWztLkTMcsBAQzP2XYZYoTXL6kUn8U/Bi5HeUJWlYlv4er2TTaastvdKumKFto8ycow3tgU8jDvnM7EyW3snYptho/FG6GSMHNTFK6xmwGrFbqQF8gnitlcLCXNi3AotZ0Z0GlY/bgXUfo6YhTH4XIQTRKd49i18vGwC7rS7QsuZwerralZfWTXMi8HCLb23FtIKLUEQRDci++HvYsosX0XLRE6vV27mwF1sZDZoqEeLDzr3wRrnC2eX+2XTseqKblRmOSWo4prECG9EvDwDDj3h38N91BelI2Itd2eoQ0GafmWW6F/4jXlYNtW1sMBjVi3btFoNtoCH44Ow4Qeo/nYTlT1zmpUR2GC0fwTe/qNs7dT07ec4JN0RvQIrBzy5YDOCx8udWtW5T0mZJcyCzePPYXOg7Grway3fVtEwVg5P4rlNwZggWVZX4Vx2766FtEJLEATRDbTyobyeh/2LQ1DZ7ebGpmLYP1hDUzVy3vFEbjcr556R+7FZ7WfGqStA3HOb0N6cc+fR9dNqRPmRFTiQkCO+t6a/rNBq0RX+y30AQ/6cLTTh2mefYvkXpuzo3l0IywbxDbdKcPj1tUj+VnwnzM802WdRe87NwAqtzrNN187g/ZVx+KS/bEVL9Ay6dbCJ1b/VrP79KL7rMHVTGiIna2ohqs68j1Vxn/TqHZFphZYgCKI7uSv8Jl/oC8osJxU5q6NwPJ/7Umn7F3Gf9cpC7gPa/cospyBuLeJOXkGtmX28TIH7oeXujWxTmSX6F4Wf/wPbPjmHyusNaFL7dHKaG1D7rxJkHPiolyqzCm7XoiI3GRsWkzLbG2mqq0LJyTiEhZEyS5iXW9dKcCLuFYPKrIa7TeLZMCzp5cosh1ZoCYIgCIIgCIIgiD4JrdASBEEQBEEQBEEQfRJSaAmCIAiCIAiCIIg+CSm0BEEQBEEQBEEQRJ+EFFqCIAiCIAiCIAiiT0IKLUEQBEEQBEEQBNEnIYWWIAiCIAiCIAiC6JOQQksQBEEQBEEQBEH0SUihJQiCIAiCIAiCIPokpNASBEEQBEEQBEEQfRJSaPsajrFYcPIHRGUXwM/fQQQSxL3KMvimsvZwuhQLInxFmPmw31TA4v4Bke/HQiXCiN6EDab+104c/HsGMjLYdXgzpopfCDOzbKecx8orfqn4sfOMHDMZH74cgo/DxmI6SSZEf2LaZqTptp2MnTBf6yGIdlDUwbSkdxDhbSV+6D/QsNEG9jHnmTB7HgF+IqA3EOAB5yHsc4AdXH385TCC6BDLEPARUwY/SoG9COlz+PlinB2/GQznieZuD8vgPlGKHJYurN1Jd72ZWCxiyjdXwDXXnljxW//EM/IdRM4aDRveJxK9DGu8vowpqGtDcHC6tQgzjN+Y0bDgEslwR3jJzY4wlfE+Un5/vNYH4T0q3ZlW9l3B09OeEXmhvp7B6yPEj61wwDatZ9k1z5gFg5a/i58ggvogsqz7AxZFiIDOogqF544CrMnSHo/MFn87qN+n5eplcnwPYzXCFc9Evo2lvxcB/QRSaPsamYW4fJt93q1GSW6WHNbvcIBbvLojKsXsQBHc2/GIxfwjpXj1fWOViGCxusivXHg5imAz4LiJDyYFfa4TH7b8JCJO/oAFxg582Tm4UM1vGnH5G3O3h0QUfSNFjoZS1u6kOwOYXPbG0XpgVl6n4C6euzd5En+awKdimlCRvQPL58/EzOc24Yz8Y6foq+2nO7jyEcvnmeJauVeEtsNv4rMNsi9dQRN/7no58uVmZx6sH0RsWBA+nntvWTTdMSLPu4Xeko4upunf4kYfpzdhvrrNzIxDQZ0I75f4wis+GgHj7KCyEEF9gN7T5w+E9R+fRnj8Zrz/cRzef/ePIryTiDq4MCoZ52rZd4vR8J7Tv/pEUmj7GuXrcWjWw4j280R2VoUI7GeolsHViSkRZWWowWC4Tl0nfujlDHfAA8MHY+AA8b09vPzhagdUsvdsZkq8a5C3+KHzDHuIDyaDxbe+g+UoB9gO4V26sSQiJ5i1h2kuOJSQI8LMR9VmTxb3w4h7YT3qRZheTC37LmE9DrC08vRGT0tFuQjtv7jC3oZ9XMtDwrufoOKWHGoO+mr76V3U4dpN+a6puX2tpvLSF/jLuymYm1SMU+ZUgobYYORwS1M6lb5LdR2kZvDbXelrz2Fa2XcF/zx9AnPfYfWJXduK2tMgK7BGPDv3nVx8L0Lb5yZqfxW3zeLzXsdvGTxHsc/6YhyPChHjkXwdSJAf6WqqNo7X/J978o2bPej5Pn8g7Gc9g5eSohG76hm4j+was6Parw5jw5FzaGL3v7MZLQf2E0ihJXofod5wtWhEyaeJKKnm5p7eMOPiZa/B/hkP2LKBtGR7Hi6z3mXkxFAwsYsgdKhDwVstQkHLNR1F4ol7mlvXcU7cEr0L9Sph7Y02p4MIc/Gb0Krqb+KKfNdj3DNlL63M1qH2/0nfCOf7MYx91Hy5B0Wf5clhRPtYPYHn/vNpuNgMZNWpDJn/9yfxQxdwswl3xG1/4n9NnTr137W1teCXuXnkkUekeLsibk5QUBBKSkqkqyvg5n7hXmDC5AIUjd2BIH8n2HITirt1qPwyFR9ujFGs2nD/tWA4lqUiOny9CJNpiWc8MrNFIEcVCrcNoXjaQ8TLaLhehvzkGOQe015tkuNQ+qJwIVcnPoH87C84HrgTDRvWIeAJB6j4yhFP92d7kLw5vvVk4sSN8F0VDK9R1vIqk3jH9Ldi0Ho88sXIyHWY+dRY2IudcppvVuDCyUQc35ssByh5KhoBYXPhrom7ETVlOTi2cwUqL8mPtOAA9z25mD2qGGn+s1ArvctgFCW44PgR8YgSk+I2Md2qOXBduwq+Xi3lU381D5nb16PkG/XquCh38c0Q5Ud0Zye5/+pGeN7OwXshUXDk7+xUgeznfZCvtbRmfL1qXUf0cDMPe54NQZX0RaQBLCw8Cw7R6+DnwvKR/dLM6mHO3jDkt7ICYHn3UhwCpynykD2bnbAaBaeL5QAJEXc1S3dCHQJeCpbLiP3SXF+B/L0rkHNMPB9xClHznOR7g5ThuFKB0/M3rfNYB7tQeL62Cj4uLaZQrcuTo6dM9eS/yWUfdhKvLhqLgVePIm7xajTIP2uw3VSAiCl2qDm7HgmbU6Uwg31HuxiuNy2wMly+EX5+HnDgq8s8iLcflic5O6N08oTB2wPvTzxYf6LPlEyrbglU7PkDK+Gpqkb+O0FmtipZip0ZQRj9fbrxpq9tYFr74e4CsfCxa0TRdtY3HRO/q1FFY/6RULiiGOnzZuEi60Pl+BuR+9dIVD7D8l3dr+gdT2QGTtuBwKW+eMxebjtoqsPlrK1I255scEHI9qVcLAl0AEpTkdCeZYEp8E2hnh0tmRyvShRh7RA2LwRzfg98n52CNedFoBbc1/IZeGgNbeewLbEY/xRfWxDP1uZi4adNWDNzMjweYJ0Qn5a/9TPyT+YitkK9Msl9G33wiPhmiFbpus8S8709MXPSg7AZxAaU3+7i1r8u4uMMNh7pWegZ7zwW4b6uGPk7fQ2iDoX/cwJvXBNfTYhbzrcKHH0nF4X8//ijG0Za8b9pQOW5f2Ln6RqUime1GDEWB//3BFgZzMPuo92y5/6+fkNZHmXi7IOPI8znYZEvTaj9Lg/vZv6M85rFXVH20PNeUjwObdQx2Z92jTu0y8Mgou78mIu5R9rrr9T1V6es22QqNh+OhKf1FaTPXIXO91wmImQ9TzYeW3KZidHMmg2Xn1qPocaO9wrE2NzueDxxHXzCWDoU43HzzWp8e3Ynjun0b4bHwfbHubbGUNP6fB28dmDRa3PY+M9kk78y2aSVvGkqAzHlrXVw//EIdu8qw+0l/4X3A1kDKv8EL7z8D/GMmeAbRK3zBL6Iw/zN5nDS6R3QCm27DIbz0nSEB7YoNRhgjZFeyxD6WrAI6AhMINoTjSCFssSxHO4E37BlZtikh8WTwiqrl1BmOTzdU9ZhQYSOaavfLoS/vQw+jkIp5Ih3fPED3Q2DHOAavwtL/Fs6OM7AoUwRDQlt7dPnlYSIaKZIaMU9GLYu/ghauEwEKFCthBvTU5rLCsGnKarOXMQNbnbsrcfs2KS4TUw3U8h89rD8m6JdPqpR3pi/7SRTAkRAR/HzhfNQoKY0i71fBYq+KWOB5jU7NhoLNwR9EI0AocxyBrJ66PfSLrgq8grwhuuOQ6wt6OQhezbgtXQsWK4n7aMCsIbVLT54auJWOcAnYgfcu3PZfQwb+A609uuRyjNipfjWxSRl4gLXLkZN0vPuLI+kDahYXUiWldkuh5VBeLA3HNXKLIe3H0dfzI/eAUetsveF+zbRnyjyr11C/eHJ6jnfxM5rjp723mdJRX4+F3YNuERIViZA/YVMSZltwRrjNuzCAmW/YmA8sVx0Ei8ygclNrcxyLKzhHBiNNe/HGrDmYPVoioP0m6XLNHgyQa4nSToim3EaUjQ6xIPu2BP6R3g8xCqoWoKxehBez3ojrFMWg9ZYE/IMFk52kBUrzn0DYPXQBCx8PgDrdTYUcmGK1GuBEwwos7qYFreakU8HIJr/H1yZ5TCleKT7n7DmSQO2PNeKsZCbzfawMssxruyt8dicWVgzbbQiXyxg89hUrJ/ajqLRK6jDG4n8PY1VZnsY/xRE/Lcs66mVWY5GftLC+PHefY9ibwcx0ew4TxHGL63NJ5chYNNK+OqMxwOH2sGN9W+ha81/YoG5sX/GF47cKniIE7zmd0YXUNOMsxvexnauzIqQLoeN9/0JUmjbZTCG2Q1GfelR7H9hFqKnzcJ7x8qk1RVbr/ZXZwwyZQ7G8db9Uw4SFvvIJoSBIUhIyMLl643yMwo64hOgUg1GQ3kW9vP4WdwHCuW/cxw3R/qUYYp1mD/sLRpReToe70n+iA/jzVfikXuVpWO4N2a+pFRUVmLiGNYIbhcjXcoP/vwsbHsnFUU/1bUyY7AN4Ga1LP2n1yMuUI47evF6HMoqQy034tcl1EPK04pLYgkgOw/lTCC0HOMLVzlEg2lxm5ju18Lha8/y72oODr0ing9mcZ+uYGVvDa+FO4RAqfBbfCuPKacMPluoDhOX7kyl/VQ3DGODYXmeUF4yi1HJPkZ6LJPMdTqCso4c5/qxtIqvnY5ofTONQ6xhO4SVf1aMnI+L41HE/Z8sxmLiQvkRiUUbMXscEzKuF+N4nPCNYfVqf2qxNOngPGtd6/bABHAVq1vlreJ2wmN/kh9BwnRN+tR1m8/uatIsXTrmtYq/iT4ivWwbsDrOlAVHNnA2VH3dkvbgMJb2r1HVagnLWF9UU8s+HvmFfLcbB7iH6gyAgQFwZYpfw6UsnRV6jjU8N+gIB/wyww7GN8rzcPydFZr28+YrySi6zn5QTcLjz8rPSASugq8Taz/1ZchU5x9ra2nfyOV147MY/XUrMwcXeXnfrUb+USOX9YzBygEz1nmznARu3Wz1v3YIU9tPw94clLB+hvdNbjoTP15PcKGuGkXp8XKQBjaeDDdiPFGxtrZwLFQsDSWpou1M80FcXCpKWPlYusyFn97N8hJR9CXvo1j6Sk+jIF8O7b2oFQJZKRBDVNsMUsFqUAMqPzuBle+mYGF8Js7zvxvkgHEalzCFT+T/nJP9SvmKmzpMXEply+PJP+DpERZo+qkISftS5WfeS0fSFz+j6T4bePk+jJHiWX5c1EJvB1j8Vo/vT8vpmPtuKmKPl6CWryreOMfGlhYlx7S41TjAw9MGTdfO4aD4m6hTFZLv2winURgvP9TnsfodazzXS8Q7puKNM/I7Wjk6oIfnY/oZXNbzhi1TXmsKk1vkTjYOpulreB0Z702gub4aF7PisUctj/G4s+S+a6RHaIflIFPosMzEqDqThyqued4uQ35aN01Cm4vTJbjKGpnV+CCs9nNAfznAhxRaI6g5G4NtL6xGZSk3sWCNeXsUcrl5+xAnOE2RHjGdq9WyKZidGzyfmiQFoT4PNUdW4NDzYXobkKnUX2Kd1vMrUHm1Qoq7/HAhavgPytk4D3+4MsW6+VIq9m/Zihtid8nmL7ciZ3OOrGS5KBXgCtTzhA9hwgNTKOWVg2LUn1yP44uCcFH63kL9dXlniGFj5sDRSeyodjUVl+Om48BmXQFXLQiW4WKy2tQnHhfLmGLNlCu3RSJIYFrcpqR7DsaNsQOaipGxMgyXvxSmNdUs7i3r5bIfNRbaBq+msBKefKC4eRFFahOYciao8njt3eDuIQd1H424zOrd/rhENPA8uroVuZLipT1z6zp5LFPiq5H7ziwUZQnfGFavKnfPwvFvWBmp9LUHJpAfWIED7cTdpfiJyaObeUgJD2pJezWr37uDsGeNIZNc81OTzPKLfdqO8ZcmY9Q4TuXKSzUKDsaIkG4gYTreez4ERSez5LJhNH8ZhYJSWbix/J30ITPSWjqHt+bLRBSo84+1tZK35D5imL2B1lAeg/RnmVBgtk3suLleBjLSdmP1NHvcqTiDvW+eEL91M/VR+OqC3De5zlfsFukYCtdRvE/NRI4ehdKo8eRZbzhbyM+m7RZth/VhDVnrkXb4ayb0DYbj46HSo7pUvcUUXyaItbuRWV+FKZGlmUyJ/KIOlUx5vNVYiyOXpJGNdSryh+lYYooTa5F3ruDohyU4ekOYLt9pwNHPcvHPf7H7Bx5Ei2GOCiouBV6/jINFcjq4CXH+d+eRz58dNhwt262YGreaJlwryMTy/ylGmvib8+euyP+XxaBuEfi7g6ZrXyH+/xSJd7yLwsLvUM5nmJl0Okh6gjALfBzkRkBXj2L/X6NQw+VCDhsH9S0umDLeF4UrFEAxwdxqUlpLMUxE9iJPpMdtRZXUDzJ43HF54M0BQwaLBYNeTPYK7OEbtM4yh7lxd3MYe/9egtoBDpjx8m7pfNqd/cCAihTaduGraLrKUR4qfpKFvoHGWBvpo3w1PmQNv8HCDp5LdyAq+zzC30+Bu7+5TE6ZInE0SlugKfwF6g35NDzuIAnWA8eEtl4B2ucvzxrbyc/IxON4AlO878qmb69mlyLig3T4zAvWK0s0MGHteGkjLO25qW4uXj1WgAUxsRg5SiEAqnEMlgRBXC1GiSLh5XnF0qyd8+SNcoDApLhNSrc37LkCxATVoGM6eXI6BX4P8WfuxwMdncwInAZnph3Ul+UpOvg8FEk+i3ZwDVBOIHQDNwuRo7ND8A0xWdBCKEZK9kJ28InRzZMfsGgiN12xhu1j/BkFTGnPTWov7i5GbFJx40IWKntawi/fii/54GfnDS/1CpsqGo9z64GrecjXu6JmYFMog76xxsJ9yk8i/KNSrbLU61P0a6Pk02T7RCjcnxJ91KhguG9icbDbhnoxE9bNWA2x4Yu1PUZ5OutT2KfrlHUaAcw21IPlSSMufBolQpQYN57YOjtI/ZLtlFitspGuiEnS/zXMbqz07D1H/RWc/FZbAj//a2eN9IZj5HD2MWg05r+scx7p2mBMf4D9dt9Q3K8ZCJtwhytdw53xFzcVRnJJ6r4B8HJ7HFP4s7frwQ0dZEyNW00DKktrob0Dyc9Yw1eDe4FJsbmoPP+dzq7Wt1HfbTaX9xDqcfBqoSRPtU0Hx3tT4Puf7DuPyGxl3J2weiTueUih7SCDzLC9d33CdMQFRyHt9NeovDkY9i7emB2ZgqjUFIzUMmHrQjqySpYVgoRnV+PAsTxcrm7EsFGT4BsRi1dPnoL7GPGMhhwUveCCN7ckI7ewAjeYAu/sFYwlH+QiIlp7SshyziRZgR41B5GKzlMtwA108tYxOzY+bgkT0t3hiX4jcPThq3FMj/FYp+jIf0DkLFkytx0ztxfOvvf0kTSdp7mpmxVpvVTg4qdfo56bbPkI3935HtJqXMnZrUYIGubCG27vC5/yoUb0ZQe2Ivsq+1SNxexo1kfxOvtBLGaPYcpvUxmy926Vn+tyzmDTczMxM3QTks8zUd92AhYsekb81gPkJ6KI54vGLzpYtu6ozkO+7kZRbaA7nvT1ttb3YBlukjR0Dftzf2Z/o4LLjEDEc0X15WCsnzEaVvc14fvPinFUPGl63ATRdRg3DnbxeO+XghfF/idKX16im7AKxdI/u8Lm7hWc2LJcOp/W2I3+ejPUzXYIvnERF0Bu4oau+95w5WomY8xGeLroWfFQU52Mki1B2D/PBdFMuc3hfqt23gh8qZtW6S7/Ivn+NXwT33oFSH3NC5FNlZXUH0X59hAcChmPNwNXy750Q5wQEKG9iqqm+TR7t7/6IMH/YaaAZqGyicmiT4XDV2Ne6w33ie0stegxO+a0H7cCo9Jdhhre59/+WuFLqXuNR/ZZ+WnTYHXHpR0FQp/Zsan1yuwkokpahOM7MevLD/k6tFt6uHfxS52kKNq6BEgTCT3OsVQUsbxUjQuAKzeznzIWA+u/xldJ5jDJNRLHUDwh1cM6FCUpfNDZpddH328ZvEaxfuJmHerVi2N3G6VdotNeCet+k6uaAhx+JUc6msRqqLSU0EMwxfVsMfg50u4LWZ8dGAx3frY0U3Rb9ZkGaT2eVP30i/RZeVL7HEet64XuM5Xv/9xELa/2t0uQJPxrW1+ZiNUUqjXmTnoQaKxD7a+aBoGmX39G4bETeP28cgXZ1LgJg6iGKky5GfepsHKMgR21CG2ElY1quLP8XY1qGdxbyRJdO947BnhIk/YNV7PEXgLqONvas8Iaw7S2LWcy0VpvcAMHwkQmj8YoC+DW+RNIyKuQ9xjoB5BC2y6DMeT3c6DivgeMgS4r4bNvFdyZZNxclociTetjQjMfw4a74ekQrow6wNJ/Bxa8zToLbm6ky/KTeHFfCtxn+cNSLWXfLkPJhV+kTmfgkPvlsK5GvenSxGVY9No62Lu0Y8bml4QlKSfhMy9Ukyd8o5iKvDJJMR5ood0xusWfxyJuBjyuxZS6uSxH9hdleWupzhu1uXFVDt5TdJia6wAXGrnZcbT0OMfouDkmpTsR33K/3SGTMH9fEpyn+Bq3YntdHjDgFIDZi/SbYKvNjZsvJbZ+R3YlnOWjiB1cn1FvGmRivRJIf8MGgHELdxkwwTadkktc4XKA39snteutGWm4zfKd4TgtHa5PmMmkMqsQ5Tw/HvJH+Pu74Kw2mVV5w3ZRCsK3dX5zJaPKXoPYIddiLB5fu0yq95Vnd7YxkHcBo2SfWDTdRE3pRdlHc1QwnCNPImhi64kS9SZmJWmvY/9GsYmUnwu2LQ5pfbyPEn5sz0c/ICq7AH7+PWgbbCImtR+xe7WtRzC8uPVF/dfI2Wvo/EWd8eSJdfDVN56oN4ljbT1o+UqoTGjD/NgebuES+X5s75jA6Wlu35FdbxzcEP2oJWykQF3qUPgDe2qIKxb+xRVz7rcw8JxghAPGM4n81uUCvHv4BNbHc6U0FX/ZcwZvXG7QERBNjLu7eGwpdv49AxnH07Bzme6Wi72NJtzibfK+B/GHP6ik/LMZNgKvh/hj+kMd9fvq3Vj5bcTB47x8DmKjnxm27fmsTHJxspwYitlKWSJlIzz1yBJdOd5bDZEn9Ruqy1DzE/ehZf3mrFgE7AvQa3KskQue2gV73nfaMXkxJh1LZsk7upsDk2UmfmzPSTa26bVM7CPclfPVMFaY8dpBZGSwepi8ETN6+e5RdA5tG7R5RlVTGY6vUTqD82NhTmE+94XToaa6DrasEWqdg9Xm2Zt1yGfPZmvOzGr/vEvlmV+mntllufwUXgx2MtgxaJ0nxk1FNngbMIltxOXUMBza3SLM8e3cZxt6zet52DNP3ijAci0TwljnVHN6NRK2tBhraVCxtB9jaW9qOdfR2LglTEw3HGOxIJ4J+Hxbdn3oPfcsGL4psfDRs2CkzkPHbaWS/0lJ0sNIOyB+VKJOZ3UOEoLDUGNqvVKz6CQiw/imDjoYOodWdyc/vWfJLYNv6kb4qCcEdOlU3AJ+FFOMr/ZqtITyHFoRNz8OxgA38mPw3sYWGxoV+z8j2P+pt47rlGW7Z9PpPZeu/bLXQn1OqSSLsXcLZO8mSd3atHWGni6mpbv9PFSme9iGArzoZ6Dgm+pQnp+Kjza3PkdVq58rTUb0C/r8SjuKec+h1cKo9tOC+gxhjm7dU2PaeMKeZ3GGizhbY+gccmW5ViN3o6fejak6RAfOoW0XcYaoYeSzWJOk+46eRWqJNf8ZhKdbdyrazw9+ENuen4pHDPX5ynNJrR/F7ucfxwh9SwL8HNWKYnycWYKjas3WlLgZ8hmuppxt2gEWvIOPF7lC6oKaSpA8dy0OSz90EwbLTH85ezz5J7z+h9aF2HSdyZfDbVCpFU/75xAr/1/5nNo2+k6znutr3Dm0EyL3462pYkC5dgYbwuJYjnQGQ7IEk3/K6uDsZNeJ8V5BW+O7wJI9s4Y9Y3DiVzduQ3LB7WrcgB2G/aQcw02TlzWY2Ocr+3Pl2fGdIeDdOAS2lfC6ImwPPaT/DGpTmGbsObQTEJn0FqYKI4iqMxuwJK5ztbAroRXaNriRm4mC0mrtDQqY8FZ14Sj2LNLd2awCJa9sRXZ5nbxSw2iur0DBXqagnZXNx7RI3okDWcWouqmYIbnbiJryHKStmaVQZrueht3TsY0pkRerWNrFBowGyY7Bh6l5KFevSHG46WFVMTK3BGkrhYyihHjkXGB5KM1+yTTfZgLw2US8t1jdSajNjatR8g89yiynnu92zD4VO4oaF7fAxHSjfD0OLY5Cpk78bZOKnC2JyGV1oEFvPq6TzY2ZUl7ykQjSJTsHl7m5s50bxklnFphYr9QcWIH9H+nUr06TiJznVyPtbBlqumrTjvwwJO/O0S4nM8D91VvVcXV7Y/Wo87RX9jqod8hlNF/K06vMdi2JyNycjCKeHyJErZjuSZGtIZTc2JmqSWPzbZ2ysbCG45RlCP9vPef5dtWxPV2Nie1HvXs178MunDDhPQ2OJ0x42ByE9/aa2hb62rE93UEDth35FPk/1qKprYxs/BlrEo8h49sa3LrTTiOu+w5HL4kGcadBO15+jurv3RG2yB0zRZBJcXcXh/bi0x/F4GZhj9GT5dveSuHnZ5B2nuWfegOpO7X4/vQxLM+42urYvf7Aub+lokDt/WHrwFSLzsJliUikX2gZA5uvl8nyzzf6/Gq7brxvSFgtHa9Yo5CtuCyWs3MrcltpyAwuFxxQHLHHx+5S1m8u3oPLRstn7WBin9+nj+0xmnP4W0qBxuLE/qHO18KuhFZoCYIguh1feO5LQoCjoZW23gTfQCoJQS6NKNq+AMePiWMWJMZi2NpdiJjlgIGGZuy7DLFCa5bVi07in4IXI72hKkvFtvD1ejf3MmW1vVfSFSu0fZSRY7yxLeBh3DmfiZXZ2jsR2wwbjTdCJ2PkoC5eYTUDVit2Iy2QTxC3vVpImBPjVmg5M6LTsPpxK6D2c8QsjMHnIpwgOsWzb+HjZRNwp90VWs4MVl9Xs/rKqmFeDBZu6b21kFZoCYIguhHZD38XU2b5Klomcnq9cjMH7mIjs0FDPVp80OEAy3G+cHa5XzYdq67oRmWWU4IqrkmM8EbEyzPg0BP+PZIfdjoi1nJ3hjoUpOlXZon+hd+Yh2VTXQsLPGbVsk2r1WALeDg+CBt+gOpvN1HZM6dZGYENRvtH4O0/ytZOTd9+jkPSHdErsHLAkws2I3i83KlVnfuUlFnCLNg8/hw2B8quBr/W8m0VDWPl8CSe2xSMCZJldRXOZffuWkgrtARBEN1AKx/K63nYvzik58/GbRfD/sEamqqR844ncrtZOfeM3I/Naj8zTl0B4p7bhPbmnDuPrp9WI8qPrMABnfOclfSXFVotusJ/uQ9gyJ+zhSZc++xTLP9Cz47hPY6wbBDfcKsEh19fi+RvxXfC/AifRe05NwMrtDrPNl07g/dXxuGT/rIVLdEz6NbBJlb/VrP696P4rsPUTWmInKyphag68z5WxX3Sq3dEphVagiCI7uSu8Jt8oS8os5xU5KyOwvF87kul7V/EfdYrC7kPaPcrs5yCuLWIO3kFtV3l020E3A8td29km8os0b8o/Pwf2PbJOVReb0CT2qeT09yA2n+VIOPAR71UmVVwuxYVucnYsJiU2d5IU10VSk7GISyMlFnCvNy6VoITca8YVGY13G0Sz4ZhSS9XZjm0QksQBEEQBEEQBEH0SWiFliAIgiAIgiAIguiTkEJLEARBEARBEARB9ElIoSUIgiAIgiAIgiD6JKTQEgRBEARBEARBEH0SUmgJgiAIgiAIgiCIPgkptARBEARBEARBEESfhBRagiAIgiAIgiAIok9CCi1BEARBEARBEATRJ/lfU6dO/XdtbS34ZW4eeeQRKd6uiJsTFBSEkpIS6bpncIzFgvhgOFtUI/+dIGRnVYgfCKJ/YLn8FF4MdoJldR72Px+CynrxQ2+H2mbvx2oCnlsXgT+7O8DKgn3/Ph0zV+6VfyPMyFRsPhwJT2vxVeIWCrbOx6bT4munsMb6sAB4DbuD7/9xAmvON4lwguj7LI3PQNAj4ovg1hdxmL/5jPhGEF2Lpg421aLii79j+1vp6O2aFq3QtoF9zHlEnT6PAD8R0BsI8IDzEPY5wA6uPv5yGEF0iGUI+OgHRH2UAnsR0htw9WDKLL+xc8M4Lymob9DX2mbEKda/sfJXXIsixG/9Eis898ZmhE4WyizRuxjvg4/XhrDLB+HtSSYjHDB++AAmwVjikUdHiEDCNKzx+jKe3yE4OF1r5qH7MaXsuwQHbJP+f8U1z0H81pqnpz2j/ezaZ/C6EdVQ83fhEzBdhPU9YrGIjxdmlBtUwUlYdKQUryrHo26TS8T7KK89seI3AhY2cPBZitdemyoCei+k0PY1Mgtx+Tb7vFuNktwsOazf4QC3eHXnUorZgSK4t+MRi/m8U37f2M4wGL6p6vfMhZejCDYDjpsKsCaroHdNxhhJSWEZGvhN9UVcyJeCegST87DH26aegVlxvRizTDx3r7IATz7GNdlanDuwCQtnzjTP6qzJ7f4eoq4AcTyfpcv41dk7v4kbQ1yrwPnrd4HfGvD9d9dEoHmY+dSfcPDFAKMUlH5De/ndjbRb9v2BfzejLZuCvSvVbYZdH10Rof2UeekIX+4Lx+GDMVAE9Xp6U5//Hw/Bc1U4Yv8eh/c/fh1LzKR3SnVw/nLsyK6Q6qqN+wwEyT/1Wkih7WuUr8ehWQ8j2s+z/5o0qpbB1QloKCtDDQbDdeo68UMvZ7gDHuCd8gDxvT28/OFqB1Sy92xmSrxrkLf4ofMMe8gOKovB4lvfomH3dMRNY3U8uGfNjU3Ow77WNhOmI5rnM7+OlInAfozPCAxnH03fHseGQwVMrTUTprZ7Qj/VdbjFP39jimq71CE2KRVz3003u7nxCHtbWA26FwqzDtduyndNzT2sRZpU9l1BBda8k4K50pWL70WoIf55+oR4NgXbiupEaPsU/j+R4Sy778h39zgOcP/TJKjYXc1n8dgWLMYjfj0bgir5oS5mPQ6o/89pqSgXoW3SG/r8/3DC9P9vNbbtWY0lf3SCdVek5VYFPnl3C3J+ZvdDVNL42ZshhZbofYR6w9WiESWfJqKkGrB08YYZFy97DfbPeMCWDaQl2/NwmclkIyeGyqa2BNEZylJbhALF9d7GRPHAPcogC/D12Ts3u0dMIkzkt2b5s/4m+vmaVK9BvRpae6OHNyq4R8r+1r/Fzc069KDxUS/CH/Z27KOpGDlRW1HP5D3COByWzMOfJz6EIQNuo6ogDxeNn1cxkQrckkzmej+0KVQbcB/acC+g4K0FKBq7A0H+TrDlEtHdOlR+mYoPN8agZRjg5n7BcOTCZPh6ESbTEs94ZGaLQI4qFG4bQvG0h4iX0XC9DPnJMcg9liMHCOQ4lH4uda3jE8jP/oLjgTvRsGEdAp5wgIrP3vB0f7YHyZvjIYaPFiZuhO+qYHiNspZnncQ7pr8Vg9ZjnS9GRq7DzKfGwp5PrTGab1bgwslEHN+bLAcoeSoaAWFz4a6JuxE1ZTk4tnMFKi/Jj7TgAPc9uZg9qhhp/rNQK73LYBQluOD4EfGIEpPiNjHdqjlwXbsKvl4t5VN/NQ+Z29ej5Bv1Cpwod/HNEOVHHsaBBPFFgvuvboTn7Ry8FxIFR/7OThXIft4H+VpThMbXq9Z1RA8387BHM/Mp0gAWFp4Fh+h18HNh+ch+aWb1MGdvGPJ1Vxr15AnPw6K0rchMOSoHCJTpy767A/Mj/OE8XF7xvFF6FCl/XY0aTd0SaRkqvnK00qqN+54fWH6JL63Q0zYmroNPWDA8XfiqqxzUfLMa357diWPbkzXtwfQ81Pc3htumhF0oPF9bBZ8xLC1iVpW3+5yE1Sg4XSwHSMhlb5Mfg4R/uGnlX/P1YhzbsgIXNfWQY7iutAv3p53npKeeKjAyD9UMnCaXuSFTMn3/l+1LuVgS6ACUpiLhhfWK/tUMTNuMtHWegFk2VzGx3YedxKuLxmLg1aOIW7xaNqlXYLupABFT7FBzdj0SNqeyEDl+h0uJePPw/QiK8MVj9i1tM3t7GAo+a79ttu6vdFCx8eHASniqzL2RmdgUCgWIe24TjMrtEWNx8H9PgFXdOWxLLMY/RbAW3NfST9u38fvsFKw5L75owf0ifTCi6ARWXhyO12c9jkeG84y5i6brV3D071/hoBACuW/jGvd22r2edNnc/zBemTEeLrZsQOHLA3dq8X1uLt4oqm9tATBIhfBZPpj+extY6GsQP+Zi7pGW/Dc+bvk9H+F/n16N+VP/gLnjHoQV/z9u/YzC7Dy8cUX/KnbYvBDM+X1bedhNtFv23N/3GXjU5mLhp01YM3MyPB4Q+cLeMf9kLmIrlKu7ijxR5ClHLmug8H9O4A291uqG/1Yf7cenQF1/jYxbYtlOZDw7uoc2hWKy0ktxCJziBPuhwlqJZzMft/SNzybJkRyFDNLOiuzAabHwWxiAcSxuS8W4WZC+EzlasofxMlNr2hpDTezztXCA89snseAJa9R8xsbzKDNMLnvOxatLhuBsQho+v/AwliSHw9P6VxRsfwP7zVxN5A2iriB95ir05i0UaYW2XQbDeWk6wgNbhAQMsMZIr2UIfS1YBHSEYPjuiUaQQvjgWA53gm/YMjM4w7N4UlgH6CWUWQ5P95R1WBChY9rqtwvhby+Dj6PohDjiHV/8QNcx3wGu8buwxL9FKeQMHMoU0ZBQsH5dG68kREQzAV4r7sGwdfFH0EI9Pn2qlXBjikpzWaG0o1rVmYu4wc2OvfWYHZsUt4npZh2tzx6Wf6wjV5aPapQ35m87Cb/O+qb6+cKZKW81pVns/ZhC+A03+TSv2bHRWLgh6INoBAhlljOQ1UO/l3bBVZFX3BQ84AOmpOjkCc9Dz6U7DPpoDpl6Cmtem6NRxjjDXOZgydsbxTcz0/QLKrQsaFm6N62E77gWRYwzcKgd3AKjEbrWV4R0A2PYoHiA5TVPi7rOMni7D3gtHYuY4qLLsHGr8KJO/g0cPhZBm2K7cTMvE/PQPwURIs36ZHf9LIPnFAfJSsHSZRo8meDRb0jKxAUu0I2aBPdWEhF774l8mYL1A8lcmW1h4EPBeDF6DtyEMiuFSXVFp212tL8K9ZcnkQbYwWtOD/tYXyvGQm7GaUiZ7SBWj05F/EJvocxyBsBi+KOYHzwWT4uQjjDy0celeF3uF4oVZ5ANHpkWiN1zH8RIESRxH1PIQgMxc7QBZVYHk+JWc99wrP/POVjoLpRZjtWD8AicijUGbAWTjshmsz2qzHKMLfsH3bEn9I/weEiRL+wdvZ71RlhL99h7Oc8UWf6exiqzPYov3N/nsi+TmdTKLEcxbmlhrBzpl4IXNXs7iEnsod4IV+z3wC/tDQpjsYDJ21zWUyuzHD5u+iyNw+w2NvDqHazEH5gyy7H1CoabdNdJCj7Gmy8cYspsq+WpLsICFlbitpdCCm27DMYwu8GoLz2K/S/MQvS0WXjvmLxpDa+YHTaFnTIH43gL/ykHCYt9ZLPAwBAkJGTh8vVG+RkFVRvHa0wH9+QbZ1ugUg1GQ3kW9vP4WdwHCuW/cxw3R/qUYYp1mD/sLRpReToe7wkfhjdfiUfuVZaO4d6Y+ZJSyVqJiWNY53a7GOlSfvDnZ2HbO6ko+qmulV+IbQA3q2XpP70ecYFy3NGL1+NQVhlq9U0ah3pIeVpxScxgZeehnAmClmN84SqHaDAtbhPT/Vo4fO1Z/l3NwaFXxPPBLO7TFazsreG1cIcwD1b4X7yVx5RTBp/dU4eJS3fGzn6qG4ahDuV5QoDNLEYl+xjpsYyFdwxlHTkuKXR8pVA7HXr9UoZYw3YIK/+sGDkfF8ejiLv6WIzFxIXyIxz7DavgyQWj618jLSpEji84DPuzeJ4wxcsrHD4e0qMKrOHm5QTLm2XIjJP/5s3tcj5ZOnkryjQRmc+q0xmDAuFqZIiicPWz6ssH+6V2wd55exgu6jjCNNdX42JWPPaoy561B3W6R3qEavK8I3lofNv0hvtLrM9gcnXDVdYu1WlhdTbtG/53g+EYuA7O8sMtqKyhuluNoqT1eJM9/+YrR1HO6/dQN4ybIj+ihVOwlmAgX53frd3YPOTv6fWcN/veiKr8ZNGn8LaWhUqe7qYypD+vbxY7EUVfyvE1lJ5GgTlt8mw98dyfxoCPx9drzGHUaGq7j0d+Ibenc4B7qM5EaGAAXJlQ13ApS8c6gzHUGsOaqlHAyl7dNguus3DWNr2Wt/TLxvdXOmTm4CJva6x+5R/tAybpaoWAX9lGKgVWKlbutTh/PB1h7O/C9n2BSt7hW4+CFx9AGEqfyKM/8pA6FP6P+H/Ul1LZum8EVv3pUSne0k9OYOW78jMrU3JRyiqDxejHEa6QsUe6T4IHayBN187h4L5U6dmwXZk49ZPUIPB9JgtTKzkmxq3BgdWJYXdwregfeOM99jfvpiPjRxb/fbZwce0nziyDWFkOakDlZ3K+LIzPxHnedQ5ywLjR8iOEmQhbhwAXLjNVIOedMGns4eNs3GrWj4tHWjBVjjSdZiZDFKRuxTa1vMz6N/W4OW5qqPxQl9IxWU/mKL6S0grU5KfionTXdyi4yiUeBzz5+nPwFH1mb4QUWiOoORuDbS+sRmUpNwcsxo3tUcj9id0OcYKTPoHSGK5Wy+Z0dm7wfGqSFIT6PNQcWYFDz4e1aXphLPWXkpHw/ApUXmUDJYu7/HAhavgPyhk2D3+4MsW6+VIq9m/ZihvCh6H5y63I2ZwjK1kuSgW4AvU84UPYAMIUSnkiuBj1J9fj+KKgVg21/rqsmQwbMweOTmIUvpqKy3HTcWCzrgDFBOEnuB1pGS4mq4WVeFwsYx0iE+DcFokggWlxm5LuORg3xo7JGcXIWBmGy18KM9BqFveW9XLZjxoLgxav7bISnuOsgZsXUaQ2eylPRQmP194N7q2Uwq6mEZdZvdsfl4gGnkdXtyJXEr7RMtOKdfCcyGcYK5AdFYSSz/Lk4GpWR5iimvYNn4Sxg/PU1oMWr4fvLZqOgiz5b5qPZaFEEsoHm81nWBWRhBCvwSg/shqZrcwmE5G9yBPpcVtRJbVhBmsPlXF5+Be/H2K+dLSJYyjceaWp/xppK1m7VKeF1dmSNauRzcvfwgmPzZODNTCFJvedIBw/kCqZ9TZ/uRpfiRXogYrVuK7FlDwci2F81v1uGXI3Rok+hbe1Fci5wNvy/XAw0Hiq3mICExMK4sxmbrwUOzMykJG8GaHjmYpQfBjb/2akImRmapJZfrFP2zH+0kScGsepY6ECU1oPxogQBfXFSF/jiUxW9uq2mXn4a3kSwUndL3eivyqPQTqfSOrPmww2XsM/D2ci6rsGyVS39sYVnJVmhAbAwtBqU3s4PQxHJuvXFuRg/cU6VApf1Mp/VWD9qRKmoqrg4NiyhP7IUH5/F+WsbNJuyKaxtbdqEf/5ZdyCBUbYK5Y+TIxbw50a5B85iuWnr6GQK+y/NWDPJb6bC+sfB3dbR9G1/FaP0kymzH4h58utxlocuSRJNawzlD8Ic+AAd6+xLEsbUbTbB7knc4RLSQUaLtxsvaGVKXJkdgje0yiAYvKamy9rwuRLWzFcj0PPTkfm7njUc3mWw/q3kkxuwcfHwXbcBXqcPDbGyxPfZjE37mbO/S0VZypuwWZ8KDYns/H08Gb0xkN8SKFtF76KplsB81Dxkzzb0mGBsnw1PjxShgYLO8lcMyr7PMLfT4G7v7lMTutQcjRKWygs/AW/ilsNjztIwtXAMaGtV3X2+cumTXbyMzLxOJ7AFO+71nAOjMar2aWI+CAdPvOC9Y4nDUz5P17aCEt7bvqWi1ePFWBBTCxGjtIzxewYDNdR7PNqMUoUCS/PK5YEOOfJ2iaqJsVtUrq9Yc9Xz5kSHXRMJ09Op8DvIf7M/Xigo5MZgdPgzOSR+rI8xcRFHookPzc7uAYoJxC6gZuFyEnQ9tm+ISYLWrDDMH7GalUZSlr5JlegvEweZFTDx0qfSqovMaVGqyImI3seH7Smo0iEdAr/FCyZ54SG/K1sENR+Dw3c13rfeURmK8uyExYWHcHJWtrNsflqoWR1oE0Oyq/Ks83D7pdDNFw9jRwdZaP2ptz/6EXPrHH0tDZ8eo3F6Dz8BQ38+KIBTvDZtA4qbk3LlFzVvCT4jWOSOm7ihpZJePdhMcQGw3vKbKp8K77kbcfOG17qo8hU0XicW45czUO+vhXpqou4qNveWF2QJhE0ylgX91d9narvsE3KsBaudXKXEy/74dIGYzaTg3TOI2XXPFf5t+EtQvaNRlmBdnzCFXOs5IKzsbLF+inOktVA/a/SHr8Spsat4fZPyNfyI2VcypNWdxeebqO/6EvUX8HJb3letnD+V97ZEOZFbNbEx/ZjUkDbmCxHmo4qcBeCUs4z2U0R9wZuCUQQMqTQdpBBZjgSpT5hOuKCo5B2+mtU3hwMexdvzI5MQVRqCkbqmYDtEjoyQ50VgoRnV+PAsTxcrm7EsFGT4BsRi1dPnoL7GPGMhhwUveCCN7ckI7ewAjeYAu/sFYwlH+QiIlrbZ8tyziS54xs1B5HKDjFikrT6M1DLRJVjfNwSJqS7Kyd7HX34igzroD3WtbwjuyJnyYq47Zi5vbeTvtsoTS70GrhPKjdl+iYR+w3t4st9doSvtdL/pqdobuKr2X0Mk/LwKHIOf416ppzbT1mJNdJZyyexJsIX9kwav5Gf3Nq0tsvYi1UzZ2L+8h34pKIJVo/MQOhifRNe3UEFLn4q54uzz0o5aL4HnFmelJzdany7shuMQeJWDS1OdS+DWkxXjOJ8fgFTvACLEe4IWxEsKadJK/4ErxG8QZxDWmGLImpq3ATRZbCxSmeKRD9dXGUtl59CxEv+8l4C1Dy6Hc8XQzHVwQq1X7HxNHQmZhq70V83Qwpth+AbFxlYaRiuMws1ZiM8Xdowh6hORsmWIOyf54JoptzmcH8DO28EvtRNq3SXf5FMNhq+idezqiOueSGyqbKS+qMo3x6CQyHj8WbgatmXYYgTAiL0b/TTfJq92199kOD/MFNAZV8626fC4asxr/WG+8R2BE09Zsec9uNWYFS6y1DDFyhvf604n0z3Go/ss/LTpsHqDvdLaQt9Zsem1iuzU4cGPjH+0Fg9m9o4aEy+a3/Kkj67Bb5JVXQwHriaiv1rlDuOa+MY4CFNEGj5rUqXkWfOmYvrjZLZFvcdbr2q6QvHUbw861BzWQ7pTZiWh95wC+CTNnW4Id6Z03y7DpePRSGhB44PulXxCXaknpPOuhxu24POdsdSUVTNqu64ALhyF4spYzGw/mt8lWS8ua/lnLHSxF+D5oyLruyvCH38U8pw4No/ZX9YvdfHsrkvZ+Rjrnjsd6we3qhFk6ZBNKD2Sh62JRfjlDAr5pgaN9EGQ62htbeclS2mO3bnuNlXEVY2FtYYpjNYqSI88IC419BROdIomGz4lJO0qHHjm+SWPWf4pfZl1UePy0z9hwkP2bB/K/B5bDqudKwQuwVSaNtlMIb8fo4wmwMGuqyEz75VcFex8agsD0UaaU4I/MPd8HQIV0YdYOm/AwveXgZ3fTsMLj+JF/elwH2WPyzVq7G3y1By4RdJABw4RNfusItQb7o0cRkWvbYO9i6tTUa18EvCkpST8JkXqskT1JehIq9Mry+DW/x5LOJmwONaTKmby3Jkf1GWt5bqvFGbG1flKPwrFNeBYilfnCdHS49zjI6bY1K6E/Et99sdMgnz9yXBeYqvcSsgauHdKQCzF+k3wVabGzdfSmz9juxKOMuFVDu4PqPeOMbEeiWQ/gbWGLdwlwETbFNJRok0eeMAv7fT4fqUyHM7Vm4x6Zg/kSnpTcUo0vg+dzFMmfXbJ2/3n7KmbX9LqyHyBEJDNRP8f+L+hUzZmhWLgH0BbZocmz0PC7Okc5Wh4vWKxalua6OWwfP9HbJpaHUhCjprGtwFmJaHc+DuMhjNV/Pw4VuRSBAK8JuzxuOQnuN9lPBje7h1RuT7sZIVQ5/AmHavIRX5+ayNWIzF42uXSX1e5dmdhidW2Dhgr+7fVN4YycaNJZIlRx0uZG6VwzvaX3H4sT0f/YCo7AL4+Zujn+j71Evmwazd+47GdENzj6UVkg/niKf+hFg3G7Q3R+k35mFYNP+M/OM52JJ0RNqcau6OdIR9/AP+qeuQaGLc3YMVZrx2EBmSP/pGzOjlu52ywQh3eL4ybSzA2VIy6x75wMPYtvBPGN8vbVTNXT5H8cNP3JLIAT6bdsnmx9JYX4CIebJyqYWpcqRJOEHF3Z0YtWzsucF9aFlfaDtvF4KWyhOt2nRMZjIJk/p8Dj+257xkiafXerBP0ISmFs8I/Ty2FDv/zurg8TTsXKa7jWvXQ+fQtkGbZ1I2leH4muko0vg38WNhTmE+94fSoaa6DrasQ9A6+0qc+6ifOuTzszs1gm37518pz74yfNaW/jO2uDnHi8F6OimB1rla3PTQoN9CIy6nhuHQbrFhEKPN80Kv52HPPHnHWMu1TJBlglrN6dVI2KJ9nqmEiqX9GEs7U5rS583CRdZ5Ghu3hInphmMsFsQHw1l0pK3QyUOZYPimxMKH+7PpoM5Dx22lWMSUv5Kkh5F2QPyoRJ3O6hwkBIehxtR6pWbRSUSGjW1dpobOodXd/VjfuaTcvHcbKwPuxNUKeWOpQwofVnX70X8umw5ttgcOa28an1tvuL2fhKA2JL0b+TF4T6wEWrK417C4DQ46hs67NSoPTWub3N/3xUgD9ZDvNPuO8ixQ/e2Vo7+NG36+NaLs+eZNBuh4Hm5EUNYyuOmtJ0xhqCpGbsKK1ueoaqWpGrkbPZFjzp2Op5nzHFol7bd7LVTRmH8kFK5S/rB6HcjqdasZmbbrlbJsJDrUXzGU7a40GdEvRMn3naYD59C2iziLtI1FlltFJxT+oh07i9Tq0clImj1a8lXVQueM1KefCsCayXzlQh98l+SWuOfPmoeFjxloELdqUJqfh+hz9ZIFAceUuDXv2db5vZ1mAiKT3sLUEfK3qjMbsCTunPylWxBlDz3vKM521T1Ld/5slueP6ub5XdRevwUbptgo87Ddc4i18lbkt3SvH7Oe62vUObRdUD78WMQY39Z+r9VlKLdwYn2T9rhpkhypoQ0ZREGbsjhHq38zTWZqN2698oGJfb6yP79bhnS/6Z3f6XjqAsS+5M5ahmG+PxaJ/94vvnQCo8+hXfAOPl4k+/mjqQTJc9fisPRD90ArtG1wIzcTBaXVqFfuOdBUh6oLR7FnkVKZ5VSg5JWtyC6v06xANNdXoGAvU9DO/iJCFCTvxIGsYlTdVPjT3W1ETXkO0tbMUiizXU/D7unYxpTIi1Us7e05TGTH4MPUPJQrTAl5urmQmrklSFspZBQlxCPnAstDabVLhpselp9NxHuL1Z2E2ty4GiX/0KPMcur5bsfs02IsXOfLKwnGxS0wMd0oX49Di6OQqRN/26QiZ0siclkdaNCbj+tkc2OmlJd8JIJ0yc7BZW5xZueGcZKtlIn1Ss2BFdj/kU796iyX1uPAmtbvp8lDQxsymZ2xcLA3rMzq0pCwWjrKqUZRjjzNOTu3ItfQCMrpijzMCsF7UTptTd3u/6pUZnsXpuVhDE5nV8j1lftc67Qflf1YBESnwKuVttaFx/Z0Ke21ex3qo/DVBblONV/K06PMGqbhehlyWdvXUmY5HeqvGH3t2J5u4NZ3X+DdU9/h2q9tZ+Q/P8tE1LEiVF5nNVZhMqyPtFz2HG8Qv91F022deK1s4TI9ELEeLc6BpsTdPZzD31IKNAq3/UMTxF3vJe3kpzj1Y11L/t36GYXHjmJloWzS3b/ogvLJD8Oe7TmoVPdPd+tQmc9kq+dT9ZoOmyRHmkjVW68jvZD1bVpjZh6Ob0lGSatm2kGZySRM7PP7+LE9RnNoLz7lR4VxLOwxerJ8213QCi1BEARhPoSVgar8KBJWr9be4XrUOszesRLuQw3NZHchYoV20LfJmLumO+eNdfGF574kBDjyM471WFdImLLa3hvpihXavoo11j//DLysKpDxQS72qBeQOfcNwMw/BiB8vDWgZyW5dzGDlelqeLKk1ubFYOGWz0U40aUYtULLofIhugIHrN67GzMeNGKFlmG1YjfSAvmik3HPmxNaoSUIgiDMhv1UN9mk2mIwVI4t/u2w84X9lElwkMxie2Dzq9MVktWGxWOz8dYCTxgy6OxK5D0YdjFllq9CZyKnGy1xiB5ihIPw2xwA1e8sMFIjdQ3AI7a28HhQNtK8db33rhxaOTyJ5zYFY4Jk31iFc9mkLPUmqHyILsHKATP+KxJPPcjub9fjuhxqABuM9o/A23+ULSibvv0ch6S77oNWaAmCIAjzYcj3WEH9hUQkrI7p5iOgrPDctoMIVfoyfp+OmSu7fg65lZ/W9TzsXxzSYs7Xin6yQqt4ZaayoWDrfGw6Lb7eK9w3ArERf2x7c6dfv8PB//MV0szo3WAupm5KQ+Rk9S5DTag68z5WxX2iMW8lzI/ssyi+CAyt0FL5EF2Bbh2szYvDwi2GLASWYmdGEDTnB9wqweHX1yL5W/G9m6AVWoIgCMJ8HFiBPTuzJF8qLf8iyWdd9gHd1u3KLOcWG2Q3IfmLCtwyxc/UnNwVezC80JYyS/QrfruG6ORMnPq2BrcatRoEmn6twfdf/ANRe3unMqvhbhNuXSvBibgwLCFlqfdB5UN0FU21qMjdiy0GlVkFt/mzydiwuPuVWQ6t0BIEQRAEQRAEQRB9ElqhJQiCIAiCIAiCIPokpNASBEEQBEEQBEEQfRJSaAmCIAiCIAiCIIg+ieRDW19fD36ZG3t7eyneroib4+/vj7KyMukiCIIgCKJvsHjxYnFnHB988IG4IwiC2g9BaEMKLUEQBEEQ3QoXyPemGHdk0tKQpSSQE4QCaj8EoQ2ZHBMEQRAEQRAEQRB9Ejq2hyAIgiCIbiUiIgI79+0U39pm1fOrkJCQIL4RBEHthyC0oRVagiAIgiAIgiAIok9CCi1BEARBEARBEATRJyGFtq/hGIsFJ39AVHYB/PwdRCBBEMZgufwUIk+z9pOagpEqEdhD2G8qQBRLS+T7sejhpBAGsJkagZ0HP0ZGRga70rB5mviBMC9hf8MnH32ifW0LFz+agcEPYltECD5+OQDrHxBhBNEvCMffdNvOR3/HG1PFzwTR1UzbjDRpjMxAWtI7iPC2Ej90L6TQtoF9zHkmcJ5HgJ8I6A0EeMB5CPscYAdXH385jCAICbnN/oBFESJAB1cPJ1jyGzs3jPOSgnqIZXCfaCfdWbqwNi3d9WaWIeCjH6S81VwfpcBe/NovmRyJdyKfwWgbCxFA9B6s8foypqCuDcHB6dYirA1cRuMRPm7eZ4PxrkY8T7RmvI+U3x+v9UF4D0uOT097Rk5L+ARMF2Hdieb/11zP4PUR4sdWOGCb1rPsmmfMYkTL38VPEEF9kPbGZNNxgO2qkwj/qFR7PNoTK37vWtTv03L1Mh2hh7Ea4YpnIt/G0t+LgG6EFNq+RmYhLt9mn3erUZKbJYf1OxzgFq/uLEoxO1AE93Y8YjH/SClefb+tjjUWi9Qd4Qc7ZOVKQa+cROlHlBSWoYHfVF/EhXwpyDwYVfZKElH0TbV011DK2rR0181EnBJtTN9FdfBJvwmSwt5U8Ql2LJ+PmTPnY9Np+bfO4LipAGuyCqiN66Hs2AzMeFZca/aI0Hb4TXy2RekVfM/Hzd9qcb6kTg4zB9YPIjYsCB/Pvbespe4Yk+fdwb+b0SRu+zNN/xY3etmD/1K3GXb9vVwE91NUL6Ug4tmxsB86WIT0fnpPnz8Q1n98GuHxm/H+x3F4/90/ivBOcnoT5s+ciYVRyTjH9wC2GA3vOd3fJ5JC29coX49Dsx5GtJ8nsrMqRGA/Q7UMrk5M0C8rQw0Gw3XqOvFDL2e4Ax4YPhgDB4jv7THKH359RVnvJzTsno64aaz9BIeg0pzHY5ta9oyqzZ6IZmmJe2E9uuakbnOSiMxnWb7xvJsWg4KbIrgf42pnw/6tQt6uHfik4pYcaAaGPWQHlUXfEcZ6J3W4JupgU7MR2lXjz1iTkIK572Yi9l8izBwMscHI4ZZcTuz/VNdBagW/3ZW+9iSF/08UPiv6O/Jdt/LP0ycw9x1Wn9i1rai9CZIKrBHPzn0nF9+L0Pa5idpfxW2z+LznWQafKVxRakRJ6nrEBarHJHaFr5cf6WKqNo7X/J978o2bHOv5Pn8g7Gc9g5eSohG76hm4j+TmKuan9qvD2HDknDTJ9Dub0XJgN0IKLdH7CPWGqwXrsD5NREk1N8n0hqP4qd9wsxo1TYMx7k/RIoAgeobyIwqhQHONR2a2eOBeRZqcuIXrRdI3opehXiWsvdH7p4P6Bb8Jrar+Jq7Idz3GLfWK5c06mNPQptchvWcdav+f9I2AE2yHso+qPGTvTkUDNX3jsHoCz/3n03CxGciqUxky/+9P4ocu4GZTj0wyce6FeUUzMBb2L+1AkD9rTNyd6m4dKr9MxYcbYxQrK9yUNBiOZamtZoq4GWm4F1Dwlo6QqAqF24ZQPO0h4mU0XC9DfnIMco/lyAECOQ6l709d6/gE8rO/4HjgTjRsWIeAJxyg4sIZT/dne5C8Ob71hN/EjfBdFQyvUdbyKpN4x/S3YtBaXvDFyMh1mPkUyxexm03zzQpcOJmI43uT5QAlT0UjIGwu3DVxN6KmLAfHdq5A5SX5kRYc4D7RCWgqRtmRVNS6b4SP11i4zeOCt3hEiUlxm5hu1Ry4rl0FX6+W8qm/mofM7etR8o16dVyUu/gm4RSMKBamhCsNB7SOgbuMogvW8PMIYPFHIafNUdkBw0KiMTuIKfbDxSxfEyufwtblY2rZK+tm9t0dmB/hD2fxf9woPYqUv65GjVb587YQh8BpijxkdTY7YTUKThfLARLc53IjPG/n4L0tZXBf21K3musrUHQwCpmpijrOzV/nOenJJxEP8rDn2RBUiVAJUWc9WbyW/B0ZzXoXD0QcfCBUc1NPfAoGTouF38IAjFPEzdtmQfpO5KQclQM6VPZ6/kZPn9FC15V918Lqx/KN8PPzgANfueZBvG2y9pOzM0rRfgS8rfE0e7A063NZ1VdeKvb8gZXwVFUj/52gXm2x0rr/tobnhh/YJb5yNO8YDN/UWPjYNaJouwuOHxO/q1FFY/6RULiiGOnzZuEiqwNy/I3I/WskKp9h+a7us/SOVQKT+nwZ25dysSTQAShNRUIfsCzgvo5r3LXHzcL/OYE3romvCuRnb+LouwWon/oHzB33IKx4xW2uZ+0tF69/Vgv5RH3u2+iDR6R7we+5f6m4F3yfnYI158UXzn2WmO/tiZmTHoTNIJbhv93FrX9dxMcZxUjTs9Az3nkswn1dMfJ3+hqE7nsMwNPu7lg4eTRGWEmFiabrP+DUya+w5xftTlF+T0h/H//vh/H6rMfxyHD2f7D01JZ/gT3HfkB+bzEp7jByGY0oOoGVF4e3vKOUL1dw9O9f4aAiz5V5ol03RFn/mIu5R/qpRZw5MXpM5hgrS+ih/hfcELd6YeOJY0S41A9qTJPZuFlVymTDLatRJXv7SChlIG152rBMbwym9fk6mHtsu/Uliq48Dfx4BLt3leH2kv9CgPipP0ErtO0yGM5L0xEe2KLUYIA1RnotQ+hr2oKraTChZU80ghTKEsdyuBN8w5aZYbMVFk9KHOZ7CaGWw9M9ZR0WRHiLAIHfLoS/vQw+jkKw4Yh3fPED3Y1fHOAavwtL/Fs6Ic7AoUwRDQkFGxO08UpCRHQoPLXiHgxbF38ELVwmAhSoVsKN6bPNZYUoYV+rzlxkHddguHrrMTs2KW4T081NW/aw/JuiXT6qUd6Yv+0kE9RFQCcoT89DDezgHrRShOjDASNjTuLFpb4tCg3HoqV8Wu/Wa0LZC4ZMPYU1r83RKLOcYS5zsOTtjeIbxxuuOw6xtqCTh6zOBryWjgXL9cQ91AOh27Tr1kCVAzyXxzFFXv7eIfxTEPHfcrzqgZOjqQedIhYLWNvm9UoZN2+bPkvjMNuoDT3MQfeUfZcQsQPhwbISrpk15W3T0Rfzo3fAUSvdvnDfJtKsaGvtEuovT1IMsIPXHD19SZ8lFfn5XIAx4G4hWbAwme5CpqTMtmCNcRt2YYGyzzI0VpnU56tZBs8pDpLfv6XLNHj26KZqQNIR2YxTS2nsNCMwfekzWOgulFnOQBVGTv4jXh/fmc7FGmtCWLyTHWRllnPfAFg9NAELnw/Aep0NhVzG++C1wAkGlFldBmD+rFlYM+1RoczKYRbDR2PmomexbYz+dA8a643dC72Fosdg6bEZ7Y2XZ42A3j1KrxVjITebTSzGP0VQj3GeKZg8Le0omVaPTkW88h2lfHkU84PHgon3vZw6vJHI67j+CZheh0ljsgmyhNZeD2IyWJo4Nrzng/2GN7CIy3pKP1s2btqPm4Pwbbt6/6kCZh/bmnF2w9vYzpVZEdLlsPG+uyGFtl0GY5jdYNSXHsX+F2YhetosvHdM3ljG1ktnpcUUpszBOC41/JSDhMU+splfYAgSErJw+Xqj/IyCjtjtq1SD0VCehf08fhb3gUL57xxZo26BKdZh/rC3aETl6Xi8Fyz/H2++Eo/cqywdw70x8yWlILwSE8ewinq7GOlSfvDnZ2HbO6ko+qmulamBbYAHbNln1WmFv8Pi9TiUVYZafbs5hHpIeVpxKVH+np2Hcia0WY7xhascosG0uE1M92vh8LVn+Xc1B4deEc8Hs7hPV7Cyt4bXQvWGTutxQIqLXW/lybOGfEZPHSYu7VVHQX4i8stYOY2bC3dDFckvFkHSLF8dipLU78nTnYVK/o68fFYpy1PGuLJXYw03LydY3ixDZlyIlN43t8vvYunEBh75IWDRRswex9JyvRjHxXM87v2pxdKkg/Osda3bwxBrDLOow+VjW7GN1y2Wh5llvH7bwXN+R32jeZ31hi0bKGsKk1vaT3AY0sR7amO6/2czy4uCVJZmTdzrkfYNj3swxk0NlR/qUNkr/mZaKtrcv6Nbyp6Fz1MKBuIyww7GN8rzcPydFZq2+eYrySi6zn5QTcLjz8rPSASugq8Ta5v1LfWPt2M5v1k8n8UgWt8sdmYOLvKyvFuN/KOivzALVnDwi4T3SHZ7q97gKr4pKPvv46zN8zIteEv+rrkU79iwNwclrIx5v+emJX15w+sJJ/ZZjaL0eDlIAxurhhszVpna56tJRNGXvP9j6Ss9jYI+YOtpmq8jxwJWTIlsqvgC8fHs795NxZ7z/O8s8Mgjaq1T4RP5P+dkv1K+gqcOE5dS0fZ48g94egSL96ciJO1LlZ95Lx1JX/yMpvts4OX7MHh1k7HBQm8HWPxWj+9Z+le+y55l6Yg9XoJavnJ64xzrA1qUHKtHH8f8x1glufEdjqakykonez7+k+/Y8yzdT4/HTPlRBdYY7/4wLOqvIEP8TdiHxVL8Fo4P63m+j2KlYq25FuePpyOMv4UlDwoAABiOSURBVOO+L1DJB3vrUfDiwgNhJkwckzsiS5jC3ZuouZCFQ5vD8KbUv/ogLk6Mmw95wNNDfqwrMbXP16LLxrZu4HQJrrJ8thofhNV+Dvonx7oIUmiNoOZsDLa9sBqVpdwMgjW47VHI5SboQ5zgNEV6xHSuVsvmWnZu8HxqkhSE+jzUHFmBQ8+HmUWIqr/EOpbnV6DyaoUUd/nhQtTwH5QzZh7+cGWSa/OlVOzfshU3hClG85dbkbM5B5XsfqSLUhCuQD1P+BAHjGMKpTyJXYz6k+txfFEQLkrfW6i/LmsPw8bMgaOTWNm6morLcdNxYLNuQ1ULa2W4mKyeeY3HRa4AWYyF2yIRJDAtblPSPQfjxtiBmz1nrAzD5S+F+Us1i3vLernsR40FT2nnyEPRia9Rb+EEr1D9q/2OLK3D2GflydU4fkDtM8LTvQL797K/Zd/sxwS02i3ZqLJXwJ9/b9F0FGTlSd+bj2WhhCsfFoM1cbtOHsvuq5H7ziwUied43JW7Z+H4N6yMVHraQxN7Pm4WDm2PRz2vWywPC96S65XlqEnShITJ+LHy4SfeXGWC+1+jUMPfkVOdo3+SxGTW49Cz05G5m6VZE3cqSjK5tQAw0EJpRtR1dFfZdwkJ0/He8yEoOpml8XNq/jIKBaWycGP5O+lDZqS1NGNe82Wipv7xdlwi6skwewMtrTwG6Xyiwowb5E3dlCadN7v75amwv1OBM3u24IT4rVupj8JXF+R+z3W+wiLAMRSuo1heXsrU66Zg1Fhlcp/fQtVbTDBkgljf2MisY9z67gxe//AKTvF5t9/uIuOL7yDpjh02/7DEFCfW0925gqMfluDoDWGDeacBRz/LxT/5JlUPPIiWBSYVVFwKvH4ZB5kSXsmVWJaO/O/OI58/O2w4lNutzHRhyi9T2vI/+gpJ/7qr2bjp1MWv8PGlBiZZ2mOcno721uUziGIK3h7xN7UVV/Atb56DLPrPudiN1/DPw5mI+q5BMhevvXEFZ8v5IDEAFt3ZH/Z3TByTTZIl2FjSogSKSeBWE8fa5sJVUT5IWL0Cl8/mCDebCjRkrUDRVX7PZJrhUmDvpQvGtu7jMPb+vQS1Axww4+Xd0vm0O7vJgIoU2napQ3mernKUh4qfZMFsoDEWQfooX40Pj5ShwcIOnkt3ICr7PMLfT4G7v7nMAutQcjRKW+go/AXqTfM0PO4gKRUDx4S2XqXZ5y/PGtvJz8jE43gCU7zvWsM5MBqvZpci4oN0+MwL1uuQ3cAEquOljbC056a6uXj1WAEWxMRi5Cg9ZpuOwZKwhqvFKFEkvDyvWFoVcJ6sNH81MW6T0u0Ne748xYTJoGM6eXI6BX4P8WfuxwMdncxQcmwn8pnAaevFBFU9UsQwFTfbqEb5GW2faokjl9kvDJW1pPi0YGTZK6i+FKXjN5eM7Hl8oJgOeU+cUIyUluzs4BOjmyc/YNFEnk5r2D7Gn1Fw+zJKdDvk8kL8i89FMIFCX51pF+f7pfe9cbVQqhddgSpwF4JSzrN6onjPDd46+dy1dFfZ690UytDMsdFwf/XWZwVq+xQJfm2UhA7bJ0Lh/pTo/0YFw30Ti4PdNkgzIT2ApQo2Q3mH1DPILglM+JuyTjNpYRvqwfKkERc+jRIhSowcq0zu8+8l6vDtlz+jVHyTqLstK4kdZjhGcgF60GjMf1nnPNK1wZj+APvtvqG4X5PhTbjDVxGHO+MvbiqM5FLafQPg5fY4pvBnb9eDzzXKqPDI/bxgbeAVpht3CMLceM2xwYj7pYe1uPbDzziv5Stbj9h9fHU5F0kipM9T9R226exqfe1WV40a9zAmjckdlCVMge9PE3MKESe1457d+VUIohdDCm0HGWSGLbjrE6YjLjgKaae/RuXNwbB38cbsyBREperzjesiOjJLmRWChGdX48CxPFyubsSwUZPgGxGLV0+egvsY8YyGHBS94II3tyQjt7ACN5gC7+wVjCUf5CIiWnvaxnLOJFmYGjUHkYpOKCpikiTQDVSav0oYH7eECenukKLVIXKQf7oYzUx59lpqaDKjAQ0tEkwPYdqRNG0ztOMTQQqam+QVenNjuZwNhC/5w81e4V/YY/SGsjcVb7i9L/zVjTkr8MBWZPOZc9VYzI5m/R9v8x/EYvYYpvw2lSF771b5uW7gzGZ+3uxCbDpwDrUDbDAhOBTPiN+6nfxEeUWB9VOyS0KwbDlSnYd83Y2i2qDVWEUrU90My3CTJK1r2J/7M/sbFVxmBCKeK8EvB2P9jNGwuq8J339WDPW2dDxiC5LiiF6CcWOyOWUJfSyD3wdif5quOZ2GaAurUCz9syts7l7BiS3LpfNpV3WT1TR1hR2Cb1zEhYSbuCHZxisYrjOzPWYjPF3aMFGsTkbJliDsn+eCaKbc5nAfJjtvBL6k3+TL7FyWd4tr+Ca+9SqN+poXIpssKqk/ivLtITgUMh5vBq6W/d2GOCEgQnsVVU3zafZuf/VBgv/DTAGVfRlsnwqHr8aXwRvuE/WtrCrQY3bMaT9uBUaluww1vF++/bXC31H3Go/ss/LTnSbpYxSx/49vyKK7KtIgmes4wHWOHmV3njO4lQ+qK8xiot42iWJnwApkP68vP+Tr0G7p4bYJ9IYzH2jq62S/UwU29mr/VBlVcACclbsTc8SKnmq4s/xdjWoZ3Ntqa0bB6uFTTtIEyo1vFL5A/FL7yXYTvafsTcQxFE+48P5R6fsrX3r9//2WwWsUe9+bdahXm6fdbZR2FE97JQxFrXYr72pqUXBoA3L4gZFWKjNs0NdRmOJ6tpjVdQe4L2TjQWAw3FmhVzJFt1V/bBA9Y1VH+3yig9xELa/2t0uQxP1b9V6ZiNVkuDXmTnoQaKxD7a+aBoGmX39G4bETeP28OoxTh0pp6+WfcYr7/OqNOwVrur0N9UWsYfMf4lbg5TlanmQn2sakMdmMsoQ+5gXAnVtENFUg5x21D618yb6s+rDGMK1ty5kcv9Yb3CCCMJHJozHKArh1/gQS8io6ad1iGqTQtstgDPn9HKgk6REY6LISPvtWwV3FFKmyPBRpdnWpkwXQ4W54OoQrow6w9N+BBW+zBq3PXn/5Sby4LwXus/y5ZZvM7TKUXPhF6hgGDtFjI9QVqDddmrgMi15bB3uXseIHA/glYUnKSfjMC9XkCd/MpSKvTK9/oVv8eSziZsDjWoTy5rIclEjHYCl8GdTmxlU5eE/RAWmuA1yw42bHLee2Gh03x6R0J+Jb7rc7ZBLm70uC8xRf41Zsr8udOpwCMHuRfhNs/SQi52yFNJHxhGTO3EJJofzeI2ftkOKU68pYDFuUgvClkyRfp5J83c1huoaSS9x02AF+b5/UrrdtYTEUth7q/GPpnpeERcvldJfnJ7eYJ4kBcdg4Vg/4xIbKGyNfOoVw9mwrM9/PyiQlznJiKGYr21rKRnjqa2sm4QSVmNWt/akYN7gvEEuL7bxdCFoq+7TqpcNlb5jeVPYmMUr2iUXTTdSUXpR9aEcFwznyJIImtp5wsJ/qxvK1DiVpr2P/RrGJlJ8Lti0OaX28jxJ+tMFHPyAquwB+/u1MhvUi5IkKa4xbuMuAe4SCpExcYPln6xEML5+xUNV/jZy9wuesFTpj1RPr4KtvrDK1z1fAj+3h1jOR78fKZXyvc/uObN7v4IboRy1hIwXqUofCH9hTQ1yx8C+umHO/hYHnBCMcMJ51NLcuF+DdwyewXlJUU/GXPWfwxuWGVgJidvnP7N8HMT3kcYQ9ZCGbKPc0jy3Fzr9nION4GnYu093Osfdxo1GeJBg58VE8PYjdDLLE/Gl/xMtPPwgzGBP1PsxdPiaOyR2SJYzlP6xlF43b1ai8UCaNoVxud485BR89O0013ObO8kwEfWoX7HnfacdkkJh0LJkl7+huDkzq8zl9dGzT4q6cr4axwozXDiIjg9XD5I2YYYbdo/7X1KlT/11bWwt+mZtHHnlEircr4uYEBQWhpKREurqC1udIKWgqw/E10xWrB/xYmFOYz3fS1aGmug62rKFonXMlzt3UTx3y+bmgGid3PWdX6qA869LUc7W4ieWLwfKqlD60ztH0S8GLBn0JG3E5NQyHdrcIXO572vBbuJ6HPfNkXz3LtUxQYh1IzenVSNjSYlClQcXSfoylvanl7EVj45YwMd1wjMWCeCaEGzJZ0clDmWD4psTCR8+STkseijLQPX+MdWCzU1inK3XsyjOGfdl77mLv2bpecRp0zoM0tezVdVz7rFRDLINv6kb4qCcEdNF6Jz1nvypoYOlIYOlQpxuqjZh/ZJl0HIkWd6tRU28HWyjjNtTWWDmW1cHZyU77fdpsaxzWljW+wu20e06Hy96IuLXysGvL3vDZv3owKQ/bLnuO8v8ctqEAL/oZqFRNdSjPT8VHm/Wco6pMU2kyol/Q51facZbGZyDokStIn7kKe0WYWVh0EpFhfFMUHQycSWi7qQARU+T8uZEfg/c2trbfarNetRqrTOzzNSjLtRq5Gz3bOT+7bSIiIrBz3075S9jf8EmgE8qOzcB/6XHgXPX8KiQktFdJddFzXqwOyrNiO3YWqSXW/GcQntbjcKx1Du3gB7Ht+al4xNB4oozb+lHsfv5xjNCnmP7WhNqKYnycWYKjGs3WGuvDAuA13IAdZ905bFMctaM+m7fVObnmZME7+HiRq6wMNpUgee5aHJZ+6C4Ml5nech7O8vw/9eT5bX72sA1sflHG05F61Uafr1M+xqLVfhSEb/sEf3asx5c7/ozXz8hhrdqP2cvHxDHZJFlCiYGxTAmT3Ra9z54xOBOhlK8Y/PjHGN/WewYwhfgG7DDsJ+X/Jf5/8U0fevtOE/v8rhjbAt6NQ2BbCa8rwvbQQ9r7B3SEaZuRts4T+CIO8zeLCqiXCYhMegtTxebxVWc2YEncOflLB6EV2ja4kZuJgtJq1CsPbuKHM184ij2LtAUEbj5R8spWZJfXySs1jOb6ChTsZQra2V9EiILknTiQVYyqm4pZjLuNqCnPQdqaWQpltutp2D0d25gSebGKpd3gIdiC7Bh8mJqHcvWKFIebB1YVI3NLkLZSyChKiEfOBZaHCiup5ttMSD2biPcWqxuy2ty4GiX/0KPMcur5bsfsU7Hrp3FxC0xMN8rX49DiKGTqxN82qcjZkohcVgca2stHXeq3Ir9Q3+Y3OSgKX4FDZ8tQo6iHzfXVuHgsCtu6dbfRROQ8vxppOmkxheabIt1KZZZTH4O07VmsfMR3hmRy+tcg5LfKFt7WIpF+oaW+8gPZpXL8pvN+tVVvvY50Vhb16jKU2mUejm9Jlo5S0U8nyt4gvansTSERmZuTUcT7ExGiVkz3pMirzkpu7ExFkXiR5tuK9smxsIbjlGUI/289ZzX31aMNDqzA/o90+v42qEnOk3Ye5v3jhRMmvKfBscrEPl9D3zu2p+tpwLYjnyL/x1o06VZsJY0/Y03iMWR8W4Nbd9rJ8LrvcPSSaBB3GrTjvc8CNr93R9gid8XROnWI/T9HcfCLCtQ2mq3z6RyH9uLTH0VnaWGP0ZPl217L9e+wLbME126J/OMTB1fymKL5Ob7XPdOvP2D28jF1TO68LGEQLrslcFmipX+VxsyseBw4q0fGyg9D8oGvUaUeTPl4X8r6zcV7cNlo2a8dTOzz+/SxPUZzDn9LKdBYnNg/NEHcdRxaoSUIogsQqzlaK6sEoQvfQCoJQS6NKNq+AMePiSOyJMZi2NpdiJjlgIEGZ+y7DnmFtgpnNi5BnHr5vifwT8GLkd5QlaVKE0H6dhE1vDrfe+n6Fdq+ycgx3tgW8DDunM/Eymy+QtiCzbDReCN0MkYOqtOzkty7sFqxG2mBfPK5C6wciM6t0DKofIgu4dm38PGyCbjT7gotZwY2H14NT2ugNi8GC7d8LsI7Bq3QEgRBED3EHLhLG0gBg4Z6tPi3wwGW43zh7HK/7I/cA5tflVRxVcIe3itWY4ZDdx4PL+C+24vSEbGWu0rUoSBNvzJL9C/8xjwsm4JaWOAxqxYzYqvBFvBwfBA23Mfzt5uo1GfQ0yuwwWj/CLz9R9mSqunbz3FIuiN6B1Q+RNdg8/hz2Bwom7L/WntFDjSAlcOTeG5TMCZI1vhVOJfdOWWWQwotQRAE0UN8jUpJU7WGW1g01qSKo7pO5yJyxzoEcP/hpmrkMGWuu/k8+5ykRFs4zMDq3WnIyEjD5mnyb10L99NieXAsBRFhk2A7oBHlR1Z3qxtKT+EU+Ak++Uhc28JF6L3F+X/J2x1bPfZHrF8RrDlT9uDKeVg5zQFWaMK1vHNI0jpDtrewFDszDmLni89gNJ8DulWC9D2Hu3Wn03uPcPxN3WbY9ee2/CSpfIiugPvNZmTgYHQoPEcwdbbpCvKO6u430MLUTWlI270RoZPtmfLbhKozqfjbF+LHTkAKLUEQBNFDpCJndRSO53NfKm3/Iu4PX1nIfUA9kdsTytwXcVgbdwJXas3lSGU63A8td28kDiTkiBCiv1P4+T+w7ZNzqLzegCal0trcgNp/lSDjwEdY/oWe4696E7drUZGbjA2L1yL5WxFG9B6ofIgu4ta1EpyIewV7fxQBhrjbJJ4Nw5K4T8wyqSL50NbX14Nf5sbe3l6Ktyvi5vj7+6OsrEy6CIIgCILoGyxevBh7U4zz3FsashQffPCB+EYQBLUfgtCGVmgJgiAIgiAIgiCIPgmt0BIEQRAE0a3wFSZToBUmgmiB2g9BaNOnj+0hCIIgCIIgCIIg7l3I5JggCIIgCIIgCILok5BCSxAEQRAEQRAEQfRJSKElCIIgCIIgCIIg+iSk0BIEQRAEQRAEQRB9ElJoCYIgCIIgCIIgiD4JKbQEQRAEQRAEQRBEn6TvK7TTNiMtIwMZ7EpLegcR3lbiB4IgCIIgCIIgCKI/069WaK1GuOKZyLex9PcigCAIgiAIgiAIgui39H2F9vQmzJ85EwujknGuln23GA3vOQ7ybwRBEARBEARBEES/pd+s0NZ+dRgbjpxDE7v/nc1oOZAgCIIgCIIgCILot/SvTaFuNuGOuCUIgiAIgiAIgiD6N/1LoSUIgiAIgiAIgiDuGfqnQjtgsLghCIIgCIIgCIIg+iv9S6E9XYKrTYDV+CCs9nMAHeBDEARBEARBEATRf+lnK7SHsffvJagd4IAZL++WzqfduUz8RBAEQRAEQRAEQfQryIeWIAiCIAiCIAiC6JP0L4XWKhRL/+wKm7tXcGLLcul82lWJ4jeCIAiCIAiCIAiiX9G/FNrJozHKArh1/gQS8ipwSwQTBEEQBEEQBEEQ/Y/+aXJ8t1HcGMIKM147iIyMDGQkb8QM2j2KIAiCIAiCIAiiz3GP+tA6YcJoG/nW9kkE/9cE+Z4gCIIgCIIgCILoM9yjCu05/C2lQGOSbP8QKbQEQRAEQRAEQRB9jf6l0A61wCBx2x63svNwqU6+r62+It8QBEEQBEEQBEEQfYZ+o9DaPP4cNge6woLd/1rbtoJq5fAkntsUjAnW/FsVzmV/LoUTBEEQBEEQBEEQfYe+r9BO24y0jAwcjA6F5wimzjZdQd7RCvFja6ZuSkPa7o0InWzPlN8mVJ1Jxd++ED8SBEEQBEEQBEEQfYZ+ZXJ861oJTsS9gr0/igBD3G0Sz4ZhSdwndLwPQRAEQRAEQRBEH+R/TZ069d+1tbXgl7l55JFHpHi7Im6CIAiCIAiCIAji3uYe3eWYIAiCIAiCIAiC6OuQQksQBEEQBEEQBEH0SbpUof3+++/J3JggCIIgCIIgCILoEmiFliAIgiAIgiAIguiTkEJLEARBEARBEARB9ElIoSUIgiAIgiAIgiD6JKTQEgRBEARBEARBEH0SUmgJgiAIgiAIgiCIPkn3KLTTNiMtIwMZ7EpLegcR3lbiB4IgCIIgCIIgCILoGN2+Qms1whXPRL6Npb8XAQRBEARBEARBEATRAbpHoT29CfNnzsTCqGSc48fSWoyG9xwH+TeCIAiCIAiCIAiC6ADdukJb+9VhbDhyDk3s/nc2o+VAgiAIgiAIgiAIgugA3b8p1M0m3BG3BEEQBEEQBEEQBNFRul+hJQiCIAiCIAiCIAgz0HMK7YDB4oYgCIIgCIIgCIIgTKf7FdrTJbjaBFiND8JqPwfQAT4EQRAEQRAEQRBER+iBFdrD2Pv3EtQOcMCMl3dL59PuXCZ+IgiCIAiCIAiCIAgjIR9agiAIgiAIgiAIok/S/QqtVSiW/tkVNnev4MSW5dL5tKsSxW8EQRAEQRAEQRAEYSTdr9BOHo1RFsCt8yeQkFeBWyKYIAiCIAiCIAiCIEyh50yO7zaKG0NYYcZrB5GRkYGM5I2YQbtHEQRBEARBEARBEAp6sQ+tEyaMtpFvbZ9E8H9NkO8JgiAIgiAIgiAIAsD/Dz+ULzOKjOenAAAAAElFTkSuQmCC" xmlns:xd="http://schemas.microsoft.com/office/infopath/2003" xmlns="http://www.w3.org/1999/xhtml"/></my:securityOfficerObjectives></my:ProjectContext>
	<my:BusinessAssetsDesc>
		<my:Criticity my:label="Critical">4</my:Criticity>
		<my:Criticity my:label="High">3</my:Criticity>
		<my:Criticity my:label="Medium">2</my:Criticity>
		<my:Criticity my:label="Low">1</my:Criticity>
		<my:Criticity my:label="Not Applicable">0</my:Criticity>
	</my:BusinessAssetsDesc>
	
	<my:SupportingAssetsDesc>
		<my:supportingAssetDiagram></my:supportingAssetDiagram>
	</my:SupportingAssetsDesc>
	<my:SupportingAsset>
		<my:supportingAssetId>1</my:supportingAssetId>
		<my:supportingAssetHLDId></my:supportingAssetHLDId>
		<my:supportingAssetName>SA1</my:supportingAssetName>
		<my:supportingAssetType></my:supportingAssetType>
		<my:supportingAssetSecurityLevel>-1</my:supportingAssetSecurityLevel>
		
	</my:SupportingAsset>
	<my:Risk>
		<my:projectName>name of proj</my:projectName>
		<my:projectVersion></my:projectVersion>
		<my:riskId>1</my:riskId>
		<my:riskName>As a Criminal, I can  the  compromising the SA1 in order to , exploiting the (V1 AND ) OR ()</my:riskName>
		<my:threatAgent>Criminal</my:threatAgent>
		<my:threatAgentDetail><ul xmlns="http://www.w3.org/1999/xhtml" style="MARGIN-BOTTOM: 0px; MARGIN-TOP: 0px" type="disc">
<li>test</li></ul></my:threatAgentDetail>
		<my:threatVerb></my:threatVerb>
		<my:threatVerbDetail></my:threatVerbDetail>
		<my:motivation></my:motivation>
		<my:motivationDetail></my:motivationDetail>
		<my:businessAssetRef></my:businessAssetRef>
		<my:supportingAssetRef>1</my:supportingAssetRef>
		<my:RiskName>
			<my:ComputedRiskName>
				<my:computedRiskName>As a Criminal, I can  the  compromising the SA1 in order to , exploiting the (V1 AND ) OR ()</my:computedRiskName>
			</my:ComputedRiskName>
		</my:RiskName>
		<my:ImpactRiskEvaluation>
			<my:riskImpact xsi:nil="true"></my:riskImpact>
			<my:BusinessAssetSelectedProperties>
				<my:businessAssetConfidentialityFlag>1</my:businessAssetConfidentialityFlag>
				<my:businessAssetIntegrityFlag>1</my:businessAssetIntegrityFlag>
				<my:businessAssetAvailabilityFlag>0</my:businessAssetAvailabilityFlag>
				<my:businessAssetAuthenticityFlag>0</my:businessAssetAuthenticityFlag>
				<my:businessAssetAuthorizationFlag>0</my:businessAssetAuthorizationFlag>
				<my:businessAssetNonRepudiationFlag>0</my:businessAssetNonRepudiationFlag>
			</my:BusinessAssetSelectedProperties>
		</my:ImpactRiskEvaluation>
		<my:LikelihoodRiskEvaluation>
			<my:riskLikelihood>2</my:riskLikelihood>
			<my:riskLikelihoodDetail></my:riskLikelihoodDetail>
			<my:LikelihoodRiskEvaluationMethod>
				<my:OWASPLikelihoodEvaluation>
					<my:ThreatFactor>
						<my:skillLevel xsi:nil="true"></my:skillLevel>
						<my:reward xsi:nil="true"></my:reward>
						<my:accessRessources>7</my:accessRessources>
						<my:size xsi:nil="true"></my:size>
						<my:intrusionDection xsi:nil="true"></my:intrusionDection>
					</my:ThreatFactor>
					<my:threatFactorScore>7</my:threatFactorScore>
					<my:threatFactorLevel>High</my:threatFactorLevel>
					<my:occurence>5</my:occurence>
					<my:occurenceLevel>Medium</my:occurenceLevel>
					<my:OWASPLikelihoodScore></my:OWASPLikelihoodScore>
				</my:OWASPLikelihoodEvaluation>
			</my:LikelihoodRiskEvaluationMethod>
		</my:LikelihoodRiskEvaluation>
		<my:VulnerabilityRiskEvaluation>
			<my:vulnerabilityRef my:score="4" my:name="V1">1</my:vulnerabilityRef>
			<my:vulnerabilityRef my:score="" my:name="">2</my:vulnerabilityRef><my:attackPathName>V1 AND </my:attackPathName>
			<my:attackPathScore>4</my:attackPathScore>
		</my:VulnerabilityRiskEvaluation>
		<my:VulnerabilityRiskEvaluation>
									<my:vulnerabilityRef my:score="" my:name=""></my:vulnerabilityRef>
									<my:attackPathName></my:attackPathName>
									<my:attackPathScore xsi:nil="true"></my:attackPathScore>
								</my:VulnerabilityRiskEvaluation><my:allAttackPathsName>(V1 AND ) OR ()</my:allAttackPathsName>
		<my:allAttackPathsScore>4</my:allAttackPathsScore>
		<my:inherentRiskScore>0</my:inherentRiskScore>
		<my:Mitigation>
			<my:description></my:description>
			<my:benefits>0</my:benefits>
			<my:cost xsi:nil="true"></my:cost>
			<my:mitigationDecision>
				<my:decision></my:decision>
				<my:decisionDetail></my:decisionDetail>
			</my:mitigationDecision>
		</my:Mitigation>
		<my:mitigationsBenefits>1</my:mitigationsBenefits>
		<my:mitigationsDoneBenefits>1</my:mitigationsDoneBenefits>
		<my:mitigatedRiskScore>0</my:mitigatedRiskScore>
		<my:riskManagementDecision></my:riskManagementDecision>
		<my:riskManagmentDetail><strong xmlns="http://www.w3.org/1999/xhtml"><em><font size="6">test</font></em></strong></my:riskManagmentDetail>
		<my:residualRiskScore>0</my:residualRiskScore>
		<my:residualRiskLevel>Low</my:residualRiskLevel>
	</my:Risk>
	<my:Risk>
									<my:projectName>name of proj</my:projectName>
									<my:projectVersion></my:projectVersion>
									<my:riskId>2</my:riskId>
									<my:riskName></my:riskName>
									<my:threatAgent></my:threatAgent>
									<my:threatAgentDetail></my:threatAgentDetail>
									<my:threatVerb></my:threatVerb>
									<my:threatVerbDetail></my:threatVerbDetail>
									<my:motivation></my:motivation>
									<my:motivationDetail></my:motivationDetail>
									<my:businessAssetRef></my:businessAssetRef>
									<my:supportingAssetRef></my:supportingAssetRef>
									<my:RiskName>
										<my:ManualRiskName>
									<my:manualRiskName></my:manualRiskName>
								</my:ManualRiskName>
									</my:RiskName>
									<my:ImpactRiskEvaluation>
										<my:riskImpact xsi:nil="true"></my:riskImpact>
										<my:BusinessAssetSelectedProperties>
											<my:businessAssetConfidentialityFlag>1</my:businessAssetConfidentialityFlag>
											<my:businessAssetIntegrityFlag>1</my:businessAssetIntegrityFlag>
											<my:businessAssetAvailabilityFlag>1</my:businessAssetAvailabilityFlag>
											<my:businessAssetAuthenticityFlag>1</my:businessAssetAuthenticityFlag>
											<my:businessAssetAuthorizationFlag>1</my:businessAssetAuthorizationFlag>
											<my:businessAssetNonRepudiationFlag>1</my:businessAssetNonRepudiationFlag>
										</my:BusinessAssetSelectedProperties>
									</my:ImpactRiskEvaluation>
									<my:LikelihoodRiskEvaluation>
										<my:riskLikelihood>3</my:riskLikelihood>
										<my:riskLikelihoodDetail></my:riskLikelihoodDetail>
										<my:LikelihoodRiskEvaluationMethod>
											<my:OWASPLikelihoodEvaluation>
												<my:ThreatFactor>
													<my:skillLevel xsi:nil="true"></my:skillLevel>
													<my:reward xsi:nil="true"></my:reward>
													<my:accessRessources xsi:nil="true"></my:accessRessources>
													<my:size xsi:nil="true"></my:size>
													<my:intrusionDection xsi:nil="true"></my:intrusionDection>
												</my:ThreatFactor>
												<my:threatFactorScore xsi:nil="true"></my:threatFactorScore>
												<my:threatFactorLevel></my:threatFactorLevel>
												<my:occurence xsi:nil="true"></my:occurence>
												<my:occurenceLevel></my:occurenceLevel>
												<my:OWASPLikelihoodScore></my:OWASPLikelihoodScore>
											</my:OWASPLikelihoodEvaluation>
										</my:LikelihoodRiskEvaluationMethod>
									</my:LikelihoodRiskEvaluation>
									
									<my:allAttackPathsName></my:allAttackPathsName>
									<my:allAttackPathsScore xsi:nil="true"></my:allAttackPathsScore>
									<my:inherentRiskScore>0</my:inherentRiskScore>
									
									<my:mitigationsBenefits>1</my:mitigationsBenefits>
									<my:mitigationsDoneBenefits>1</my:mitigationsDoneBenefits>
									<my:mitigatedRiskScore>0</my:mitigatedRiskScore>
									<my:riskManagementDecision></my:riskManagementDecision>
									<my:riskManagmentDetail></my:riskManagmentDetail>
									<my:residualRiskScore>0</my:residualRiskScore>
									<my:residualRiskLevel>Low</my:residualRiskLevel>
								</my:Risk><my:Vulnerability>
		<my:projectName>name of proj</my:projectName>
		<my:projectVersion></my:projectVersion>
		<my:vulnerabilityId>1</my:vulnerabilityId>
		<my:vulnerabilityName>V1</my:vulnerabilityName>
		<my:vulnerabilityFamily>API Abuse‎</my:vulnerabilityFamily>
		<my:vulnerabilityTrackingID></my:vulnerabilityTrackingID>
		<my:vulnerabilityTrackingURI></my:vulnerabilityTrackingURI>
		<my:vulnerabilityCVE></my:vulnerabilityCVE>
		<my:vulnerabilityDescription>CVSS</my:vulnerabilityDescription>
		<my:vulnerabilityDescriptionAttachment xsi:nil="true"></my:vulnerabilityDescriptionAttachment>
		<my:supportingAssetRef></my:supportingAssetRef>
		<my:vulnerabilityCVSS>
			<my:vulnerabilityBaseScoreMetrics>
				<my:vulnerabilityExploitabilityMetrics>
					<my:accessVector>0.395</my:accessVector>
					<my:accessComplexity>0.61</my:accessComplexity>
					<my:authentication>0.704</my:authentication>
				</my:vulnerabilityExploitabilityMetrics>
				<my:vulnerabilityImpactMetrics>
					<my:confidentialityImpact>0.275</my:confidentialityImpact>
					<my:integrityImpact>0.275</my:integrityImpact>
					<my:availabilityImpact>0.275</my:availabilityImpact>
				</my:vulnerabilityImpactMetrics>
			</my:vulnerabilityBaseScoreMetrics>
			<my:vulnerabilityTemporalScoreMetrics>
				<my:exploitability>1</my:exploitability>
				<my:remediationLevel>1</my:remediationLevel>
				<my:reportConfidence>1</my:reportConfidence>
			</my:vulnerabilityTemporalScoreMetrics>
			<my:impactScore>6.442976718750001</my:impactScore>
			<my:exploitabilityScore>3.3925759999999996</my:exploitabilityScore>
			<my:baseScore>4.37803212315</my:baseScore>
			<my:temporalScore>4.37803212315</my:temporalScore>
		</my:vulnerabilityCVSS>
		<my:vulnerabilityCVEScoring>
			<my:cveScore>0</my:cveScore>
		</my:vulnerabilityCVEScoring>
		<my:overallScore>4</my:overallScore>
		<my:overallLevel>Medium</my:overallLevel>
	</my:Vulnerability>
	<my:Vulnerability>
									<my:projectName>name of proj</my:projectName>
									<my:projectVersion></my:projectVersion>
									<my:vulnerabilityId>2</my:vulnerabilityId>
									<my:vulnerabilityName></my:vulnerabilityName>
									<my:vulnerabilityFamily>Environmental Vulnerability‎</my:vulnerabilityFamily>
									<my:vulnerabilityTrackingID></my:vulnerabilityTrackingID>
									<my:vulnerabilityTrackingURI></my:vulnerabilityTrackingURI>
									<my:vulnerabilityCVE>https://www.google.com/</my:vulnerabilityCVE>
									<my:vulnerabilityDescription></my:vulnerabilityDescription>
									<my:vulnerabilityDescriptionAttachment xsi:nil="true"></my:vulnerabilityDescriptionAttachment>
									<my:supportingAssetRef></my:supportingAssetRef>
									<my:vulnerabilityCVSS>
										<my:vulnerabilityBaseScoreMetrics>
											<my:vulnerabilityExploitabilityMetrics>
												<my:accessVector>0.395</my:accessVector>
												<my:accessComplexity>0.61</my:accessComplexity>
												<my:authentication>0.704</my:authentication>
											</my:vulnerabilityExploitabilityMetrics>
											<my:vulnerabilityImpactMetrics>
												<my:confidentialityImpact>0.275</my:confidentialityImpact>
												<my:integrityImpact>0.275</my:integrityImpact>
												<my:availabilityImpact>0.275</my:availabilityImpact>
											</my:vulnerabilityImpactMetrics>
										</my:vulnerabilityBaseScoreMetrics>
										<my:vulnerabilityTemporalScoreMetrics>
											<my:exploitability>1</my:exploitability>
											<my:remediationLevel>1</my:remediationLevel>
											<my:reportConfidence>1</my:reportConfidence>
										</my:vulnerabilityTemporalScoreMetrics>
										<my:impactScore>6.442976718750001</my:impactScore>
										<my:exploitabilityScore>3.3925759999999996</my:exploitabilityScore>
										<my:baseScore>4.37803212315</my:baseScore>
										<my:temporalScore>4.37803212315</my:temporalScore>
									</my:vulnerabilityCVSS>
									<my:vulnerabilityCVEScoring>
										<my:cveScore xsi:nil="true"></my:cveScore>
									</my:vulnerabilityCVEScoring>
									<my:overallScore>NaN</my:overallScore>
									<my:overallLevel>Low</my:overallLevel>
								</my:Vulnerability><my:Filter>
		<my:riskFilter></my:riskFilter>
		<my:vulnerabilityFilter></my:vulnerabilityFilter>
	</my:Filter>
	<my:group>
		<pc:BDCAssociatedEntity pc:EntityNamespace="" pc:EntityName="" pc:SystemInstanceName="" pc:AssociationName="">
			<pc:BDCEntity>
				<pc:EntityDisplayName></pc:EntityDisplayName>
				<pc:EntityInstanceReference></pc:EntityInstanceReference>
				<pc:EntityId1></pc:EntityId1>
				<pc:EntityId2></pc:EntityId2>
				<pc:EntityId3></pc:EntityId3>
				<pc:EntityId4></pc:EntityId4>
				<pc:EntityId5></pc:EntityId5>
			</pc:BDCEntity>
		</pc:BDCAssociatedEntity>
	</my:group>
	<my:signatures3>
		<my:signatures4></my:signatures4>
	</my:signatures3>
</my:ISRA>